<?xml version="1.0" encoding="UTF-8"?>
<robot generator="Robot 3.2.2 (Python 3.8.5 on darwin)" generated="20210120 10:19:54.471" rpa="false">
<suite id="s1" name="Category" source="/Users/mac/Dropbox/My Mac (AHA-TECH-MB0037)/Desktop/Ahamove/TestCase/BeforeBooking/Category.robot">
<test id="s1-t1" name="Verify that when click confirm close popup">
<kw name="Begin Web Test" library="Common" type="setup">
<kw name="Open Browser" library="SeleniumLibrary">
<doc>Opens a new browser instance to the optional ``url``.</doc>
<arguments>
<arg>about:blank</arg>
<arg>${BROWSER}</arg>
</arguments>
<msg timestamp="20210120 10:19:56.751" level="INFO">Opening browser 'chrome' to base url 'about:blank'.</msg>
<status status="PASS" starttime="20210120 10:19:56.751" endtime="20210120 10:19:58.908"></status>
</kw>
<kw name="Go To" library="SeleniumLibrary">
<doc>Navigates the current browser window to the provided ``url``.</doc>
<arguments>
<arg>${URL.${ENVIROMENT}}</arg>
</arguments>
<msg timestamp="20210120 10:19:58.916" level="INFO">Opening url 'https://appstg.ahamove.com'</msg>
<status status="PASS" starttime="20210120 10:19:58.911" endtime="20210120 10:20:11.848"></status>
</kw>
<kw name="Set Screenshot Directory" library="SeleniumLibrary">
<doc>Sets the directory for captured screenshots.</doc>
<arguments>
<arg>${EXECDIR}/Report/image</arg>
</arguments>
<status status="PASS" starttime="20210120 10:20:11.849" endtime="20210120 10:20:11.849"></status>
</kw>
<status status="PASS" starttime="20210120 10:19:56.750" endtime="20210120 10:20:11.850"></status>
</kw>
<kw name="Given User open app to sign up screen" library="SignUpDF">
<kw name="Click To Tap SignUp" library="SignInPage">
<kw name="Wait And Click" library="BasePage">
<arguments>
<arg>${TAB_SIGNUP}</arg>
</arguments>
<kw name="Wait Until Element Is Visible" library="SeleniumLibrary">
<doc>Waits until the element ``locator`` is visible.</doc>
<arguments>
<arg>${element}</arg>
<arg>25s</arg>
<arg>${element} not found</arg>
</arguments>
<status status="PASS" starttime="20210120 10:20:11.852" endtime="20210120 10:20:11.880"></status>
</kw>
<kw name="Click Element" library="SeleniumLibrary">
<doc>Click the element identified by ``locator``.</doc>
<arguments>
<arg>${element}</arg>
</arguments>
<msg timestamp="20210120 10:20:11.881" level="INFO">Clicking element 'xpath://*[@class="ahamove-auth__methods"]/div[2]'.</msg>
<status status="PASS" starttime="20210120 10:20:11.880" endtime="20210120 10:20:12.087"></status>
</kw>
<status status="PASS" starttime="20210120 10:20:11.851" endtime="20210120 10:20:12.087"></status>
</kw>
<status status="PASS" starttime="20210120 10:20:11.851" endtime="20210120 10:20:12.087"></status>
</kw>
<status status="PASS" starttime="20210120 10:20:11.851" endtime="20210120 10:20:12.087"></status>
</kw>
<kw name="And User click on category menu" library="CategoryDF">
<kw name="Click Menu Category" library="SignUpPage">
<kw name="Wait And Click" library="BasePage">
<arguments>
<arg>${MNU_CAT}</arg>
</arguments>
<kw name="Wait Until Element Is Visible" library="SeleniumLibrary">
<doc>Waits until the element ``locator`` is visible.</doc>
<arguments>
<arg>${element}</arg>
<arg>25s</arg>
<arg>${element} not found</arg>
</arguments>
<status status="PASS" starttime="20210120 10:20:12.090" endtime="20210120 10:20:12.119"></status>
</kw>
<kw name="Click Element" library="SeleniumLibrary">
<doc>Click the element identified by ``locator``.</doc>
<arguments>
<arg>${element}</arg>
</arguments>
<msg timestamp="20210120 10:20:12.119" level="INFO">Clicking element 'xpath://*[@class='category__label__content-placeholder']'.</msg>
<status status="PASS" starttime="20210120 10:20:12.119" endtime="20210120 10:20:12.274"></status>
</kw>
<status status="PASS" starttime="20210120 10:20:12.089" endtime="20210120 10:20:12.274"></status>
</kw>
<status status="PASS" starttime="20210120 10:20:12.089" endtime="20210120 10:20:12.274"></status>
</kw>
<status status="PASS" starttime="20210120 10:20:12.088" endtime="20210120 10:20:12.274"></status>
</kw>
<kw name="And User click choose business type" library="CategoryDF">
<arguments>
<arg>SMEs</arg>
</arguments>
<kw name="Run Keyword If" library="BuiltIn">
<doc>Runs the given keyword with the given arguments, if ``condition`` is true.</doc>
<arguments>
<arg>"${type}" == "Individual"</arg>
<arg>Set Variable</arg>
<arg>1</arg>
<arg>ELSE IF</arg>
<arg>"${type}" == "SMEs"</arg>
<arg>Set Variable</arg>
<arg>2</arg>
<arg>ELSE IF</arg>
<arg>"${type}" == "Corporation"</arg>
<arg>Set Variable</arg>
<arg>3</arg>
<arg>ELSE</arg>
<arg>Fail</arg>
</arguments>
<assign>
<var>${div}</var>
</assign>
<kw name="Set Variable" library="BuiltIn">
<doc>Returns the given values which can then be assigned to a variables.</doc>
<arguments>
<arg>2</arg>
</arguments>
<status status="PASS" starttime="20210120 10:20:12.277" endtime="20210120 10:20:12.278"></status>
</kw>
<msg timestamp="20210120 10:20:12.278" level="INFO">${div} = 2</msg>
<status status="PASS" starttime="20210120 10:20:12.276" endtime="20210120 10:20:12.278"></status>
</kw>
<kw name="Click Menu Category" library="CategoryPage">
<arguments>
<arg>${div}</arg>
</arguments>
<kw name="Wait And Click" library="BasePage">
<arguments>
<arg>xpath://*[@class='business__types']/div[${div}]</arg>
</arguments>
<kw name="Wait Until Element Is Visible" library="SeleniumLibrary">
<doc>Waits until the element ``locator`` is visible.</doc>
<arguments>
<arg>${element}</arg>
<arg>25s</arg>
<arg>${element} not found</arg>
</arguments>
<status status="PASS" starttime="20210120 10:20:12.280" endtime="20210120 10:20:35.457"></status>
</kw>
<kw name="Click Element" library="SeleniumLibrary">
<doc>Click the element identified by ``locator``.</doc>
<arguments>
<arg>${element}</arg>
</arguments>
<msg timestamp="20210120 10:20:35.458" level="INFO">Clicking element 'xpath://*[@class='business__types']/div[2]'.</msg>
<status status="PASS" starttime="20210120 10:20:35.457" endtime="20210120 10:20:35.653"></status>
</kw>
<status status="PASS" starttime="20210120 10:20:12.279" endtime="20210120 10:20:35.654"></status>
</kw>
<status status="PASS" starttime="20210120 10:20:12.278" endtime="20210120 10:20:35.655"></status>
</kw>
<status status="PASS" starttime="20210120 10:20:12.275" endtime="20210120 10:20:35.655"></status>
</kw>
<kw name="When User click on category on the left" library="CategoryDF">
<arguments>
<arg>SMEs</arg>
<arg>FOOD</arg>
<arg>vi</arg>
</arguments>
<kw name="Click choose category" library="CategoryPage">
<arguments>
<arg>${type}</arg>
<arg>${category}</arg>
<arg>${language}</arg>
</arguments>
<kw name="Get Category Name" library="APIUser">
<arguments>
<arg>${category}</arg>
<arg>${type}</arg>
<arg>${language}</arg>
</arguments>
<assign>
<var>${txt_cat}</var>
</assign>
<kw name="Get Category List Master Data" library="APIUser">
<assign>
<var>${category}</var>
</assign>
<kw name="Create Session" library="RequestsLibrary">
<doc>Create Session: create a HTTP session to a server</doc>
<arguments>
<arg>User-Category</arg>
<arg>${API_URL}[${ENVIRONMENT}]</arg>
<arg>verify=true</arg>
</arguments>
<msg timestamp="20210120 10:20:35.660" level="INFO">Creating Session using : alias=User-Category, url=https://apistg.ahamove.com, headers={},                     cookies={}, auth=None, timeout=None, proxies=None, verify=True,                     debug=0 </msg>
<status status="PASS" starttime="20210120 10:20:35.658" endtime="20210120 10:20:35.660"></status>
</kw>
<kw name="Get Request" library="RequestsLibrary">
<doc>Send a GET request on the session object found using the
given `alias`</doc>
<arguments>
<arg>User-Category</arg>
<arg>/api/v3/public/master-data/user-category?format=list</arg>
</arguments>
<assign>
<var>${response}</var>
</assign>
<msg timestamp="20210120 10:20:36.027" level="INFO">GET Request : url=https://apistg.ahamove.com/api/v3/public/master-data/user-category?format=list 
 path_url=/api/v3/public/master-data/user-category?format=list 
 headers={'User-Agent': 'python-requests/2.24.0', 'Accept-Encoding': 'gzip, deflate', 'Accept': '*/*', 'Connection': 'keep-alive'} 
 body=None 
 </msg>
<msg timestamp="20210120 10:20:36.028" level="INFO">GET Response : url=https://apistg.ahamove.com/api/v3/public/master-data/user-category?format=list 
 status=200, reason=OK 
 body=[{"code":"FAST FOOD","level":2,"name":{"en":"Fast food","vi":"Đồ ăn nhanh"},"parent_code":"FOOD","type":"Corporation"},{"code":"SNACK","level":2,"name":{"en":"Snack","vi":"Đồ ăn vặt"},"parent_code":"FOOD","type":"Corporation"},{"code":"PHO \u0026 NOODLES","level":2,"name":{"en":"Pho \u0026 Noodles","vi":"Phở - Mì - Bún"},"parent_code":"FOOD","type":"Corporation"},{"code":"SWEET SOUP","level":2,"name":{"en":"Sweet soup","vi":"Chè"},"parent_code":"FOOD","type":"Corporation"},{"code":"ICE-CREAM","level":2,"name":{"en":"Ice-cream","vi":"Kem"},"parent_code":"FOOD","type":"Corporation"},{"code":"VIETNAMESE SPECIALTIES","level":2,"name":{"en":"Vietnamese specialties","vi":"Đặc sản Việt"},"parent_code":"FOOD","type":"Corporation"},{"code":"BEVERAGE","level":2,"name":{"en":"Beverage","vi":"Nước giải khát"},"parent_code":"DRINK","type":"Corporation"},{"code":"CAFE","level":2,"name":{"en":"Cafe","vi":"Cafe"},"parent_code":"DRINK","type":"Corporation"},{"code":"MILK TEA","level":2,"name":{"en":"Milk tea","vi":"Trà sữa"},"parent_code":"DRINK","type":"Corporation"},{"code":"SMOOTHIE \u0026 JUICE","level":2,"name":{"en":"Smoothie \u0026 Juice","vi":"Sinh tố \u0026 Nước ép"},"parent_code":"DRINK","type":"Corporation"},{"code":"ALCOHOL","level":2,"name":{"en":"Alcohol","vi":"Đồ uống có cồn"},"parent_code":"DRINK","type":"Corporation"},{"code":"BREAD","level":2,"name":{"en":"Bread","vi":"Bánh mì"},"parent_code":"CAKE","type":"Corporation"},{"code":"GATEAU","level":2,"name":{"en":"Gateau","vi":"Bánh ngọt"},"parent_code":"CAKE","type":"Corporation"},{"code":"BIRTHDAY CAKE","level":2,"name":{"en":"Birthday cake","vi":"Bánh sinh nhật"},"parent_code":"CAKE","type":"Corporation"},{"code":"TRADITIONAL CAKES","level":2,"name":{"en":"Traditional cakes","vi":"Các loại bánh truyền thống"},"parent_code":"CAKE","type":"Corporation"},{"code":"OTHER CAKES","level":2,"name":{"en":"Other cakes","vi":"Các loại bánh khác"},"parent_code":"CAKE","type":"Corporation"},{"code":"OFFICE LUNCH","level":2,"name":{"en":"Office lunch","vi":"Cơm trưa văn phòng"},"parent_code":"RESTAURANT","type":"Corporation"},{"code":"VEGAN \u0026 VEGETARIAN","level":2,"name":{"en":"Vegan \u0026 Vegetarian","vi":"Món ăn chay"},"parent_code":"RESTAURANT","type":"Corporation"},{"code":"KOREAN","level":2,"name":{"en":"Korean","vi":"Món Hàn"},"parent_code":"RESTAURANT","type":"Corporation"},{"code":"JAPANESE","level":2,"name":{"en":"Japanese","vi":"Món Nhật \u0026 Sushi"},"parent_code":"RESTAURANT","type":"Corporation"},{"code":"CHINESE","level":2,"name":{"en":"Chinese","vi":"Món Trung"},"parent_code":"RESTAURANT","type":"Corporation"},{"code":"WESTERN","level":2,"name":{"en":"Western","vi":"Món Âu - Mỹ"},"parent_code":"RESTAURANT","type":"Corporation"},{"code":"FUSION","level":2,"name":{"en":"Fusion","vi":"Ẩm thực kết hợp"},"parent_code":"RESTAURANT","type":"Corporation"},{"code":"DESSERT","level":2,"name":{"en":"Dessert","vi":"Món tráng miệng"},"parent_code":"RESTAURANT","type":"Corporation"},{"code":"HOT POT","level":2,"name":{"en":"Hot pot","vi":"Lẩu"},"parent_code":"RESTAURANT","type":"Corporation"},{"code":"OTHER RESTAURANTS","level":2,"name":{"en":"Other restaurants","vi":"Nhà hàng khác"},"parent_code":"RESTAURANT","type":"Corporation"},{"code":"FRUITS","level":2,"name":{"en":"Fruits","vi":"Trái cây"},"parent_code":"GROCERY","type":"Corporation"},{"code":"FRESH FOODS","level":2,"name":{"en":"Fresh foods","vi":"Thực phẩm tươi"},"parent_code":"GROCERY","type":"Corporation"},{"code":"FROZEN FOODS","level":2,"name":{"en":"Frozen foods","vi":"Thực phẩm đông lạnh"},"parent_code":"GROCERY","type":"Corporation"},{"code":"DRY FOODS","level":2,"name":{"en":"Dry foods","vi":"Thực phẩm khô"},"parent_code":"GROCERY","type":"Corporation"},{"code":"PACKAGED \u0026 CANNED FOODS","level":2,"name":{"en":"Packaged \u0026 Canned foods","vi":"Đồ hộp và đóng gói"},"parent_code":"GROCERY","type":"Corporation"},{"code":"RICE, BEANS \u0026 NUTS","level":2,"name":{"en":"Rice, Beans \u0026 Nuts","vi":"Gạo \u0026 Các loại hạt"},"parent_code":"GROCERY","type":"Corporation"},{"code":"SPICES","level":2,"name":{"en":"Spices","vi":"Gia vị"},"parent_code":"GROCERY","type":"Corporation"},{"code":"BAKING INGREDIENTS","level":2,"name":{"en":"Baking ingredients","vi":"Nguyên liệu làm bánh"},"parent_code":"GROCERY","type":"Corporation"},{"code":"DRINK INGREDIENTS","level":2,"name":{"en":"Drink ingredients","vi":"Nguyên liệu đồ uống"},"parent_code":"GROCERY","type":"Corporation"},{"code":"DAIRY PRODUCTS","level":2,"name":{"en":"Dairy products","vi":"Sản phẩm sữa"},"parent_code":"GROCERY","type":"Corporation"},{"code":"CONFECTIONERY","level":2,"name":{"en":"Confectionery","vi":"Bánh kẹo \u0026 Sô-cô-la"},"parent_code":"GROCERY","type":"Corporation"},{"code":"IMPLEMENT FOR BABY","level":2,"name":{"en":"Implement for baby","vi":"Đồ dùng cho bé"},"parent_code":"MOTHER \u0026 BABY","type":"Corporation"},{"code":"FASHION FOR BABY","level":2,"name":{"en":"Fashion for baby","vi":"Thời trang cho bé"},"parent_code":"MOTHER \u0026 BABY","type":"Corporation"},{"code":"TOYS","level":2,"name":{"en":"Toys","vi":"Đồ chơi"},"parent_code":"MOTHER \u0026 BABY","type":"Corporation"},{"code":"MILK \u0026 COMMODITY FOR BABY","level":2,"name":{"en":"Milk \u0026 Commodity for baby","vi":"Sữa \u0026 Thực phẩm cho bé"},"parent_code":"MOTHER \u0026 BABY","type":"Corporation"},{"code":"COMMODITY \u0026 IMPLEMENT FOR MOTHERS","level":2,"name":{"en":"Commodity \u0026 Implement for mothers","vi":"Thực phẩm \u0026 Đồ dùng cho mẹ"},"parent_code":"MOTHER \u0026 BABY","type":"Corporation"},{"code":"HOME FURNITURE","level":2,"name":{"en":"Home furniture","vi":"Đồ nội thất"},"parent_code":"HOUSING \u0026 LIFESTYLE","type":"Corporation"},{"code":"DECORATIONS","level":2,"name":{"en":"Decorations","vi":"Đồ trang trí"},"parent_code":"HOUSING \u0026 LIFESTYLE","type":"Corporation"},{"code":"HOUSEHOLD APPLIANCES","level":2,"name":{"en":"Household appliances","vi":"Đồ dùng gia dụng"},"parent_code":"HOUSING \u0026 LIFESTYLE","type":"Corporation"},{"code":"BEDDING","level":2,"name":{"en":"Bedding","vi":"Đồ dùng phòng ngủ"},"parent_code":"HOUSING \u0026 LIFESTYLE","type":"Corporation"},{"code":"PETS PRODUCTS","level":2,"name":{"en":"Pets products","vi":"Sản phẩm thú cưng"},"parent_code":"HOUSING \u0026 LIFESTYLE","type":"Corporation"},{"code":"PLANTS \u0026 GARDENING","level":2,"name":{"en":"Plants \u0026 Gardening","vi":"Cây cảnh \u0026 Đồ làm vườn"},"parent_code":"HOUSING \u0026 LIFESTYLE","type":"Corporation"},{"code":"BOOKS \u0026 STATIONARY","level":2,"name":{"en":"Books \u0026 Stationary","vi":"Sách \u0026 Văn phòng phẩm"},"parent_code":"HOUSING \u0026 LIFESTYLE","type":"Corporation"},{"code":"HYGIENNE PRODUCTS","level":2,"name":{"en":"Hygienne products","vi":"Sản phẩm vệ sinh"},"parent_code":"HOUSING \u0026 LIFESTYLE","type":"Corporation"},{"code":"BAGS \u0026 PACKAGING","level":2,"name":{"en":"Bags \u0026 Packaging","vi":"Túi, bao bì và đóng gói"},"parent_code":"HOUSING \u0026 LIFESTYLE","type":"Corporation"},{"code":"FLOWERS","level":2,"name":{"en":"Flowers","vi":"Hoa"},"parent_code":"HOUSING \u0026 LIFESTYLE","type":"Corporation"},{"code":"GIFTS \u0026 PROMOTIONS","level":2,"name":{"en":"Gifts \u0026 Promotions","vi":"Quà tặng \u0026 Ưu đãi"},"parent_code":"HOUSING \u0026 LIFESTYLE","type":"Corporation"},{"code":"LAUNDRY","level":2,"name":{"en":"Laundry","vi":"Giặt ủi"},"parent_code":"HOUSING \u0026 LIFESTYLE","type":"Corporation"},{"code":"INSTRUMENTS","level":2,"name":{"en":"Instruments","vi":"Nhạc cụ"},"parent_code":"HOUSING \u0026 LIFESTYLE","type":"Corporation"},{"code":"PERFORMANCE PROPS","level":2,"name":{"en":"Performance props","vi":"Đạo cụ \u0026 Trang phục biểu diễn"},"parent_code":"HOUSING \u0026 LIFESTYLE","type":"Corporation"},{"code":"COSMETICS","level":2,"name":{"en":"Cosmetics","vi":"Mỹ phẩm"},"parent_code":"HEALTH \u0026 BEAUTY","type":"Corporation"},{"code":"PERFUME \u0026 ESSENCE","level":2,"name":{"en":"Perfume \u0026 Essence","vi":"Nước hoa \u0026 Tinh dầu"},"parent_code":"HEALTH \u0026 BEAUTY","type":"Corporation"},{"code":"PERSONAL CARE","level":2,"name":{"en":"Personal care","vi":"Sản phẩm chăm sóc cơ thể"},"parent_code":"HEALTH \u0026 BEAUTY","type":"Corporation"},{"code":"SEXUAL WELLNESS","level":2,"name":{"en":"Sexual wellness","vi":"Hỗ trợ Tình Dục"},"parent_code":"HEALTH \u0026 BEAUTY","type":"Corporation"},{"code":"SUPPLEMENT FOODS","level":2,"name":{"en":"Supplement foods","vi":"Thực phẩm chức năng"},"parent_code":"HEALTH \u0026 BEAUTY","type":"Corporation"},{"code":"PHARMACEUTICAL PRODUCTS \u0026 MEDICINE","level":2,"name":{"en":"Pharmaceutical products \u0026 Medicine","vi":"Dược phẩm \u0026 Thuốc"},"parent_code":"HEALTH \u0026 BEAUTY","type":"Corporation"},{"code":"HEALTH \u0026 MEDICAL WARE","level":2,"name":{"en":"Health \u0026 Medical Ware","vi":"Thiết bị sức khoẻ và y tế"},"parent_code":"HEALTH \u0026 BEAUTY","type":"Corporation"},{"code":"SMARTPHONES \u0026 TABLETS","level":2,"name":{"en":"Smartphones \u0026 Tablets","vi":"Điện thoại \u0026 Máy tính bảng"},"parent_code":"ELECTRONICS","type":"Corporation"},{"code":"COMPUTER \u0026 LAPTOP","level":2,"name":{"en":"Computer \u0026 Laptop","vi":"Máy tính"},"parent_code":"ELECTRONICS","type":"Corporation"},{"code":"CAMERAS","level":2,"name":{"en":"Cameras","vi":"Máy ảnh \u0026 Quay phim"},"parent_code":"ELECTRONICS","type":"Corporation"},{"code":"GAMING GEARS","level":2,"name":{"en":"Gaming gears","vi":"Phụ kiện \u0026 Thiết bị game"},"parent_code":"ELECTRONICS","type":"Corporation"},{"code":"ELECTRONIC GEARS","level":2,"name":{"en":"Electronic gears","vi":"Phụ kiện \u0026 Linh kiện điện tử"},"parent_code":"ELECTRONICS","type":"Corporation"},{"code":"E-BOOK READER","level":2,"name":{"en":"E-book reader","vi":"Thiết bị đọc sách"},"parent_code":"ELECTRONICS","type":"Corporation"},{"code":"AUDIO DEVICES","level":2,"name":{"en":"Audio devices","vi":"Thiết bị âm thanh"},"parent_code":"ELECTRONICS","type":"Corporation"},{"code":"CLOTHING","level":2,"name":{"en":"Clot... (set the log level to DEBUG or TRACE to see the full content) 
 </msg>
<msg timestamp="20210120 10:20:36.029" level="INFO">${response} = &lt;Response [200]&gt;</msg>
<status status="PASS" starttime="20210120 10:20:35.661" endtime="20210120 10:20:36.029"></status>
</kw>
<msg timestamp="20210120 10:20:36.032" level="INFO">${category} = [{'code': 'FAST FOOD', 'level': 2, 'name': {'en': 'Fast food', 'vi': 'Đồ ăn nhanh'}, 'parent_code': 'FOOD', 'type': 'Corporation'}, {'code': 'SNACK', 'level': 2, 'name': {'en': 'Snack', 'vi': 'Đồ ăn v...</msg>
<status status="PASS" starttime="20210120 10:20:35.658" endtime="20210120 10:20:36.032"></status>
</kw>
<kw name="Create List" library="BuiltIn">
<doc>Returns a list containing given items.</doc>
<assign>
<var>${category_name}</var>
</assign>
<msg timestamp="20210120 10:20:36.033" level="INFO">${category_name} = []</msg>
<status status="PASS" starttime="20210120 10:20:36.033" endtime="20210120 10:20:36.033"></status>
</kw>
<kw name="${i} IN [ @{category} ]" type="for">
<kw name="${i} = {'code': 'FAST FOOD', 'level': 2, 'name': {'en': 'Fast food', 'vi': 'Đồ ăn nhanh'}, 'parent_code': 'FOOD', 'type': 'Corporation'}" type="foritem">
<kw name="Run Keyword If" library="BuiltIn">
<doc>Runs the given keyword with the given arguments, if ``condition`` is true.</doc>
<arguments>
<arg>'${i}[code]'=='${category_code}' and '${i}[type]'=='${type}'</arg>
<arg>Append to list</arg>
<arg>${category_name}</arg>
<arg>${i}[name][${language}]</arg>
</arguments>
<status status="PASS" starttime="20210120 10:20:36.034" endtime="20210120 10:20:36.035"></status>
</kw>
<status status="PASS" starttime="20210120 10:20:36.034" endtime="20210120 10:20:36.035"></status>
</kw>
<kw name="${i} = {'code': 'SNACK', 'level': 2, 'name': {'en': 'Snack', 'vi': 'Đồ ăn vặt'}, 'parent_code': 'FOOD', 'type': 'Corporation'}" type="foritem">
<kw name="Run Keyword If" library="BuiltIn">
<doc>Runs the given keyword with the given arguments, if ``condition`` is true.</doc>
<arguments>
<arg>'${i}[code]'=='${category_code}' and '${i}[type]'=='${type}'</arg>
<arg>Append to list</arg>
<arg>${category_name}</arg>
<arg>${i}[name][${language}]</arg>
</arguments>
<status status="PASS" starttime="20210120 10:20:36.036" endtime="20210120 10:20:36.037"></status>
</kw>
<status status="PASS" starttime="20210120 10:20:36.036" endtime="20210120 10:20:36.037"></status>
</kw>
<kw name="${i} = {'code': 'PHO &amp; NOODLES', 'level': 2, 'name': {'en': 'Pho &amp; Noodles', 'vi': 'Phở - Mì - Bún'}, 'parent_code': 'FOOD', 'type': 'Corporation'}" type="foritem">
<kw name="Run Keyword If" library="BuiltIn">
<doc>Runs the given keyword with the given arguments, if ``condition`` is true.</doc>
<arguments>
<arg>'${i}[code]'=='${category_code}' and '${i}[type]'=='${type}'</arg>
<arg>Append to list</arg>
<arg>${category_name}</arg>
<arg>${i}[name][${language}]</arg>
</arguments>
<status status="PASS" starttime="20210120 10:20:36.037" endtime="20210120 10:20:36.038"></status>
</kw>
<status status="PASS" starttime="20210120 10:20:36.037" endtime="20210120 10:20:36.038"></status>
</kw>
<kw name="${i} = {'code': 'SWEET SOUP', 'level': 2, 'name': {'en': 'Sweet soup', 'vi': 'Chè'}, 'parent_code': 'FOOD', 'type': 'Corporation'}" type="foritem">
<kw name="Run Keyword If" library="BuiltIn">
<doc>Runs the given keyword with the given arguments, if ``condition`` is true.</doc>
<arguments>
<arg>'${i}[code]'=='${category_code}' and '${i}[type]'=='${type}'</arg>
<arg>Append to list</arg>
<arg>${category_name}</arg>
<arg>${i}[name][${language}]</arg>
</arguments>
<status status="PASS" starttime="20210120 10:20:36.038" endtime="20210120 10:20:36.039"></status>
</kw>
<status status="PASS" starttime="20210120 10:20:36.038" endtime="20210120 10:20:36.039"></status>
</kw>
<kw name="${i} = {'code': 'ICE-CREAM', 'level': 2, 'name': {'en': 'Ice-cream', 'vi': 'Kem'}, 'parent_code': 'FOOD', 'type': 'Corporation'}" type="foritem">
<kw name="Run Keyword If" library="BuiltIn">
<doc>Runs the given keyword with the given arguments, if ``condition`` is true.</doc>
<arguments>
<arg>'${i}[code]'=='${category_code}' and '${i}[type]'=='${type}'</arg>
<arg>Append to list</arg>
<arg>${category_name}</arg>
<arg>${i}[name][${language}]</arg>
</arguments>
<status status="PASS" starttime="20210120 10:20:36.039" endtime="20210120 10:20:36.040"></status>
</kw>
<status status="PASS" starttime="20210120 10:20:36.039" endtime="20210120 10:20:36.040"></status>
</kw>
<kw name="${i} = {'code': 'VIETNAMESE SPECIALTIES', 'level': 2, 'name': {'en': 'Vietnamese specialties', 'vi': 'Đặc sản Việt'}, 'parent_code': 'FOOD', 'type': 'Corporation'}" type="foritem">
<kw name="Run Keyword If" library="BuiltIn">
<doc>Runs the given keyword with the given arguments, if ``condition`` is true.</doc>
<arguments>
<arg>'${i}[code]'=='${category_code}' and '${i}[type]'=='${type}'</arg>
<arg>Append to list</arg>
<arg>${category_name}</arg>
<arg>${i}[name][${language}]</arg>
</arguments>
<status status="PASS" starttime="20210120 10:20:36.041" endtime="20210120 10:20:36.041"></status>
</kw>
<status status="PASS" starttime="20210120 10:20:36.040" endtime="20210120 10:20:36.041"></status>
</kw>
<kw name="${i} = {'code': 'BEVERAGE', 'level': 2, 'name': {'en': 'Beverage', 'vi': 'Nước giải khát'}, 'parent_code': 'DRINK', 'type': 'Corporation'}" type="foritem">
<kw name="Run Keyword If" library="BuiltIn">
<doc>Runs the given keyword with the given arguments, if ``condition`` is true.</doc>
<arguments>
<arg>'${i}[code]'=='${category_code}' and '${i}[type]'=='${type}'</arg>
<arg>Append to list</arg>
<arg>${category_name}</arg>
<arg>${i}[name][${language}]</arg>
</arguments>
<status status="PASS" starttime="20210120 10:20:36.042" endtime="20210120 10:20:36.043"></status>
</kw>
<status status="PASS" starttime="20210120 10:20:36.041" endtime="20210120 10:20:36.043"></status>
</kw>
<kw name="${i} = {'code': 'CAFE', 'level': 2, 'name': {'en': 'Cafe', 'vi': 'Cafe'}, 'parent_code': 'DRINK', 'type': 'Corporation'}" type="foritem">
<kw name="Run Keyword If" library="BuiltIn">
<doc>Runs the given keyword with the given arguments, if ``condition`` is true.</doc>
<arguments>
<arg>'${i}[code]'=='${category_code}' and '${i}[type]'=='${type}'</arg>
<arg>Append to list</arg>
<arg>${category_name}</arg>
<arg>${i}[name][${language}]</arg>
</arguments>
<status status="PASS" starttime="20210120 10:20:36.043" endtime="20210120 10:20:36.044"></status>
</kw>
<status status="PASS" starttime="20210120 10:20:36.043" endtime="20210120 10:20:36.044"></status>
</kw>
<kw name="${i} = {'code': 'MILK TEA', 'level': 2, 'name': {'en': 'Milk tea', 'vi': 'Trà sữa'}, 'parent_code': 'DRINK', 'type': 'Corporation'}" type="foritem">
<kw name="Run Keyword If" library="BuiltIn">
<doc>Runs the given keyword with the given arguments, if ``condition`` is true.</doc>
<arguments>
<arg>'${i}[code]'=='${category_code}' and '${i}[type]'=='${type}'</arg>
<arg>Append to list</arg>
<arg>${category_name}</arg>
<arg>${i}[name][${language}]</arg>
</arguments>
<status status="PASS" starttime="20210120 10:20:36.045" endtime="20210120 10:20:36.045"></status>
</kw>
<status status="PASS" starttime="20210120 10:20:36.044" endtime="20210120 10:20:36.045"></status>
</kw>
<kw name="${i} = {'code': 'SMOOTHIE &amp; JUICE', 'level': 2, 'name': {'en': 'Smoothie &amp; Juice', 'vi': 'Sinh tố &amp; Nước ép'}, 'parent_code': 'DRINK', 'type': 'Corporation'}" type="foritem">
<kw name="Run Keyword If" library="BuiltIn">
<doc>Runs the given keyword with the given arguments, if ``condition`` is true.</doc>
<arguments>
<arg>'${i}[code]'=='${category_code}' and '${i}[type]'=='${type}'</arg>
<arg>Append to list</arg>
<arg>${category_name}</arg>
<arg>${i}[name][${language}]</arg>
</arguments>
<status status="PASS" starttime="20210120 10:20:36.046" endtime="20210120 10:20:36.046"></status>
</kw>
<status status="PASS" starttime="20210120 10:20:36.045" endtime="20210120 10:20:36.046"></status>
</kw>
<kw name="${i} = {'code': 'ALCOHOL', 'level': 2, 'name': {'en': 'Alcohol', 'vi': 'Đồ uống có cồn'}, 'parent_code': 'DRINK', 'type': 'Corporation'}" type="foritem">
<kw name="Run Keyword If" library="BuiltIn">
<doc>Runs the given keyword with the given arguments, if ``condition`` is true.</doc>
<arguments>
<arg>'${i}[code]'=='${category_code}' and '${i}[type]'=='${type}'</arg>
<arg>Append to list</arg>
<arg>${category_name}</arg>
<arg>${i}[name][${language}]</arg>
</arguments>
<status status="PASS" starttime="20210120 10:20:36.047" endtime="20210120 10:20:36.047"></status>
</kw>
<status status="PASS" starttime="20210120 10:20:36.046" endtime="20210120 10:20:36.047"></status>
</kw>
<kw name="${i} = {'code': 'BREAD', 'level': 2, 'name': {'en': 'Bread', 'vi': 'Bánh mì'}, 'parent_code': 'CAKE', 'type': 'Corporation'}" type="foritem">
<kw name="Run Keyword If" library="BuiltIn">
<doc>Runs the given keyword with the given arguments, if ``condition`` is true.</doc>
<arguments>
<arg>'${i}[code]'=='${category_code}' and '${i}[type]'=='${type}'</arg>
<arg>Append to list</arg>
<arg>${category_name}</arg>
<arg>${i}[name][${language}]</arg>
</arguments>
<status status="PASS" starttime="20210120 10:20:36.048" endtime="20210120 10:20:36.048"></status>
</kw>
<status status="PASS" starttime="20210120 10:20:36.047" endtime="20210120 10:20:36.048"></status>
</kw>
<kw name="${i} = {'code': 'GATEAU', 'level': 2, 'name': {'en': 'Gateau', 'vi': 'Bánh ngọt'}, 'parent_code': 'CAKE', 'type': 'Corporation'}" type="foritem">
<kw name="Run Keyword If" library="BuiltIn">
<doc>Runs the given keyword with the given arguments, if ``condition`` is true.</doc>
<arguments>
<arg>'${i}[code]'=='${category_code}' and '${i}[type]'=='${type}'</arg>
<arg>Append to list</arg>
<arg>${category_name}</arg>
<arg>${i}[name][${language}]</arg>
</arguments>
<status status="PASS" starttime="20210120 10:20:36.049" endtime="20210120 10:20:36.049"></status>
</kw>
<status status="PASS" starttime="20210120 10:20:36.048" endtime="20210120 10:20:36.049"></status>
</kw>
<kw name="${i} = {'code': 'BIRTHDAY CAKE', 'level': 2, 'name': {'en': 'Birthday cake', 'vi': 'Bánh sinh nhật'}, 'parent_code': 'CAKE', 'type': 'Corporation'}" type="foritem">
<kw name="Run Keyword If" library="BuiltIn">
<doc>Runs the given keyword with the given arguments, if ``condition`` is true.</doc>
<arguments>
<arg>'${i}[code]'=='${category_code}' and '${i}[type]'=='${type}'</arg>
<arg>Append to list</arg>
<arg>${category_name}</arg>
<arg>${i}[name][${language}]</arg>
</arguments>
<status status="PASS" starttime="20210120 10:20:36.050" endtime="20210120 10:20:36.050"></status>
</kw>
<status status="PASS" starttime="20210120 10:20:36.050" endtime="20210120 10:20:36.050"></status>
</kw>
<kw name="${i} = {'code': 'TRADITIONAL CAKES', 'level': 2, 'name': {'en': 'Traditional cakes', 'vi': 'Các loại bánh truyền thống'}, 'parent_code': 'CAKE', 'type': 'Corporation'}" type="foritem">
<kw name="Run Keyword If" library="BuiltIn">
<doc>Runs the given keyword with the given arguments, if ``condition`` is true.</doc>
<arguments>
<arg>'${i}[code]'=='${category_code}' and '${i}[type]'=='${type}'</arg>
<arg>Append to list</arg>
<arg>${category_name}</arg>
<arg>${i}[name][${language}]</arg>
</arguments>
<status status="PASS" starttime="20210120 10:20:36.051" endtime="20210120 10:20:36.051"></status>
</kw>
<status status="PASS" starttime="20210120 10:20:36.050" endtime="20210120 10:20:36.051"></status>
</kw>
<kw name="${i} = {'code': 'OTHER CAKES', 'level': 2, 'name': {'en': 'Other cakes', 'vi': 'Các loại bánh khác'}, 'parent_code': 'CAKE', 'type': 'Corporation'}" type="foritem">
<kw name="Run Keyword If" library="BuiltIn">
<doc>Runs the given keyword with the given arguments, if ``condition`` is true.</doc>
<arguments>
<arg>'${i}[code]'=='${category_code}' and '${i}[type]'=='${type}'</arg>
<arg>Append to list</arg>
<arg>${category_name}</arg>
<arg>${i}[name][${language}]</arg>
</arguments>
<status status="PASS" starttime="20210120 10:20:36.052" endtime="20210120 10:20:36.052"></status>
</kw>
<status status="PASS" starttime="20210120 10:20:36.051" endtime="20210120 10:20:36.052"></status>
</kw>
<kw name="${i} = {'code': 'OFFICE LUNCH', 'level': 2, 'name': {'en': 'Office lunch', 'vi': 'Cơm trưa văn phòng'}, 'parent_code': 'RESTAURANT', 'type': 'Corporation'}" type="foritem">
<kw name="Run Keyword If" library="BuiltIn">
<doc>Runs the given keyword with the given arguments, if ``condition`` is true.</doc>
<arguments>
<arg>'${i}[code]'=='${category_code}' and '${i}[type]'=='${type}'</arg>
<arg>Append to list</arg>
<arg>${category_name}</arg>
<arg>${i}[name][${language}]</arg>
</arguments>
<status status="PASS" starttime="20210120 10:20:36.053" endtime="20210120 10:20:36.053"></status>
</kw>
<status status="PASS" starttime="20210120 10:20:36.052" endtime="20210120 10:20:36.053"></status>
</kw>
<kw name="${i} = {'code': 'VEGAN &amp; VEGETARIAN', 'level': 2, 'name': {'en': 'Vegan &amp; Vegetarian', 'vi': 'Món ăn chay'}, 'parent_code': 'RESTAURANT', 'type': 'Corporation'}" type="foritem">
<kw name="Run Keyword If" library="BuiltIn">
<doc>Runs the given keyword with the given arguments, if ``condition`` is true.</doc>
<arguments>
<arg>'${i}[code]'=='${category_code}' and '${i}[type]'=='${type}'</arg>
<arg>Append to list</arg>
<arg>${category_name}</arg>
<arg>${i}[name][${language}]</arg>
</arguments>
<status status="PASS" starttime="20210120 10:20:36.053" endtime="20210120 10:20:36.054"></status>
</kw>
<status status="PASS" starttime="20210120 10:20:36.053" endtime="20210120 10:20:36.054"></status>
</kw>
<kw name="${i} = {'code': 'KOREAN', 'level': 2, 'name': {'en': 'Korean', 'vi': 'Món Hàn'}, 'parent_code': 'RESTAURANT', 'type': 'Corporation'}" type="foritem">
<kw name="Run Keyword If" library="BuiltIn">
<doc>Runs the given keyword with the given arguments, if ``condition`` is true.</doc>
<arguments>
<arg>'${i}[code]'=='${category_code}' and '${i}[type]'=='${type}'</arg>
<arg>Append to list</arg>
<arg>${category_name}</arg>
<arg>${i}[name][${language}]</arg>
</arguments>
<status status="PASS" starttime="20210120 10:20:36.054" endtime="20210120 10:20:36.055"></status>
</kw>
<status status="PASS" starttime="20210120 10:20:36.054" endtime="20210120 10:20:36.055"></status>
</kw>
<kw name="${i} = {'code': 'JAPANESE', 'level': 2, 'name': {'en': 'Japanese', 'vi': 'Món Nhật &amp; Sushi'}, 'parent_code': 'RESTAURANT', 'type': 'Corporation'}" type="foritem">
<kw name="Run Keyword If" library="BuiltIn">
<doc>Runs the given keyword with the given arguments, if ``condition`` is true.</doc>
<arguments>
<arg>'${i}[code]'=='${category_code}' and '${i}[type]'=='${type}'</arg>
<arg>Append to list</arg>
<arg>${category_name}</arg>
<arg>${i}[name][${language}]</arg>
</arguments>
<status status="PASS" starttime="20210120 10:20:36.055" endtime="20210120 10:20:36.056"></status>
</kw>
<status status="PASS" starttime="20210120 10:20:36.055" endtime="20210120 10:20:36.056"></status>
</kw>
<kw name="${i} = {'code': 'CHINESE', 'level': 2, 'name': {'en': 'Chinese', 'vi': 'Món Trung'}, 'parent_code': 'RESTAURANT', 'type': 'Corporation'}" type="foritem">
<kw name="Run Keyword If" library="BuiltIn">
<doc>Runs the given keyword with the given arguments, if ``condition`` is true.</doc>
<arguments>
<arg>'${i}[code]'=='${category_code}' and '${i}[type]'=='${type}'</arg>
<arg>Append to list</arg>
<arg>${category_name}</arg>
<arg>${i}[name][${language}]</arg>
</arguments>
<status status="PASS" starttime="20210120 10:20:36.056" endtime="20210120 10:20:36.057"></status>
</kw>
<status status="PASS" starttime="20210120 10:20:36.056" endtime="20210120 10:20:36.057"></status>
</kw>
<kw name="${i} = {'code': 'WESTERN', 'level': 2, 'name': {'en': 'Western', 'vi': 'Món Âu - Mỹ'}, 'parent_code': 'RESTAURANT', 'type': 'Corporation'}" type="foritem">
<kw name="Run Keyword If" library="BuiltIn">
<doc>Runs the given keyword with the given arguments, if ``condition`` is true.</doc>
<arguments>
<arg>'${i}[code]'=='${category_code}' and '${i}[type]'=='${type}'</arg>
<arg>Append to list</arg>
<arg>${category_name}</arg>
<arg>${i}[name][${language}]</arg>
</arguments>
<status status="PASS" starttime="20210120 10:20:36.057" endtime="20210120 10:20:36.058"></status>
</kw>
<status status="PASS" starttime="20210120 10:20:36.057" endtime="20210120 10:20:36.058"></status>
</kw>
<kw name="${i} = {'code': 'FUSION', 'level': 2, 'name': {'en': 'Fusion', 'vi': 'Ẩm thực kết hợp'}, 'parent_code': 'RESTAURANT', 'type': 'Corporation'}" type="foritem">
<kw name="Run Keyword If" library="BuiltIn">
<doc>Runs the given keyword with the given arguments, if ``condition`` is true.</doc>
<arguments>
<arg>'${i}[code]'=='${category_code}' and '${i}[type]'=='${type}'</arg>
<arg>Append to list</arg>
<arg>${category_name}</arg>
<arg>${i}[name][${language}]</arg>
</arguments>
<status status="PASS" starttime="20210120 10:20:36.058" endtime="20210120 10:20:36.059"></status>
</kw>
<status status="PASS" starttime="20210120 10:20:36.058" endtime="20210120 10:20:36.059"></status>
</kw>
<kw name="${i} = {'code': 'DESSERT', 'level': 2, 'name': {'en': 'Dessert', 'vi': 'Món tráng miệng'}, 'parent_code': 'RESTAURANT', 'type': 'Corporation'}" type="foritem">
<kw name="Run Keyword If" library="BuiltIn">
<doc>Runs the given keyword with the given arguments, if ``condition`` is true.</doc>
<arguments>
<arg>'${i}[code]'=='${category_code}' and '${i}[type]'=='${type}'</arg>
<arg>Append to list</arg>
<arg>${category_name}</arg>
<arg>${i}[name][${language}]</arg>
</arguments>
<status status="PASS" starttime="20210120 10:20:36.059" endtime="20210120 10:20:36.060"></status>
</kw>
<status status="PASS" starttime="20210120 10:20:36.059" endtime="20210120 10:20:36.060"></status>
</kw>
<kw name="${i} = {'code': 'HOT POT', 'level': 2, 'name': {'en': 'Hot pot', 'vi': 'Lẩu'}, 'parent_code': 'RESTAURANT', 'type': 'Corporation'}" type="foritem">
<kw name="Run Keyword If" library="BuiltIn">
<doc>Runs the given keyword with the given arguments, if ``condition`` is true.</doc>
<arguments>
<arg>'${i}[code]'=='${category_code}' and '${i}[type]'=='${type}'</arg>
<arg>Append to list</arg>
<arg>${category_name}</arg>
<arg>${i}[name][${language}]</arg>
</arguments>
<status status="PASS" starttime="20210120 10:20:36.060" endtime="20210120 10:20:36.060"></status>
</kw>
<status status="PASS" starttime="20210120 10:20:36.060" endtime="20210120 10:20:36.060"></status>
</kw>
<kw name="${i} = {'code': 'OTHER RESTAURANTS', 'level': 2, 'name': {'en': 'Other restaurants', 'vi': 'Nhà hàng khác'}, 'parent_code': 'RESTAURANT', 'type': 'Corporation'}" type="foritem">
<kw name="Run Keyword If" library="BuiltIn">
<doc>Runs the given keyword with the given arguments, if ``condition`` is true.</doc>
<arguments>
<arg>'${i}[code]'=='${category_code}' and '${i}[type]'=='${type}'</arg>
<arg>Append to list</arg>
<arg>${category_name}</arg>
<arg>${i}[name][${language}]</arg>
</arguments>
<status status="PASS" starttime="20210120 10:20:36.061" endtime="20210120 10:20:36.061"></status>
</kw>
<status status="PASS" starttime="20210120 10:20:36.060" endtime="20210120 10:20:36.062"></status>
</kw>
<kw name="${i} = {'code': 'FRUITS', 'level': 2, 'name': {'en': 'Fruits', 'vi': 'Trái cây'}, 'parent_code': 'GROCERY', 'type': 'Corporation'}" type="foritem">
<kw name="Run Keyword If" library="BuiltIn">
<doc>Runs the given keyword with the given arguments, if ``condition`` is true.</doc>
<arguments>
<arg>'${i}[code]'=='${category_code}' and '${i}[type]'=='${type}'</arg>
<arg>Append to list</arg>
<arg>${category_name}</arg>
<arg>${i}[name][${language}]</arg>
</arguments>
<status status="PASS" starttime="20210120 10:20:36.062" endtime="20210120 10:20:36.062"></status>
</kw>
<status status="PASS" starttime="20210120 10:20:36.062" endtime="20210120 10:20:36.062"></status>
</kw>
<kw name="${i} = {'code': 'FRESH FOODS', 'level': 2, 'name': {'en': 'Fresh foods', 'vi': 'Thực phẩm tươi'}, 'parent_code': 'GROCERY', 'type': 'Corporation'}" type="foritem">
<kw name="Run Keyword If" library="BuiltIn">
<doc>Runs the given keyword with the given arguments, if ``condition`` is true.</doc>
<arguments>
<arg>'${i}[code]'=='${category_code}' and '${i}[type]'=='${type}'</arg>
<arg>Append to list</arg>
<arg>${category_name}</arg>
<arg>${i}[name][${language}]</arg>
</arguments>
<status status="PASS" starttime="20210120 10:20:36.063" endtime="20210120 10:20:36.063"></status>
</kw>
<status status="PASS" starttime="20210120 10:20:36.063" endtime="20210120 10:20:36.063"></status>
</kw>
<kw name="${i} = {'code': 'FROZEN FOODS', 'level': 2, 'name': {'en': 'Frozen foods', 'vi': 'Thực phẩm đông lạnh'}, 'parent_code': 'GROCERY', 'type': 'Corporation'}" type="foritem">
<kw name="Run Keyword If" library="BuiltIn">
<doc>Runs the given keyword with the given arguments, if ``condition`` is true.</doc>
<arguments>
<arg>'${i}[code]'=='${category_code}' and '${i}[type]'=='${type}'</arg>
<arg>Append to list</arg>
<arg>${category_name}</arg>
<arg>${i}[name][${language}]</arg>
</arguments>
<status status="PASS" starttime="20210120 10:20:36.064" endtime="20210120 10:20:36.064"></status>
</kw>
<status status="PASS" starttime="20210120 10:20:36.063" endtime="20210120 10:20:36.064"></status>
</kw>
<kw name="${i} = {'code': 'DRY FOODS', 'level': 2, 'name': {'en': 'Dry foods', 'vi': 'Thực phẩm khô'}, 'parent_code': 'GROCERY', 'type': 'Corporation'}" type="foritem">
<kw name="Run Keyword If" library="BuiltIn">
<doc>Runs the given keyword with the given arguments, if ``condition`` is true.</doc>
<arguments>
<arg>'${i}[code]'=='${category_code}' and '${i}[type]'=='${type}'</arg>
<arg>Append to list</arg>
<arg>${category_name}</arg>
<arg>${i}[name][${language}]</arg>
</arguments>
<status status="PASS" starttime="20210120 10:20:36.065" endtime="20210120 10:20:36.065"></status>
</kw>
<status status="PASS" starttime="20210120 10:20:36.064" endtime="20210120 10:20:36.065"></status>
</kw>
<kw name="${i} = {'code': 'PACKAGED &amp; CANNED FOODS', 'level': 2, 'name': {'en': 'Packaged &amp; Canned foods', 'vi': 'Đồ hộp và đóng gói'}, 'parent_code': 'GROCERY', 'type': 'Corporation'}" type="foritem">
<kw name="Run Keyword If" library="BuiltIn">
<doc>Runs the given keyword with the given arguments, if ``condition`` is true.</doc>
<arguments>
<arg>'${i}[code]'=='${category_code}' and '${i}[type]'=='${type}'</arg>
<arg>Append to list</arg>
<arg>${category_name}</arg>
<arg>${i}[name][${language}]</arg>
</arguments>
<status status="PASS" starttime="20210120 10:20:36.065" endtime="20210120 10:20:36.066"></status>
</kw>
<status status="PASS" starttime="20210120 10:20:36.065" endtime="20210120 10:20:36.066"></status>
</kw>
<kw name="${i} = {'code': 'RICE, BEANS &amp; NUTS', 'level': 2, 'name': {'en': 'Rice, Beans &amp; Nuts', 'vi': 'Gạo &amp; Các loại hạt'}, 'parent_code': 'GROCERY', 'type': 'Corporation'}" type="foritem">
<kw name="Run Keyword If" library="BuiltIn">
<doc>Runs the given keyword with the given arguments, if ``condition`` is true.</doc>
<arguments>
<arg>'${i}[code]'=='${category_code}' and '${i}[type]'=='${type}'</arg>
<arg>Append to list</arg>
<arg>${category_name}</arg>
<arg>${i}[name][${language}]</arg>
</arguments>
<status status="PASS" starttime="20210120 10:20:36.066" endtime="20210120 10:20:36.067"></status>
</kw>
<status status="PASS" starttime="20210120 10:20:36.066" endtime="20210120 10:20:36.067"></status>
</kw>
<kw name="${i} = {'code': 'SPICES', 'level': 2, 'name': {'en': 'Spices', 'vi': 'Gia vị'}, 'parent_code': 'GROCERY', 'type': 'Corporation'}" type="foritem">
<kw name="Run Keyword If" library="BuiltIn">
<doc>Runs the given keyword with the given arguments, if ``condition`` is true.</doc>
<arguments>
<arg>'${i}[code]'=='${category_code}' and '${i}[type]'=='${type}'</arg>
<arg>Append to list</arg>
<arg>${category_name}</arg>
<arg>${i}[name][${language}]</arg>
</arguments>
<status status="PASS" starttime="20210120 10:20:36.067" endtime="20210120 10:20:36.068"></status>
</kw>
<status status="PASS" starttime="20210120 10:20:36.067" endtime="20210120 10:20:36.068"></status>
</kw>
<kw name="${i} = {'code': 'BAKING INGREDIENTS', 'level': 2, 'name': {'en': 'Baking ingredients', 'vi': 'Nguyên liệu làm bánh'}, 'parent_code': 'GROCERY', 'type': 'Corporation'}" type="foritem">
<kw name="Run Keyword If" library="BuiltIn">
<doc>Runs the given keyword with the given arguments, if ``condition`` is true.</doc>
<arguments>
<arg>'${i}[code]'=='${category_code}' and '${i}[type]'=='${type}'</arg>
<arg>Append to list</arg>
<arg>${category_name}</arg>
<arg>${i}[name][${language}]</arg>
</arguments>
<status status="PASS" starttime="20210120 10:20:36.068" endtime="20210120 10:20:36.068"></status>
</kw>
<status status="PASS" starttime="20210120 10:20:36.068" endtime="20210120 10:20:36.068"></status>
</kw>
<kw name="${i} = {'code': 'DRINK INGREDIENTS', 'level': 2, 'name': {'en': 'Drink ingredients', 'vi': 'Nguyên liệu đồ uống'}, 'parent_code': 'GROCERY', 'type': 'Corporation'}" type="foritem">
<kw name="Run Keyword If" library="BuiltIn">
<doc>Runs the given keyword with the given arguments, if ``condition`` is true.</doc>
<arguments>
<arg>'${i}[code]'=='${category_code}' and '${i}[type]'=='${type}'</arg>
<arg>Append to list</arg>
<arg>${category_name}</arg>
<arg>${i}[name][${language}]</arg>
</arguments>
<status status="PASS" starttime="20210120 10:20:36.068" endtime="20210120 10:20:36.069"></status>
</kw>
<status status="PASS" starttime="20210120 10:20:36.068" endtime="20210120 10:20:36.069"></status>
</kw>
<kw name="${i} = {'code': 'DAIRY PRODUCTS', 'level': 2, 'name': {'en': 'Dairy products', 'vi': 'Sản phẩm sữa'}, 'parent_code': 'GROCERY', 'type': 'Corporation'}" type="foritem">
<kw name="Run Keyword If" library="BuiltIn">
<doc>Runs the given keyword with the given arguments, if ``condition`` is true.</doc>
<arguments>
<arg>'${i}[code]'=='${category_code}' and '${i}[type]'=='${type}'</arg>
<arg>Append to list</arg>
<arg>${category_name}</arg>
<arg>${i}[name][${language}]</arg>
</arguments>
<status status="PASS" starttime="20210120 10:20:36.069" endtime="20210120 10:20:36.069"></status>
</kw>
<status status="PASS" starttime="20210120 10:20:36.069" endtime="20210120 10:20:36.069"></status>
</kw>
<kw name="${i} = {'code': 'CONFECTIONERY', 'level': 2, 'name': {'en': 'Confectionery', 'vi': 'Bánh kẹo &amp; Sô-cô-la'}, 'parent_code': 'GROCERY', 'type': 'Corporation'}" type="foritem">
<kw name="Run Keyword If" library="BuiltIn">
<doc>Runs the given keyword with the given arguments, if ``condition`` is true.</doc>
<arguments>
<arg>'${i}[code]'=='${category_code}' and '${i}[type]'=='${type}'</arg>
<arg>Append to list</arg>
<arg>${category_name}</arg>
<arg>${i}[name][${language}]</arg>
</arguments>
<status status="PASS" starttime="20210120 10:20:36.069" endtime="20210120 10:20:36.070"></status>
</kw>
<status status="PASS" starttime="20210120 10:20:36.069" endtime="20210120 10:20:36.070"></status>
</kw>
<kw name="${i} = {'code': 'IMPLEMENT FOR BABY', 'level': 2, 'name': {'en': 'Implement for baby', 'vi': 'Đồ dùng cho bé'}, 'parent_code': 'MOTHER &amp; BABY', 'type': 'Corporation'}" type="foritem">
<kw name="Run Keyword If" library="BuiltIn">
<doc>Runs the given keyword with the given arguments, if ``condition`` is true.</doc>
<arguments>
<arg>'${i}[code]'=='${category_code}' and '${i}[type]'=='${type}'</arg>
<arg>Append to list</arg>
<arg>${category_name}</arg>
<arg>${i}[name][${language}]</arg>
</arguments>
<status status="PASS" starttime="20210120 10:20:36.070" endtime="20210120 10:20:36.070"></status>
</kw>
<status status="PASS" starttime="20210120 10:20:36.070" endtime="20210120 10:20:36.070"></status>
</kw>
<kw name="${i} = {'code': 'FASHION FOR BABY', 'level': 2, 'name': {'en': 'Fashion for baby', 'vi': 'Thời trang cho bé'}, 'parent_code': 'MOTHER &amp; BABY', 'type': 'Corporation'}" type="foritem">
<kw name="Run Keyword If" library="BuiltIn">
<doc>Runs the given keyword with the given arguments, if ``condition`` is true.</doc>
<arguments>
<arg>'${i}[code]'=='${category_code}' and '${i}[type]'=='${type}'</arg>
<arg>Append to list</arg>
<arg>${category_name}</arg>
<arg>${i}[name][${language}]</arg>
</arguments>
<status status="PASS" starttime="20210120 10:20:36.070" endtime="20210120 10:20:36.071"></status>
</kw>
<status status="PASS" starttime="20210120 10:20:36.070" endtime="20210120 10:20:36.071"></status>
</kw>
<kw name="${i} = {'code': 'TOYS', 'level': 2, 'name': {'en': 'Toys', 'vi': 'Đồ chơi'}, 'parent_code': 'MOTHER &amp; BABY', 'type': 'Corporation'}" type="foritem">
<kw name="Run Keyword If" library="BuiltIn">
<doc>Runs the given keyword with the given arguments, if ``condition`` is true.</doc>
<arguments>
<arg>'${i}[code]'=='${category_code}' and '${i}[type]'=='${type}'</arg>
<arg>Append to list</arg>
<arg>${category_name}</arg>
<arg>${i}[name][${language}]</arg>
</arguments>
<status status="PASS" starttime="20210120 10:20:36.071" endtime="20210120 10:20:36.071"></status>
</kw>
<status status="PASS" starttime="20210120 10:20:36.071" endtime="20210120 10:20:36.071"></status>
</kw>
<kw name="${i} = {'code': 'MILK &amp; COMMODITY FOR BABY', 'level': 2, 'name': {'en': 'Milk &amp; Commodity for baby', 'vi': 'Sữa &amp; Thực phẩm cho bé'}, 'parent_code': 'MOTHER &amp; BABY', 'type': 'Corporation'}" type="foritem">
<kw name="Run Keyword If" library="BuiltIn">
<doc>Runs the given keyword with the given arguments, if ``condition`` is true.</doc>
<arguments>
<arg>'${i}[code]'=='${category_code}' and '${i}[type]'=='${type}'</arg>
<arg>Append to list</arg>
<arg>${category_name}</arg>
<arg>${i}[name][${language}]</arg>
</arguments>
<status status="PASS" starttime="20210120 10:20:36.071" endtime="20210120 10:20:36.072"></status>
</kw>
<status status="PASS" starttime="20210120 10:20:36.071" endtime="20210120 10:20:36.072"></status>
</kw>
<kw name="${i} = {'code': 'COMMODITY &amp; IMPLEMENT FOR MOTHERS', 'level': 2, 'name': {'en': 'Commodity &amp; Implement for mothers', 'vi': 'Thực phẩm &amp; Đồ dùng cho mẹ'}, 'parent_code': 'MOTHER &amp; BABY', 'type': 'Corporation'..." type="foritem">
<kw name="Run Keyword If" library="BuiltIn">
<doc>Runs the given keyword with the given arguments, if ``condition`` is true.</doc>
<arguments>
<arg>'${i}[code]'=='${category_code}' and '${i}[type]'=='${type}'</arg>
<arg>Append to list</arg>
<arg>${category_name}</arg>
<arg>${i}[name][${language}]</arg>
</arguments>
<status status="PASS" starttime="20210120 10:20:36.072" endtime="20210120 10:20:36.072"></status>
</kw>
<status status="PASS" starttime="20210120 10:20:36.072" endtime="20210120 10:20:36.072"></status>
</kw>
<kw name="${i} = {'code': 'HOME FURNITURE', 'level': 2, 'name': {'en': 'Home furniture', 'vi': 'Đồ nội thất'}, 'parent_code': 'HOUSING &amp; LIFESTYLE', 'type': 'Corporation'}" type="foritem">
<kw name="Run Keyword If" library="BuiltIn">
<doc>Runs the given keyword with the given arguments, if ``condition`` is true.</doc>
<arguments>
<arg>'${i}[code]'=='${category_code}' and '${i}[type]'=='${type}'</arg>
<arg>Append to list</arg>
<arg>${category_name}</arg>
<arg>${i}[name][${language}]</arg>
</arguments>
<status status="PASS" starttime="20210120 10:20:36.073" endtime="20210120 10:20:36.073"></status>
</kw>
<status status="PASS" starttime="20210120 10:20:36.072" endtime="20210120 10:20:36.073"></status>
</kw>
<kw name="${i} = {'code': 'DECORATIONS', 'level': 2, 'name': {'en': 'Decorations', 'vi': 'Đồ trang trí'}, 'parent_code': 'HOUSING &amp; LIFESTYLE', 'type': 'Corporation'}" type="foritem">
<kw name="Run Keyword If" library="BuiltIn">
<doc>Runs the given keyword with the given arguments, if ``condition`` is true.</doc>
<arguments>
<arg>'${i}[code]'=='${category_code}' and '${i}[type]'=='${type}'</arg>
<arg>Append to list</arg>
<arg>${category_name}</arg>
<arg>${i}[name][${language}]</arg>
</arguments>
<status status="PASS" starttime="20210120 10:20:36.073" endtime="20210120 10:20:36.073"></status>
</kw>
<status status="PASS" starttime="20210120 10:20:36.073" endtime="20210120 10:20:36.073"></status>
</kw>
<kw name="${i} = {'code': 'HOUSEHOLD APPLIANCES', 'level': 2, 'name': {'en': 'Household appliances', 'vi': 'Đồ dùng gia dụng'}, 'parent_code': 'HOUSING &amp; LIFESTYLE', 'type': 'Corporation'}" type="foritem">
<kw name="Run Keyword If" library="BuiltIn">
<doc>Runs the given keyword with the given arguments, if ``condition`` is true.</doc>
<arguments>
<arg>'${i}[code]'=='${category_code}' and '${i}[type]'=='${type}'</arg>
<arg>Append to list</arg>
<arg>${category_name}</arg>
<arg>${i}[name][${language}]</arg>
</arguments>
<status status="PASS" starttime="20210120 10:20:36.074" endtime="20210120 10:20:36.074"></status>
</kw>
<status status="PASS" starttime="20210120 10:20:36.073" endtime="20210120 10:20:36.074"></status>
</kw>
<kw name="${i} = {'code': 'BEDDING', 'level': 2, 'name': {'en': 'Bedding', 'vi': 'Đồ dùng phòng ngủ'}, 'parent_code': 'HOUSING &amp; LIFESTYLE', 'type': 'Corporation'}" type="foritem">
<kw name="Run Keyword If" library="BuiltIn">
<doc>Runs the given keyword with the given arguments, if ``condition`` is true.</doc>
<arguments>
<arg>'${i}[code]'=='${category_code}' and '${i}[type]'=='${type}'</arg>
<arg>Append to list</arg>
<arg>${category_name}</arg>
<arg>${i}[name][${language}]</arg>
</arguments>
<status status="PASS" starttime="20210120 10:20:36.074" endtime="20210120 10:20:36.074"></status>
</kw>
<status status="PASS" starttime="20210120 10:20:36.074" endtime="20210120 10:20:36.074"></status>
</kw>
<kw name="${i} = {'code': 'PETS PRODUCTS', 'level': 2, 'name': {'en': 'Pets products', 'vi': 'Sản phẩm thú cưng'}, 'parent_code': 'HOUSING &amp; LIFESTYLE', 'type': 'Corporation'}" type="foritem">
<kw name="Run Keyword If" library="BuiltIn">
<doc>Runs the given keyword with the given arguments, if ``condition`` is true.</doc>
<arguments>
<arg>'${i}[code]'=='${category_code}' and '${i}[type]'=='${type}'</arg>
<arg>Append to list</arg>
<arg>${category_name}</arg>
<arg>${i}[name][${language}]</arg>
</arguments>
<status status="PASS" starttime="20210120 10:20:36.075" endtime="20210120 10:20:36.075"></status>
</kw>
<status status="PASS" starttime="20210120 10:20:36.075" endtime="20210120 10:20:36.075"></status>
</kw>
<kw name="${i} = {'code': 'PLANTS &amp; GARDENING', 'level': 2, 'name': {'en': 'Plants &amp; Gardening', 'vi': 'Cây cảnh &amp; Đồ làm vườn'}, 'parent_code': 'HOUSING &amp; LIFESTYLE', 'type': 'Corporation'}" type="foritem">
<kw name="Run Keyword If" library="BuiltIn">
<doc>Runs the given keyword with the given arguments, if ``condition`` is true.</doc>
<arguments>
<arg>'${i}[code]'=='${category_code}' and '${i}[type]'=='${type}'</arg>
<arg>Append to list</arg>
<arg>${category_name}</arg>
<arg>${i}[name][${language}]</arg>
</arguments>
<status status="PASS" starttime="20210120 10:20:36.076" endtime="20210120 10:20:36.076"></status>
</kw>
<status status="PASS" starttime="20210120 10:20:36.075" endtime="20210120 10:20:36.076"></status>
</kw>
<kw name="${i} = {'code': 'BOOKS &amp; STATIONARY', 'level': 2, 'name': {'en': 'Books &amp; Stationary', 'vi': 'Sách &amp; Văn phòng phẩm'}, 'parent_code': 'HOUSING &amp; LIFESTYLE', 'type': 'Corporation'}" type="foritem">
<kw name="Run Keyword If" library="BuiltIn">
<doc>Runs the given keyword with the given arguments, if ``condition`` is true.</doc>
<arguments>
<arg>'${i}[code]'=='${category_code}' and '${i}[type]'=='${type}'</arg>
<arg>Append to list</arg>
<arg>${category_name}</arg>
<arg>${i}[name][${language}]</arg>
</arguments>
<status status="PASS" starttime="20210120 10:20:36.076" endtime="20210120 10:20:36.077"></status>
</kw>
<status status="PASS" starttime="20210120 10:20:36.076" endtime="20210120 10:20:36.077"></status>
</kw>
<kw name="${i} = {'code': 'HYGIENNE PRODUCTS', 'level': 2, 'name': {'en': 'Hygienne products', 'vi': 'Sản phẩm vệ sinh'}, 'parent_code': 'HOUSING &amp; LIFESTYLE', 'type': 'Corporation'}" type="foritem">
<kw name="Run Keyword If" library="BuiltIn">
<doc>Runs the given keyword with the given arguments, if ``condition`` is true.</doc>
<arguments>
<arg>'${i}[code]'=='${category_code}' and '${i}[type]'=='${type}'</arg>
<arg>Append to list</arg>
<arg>${category_name}</arg>
<arg>${i}[name][${language}]</arg>
</arguments>
<status status="PASS" starttime="20210120 10:20:36.077" endtime="20210120 10:20:36.078"></status>
</kw>
<status status="PASS" starttime="20210120 10:20:36.077" endtime="20210120 10:20:36.078"></status>
</kw>
<kw name="${i} = {'code': 'BAGS &amp; PACKAGING', 'level': 2, 'name': {'en': 'Bags &amp; Packaging', 'vi': 'Túi, bao bì và đóng gói'}, 'parent_code': 'HOUSING &amp; LIFESTYLE', 'type': 'Corporation'}" type="foritem">
<kw name="Run Keyword If" library="BuiltIn">
<doc>Runs the given keyword with the given arguments, if ``condition`` is true.</doc>
<arguments>
<arg>'${i}[code]'=='${category_code}' and '${i}[type]'=='${type}'</arg>
<arg>Append to list</arg>
<arg>${category_name}</arg>
<arg>${i}[name][${language}]</arg>
</arguments>
<status status="PASS" starttime="20210120 10:20:36.078" endtime="20210120 10:20:36.079"></status>
</kw>
<status status="PASS" starttime="20210120 10:20:36.078" endtime="20210120 10:20:36.079"></status>
</kw>
<kw name="${i} = {'code': 'FLOWERS', 'level': 2, 'name': {'en': 'Flowers', 'vi': 'Hoa'}, 'parent_code': 'HOUSING &amp; LIFESTYLE', 'type': 'Corporation'}" type="foritem">
<kw name="Run Keyword If" library="BuiltIn">
<doc>Runs the given keyword with the given arguments, if ``condition`` is true.</doc>
<arguments>
<arg>'${i}[code]'=='${category_code}' and '${i}[type]'=='${type}'</arg>
<arg>Append to list</arg>
<arg>${category_name}</arg>
<arg>${i}[name][${language}]</arg>
</arguments>
<status status="PASS" starttime="20210120 10:20:36.079" endtime="20210120 10:20:36.080"></status>
</kw>
<status status="PASS" starttime="20210120 10:20:36.079" endtime="20210120 10:20:36.080"></status>
</kw>
<kw name="${i} = {'code': 'GIFTS &amp; PROMOTIONS', 'level': 2, 'name': {'en': 'Gifts &amp; Promotions', 'vi': 'Quà tặng &amp; Ưu đãi'}, 'parent_code': 'HOUSING &amp; LIFESTYLE', 'type': 'Corporation'}" type="foritem">
<kw name="Run Keyword If" library="BuiltIn">
<doc>Runs the given keyword with the given arguments, if ``condition`` is true.</doc>
<arguments>
<arg>'${i}[code]'=='${category_code}' and '${i}[type]'=='${type}'</arg>
<arg>Append to list</arg>
<arg>${category_name}</arg>
<arg>${i}[name][${language}]</arg>
</arguments>
<status status="PASS" starttime="20210120 10:20:36.080" endtime="20210120 10:20:36.080"></status>
</kw>
<status status="PASS" starttime="20210120 10:20:36.080" endtime="20210120 10:20:36.080"></status>
</kw>
<kw name="${i} = {'code': 'LAUNDRY', 'level': 2, 'name': {'en': 'Laundry', 'vi': 'Giặt ủi'}, 'parent_code': 'HOUSING &amp; LIFESTYLE', 'type': 'Corporation'}" type="foritem">
<kw name="Run Keyword If" library="BuiltIn">
<doc>Runs the given keyword with the given arguments, if ``condition`` is true.</doc>
<arguments>
<arg>'${i}[code]'=='${category_code}' and '${i}[type]'=='${type}'</arg>
<arg>Append to list</arg>
<arg>${category_name}</arg>
<arg>${i}[name][${language}]</arg>
</arguments>
<status status="PASS" starttime="20210120 10:20:36.081" endtime="20210120 10:20:36.081"></status>
</kw>
<status status="PASS" starttime="20210120 10:20:36.081" endtime="20210120 10:20:36.081"></status>
</kw>
<kw name="${i} = {'code': 'INSTRUMENTS', 'level': 2, 'name': {'en': 'Instruments', 'vi': 'Nhạc cụ'}, 'parent_code': 'HOUSING &amp; LIFESTYLE', 'type': 'Corporation'}" type="foritem">
<kw name="Run Keyword If" library="BuiltIn">
<doc>Runs the given keyword with the given arguments, if ``condition`` is true.</doc>
<arguments>
<arg>'${i}[code]'=='${category_code}' and '${i}[type]'=='${type}'</arg>
<arg>Append to list</arg>
<arg>${category_name}</arg>
<arg>${i}[name][${language}]</arg>
</arguments>
<status status="PASS" starttime="20210120 10:20:36.082" endtime="20210120 10:20:36.082"></status>
</kw>
<status status="PASS" starttime="20210120 10:20:36.081" endtime="20210120 10:20:36.082"></status>
</kw>
<kw name="${i} = {'code': 'PERFORMANCE PROPS', 'level': 2, 'name': {'en': 'Performance props', 'vi': 'Đạo cụ &amp; Trang phục biểu diễn'}, 'parent_code': 'HOUSING &amp; LIFESTYLE', 'type': 'Corporation'}" type="foritem">
<kw name="Run Keyword If" library="BuiltIn">
<doc>Runs the given keyword with the given arguments, if ``condition`` is true.</doc>
<arguments>
<arg>'${i}[code]'=='${category_code}' and '${i}[type]'=='${type}'</arg>
<arg>Append to list</arg>
<arg>${category_name}</arg>
<arg>${i}[name][${language}]</arg>
</arguments>
<status status="PASS" starttime="20210120 10:20:36.083" endtime="20210120 10:20:36.083"></status>
</kw>
<status status="PASS" starttime="20210120 10:20:36.082" endtime="20210120 10:20:36.083"></status>
</kw>
<kw name="${i} = {'code': 'COSMETICS', 'level': 2, 'name': {'en': 'Cosmetics', 'vi': 'Mỹ phẩm'}, 'parent_code': 'HEALTH &amp; BEAUTY', 'type': 'Corporation'}" type="foritem">
<kw name="Run Keyword If" library="BuiltIn">
<doc>Runs the given keyword with the given arguments, if ``condition`` is true.</doc>
<arguments>
<arg>'${i}[code]'=='${category_code}' and '${i}[type]'=='${type}'</arg>
<arg>Append to list</arg>
<arg>${category_name}</arg>
<arg>${i}[name][${language}]</arg>
</arguments>
<status status="PASS" starttime="20210120 10:20:36.083" endtime="20210120 10:20:36.084"></status>
</kw>
<status status="PASS" starttime="20210120 10:20:36.083" endtime="20210120 10:20:36.084"></status>
</kw>
<kw name="${i} = {'code': 'PERFUME &amp; ESSENCE', 'level': 2, 'name': {'en': 'Perfume &amp; Essence', 'vi': 'Nước hoa &amp; Tinh dầu'}, 'parent_code': 'HEALTH &amp; BEAUTY', 'type': 'Corporation'}" type="foritem">
<kw name="Run Keyword If" library="BuiltIn">
<doc>Runs the given keyword with the given arguments, if ``condition`` is true.</doc>
<arguments>
<arg>'${i}[code]'=='${category_code}' and '${i}[type]'=='${type}'</arg>
<arg>Append to list</arg>
<arg>${category_name}</arg>
<arg>${i}[name][${language}]</arg>
</arguments>
<status status="PASS" starttime="20210120 10:20:36.084" endtime="20210120 10:20:36.085"></status>
</kw>
<status status="PASS" starttime="20210120 10:20:36.084" endtime="20210120 10:20:36.085"></status>
</kw>
<kw name="${i} = {'code': 'PERSONAL CARE', 'level': 2, 'name': {'en': 'Personal care', 'vi': 'Sản phẩm chăm sóc cơ thể'}, 'parent_code': 'HEALTH &amp; BEAUTY', 'type': 'Corporation'}" type="foritem">
<kw name="Run Keyword If" library="BuiltIn">
<doc>Runs the given keyword with the given arguments, if ``condition`` is true.</doc>
<arguments>
<arg>'${i}[code]'=='${category_code}' and '${i}[type]'=='${type}'</arg>
<arg>Append to list</arg>
<arg>${category_name}</arg>
<arg>${i}[name][${language}]</arg>
</arguments>
<status status="PASS" starttime="20210120 10:20:36.086" endtime="20210120 10:20:36.086"></status>
</kw>
<status status="PASS" starttime="20210120 10:20:36.085" endtime="20210120 10:20:36.086"></status>
</kw>
<kw name="${i} = {'code': 'SEXUAL WELLNESS', 'level': 2, 'name': {'en': 'Sexual wellness', 'vi': 'Hỗ trợ Tình Dục'}, 'parent_code': 'HEALTH &amp; BEAUTY', 'type': 'Corporation'}" type="foritem">
<kw name="Run Keyword If" library="BuiltIn">
<doc>Runs the given keyword with the given arguments, if ``condition`` is true.</doc>
<arguments>
<arg>'${i}[code]'=='${category_code}' and '${i}[type]'=='${type}'</arg>
<arg>Append to list</arg>
<arg>${category_name}</arg>
<arg>${i}[name][${language}]</arg>
</arguments>
<status status="PASS" starttime="20210120 10:20:36.086" endtime="20210120 10:20:36.087"></status>
</kw>
<status status="PASS" starttime="20210120 10:20:36.086" endtime="20210120 10:20:36.087"></status>
</kw>
<kw name="${i} = {'code': 'SUPPLEMENT FOODS', 'level': 2, 'name': {'en': 'Supplement foods', 'vi': 'Thực phẩm chức năng'}, 'parent_code': 'HEALTH &amp; BEAUTY', 'type': 'Corporation'}" type="foritem">
<kw name="Run Keyword If" library="BuiltIn">
<doc>Runs the given keyword with the given arguments, if ``condition`` is true.</doc>
<arguments>
<arg>'${i}[code]'=='${category_code}' and '${i}[type]'=='${type}'</arg>
<arg>Append to list</arg>
<arg>${category_name}</arg>
<arg>${i}[name][${language}]</arg>
</arguments>
<status status="PASS" starttime="20210120 10:20:36.087" endtime="20210120 10:20:36.087"></status>
</kw>
<status status="PASS" starttime="20210120 10:20:36.087" endtime="20210120 10:20:36.088"></status>
</kw>
<kw name="${i} = {'code': 'PHARMACEUTICAL PRODUCTS &amp; MEDICINE', 'level': 2, 'name': {'en': 'Pharmaceutical products &amp; Medicine', 'vi': 'Dược phẩm &amp; Thuốc'}, 'parent_code': 'HEALTH &amp; BEAUTY', 'type': 'Corporation'}" type="foritem">
<kw name="Run Keyword If" library="BuiltIn">
<doc>Runs the given keyword with the given arguments, if ``condition`` is true.</doc>
<arguments>
<arg>'${i}[code]'=='${category_code}' and '${i}[type]'=='${type}'</arg>
<arg>Append to list</arg>
<arg>${category_name}</arg>
<arg>${i}[name][${language}]</arg>
</arguments>
<status status="PASS" starttime="20210120 10:20:36.088" endtime="20210120 10:20:36.088"></status>
</kw>
<status status="PASS" starttime="20210120 10:20:36.088" endtime="20210120 10:20:36.088"></status>
</kw>
<kw name="${i} = {'code': 'HEALTH &amp; MEDICAL WARE', 'level': 2, 'name': {'en': 'Health &amp; Medical Ware', 'vi': 'Thiết bị sức khoẻ và y tế'}, 'parent_code': 'HEALTH &amp; BEAUTY', 'type': 'Corporation'}" type="foritem">
<kw name="Run Keyword If" library="BuiltIn">
<doc>Runs the given keyword with the given arguments, if ``condition`` is true.</doc>
<arguments>
<arg>'${i}[code]'=='${category_code}' and '${i}[type]'=='${type}'</arg>
<arg>Append to list</arg>
<arg>${category_name}</arg>
<arg>${i}[name][${language}]</arg>
</arguments>
<status status="PASS" starttime="20210120 10:20:36.089" endtime="20210120 10:20:36.089"></status>
</kw>
<status status="PASS" starttime="20210120 10:20:36.089" endtime="20210120 10:20:36.089"></status>
</kw>
<kw name="${i} = {'code': 'SMARTPHONES &amp; TABLETS', 'level': 2, 'name': {'en': 'Smartphones &amp; Tablets', 'vi': 'Điện thoại &amp; Máy tính bảng'}, 'parent_code': 'ELECTRONICS', 'type': 'Corporation'}" type="foritem">
<kw name="Run Keyword If" library="BuiltIn">
<doc>Runs the given keyword with the given arguments, if ``condition`` is true.</doc>
<arguments>
<arg>'${i}[code]'=='${category_code}' and '${i}[type]'=='${type}'</arg>
<arg>Append to list</arg>
<arg>${category_name}</arg>
<arg>${i}[name][${language}]</arg>
</arguments>
<status status="PASS" starttime="20210120 10:20:36.090" endtime="20210120 10:20:36.091"></status>
</kw>
<status status="PASS" starttime="20210120 10:20:36.090" endtime="20210120 10:20:36.091"></status>
</kw>
<kw name="${i} = {'code': 'COMPUTER &amp; LAPTOP', 'level': 2, 'name': {'en': 'Computer &amp; Laptop', 'vi': 'Máy tính'}, 'parent_code': 'ELECTRONICS', 'type': 'Corporation'}" type="foritem">
<kw name="Run Keyword If" library="BuiltIn">
<doc>Runs the given keyword with the given arguments, if ``condition`` is true.</doc>
<arguments>
<arg>'${i}[code]'=='${category_code}' and '${i}[type]'=='${type}'</arg>
<arg>Append to list</arg>
<arg>${category_name}</arg>
<arg>${i}[name][${language}]</arg>
</arguments>
<status status="PASS" starttime="20210120 10:20:36.092" endtime="20210120 10:20:36.092"></status>
</kw>
<status status="PASS" starttime="20210120 10:20:36.091" endtime="20210120 10:20:36.092"></status>
</kw>
<kw name="${i} = {'code': 'CAMERAS', 'level': 2, 'name': {'en': 'Cameras', 'vi': 'Máy ảnh &amp; Quay phim'}, 'parent_code': 'ELECTRONICS', 'type': 'Corporation'}" type="foritem">
<kw name="Run Keyword If" library="BuiltIn">
<doc>Runs the given keyword with the given arguments, if ``condition`` is true.</doc>
<arguments>
<arg>'${i}[code]'=='${category_code}' and '${i}[type]'=='${type}'</arg>
<arg>Append to list</arg>
<arg>${category_name}</arg>
<arg>${i}[name][${language}]</arg>
</arguments>
<status status="PASS" starttime="20210120 10:20:36.093" endtime="20210120 10:20:36.093"></status>
</kw>
<status status="PASS" starttime="20210120 10:20:36.092" endtime="20210120 10:20:36.093"></status>
</kw>
<kw name="${i} = {'code': 'GAMING GEARS', 'level': 2, 'name': {'en': 'Gaming gears', 'vi': 'Phụ kiện &amp; Thiết bị game'}, 'parent_code': 'ELECTRONICS', 'type': 'Corporation'}" type="foritem">
<kw name="Run Keyword If" library="BuiltIn">
<doc>Runs the given keyword with the given arguments, if ``condition`` is true.</doc>
<arguments>
<arg>'${i}[code]'=='${category_code}' and '${i}[type]'=='${type}'</arg>
<arg>Append to list</arg>
<arg>${category_name}</arg>
<arg>${i}[name][${language}]</arg>
</arguments>
<status status="PASS" starttime="20210120 10:20:36.093" endtime="20210120 10:20:36.094"></status>
</kw>
<status status="PASS" starttime="20210120 10:20:36.093" endtime="20210120 10:20:36.094"></status>
</kw>
<kw name="${i} = {'code': 'ELECTRONIC GEARS', 'level': 2, 'name': {'en': 'Electronic gears', 'vi': 'Phụ kiện &amp; Linh kiện điện tử'}, 'parent_code': 'ELECTRONICS', 'type': 'Corporation'}" type="foritem">
<kw name="Run Keyword If" library="BuiltIn">
<doc>Runs the given keyword with the given arguments, if ``condition`` is true.</doc>
<arguments>
<arg>'${i}[code]'=='${category_code}' and '${i}[type]'=='${type}'</arg>
<arg>Append to list</arg>
<arg>${category_name}</arg>
<arg>${i}[name][${language}]</arg>
</arguments>
<status status="PASS" starttime="20210120 10:20:36.094" endtime="20210120 10:20:36.095"></status>
</kw>
<status status="PASS" starttime="20210120 10:20:36.094" endtime="20210120 10:20:36.095"></status>
</kw>
<kw name="${i} = {'code': 'E-BOOK READER', 'level': 2, 'name': {'en': 'E-book reader', 'vi': 'Thiết bị đọc sách'}, 'parent_code': 'ELECTRONICS', 'type': 'Corporation'}" type="foritem">
<kw name="Run Keyword If" library="BuiltIn">
<doc>Runs the given keyword with the given arguments, if ``condition`` is true.</doc>
<arguments>
<arg>'${i}[code]'=='${category_code}' and '${i}[type]'=='${type}'</arg>
<arg>Append to list</arg>
<arg>${category_name}</arg>
<arg>${i}[name][${language}]</arg>
</arguments>
<status status="PASS" starttime="20210120 10:20:36.095" endtime="20210120 10:20:36.096"></status>
</kw>
<status status="PASS" starttime="20210120 10:20:36.095" endtime="20210120 10:20:36.096"></status>
</kw>
<kw name="${i} = {'code': 'AUDIO DEVICES', 'level': 2, 'name': {'en': 'Audio devices', 'vi': 'Thiết bị âm thanh'}, 'parent_code': 'ELECTRONICS', 'type': 'Corporation'}" type="foritem">
<kw name="Run Keyword If" library="BuiltIn">
<doc>Runs the given keyword with the given arguments, if ``condition`` is true.</doc>
<arguments>
<arg>'${i}[code]'=='${category_code}' and '${i}[type]'=='${type}'</arg>
<arg>Append to list</arg>
<arg>${category_name}</arg>
<arg>${i}[name][${language}]</arg>
</arguments>
<status status="PASS" starttime="20210120 10:20:36.096" endtime="20210120 10:20:36.097"></status>
</kw>
<status status="PASS" starttime="20210120 10:20:36.096" endtime="20210120 10:20:36.097"></status>
</kw>
<kw name="${i} = {'code': 'CLOTHING', 'level': 2, 'name': {'en': 'Clothing', 'vi': 'Quần áo'}, 'parent_code': 'FASHION', 'type': 'Corporation'}" type="foritem">
<kw name="Run Keyword If" library="BuiltIn">
<doc>Runs the given keyword with the given arguments, if ``condition`` is true.</doc>
<arguments>
<arg>'${i}[code]'=='${category_code}' and '${i}[type]'=='${type}'</arg>
<arg>Append to list</arg>
<arg>${category_name}</arg>
<arg>${i}[name][${language}]</arg>
</arguments>
<status status="PASS" starttime="20210120 10:20:36.097" endtime="20210120 10:20:36.098"></status>
</kw>
<status status="PASS" starttime="20210120 10:20:36.097" endtime="20210120 10:20:36.098"></status>
</kw>
<kw name="${i} = {'code': 'SHOES', 'level': 2, 'name': {'en': 'Shoes', 'vi': 'Giày dép'}, 'parent_code': 'FASHION', 'type': 'Corporation'}" type="foritem">
<kw name="Run Keyword If" library="BuiltIn">
<doc>Runs the given keyword with the given arguments, if ``condition`` is true.</doc>
<arguments>
<arg>'${i}[code]'=='${category_code}' and '${i}[type]'=='${type}'</arg>
<arg>Append to list</arg>
<arg>${category_name}</arg>
<arg>${i}[name][${language}]</arg>
</arguments>
<status status="PASS" starttime="20210120 10:20:36.098" endtime="20210120 10:20:36.098"></status>
</kw>
<status status="PASS" starttime="20210120 10:20:36.098" endtime="20210120 10:20:36.098"></status>
</kw>
<kw name="${i} = {'code': 'SLEEPWEAR &amp; UNDERWEAR', 'level': 2, 'name': {'en': 'Sleepwear &amp; Underwear', 'vi': 'Đồ ngủ &amp; Nội y'}, 'parent_code': 'FASHION', 'type': 'Corporation'}" type="foritem">
<kw name="Run Keyword If" library="BuiltIn">
<doc>Runs the given keyword with the given arguments, if ``condition`` is true.</doc>
<arguments>
<arg>'${i}[code]'=='${category_code}' and '${i}[type]'=='${type}'</arg>
<arg>Append to list</arg>
<arg>${category_name}</arg>
<arg>${i}[name][${language}]</arg>
</arguments>
<status status="PASS" starttime="20210120 10:20:36.099" endtime="20210120 10:20:36.099"></status>
</kw>
<status status="PASS" starttime="20210120 10:20:36.099" endtime="20210120 10:20:36.099"></status>
</kw>
<kw name="${i} = {'code': 'ACCESSORIES', 'level': 2, 'name': {'en': 'Accessories', 'vi': 'Phụ kiện thời trang'}, 'parent_code': 'FASHION', 'type': 'Corporation'}" type="foritem">
<kw name="Run Keyword If" library="BuiltIn">
<doc>Runs the given keyword with the given arguments, if ``condition`` is true.</doc>
<arguments>
<arg>'${i}[code]'=='${category_code}' and '${i}[type]'=='${type}'</arg>
<arg>Append to list</arg>
<arg>${category_name}</arg>
<arg>${i}[name][${language}]</arg>
</arguments>
<status status="PASS" starttime="20210120 10:20:36.100" endtime="20210120 10:20:36.100"></status>
</kw>
<status status="PASS" starttime="20210120 10:20:36.099" endtime="20210120 10:20:36.100"></status>
</kw>
<kw name="${i} = {'code': 'BAGS, BACKPACKS &amp; SUITCASES', 'level': 2, 'name': {'en': 'Bags, Backpacks &amp; Suitcases', 'vi': 'Vali, Balo &amp; Túi Xách'}, 'parent_code': 'FASHION', 'type': 'Corporation'}" type="foritem">
<kw name="Run Keyword If" library="BuiltIn">
<doc>Runs the given keyword with the given arguments, if ``condition`` is true.</doc>
<arguments>
<arg>'${i}[code]'=='${category_code}' and '${i}[type]'=='${type}'</arg>
<arg>Append to list</arg>
<arg>${category_name}</arg>
<arg>${i}[name][${language}]</arg>
</arguments>
<status status="PASS" starttime="20210120 10:20:36.101" endtime="20210120 10:20:36.101"></status>
</kw>
<status status="PASS" starttime="20210120 10:20:36.100" endtime="20210120 10:20:36.101"></status>
</kw>
<kw name="${i} = {'code': 'JEWELRY', 'level': 2, 'name': {'en': 'Jewelry', 'vi': 'Đồ trang sức'}, 'parent_code': 'FASHION', 'type': 'Corporation'}" type="foritem">
<kw name="Run Keyword If" library="BuiltIn">
<doc>Runs the given keyword with the given arguments, if ``condition`` is true.</doc>
<arguments>
<arg>'${i}[code]'=='${category_code}' and '${i}[type]'=='${type}'</arg>
<arg>Append to list</arg>
<arg>${category_name}</arg>
<arg>${i}[name][${language}]</arg>
</arguments>
<status status="PASS" starttime="20210120 10:20:36.102" endtime="20210120 10:20:36.102"></status>
</kw>
<status status="PASS" starttime="20210120 10:20:36.101" endtime="20210120 10:20:36.102"></status>
</kw>
<kw name="${i} = {'code': 'WATCHES', 'level': 2, 'name': {'en': 'Watches', 'vi': 'Đồng hồ'}, 'parent_code': 'FASHION', 'type': 'Corporation'}" type="foritem">
<kw name="Run Keyword If" library="BuiltIn">
<doc>Runs the given keyword with the given arguments, if ``condition`` is true.</doc>
<arguments>
<arg>'${i}[code]'=='${category_code}' and '${i}[type]'=='${type}'</arg>
<arg>Append to list</arg>
<arg>${category_name}</arg>
<arg>${i}[name][${language}]</arg>
</arguments>
<status status="PASS" starttime="20210120 10:20:36.103" endtime="20210120 10:20:36.103"></status>
</kw>
<status status="PASS" starttime="20210120 10:20:36.102" endtime="20210120 10:20:36.103"></status>
</kw>
<kw name="${i} = {'code': 'PICNICS', 'level': 2, 'name': {'en': 'Picnics', 'vi': 'Dụng cụ dã ngoại'}, 'parent_code': 'SPORT', 'type': 'Corporation'}" type="foritem">
<kw name="Run Keyword If" library="BuiltIn">
<doc>Runs the given keyword with the given arguments, if ``condition`` is true.</doc>
<arguments>
<arg>'${i}[code]'=='${category_code}' and '${i}[type]'=='${type}'</arg>
<arg>Append to list</arg>
<arg>${category_name}</arg>
<arg>${i}[name][${language}]</arg>
</arguments>
<status status="PASS" starttime="20210120 10:20:36.103" endtime="20210120 10:20:36.104"></status>
</kw>
<status status="PASS" starttime="20210120 10:20:36.103" endtime="20210120 10:20:36.104"></status>
</kw>
<kw name="${i} = {'code': 'SPORTS', 'level': 2, 'name': {'en': 'Sports', 'vi': 'Dụng cụ thể thao'}, 'parent_code': 'SPORT', 'type': 'Corporation'}" type="foritem">
<kw name="Run Keyword If" library="BuiltIn">
<doc>Runs the given keyword with the given arguments, if ``condition`` is true.</doc>
<arguments>
<arg>'${i}[code]'=='${category_code}' and '${i}[type]'=='${type}'</arg>
<arg>Append to list</arg>
<arg>${category_name}</arg>
<arg>${i}[name][${language}]</arg>
</arguments>
<status status="PASS" starttime="20210120 10:20:36.104" endtime="20210120 10:20:36.105"></status>
</kw>
<status status="PASS" starttime="20210120 10:20:36.104" endtime="20210120 10:20:36.105"></status>
</kw>
<kw name="${i} = {'code': 'GYM', 'level': 2, 'name': {'en': 'Gym', 'vi': 'Dụng cụ tập gym'}, 'parent_code': 'SPORT', 'type': 'Corporation'}" type="foritem">
<kw name="Run Keyword If" library="BuiltIn">
<doc>Runs the given keyword with the given arguments, if ``condition`` is true.</doc>
<arguments>
<arg>'${i}[code]'=='${category_code}' and '${i}[type]'=='${type}'</arg>
<arg>Append to list</arg>
<arg>${category_name}</arg>
<arg>${i}[name][${language}]</arg>
</arguments>
<status status="PASS" starttime="20210120 10:20:36.105" endtime="20210120 10:20:36.106"></status>
</kw>
<status status="PASS" starttime="20210120 10:20:36.105" endtime="20210120 10:20:36.106"></status>
</kw>
<kw name="${i} = {'code': 'VEHICLES', 'level': 2, 'name': {'en': 'Vehicles', 'vi': 'Phương tiện'}, 'parent_code': 'TRANSPORTATION', 'type': 'Corporation'}" type="foritem">
<kw name="Run Keyword If" library="BuiltIn">
<doc>Runs the given keyword with the given arguments, if ``condition`` is true.</doc>
<arguments>
<arg>'${i}[code]'=='${category_code}' and '${i}[type]'=='${type}'</arg>
<arg>Append to list</arg>
<arg>${category_name}</arg>
<arg>${i}[name][${language}]</arg>
</arguments>
<status status="PASS" starttime="20210120 10:20:36.106" endtime="20210120 10:20:36.107"></status>
</kw>
<status status="PASS" starttime="20210120 10:20:36.106" endtime="20210120 10:20:36.107"></status>
</kw>
<kw name="${i} = {'code': 'PARTS &amp; ACCESSORIES', 'level': 2, 'name': {'en': 'Parts &amp; Accessories', 'vi': 'Phụ tùng &amp; Phụ kiện'}, 'parent_code': 'TRANSPORTATION', 'type': 'Corporation'}" type="foritem">
<kw name="Run Keyword If" library="BuiltIn">
<doc>Runs the given keyword with the given arguments, if ``condition`` is true.</doc>
<arguments>
<arg>'${i}[code]'=='${category_code}' and '${i}[type]'=='${type}'</arg>
<arg>Append to list</arg>
<arg>${category_name}</arg>
<arg>${i}[name][${language}]</arg>
</arguments>
<status status="PASS" starttime="20210120 10:20:36.107" endtime="20210120 10:20:36.108"></status>
</kw>
<status status="PASS" starttime="20210120 10:20:36.107" endtime="20210120 10:20:36.108"></status>
</kw>
<kw name="${i} = {'code': 'INSURANCE', 'level': 2, 'name': {'en': 'Insurance', 'vi': 'Mũ bảo hiểm'}, 'parent_code': 'TRANSPORTATION', 'type': 'Corporation'}" type="foritem">
<kw name="Run Keyword If" library="BuiltIn">
<doc>Runs the given keyword with the given arguments, if ``condition`` is true.</doc>
<arguments>
<arg>'${i}[code]'=='${category_code}' and '${i}[type]'=='${type}'</arg>
<arg>Append to list</arg>
<arg>${category_name}</arg>
<arg>${i}[name][${language}]</arg>
</arguments>
<status status="PASS" starttime="20210120 10:20:36.108" endtime="20210120 10:20:36.109"></status>
</kw>
<status status="PASS" starttime="20210120 10:20:36.108" endtime="20210120 10:20:36.109"></status>
</kw>
<kw name="${i} = {'code': 'MAINTENANCE', 'level': 2, 'name': {'en': 'Maintenance', 'vi': 'Sản phẩm bảo dưỡng'}, 'parent_code': 'TRANSPORTATION', 'type': 'Corporation'}" type="foritem">
<kw name="Run Keyword If" library="BuiltIn">
<doc>Runs the given keyword with the given arguments, if ``condition`` is true.</doc>
<arguments>
<arg>'${i}[code]'=='${category_code}' and '${i}[type]'=='${type}'</arg>
<arg>Append to list</arg>
<arg>${category_name}</arg>
<arg>${i}[name][${language}]</arg>
</arguments>
<status status="PASS" starttime="20210120 10:20:36.109" endtime="20210120 10:20:36.109"></status>
</kw>
<status status="PASS" starttime="20210120 10:20:36.109" endtime="20210120 10:20:36.109"></status>
</kw>
<kw name="${i} = {'code': 'CIGARETTE', 'level': 2, 'name': {'en': 'Cigarette', 'vi': 'Thuốc lá'}, 'parent_code': 'CIGARETTE', 'type': 'Corporation'}" type="foritem">
<kw name="Run Keyword If" library="BuiltIn">
<doc>Runs the given keyword with the given arguments, if ``condition`` is true.</doc>
<arguments>
<arg>'${i}[code]'=='${category_code}' and '${i}[type]'=='${type}'</arg>
<arg>Append to list</arg>
<arg>${category_name}</arg>
<arg>${i}[name][${language}]</arg>
</arguments>
<status status="PASS" starttime="20210120 10:20:36.110" endtime="20210120 10:20:36.110"></status>
</kw>
<status status="PASS" starttime="20210120 10:20:36.110" endtime="20210120 10:20:36.110"></status>
</kw>
<kw name="${i} = {'code': 'E-CIGARETTE', 'level': 2, 'name': {'en': 'E-cigarette', 'vi': 'Thuốc lá điện tử'}, 'parent_code': 'CIGARETTE', 'type': 'Corporation'}" type="foritem">
<kw name="Run Keyword If" library="BuiltIn">
[...]
<arguments>
<arg>'${i}[code]'=='${category_code}' and '${i}[type]'=='${type}'</arg>
<arg>Append to list</arg>
<arg>${category_name}</arg>
<arg>${i}[name][${language}]</arg>
</arguments>
<status status="PASS" starttime="20210120 10:20:37.018" endtime="20210120 10:20:37.018"></status>
</kw>
<status status="PASS" starttime="20210120 10:20:37.017" endtime="20210120 10:20:37.018"></status>
</kw>
<kw name="${i} = {'code': 'RESTAURANT', 'level': 1, 'name': {'en': 'Restaurant', 'vi': 'Nhà hàng'}, 'type': 'SMEs'}" type="foritem">
<kw name="Run Keyword If" library="BuiltIn">
<doc>Runs the given keyword with the given arguments, if ``condition`` is true.</doc>
<arguments>
<arg>'${i}[code]'=='${category_code}' and '${i}[type]'=='${type}'</arg>
<arg>Append to list</arg>
<arg>${category_name}</arg>
<arg>${i}[name][${language}]</arg>
</arguments>
<status status="PASS" starttime="20210120 10:20:37.018" endtime="20210120 10:20:37.018"></status>
</kw>
<status status="PASS" starttime="20210120 10:20:37.018" endtime="20210120 10:20:37.018"></status>
</kw>
<kw name="${i} = {'code': 'GROCERY', 'level': 1, 'name': {'en': 'Grocery', 'vi': 'Thực phẩm'}, 'type': 'SMEs'}" type="foritem">
<kw name="Run Keyword If" library="BuiltIn">
<doc>Runs the given keyword with the given arguments, if ``condition`` is true.</doc>
<arguments>
<arg>'${i}[code]'=='${category_code}' and '${i}[type]'=='${type}'</arg>
<arg>Append to list</arg>
<arg>${category_name}</arg>
<arg>${i}[name][${language}]</arg>
</arguments>
<status status="PASS" starttime="20210120 10:20:37.019" endtime="20210120 10:20:37.019"></status>
</kw>
<status status="PASS" starttime="20210120 10:20:37.018" endtime="20210120 10:20:37.019"></status>
</kw>
<kw name="${i} = {'code': 'MOTHER &amp; BABY', 'level': 1, 'name': {'en': 'Mother &amp; Baby', 'vi': 'Mẹ &amp; Bé'}, 'type': 'SMEs'}" type="foritem">
<kw name="Run Keyword If" library="BuiltIn">
<doc>Runs the given keyword with the given arguments, if ``condition`` is true.</doc>
<arguments>
<arg>'${i}[code]'=='${category_code}' and '${i}[type]'=='${type}'</arg>
<arg>Append to list</arg>
<arg>${category_name}</arg>
<arg>${i}[name][${language}]</arg>
</arguments>
<status status="PASS" starttime="20210120 10:20:37.019" endtime="20210120 10:20:37.019"></status>
</kw>
<status status="PASS" starttime="20210120 10:20:37.019" endtime="20210120 10:20:37.019"></status>
</kw>
<kw name="${i} = {'code': 'HOUSING &amp; LIFESTYLE', 'level': 1, 'name': {'en': 'Housing &amp; Lifestyle', 'vi': 'Nhà Cửa &amp; Đời Sống'}, 'type': 'SMEs'}" type="foritem">
<kw name="Run Keyword If" library="BuiltIn">
<doc>Runs the given keyword with the given arguments, if ``condition`` is true.</doc>
<arguments>
<arg>'${i}[code]'=='${category_code}' and '${i}[type]'=='${type}'</arg>
<arg>Append to list</arg>
<arg>${category_name}</arg>
<arg>${i}[name][${language}]</arg>
</arguments>
<status status="PASS" starttime="20210120 10:20:37.020" endtime="20210120 10:20:37.020"></status>
</kw>
<status status="PASS" starttime="20210120 10:20:37.020" endtime="20210120 10:20:37.020"></status>
</kw>
<kw name="${i} = {'code': 'HEALTH &amp; BEAUTY', 'level': 1, 'name': {'en': 'Health &amp; Beauty', 'vi': 'Sức khoẻ và Làm đẹp'}, 'type': 'SMEs'}" type="foritem">
<kw name="Run Keyword If" library="BuiltIn">
<doc>Runs the given keyword with the given arguments, if ``condition`` is true.</doc>
<arguments>
<arg>'${i}[code]'=='${category_code}' and '${i}[type]'=='${type}'</arg>
<arg>Append to list</arg>
<arg>${category_name}</arg>
<arg>${i}[name][${language}]</arg>
</arguments>
<status status="PASS" starttime="20210120 10:20:37.020" endtime="20210120 10:20:37.020"></status>
</kw>
<status status="PASS" starttime="20210120 10:20:37.020" endtime="20210120 10:20:37.021"></status>
</kw>
<kw name="${i} = {'code': 'ELECTRONICS', 'level': 1, 'name': {'en': 'Electronics', 'vi': 'Thiết Bị Điện Tử'}, 'type': 'SMEs'}" type="foritem">
<kw name="Run Keyword If" library="BuiltIn">
<doc>Runs the given keyword with the given arguments, if ``condition`` is true.</doc>
<arguments>
<arg>'${i}[code]'=='${category_code}' and '${i}[type]'=='${type}'</arg>
<arg>Append to list</arg>
<arg>${category_name}</arg>
<arg>${i}[name][${language}]</arg>
</arguments>
<status status="PASS" starttime="20210120 10:20:37.021" endtime="20210120 10:20:37.021"></status>
</kw>
<status status="PASS" starttime="20210120 10:20:37.021" endtime="20210120 10:20:37.021"></status>
</kw>
<kw name="${i} = {'code': 'FASHION', 'level': 1, 'name': {'en': 'Fashion', 'vi': 'Thời Trang'}, 'type': 'SMEs'}" type="foritem">
<kw name="Run Keyword If" library="BuiltIn">
<doc>Runs the given keyword with the given arguments, if ``condition`` is true.</doc>
<arguments>
<arg>'${i}[code]'=='${category_code}' and '${i}[type]'=='${type}'</arg>
<arg>Append to list</arg>
<arg>${category_name}</arg>
<arg>${i}[name][${language}]</arg>
</arguments>
<status status="PASS" starttime="20210120 10:20:37.021" endtime="20210120 10:20:37.021"></status>
</kw>
<status status="PASS" starttime="20210120 10:20:37.021" endtime="20210120 10:20:37.022"></status>
</kw>
<kw name="${i} = {'code': 'SPORT', 'level': 1, 'name': {'en': 'Sport', 'vi': 'Thể Thao'}, 'type': 'SMEs'}" type="foritem">
<kw name="Run Keyword If" library="BuiltIn">
<doc>Runs the given keyword with the given arguments, if ``condition`` is true.</doc>
<arguments>
<arg>'${i}[code]'=='${category_code}' and '${i}[type]'=='${type}'</arg>
<arg>Append to list</arg>
<arg>${category_name}</arg>
<arg>${i}[name][${language}]</arg>
</arguments>
<status status="PASS" starttime="20210120 10:20:37.022" endtime="20210120 10:20:37.022"></status>
</kw>
<status status="PASS" starttime="20210120 10:20:37.022" endtime="20210120 10:20:37.022"></status>
</kw>
<kw name="${i} = {'code': 'TRANSPORTATION', 'level': 1, 'name': {'en': 'Transportation', 'vi': 'Di chuyển'}, 'type': 'SMEs'}" type="foritem">
<kw name="Run Keyword If" library="BuiltIn">
<doc>Runs the given keyword with the given arguments, if ``condition`` is true.</doc>
<arguments>
<arg>'${i}[code]'=='${category_code}' and '${i}[type]'=='${type}'</arg>
<arg>Append to list</arg>
<arg>${category_name}</arg>
<arg>${i}[name][${language}]</arg>
</arguments>
<status status="PASS" starttime="20210120 10:20:37.022" endtime="20210120 10:20:37.022"></status>
</kw>
<status status="PASS" starttime="20210120 10:20:37.022" endtime="20210120 10:20:37.022"></status>
</kw>
<kw name="${i} = {'code': 'CIGARETTE', 'level': 1, 'name': {'en': 'Cigarette', 'vi': 'Thuốc lá'}, 'type': 'SMEs'}" type="foritem">
<kw name="Run Keyword If" library="BuiltIn">
<doc>Runs the given keyword with the given arguments, if ``condition`` is true.</doc>
<arguments>
<arg>'${i}[code]'=='${category_code}' and '${i}[type]'=='${type}'</arg>
<arg>Append to list</arg>
<arg>${category_name}</arg>
<arg>${i}[name][${language}]</arg>
</arguments>
<status status="PASS" starttime="20210120 10:20:37.023" endtime="20210120 10:20:37.023"></status>
</kw>
<status status="PASS" starttime="20210120 10:20:37.023" endtime="20210120 10:20:37.023"></status>
</kw>
<kw name="${i} = {'code': 'OTHER', 'level': 1, 'name': {'en': 'Other', 'vi': 'Khác'}, 'type': 'SMEs'}" type="foritem">
<kw name="Run Keyword If" library="BuiltIn">
<doc>Runs the given keyword with the given arguments, if ``condition`` is true.</doc>
<arguments>
<arg>'${i}[code]'=='${category_code}' and '${i}[type]'=='${type}'</arg>
<arg>Append to list</arg>
<arg>${category_name}</arg>
<arg>${i}[name][${language}]</arg>
</arguments>
<status status="PASS" starttime="20210120 10:20:37.023" endtime="20210120 10:20:37.023"></status>
</kw>
<status status="PASS" starttime="20210120 10:20:37.023" endtime="20210120 10:20:37.023"></status>
</kw>
<kw name="${i} = {'code': 'PERSONAL STUFF SHIPPING', 'level': 2, 'name': {'en': 'Personal stuff shipping', 'vi': 'Giao đồ dùng cá nhân'}, 'parent_code': 'INDIVIDUAL NEEDS', 'type': 'Individual'}" type="foritem">
<kw name="Run Keyword If" library="BuiltIn">
<doc>Runs the given keyword with the given arguments, if ``condition`` is true.</doc>
<arguments>
<arg>'${i}[code]'=='${category_code}' and '${i}[type]'=='${type}'</arg>
<arg>Append to list</arg>
<arg>${category_name}</arg>
<arg>${i}[name][${language}]</arg>
</arguments>
<status status="PASS" starttime="20210120 10:20:37.024" endtime="20210120 10:20:37.024"></status>
</kw>
<status status="PASS" starttime="20210120 10:20:37.024" endtime="20210120 10:20:37.024"></status>
</kw>
<kw name="${i} = {'code': 'DOCUMENT SHIPPING', 'level': 2, 'name': {'en': 'Document shipping', 'vi': 'Giao chứng từ, giấy tờ'}, 'parent_code': 'INDIVIDUAL NEEDS', 'type': 'Individual'}" type="foritem">
<kw name="Run Keyword If" library="BuiltIn">
<doc>Runs the given keyword with the given arguments, if ``condition`` is true.</doc>
<arguments>
<arg>'${i}[code]'=='${category_code}' and '${i}[type]'=='${type}'</arg>
<arg>Append to list</arg>
<arg>${category_name}</arg>
<arg>${i}[name][${language}]</arg>
</arguments>
<status status="PASS" starttime="20210120 10:20:37.024" endtime="20210120 10:20:37.025"></status>
</kw>
<status status="PASS" starttime="20210120 10:20:37.024" endtime="20210120 10:20:37.025"></status>
</kw>
<kw name="${i} = {'code': 'PURCHASING', 'level': 2, 'name': {'en': 'Purchasing', 'vi': 'Mua hàng'}, 'parent_code': 'INDIVIDUAL NEEDS', 'type': 'Individual'}" type="foritem">
<kw name="Run Keyword If" library="BuiltIn">
<doc>Runs the given keyword with the given arguments, if ``condition`` is true.</doc>
<arguments>
<arg>'${i}[code]'=='${category_code}' and '${i}[type]'=='${type}'</arg>
<arg>Append to list</arg>
<arg>${category_name}</arg>
<arg>${i}[name][${language}]</arg>
</arguments>
<status status="PASS" starttime="20210120 10:20:37.025" endtime="20210120 10:20:37.025"></status>
</kw>
<status status="PASS" starttime="20210120 10:20:37.025" endtime="20210120 10:20:37.025"></status>
</kw>
<kw name="${i} = {'code': 'OTHER', 'level': 2, 'name': {'en': 'Other', 'vi': 'Nhu cầu cá nhân khác'}, 'parent_code': 'INDIVIDUAL NEEDS', 'type': 'Individual'}" type="foritem">
<kw name="Run Keyword If" library="BuiltIn">
<doc>Runs the given keyword with the given arguments, if ``condition`` is true.</doc>
<arguments>
<arg>'${i}[code]'=='${category_code}' and '${i}[type]'=='${type}'</arg>
<arg>Append to list</arg>
<arg>${category_name}</arg>
<arg>${i}[name][${language}]</arg>
</arguments>
<status status="PASS" starttime="20210120 10:20:37.025" endtime="20210120 10:20:37.026"></status>
</kw>
<status status="PASS" starttime="20210120 10:20:37.025" endtime="20210120 10:20:37.026"></status>
</kw>
<kw name="${i} = {'code': 'INDIVIDUAL NEEDS', 'level': 1, 'name': {'en': 'Individual needs', 'vi': 'Nhu cầu cá nhân'}, 'type': 'Individual'}" type="foritem">
<kw name="Run Keyword If" library="BuiltIn">
<doc>Runs the given keyword with the given arguments, if ``condition`` is true.</doc>
<arguments>
<arg>'${i}[code]'=='${category_code}' and '${i}[type]'=='${type}'</arg>
<arg>Append to list</arg>
<arg>${category_name}</arg>
<arg>${i}[name][${language}]</arg>
</arguments>
<status status="PASS" starttime="20210120 10:20:37.026" endtime="20210120 10:20:37.027"></status>
</kw>
<status status="PASS" starttime="20210120 10:20:37.026" endtime="20210120 10:20:37.027"></status>
</kw>
<status status="PASS" starttime="20210120 10:20:36.844" endtime="20210120 10:20:37.027"></status>
</kw>
<kw name="Log" library="BuiltIn">
<doc>Logs the given message with the given level.</doc>
<arguments>
<arg>${category_name}[0]</arg>
</arguments>
<msg timestamp="20210120 10:20:37.027" level="INFO">Đồ ăn nhanh</msg>
<status status="PASS" starttime="20210120 10:20:37.027" endtime="20210120 10:20:37.028"></status>
</kw>
<msg timestamp="20210120 10:20:37.028" level="INFO">${txt_subcat} = Đồ ăn nhanh</msg>
<status status="PASS" starttime="20210120 10:20:36.527" endtime="20210120 10:20:37.028"></status>
</kw>
<kw name="Log" library="BuiltIn">
<doc>Logs the given message with the given level.</doc>
<arguments>
<arg>${txt_subcat}</arg>
</arguments>
<msg timestamp="20210120 10:20:37.028" level="INFO">Đồ ăn nhanh</msg>
<status status="PASS" starttime="20210120 10:20:37.028" endtime="20210120 10:20:37.028"></status>
</kw>
<kw name="Wait And Click" library="BasePage">
<arguments>
<arg>xpath://*[@class='category-item']//*[contains(text(),'${txt_subcat}')]</arg>
</arguments>
<kw name="Wait Until Element Is Visible" library="SeleniumLibrary">
<doc>Waits until the element ``locator`` is visible.</doc>
<arguments>
<arg>${element}</arg>
<arg>25s</arg>
<arg>${element} not found</arg>
</arguments>
<status status="PASS" starttime="20210120 10:20:37.029" endtime="20210120 10:20:37.061"></status>
</kw>
<kw name="Click Element" library="SeleniumLibrary">
<doc>Click the element identified by ``locator``.</doc>
<arguments>
<arg>${element}</arg>
</arguments>
<msg timestamp="20210120 10:20:37.062" level="INFO">Clicking element 'xpath://*[@class='category-item']//*[contains(text(),'Đồ ăn nhanh')]'.</msg>
<status status="PASS" starttime="20210120 10:20:37.062" endtime="20210120 10:20:37.232"></status>
</kw>
<status status="PASS" starttime="20210120 10:20:37.028" endtime="20210120 10:20:37.232"></status>
</kw>
<status status="PASS" starttime="20210120 10:20:36.526" endtime="20210120 10:20:37.233"></status>
</kw>
<status status="PASS" starttime="20210120 10:20:36.526" endtime="20210120 10:20:37.233"></status>
</kw>
<kw name="When User click x" library="CategoryDF">
<kw name="Wait And Click" library="BasePage">
<arguments>
<arg>${BTN_X_CAT}</arg>
</arguments>
<kw name="Wait Until Element Is Visible" library="SeleniumLibrary">
<doc>Waits until the element ``locator`` is visible.</doc>
<arguments>
<arg>${element}</arg>
<arg>25s</arg>
<arg>${element} not found</arg>
</arguments>
<status status="PASS" starttime="20210120 10:20:37.235" endtime="20210120 10:20:37.259"></status>
</kw>
<kw name="Click Element" library="SeleniumLibrary">
<doc>Click the element identified by ``locator``.</doc>
<arguments>
<arg>${element}</arg>
</arguments>
<msg timestamp="20210120 10:20:37.260" level="INFO">Clicking element 'xpath://*[@class='header__close']//*[@class='v-menu__activator']'.</msg>
<status status="PASS" starttime="20210120 10:20:37.259" endtime="20210120 10:20:37.313"></status>
</kw>
<status status="PASS" starttime="20210120 10:20:37.234" endtime="20210120 10:20:37.314"></status>
</kw>
<status status="PASS" starttime="20210120 10:20:37.233" endtime="20210120 10:20:37.314"></status>
</kw>
<kw name="And Click no at cofirm popup and still Show popup" library="CategoryDF">
<kw name="Wait And Click" library="BasePage">
<arguments>
<arg>${BTN_CANCEL_CLOSE}</arg>
</arguments>
<kw name="Wait Until Element Is Visible" library="SeleniumLibrary">
<doc>Waits until the element ``locator`` is visible.</doc>
<arguments>
<arg>${element}</arg>
<arg>25s</arg>
<arg>${element} not found</arg>
</arguments>
<status status="PASS" starttime="20210120 10:20:37.316" endtime="20210120 10:20:37.569"></status>
</kw>
<kw name="Click Element" library="SeleniumLibrary">
<doc>Click the element identified by ``locator``.</doc>
<arguments>
<arg>${element}</arg>
</arguments>
<msg timestamp="20210120 10:20:37.570" level="INFO">Clicking element 'xpath://*[@class='v-btn v-btn--flat v-btn--small theme--light']'.</msg>
<status status="PASS" starttime="20210120 10:20:37.569" endtime="20210120 10:20:37.624"></status>
</kw>
<status status="PASS" starttime="20210120 10:20:37.315" endtime="20210120 10:20:37.624"></status>
</kw>
<status status="PASS" starttime="20210120 10:20:37.315" endtime="20210120 10:20:37.624"></status>
</kw>
<kw name="And User click x" library="CategoryDF">
<kw name="Wait And Click" library="BasePage">
<arguments>
<arg>${BTN_X_CAT}</arg>
</arguments>
<kw name="Wait Until Element Is Visible" library="SeleniumLibrary">
<doc>Waits until the element ``locator`` is visible.</doc>
<arguments>
<arg>${element}</arg>
<arg>25s</arg>
<arg>${element} not found</arg>
</arguments>
<status status="PASS" starttime="20210120 10:20:37.626" endtime="20210120 10:20:37.651"></status>
</kw>
<kw name="Click Element" library="SeleniumLibrary">
<doc>Click the element identified by ``locator``.</doc>
<arguments>
<arg>${element}</arg>
</arguments>
<msg timestamp="20210120 10:20:37.652" level="INFO">Clicking element 'xpath://*[@class='header__close']//*[@class='v-menu__activator']'.</msg>
<status status="PASS" starttime="20210120 10:20:37.651" endtime="20210120 10:20:37.685"></status>
</kw>
<status status="PASS" starttime="20210120 10:20:37.625" endtime="20210120 10:20:37.685"></status>
</kw>
<status status="PASS" starttime="20210120 10:20:37.625" endtime="20210120 10:20:37.685"></status>
</kw>
<kw name="And Click yes at cofirm popup" library="CategoryDF">
<kw name="Wait And Click" library="BasePage">
<arguments>
<arg>${BTN_YES_CLOSE}</arg>
</arguments>
<kw name="Wait Until Element Is Visible" library="SeleniumLibrary">
<doc>Waits until the element ``locator`` is visible.</doc>
<arguments>
<arg>${element}</arg>
<arg>25s</arg>
<arg>${element} not found</arg>
</arguments>
<status status="PASS" starttime="20210120 10:20:37.687" endtime="20210120 10:20:37.718"></status>
</kw>
<kw name="Click Element" library="SeleniumLibrary">
<doc>Click the element identified by ``locator``.</doc>
<arguments>
<arg>${element}</arg>
</arguments>
<msg timestamp="20210120 10:20:37.718" level="INFO">Clicking element 'xpath://*[@class='v-btn v-btn--depressed v-btn--small theme--light']'.</msg>
<status status="PASS" starttime="20210120 10:20:37.718" endtime="20210120 10:20:37.860"></status>
</kw>
<status status="PASS" starttime="20210120 10:20:37.686" endtime="20210120 10:20:37.860"></status>
</kw>
<status status="PASS" starttime="20210120 10:20:37.686" endtime="20210120 10:20:37.861"></status>
</kw>
<kw name="Then Close popup" library="CategoryDF">
<kw name="Wait Not Visible" library="BasePage">
<arguments>
<arg>${POPUP_CATEGORY}</arg>
</arguments>
<kw name="Wait Until Element Is Not Visible" library="SeleniumLibrary">
<doc>Waits until the element ``locator`` is not visible.</doc>
<arguments>
<arg>${element}</arg>
<arg>25s</arg>
<arg>${element} not found</arg>
</arguments>
<status status="PASS" starttime="20210120 10:20:37.862" endtime="20210120 10:20:37.874"></status>
</kw>
<status status="PASS" starttime="20210120 10:20:37.862" endtime="20210120 10:20:37.874"></status>
</kw>
<status status="PASS" starttime="20210120 10:20:37.861" endtime="20210120 10:20:37.874"></status>
</kw>
<kw name="End Web Test" library="Common" type="teardown">
<kw name="Capture Page Screenshot" library="SeleniumLibrary">
<doc>Takes a screenshot of the current page and embeds it into a log file.</doc>
<arguments>
<arg>${EXECDIR}/Report/image/custom_name_{index}.png</arg>
</arguments>
<msg timestamp="20210120 10:20:38.362" level="INFO" html="yes">&lt;/td&gt;&lt;/tr&gt;&lt;tr&gt;&lt;td colspan="3"&gt;&lt;a href="image/custom_name_93.png"&gt;&lt;img src="image/custom_name_93.png" width="800px"&gt;&lt;/a&gt;</msg>
<status status="PASS" starttime="20210120 10:20:37.875" endtime="20210120 10:20:38.363"></status>
</kw>
<kw name="Close All Browsers" library="SeleniumLibrary">
<doc>Closes all open browsers and resets the browser cache.</doc>
<status status="PASS" starttime="20210120 10:20:38.363" endtime="20210120 10:20:38.545"></status>
</kw>
<status status="PASS" starttime="20210120 10:20:37.875" endtime="20210120 10:20:38.546"></status>
</kw>
<tags>
<tag>TC_click_confirm_close_popup</tag>
</tags>
<status status="PASS" starttime="20210120 10:19:56.748" endtime="20210120 10:20:38.546" critical="yes"></status>
</test>
<status status="PASS" starttime="20210120 10:19:54.473" endtime="20210120 10:20:38.547"></status>
</suite>
<statistics>
<total>
<stat pass="1" fail="0">Critical Tests</stat>
<stat pass="1" fail="0">All Tests</stat>
</total>
<tag>
<stat pass="1" fail="0">TC_click_confirm_close_popup</stat>
</tag>
<suite>
<stat pass="1" fail="0" id="s1" name="Category">Category</stat>
</suite>
</statistics>
<errors>
</errors>
</robot>
