<?xml version="1.0" encoding="UTF-8"?>
<robot generator="Robot 3.2.2 (Python 3.8.5 on darwin)" generated="20201216 14:28:55.005" rpa="false">
<suite id="s1" name="User categoryDB" source="/Users/mac/Desktop/Ahamove/Resource/DB/User_categoryDB.robot">
<test id="s1-t1" name="Get sample">
<kw name="Get Subcategory List">
<arguments>
<arg>SMEs</arg>
<arg>FOOD</arg>
<arg>vi</arg>
</arguments>
<kw name="Get Field And Return Array" library="MongoDB">
<arguments>
<arg>masterdata</arg>
<arg>user_category</arg>
<arg>{"parent_code":"${category}","type":"${type}"}</arg>
<arg>name</arg>
</arguments>
<assign>
<var>${user_type}</var>
</assign>
<kw name="Connect To Mongodb" library="MongoDBLibrary">
<doc>Loads pymongo and connects to the MongoDB host using parameters submitted.</doc>
<arguments>
<arg>${HOST.${DB_ENV}}</arg>
<arg>${27017}</arg>
</arguments>
<status status="PASS" starttime="20201216 14:28:55.473" endtime="20201216 14:28:57.888"></status>
</kw>
<kw name="Retrieve Mongodb Records With Desired Fields" library="MongoDBLibrary">
<doc>Retrieves from a document(s) the desired projection. In a sql terms: select a and b from table;
For more details about querying records from Mongodb and comparison to sql see the
[http://docs.mongodb.org/manual/reference/sql-comparison|Mongodb]
documentation.</doc>
<arguments>
<arg>${dbName}</arg>
<arg>${dbCollName}</arg>
<arg>${recordJSON}</arg>
<arg>${recordField}</arg>
<arg>False</arg>
<arg>True</arg>
</arguments>
<assign>
<var>@{allResults}</var>
</assign>
<msg timestamp="20201216 14:29:00.058" level="INFO">@{allResults} = [ {'name': {'en': 'Ice-cream', 'vi': 'Kem'}} | {'name': {'en': 'Fast food', 'vi': 'Đồ ăn nhanh'}} | {'name': {'en': 'Pho &amp; Noodles', 'vi': 'Phở - Mì - Bún'}} | {'name': {'en': 'Snack', 'vi': 'Đồ ăn vặ...</msg>
<status status="PASS" starttime="20201216 14:28:57.889" endtime="20201216 14:29:00.058"></status>
</kw>
<kw name="Log" library="BuiltIn">
<doc>Logs the given message with the given level.</doc>
<arguments>
<arg>${allResults}</arg>
</arguments>
<msg timestamp="20201216 14:29:00.058" level="INFO">[{'name': {'en': 'Ice-cream', 'vi': 'Kem'}}, {'name': {'en': 'Fast food', 'vi': 'Đồ ăn nhanh'}}, {'name': {'en': 'Pho &amp; Noodles', 'vi': 'Phở - Mì - Bún'}}, {'name': {'en': 'Snack', 'vi': 'Đồ ăn vặt'}}, {'name': {'en': 'Sweet soup', 'vi': 'Chè'}}, {'name': {'en': 'Vietnamese specialties', 'vi': 'Đặc sản Việt'}}]</msg>
<status status="PASS" starttime="20201216 14:29:00.058" endtime="20201216 14:29:00.058"></status>
</kw>
<kw name="Disconnect From Mongodb" library="MongoDBLibrary">
<doc>Disconnects from the MongoDB server.</doc>
<status status="PASS" starttime="20201216 14:29:00.058" endtime="20201216 14:29:00.133"></status>
</kw>
<msg timestamp="20201216 14:29:00.134" level="INFO">${user_type} = [{'name': {'en': 'Ice-cream', 'vi': 'Kem'}}, {'name': {'en': 'Fast food', 'vi': 'Đồ ăn nhanh'}}, {'name': {'en': 'Pho &amp; Noodles', 'vi': 'Phở - Mì - Bún'}}, {'name': {'en': 'Snack', 'vi': 'Đồ ăn vặt'}}...</msg>
<status status="PASS" starttime="20201216 14:28:55.472" endtime="20201216 14:29:00.134"></status>
</kw>
<kw name="Create List" library="BuiltIn">
<doc>Returns a list containing given items.</doc>
<assign>
<var>${subcategory_list}</var>
</assign>
<msg timestamp="20201216 14:29:00.134" level="INFO">${subcategory_list} = []</msg>
<status status="PASS" starttime="20201216 14:29:00.134" endtime="20201216 14:29:00.134"></status>
</kw>
<kw name="${i} IN [ @{user_type} ]" type="for">
<kw name="${i} = {'name': {'en': 'Ice-cream', 'vi': 'Kem'}}" type="foritem">
<kw name="Append To List" library="Collections">
<doc>Adds ``values`` to the end of ``list``.</doc>
<arguments>
<arg>${subcategory_list}</arg>
<arg>${i}[name][vi]</arg>
</arguments>
<status status="PASS" starttime="20201216 14:29:00.134" endtime="20201216 14:29:00.135"></status>
</kw>
<status status="PASS" starttime="20201216 14:29:00.134" endtime="20201216 14:29:00.135"></status>
</kw>
<kw name="${i} = {'name': {'en': 'Fast food', 'vi': 'Đồ ăn nhanh'}}" type="foritem">
<kw name="Append To List" library="Collections">
<doc>Adds ``values`` to the end of ``list``.</doc>
<arguments>
<arg>${subcategory_list}</arg>
<arg>${i}[name][vi]</arg>
</arguments>
<status status="PASS" starttime="20201216 14:29:00.135" endtime="20201216 14:29:00.135"></status>
</kw>
<status status="PASS" starttime="20201216 14:29:00.135" endtime="20201216 14:29:00.135"></status>
</kw>
<kw name="${i} = {'name': {'en': 'Pho &amp; Noodles', 'vi': 'Phở - Mì - Bún'}}" type="foritem">
<kw name="Append To List" library="Collections">
<doc>Adds ``values`` to the end of ``list``.</doc>
<arguments>
<arg>${subcategory_list}</arg>
<arg>${i}[name][vi]</arg>
</arguments>
<status status="PASS" starttime="20201216 14:29:00.135" endtime="20201216 14:29:00.135"></status>
</kw>
<status status="PASS" starttime="20201216 14:29:00.135" endtime="20201216 14:29:00.135"></status>
</kw>
<kw name="${i} = {'name': {'en': 'Snack', 'vi': 'Đồ ăn vặt'}}" type="foritem">
<kw name="Append To List" library="Collections">
<doc>Adds ``values`` to the end of ``list``.</doc>
<arguments>
<arg>${subcategory_list}</arg>
<arg>${i}[name][vi]</arg>
</arguments>
<status status="PASS" starttime="20201216 14:29:00.136" endtime="20201216 14:29:00.136"></status>
</kw>
<status status="PASS" starttime="20201216 14:29:00.136" endtime="20201216 14:29:00.136"></status>
</kw>
<kw name="${i} = {'name': {'en': 'Sweet soup', 'vi': 'Chè'}}" type="foritem">
<kw name="Append To List" library="Collections">
<doc>Adds ``values`` to the end of ``list``.</doc>
<arguments>
<arg>${subcategory_list}</arg>
<arg>${i}[name][vi]</arg>
</arguments>
<status status="PASS" starttime="20201216 14:29:00.136" endtime="20201216 14:29:00.136"></status>
</kw>
<status status="PASS" starttime="20201216 14:29:00.136" endtime="20201216 14:29:00.136"></status>
</kw>
<kw name="${i} = {'name': {'en': 'Vietnamese specialties', 'vi': 'Đặc sản Việt'}}" type="foritem">
<kw name="Append To List" library="Collections">
<doc>Adds ``values`` to the end of ``list``.</doc>
<arguments>
<arg>${subcategory_list}</arg>
<arg>${i}[name][vi]</arg>
</arguments>
<status status="PASS" starttime="20201216 14:29:00.137" endtime="20201216 14:29:00.137"></status>
</kw>
<status status="PASS" starttime="20201216 14:29:00.136" endtime="20201216 14:29:00.137"></status>
</kw>
<status status="PASS" starttime="20201216 14:29:00.134" endtime="20201216 14:29:00.137"></status>
</kw>
<kw name="Log" library="BuiltIn">
<doc>Logs the given message with the given level.</doc>
<arguments>
<arg>${subcategory_list}</arg>
</arguments>
<msg timestamp="20201216 14:29:00.137" level="INFO">['Kem', 'Đồ ăn nhanh', 'Phở - Mì - Bún', 'Đồ ăn vặt', 'Chè', 'Đặc sản Việt']</msg>
<status status="PASS" starttime="20201216 14:29:00.137" endtime="20201216 14:29:00.137"></status>
</kw>
<status status="PASS" starttime="20201216 14:28:55.472" endtime="20201216 14:29:00.137"></status>
</kw>
<status status="PASS" starttime="20201216 14:28:55.471" endtime="20201216 14:29:00.137" critical="yes"></status>
</test>
<status status="PASS" starttime="20201216 14:28:55.007" endtime="20201216 14:29:00.138"></status>
</suite>
<statistics>
<total>
<stat pass="1" fail="0">Critical Tests</stat>
<stat pass="1" fail="0">All Tests</stat>
</total>
<tag>
</tag>
<suite>
<stat pass="1" fail="0" id="s1" name="User categoryDB">User categoryDB</stat>
</suite>
</statistics>
<errors>
</errors>
</robot>
