<?xml version="1.0" encoding="UTF-8"?>
<robot generator="Robot 3.2.2 (Python 3.8.5 on darwin)" generated="20201116 15:27:39.275" rpa="false">
<suite id="s1" name="SignUp" source="/Users/mac/Desktop/Ahamove/TestCase/BeforeBooking/SignUp.robot">
<test id="s1-t1" name="Verify That User Can Sign Up Success With Category Individual">
<kw name="Begin Web Test" library="Common" type="setup">
<kw name="Open Browser" library="SeleniumLibrary">
<doc>Opens a new browser instance to the optional ``url``.</doc>
<arguments>
<arg>about:blank</arg>
<arg>${BROWSER}</arg>
</arguments>
<msg timestamp="20201116 15:27:40.470" level="INFO">Opening browser 'headlesschrome' to base url 'about:blank'.</msg>
<status status="PASS" starttime="20201116 15:27:40.469" endtime="20201116 15:27:42.010"></status>
</kw>
<kw name="Go To" library="SeleniumLibrary">
<doc>Navigates the current browser window to the provided ``url``.</doc>
<arguments>
<arg>${URL.${ENVIROMENT}}</arg>
</arguments>
<msg timestamp="20201116 15:27:42.011" level="INFO">Opening url 'https://appstg.ahamove.com'</msg>
<status status="PASS" starttime="20201116 15:27:42.010" endtime="20201116 15:27:44.869"></status>
</kw>
<kw name="Set Screenshot Directory" library="SeleniumLibrary">
<doc>Sets the directory for captured screenshots.</doc>
<arguments>
<arg>${EXECDIR}/Report/image</arg>
</arguments>
<status status="PASS" starttime="20201116 15:27:44.869" endtime="20201116 15:27:44.870"></status>
</kw>
<status status="PASS" starttime="20201116 15:27:40.467" endtime="20201116 15:27:44.870"></status>
</kw>
<kw name="Given User open app to sign up screen" library="SignUpDF">
<kw name="Click To Tap SignUp" library="SignInPage">
<kw name="Wait And Click" library="BasePage">
<arguments>
<arg>${TAB_SIGNUP}</arg>
</arguments>
<kw name="Wait Until Element Is Visible" library="SeleniumLibrary">
<doc>Waits until the element ``locator`` is visible.</doc>
<arguments>
<arg>${button}</arg>
<arg>25s</arg>
<arg>not found</arg>
</arguments>
<status status="PASS" starttime="20201116 15:27:44.872" endtime="20201116 15:27:44.898"></status>
</kw>
<kw name="Click Element" library="SeleniumLibrary">
<doc>Click the element identified by ``locator``.</doc>
<arguments>
<arg>${button}</arg>
</arguments>
<msg timestamp="20201116 15:27:44.898" level="INFO">Clicking element 'xpath://*[@class="ahamove-auth__methods"]/div[2]'.</msg>
<status status="PASS" starttime="20201116 15:27:44.898" endtime="20201116 15:27:45.034"></status>
</kw>
<status status="PASS" starttime="20201116 15:27:44.871" endtime="20201116 15:27:45.034"></status>
</kw>
<status status="PASS" starttime="20201116 15:27:44.871" endtime="20201116 15:27:45.034"></status>
</kw>
<status status="PASS" starttime="20201116 15:27:44.871" endtime="20201116 15:27:45.034"></status>
</kw>
<kw name="When User input success full all info" library="SignUpDF">
<kw name="Input User Info" library="SignUpPage">
<kw name="Fake Data Info" library="FakeData">
<assign>
<var>@{data_info}</var>
</assign>
<kw name="Name" library="FakerLibrary">
<doc>:example 'John Doe'</doc>
<assign>
<var>${user_name}</var>
</assign>
<msg timestamp="20201116 15:27:45.037" level="INFO">${user_name} = Melanie Jenkins</msg>
<status status="PASS" starttime="20201116 15:27:45.036" endtime="20201116 15:27:45.037"></status>
</kw>
<kw name="Generate Random String" library="String">
<doc>Generates a string with a desired ``length`` from the given ``chars``.</doc>
<arguments>
<arg>8</arg>
<arg>[NUMBERS]</arg>
</arguments>
<assign>
<var>${random_num}</var>
</assign>
<msg timestamp="20201116 15:27:45.038" level="INFO">${random_num} = 81058676</msg>
<status status="PASS" starttime="20201116 15:27:45.037" endtime="20201116 15:27:45.038"></status>
</kw>
<kw name="Set Variable" library="BuiltIn">
<doc>Returns the given values which can then be assigned to a variables.</doc>
<arguments>
<arg>testuseraccount${random_num}@gmail.com</arg>
</arguments>
<assign>
<var>${user_email}</var>
</assign>
<msg timestamp="20201116 15:27:45.039" level="INFO">${user_email} = testuseraccount81058676@gmail.com</msg>
<status status="PASS" starttime="20201116 15:27:45.038" endtime="20201116 15:27:45.039"></status>
</kw>
<kw name="Set Variable" library="BuiltIn">
<doc>Returns the given values which can then be assigned to a variables.</doc>
<arguments>
<arg>841${random_num}</arg>
</arguments>
<assign>
<var>${user_phone}</var>
</assign>
<msg timestamp="20201116 15:27:45.039" level="INFO">${user_phone} = 84181058676</msg>
<status status="PASS" starttime="20201116 15:27:45.039" endtime="20201116 15:27:45.039"></status>
</kw>
<kw name="Create List" library="BuiltIn">
<doc>Returns a list containing given items.</doc>
<arguments>
<arg>${user_name}</arg>
<arg>${user_email}</arg>
<arg>${user_phone}</arg>
</arguments>
<assign>
<var>@{data_info}</var>
</assign>
<msg timestamp="20201116 15:27:45.040" level="INFO">@{data_info} = [ Melanie Jenkins | testuseraccount81058676@gmail.com | 84181058676 ]</msg>
<status status="PASS" starttime="20201116 15:27:45.040" endtime="20201116 15:27:45.040"></status>
</kw>
<kw name="Log" library="BuiltIn">
<doc>Logs the given message with the given level.</doc>
<arguments>
<arg>${data_info}</arg>
</arguments>
<msg timestamp="20201116 15:27:45.041" level="INFO">['Melanie Jenkins', 'testuseraccount81058676@gmail.com', '84181058676']</msg>
<status status="PASS" starttime="20201116 15:27:45.040" endtime="20201116 15:27:45.041"></status>
</kw>
<msg timestamp="20201116 15:27:45.041" level="INFO">@{data_info} = [ Melanie Jenkins | testuseraccount81058676@gmail.com | 84181058676 ]</msg>
<status status="PASS" starttime="20201116 15:27:45.036" endtime="20201116 15:27:45.041"></status>
</kw>
<kw name="Set Suite Variable" library="BuiltIn">
<doc>Makes a variable available everywhere within the scope of the current suite.</doc>
<arguments>
<arg>@{data_info}</arg>
<arg>@{data_info}</arg>
</arguments>
<msg timestamp="20201116 15:27:45.042" level="INFO">@{data_info} = [ Melanie Jenkins | testuseraccount81058676@gmail.com | 84181058676 ]</msg>
<status status="PASS" starttime="20201116 15:27:45.042" endtime="20201116 15:27:45.042"></status>
</kw>
<kw name="Wait And Input" library="BasePage">
<arguments>
<arg>${TXT_NAME}</arg>
<arg>${data_info}[0]</arg>
</arguments>
<kw name="Wait Until Element Is Visible" library="SeleniumLibrary">
<doc>Waits until the element ``locator`` is visible.</doc>
<arguments>
<arg>${textbox}</arg>
<arg>25s</arg>
<arg>Not found</arg>
</arguments>
<status status="PASS" starttime="20201116 15:27:45.043" endtime="20201116 15:27:45.063"></status>
</kw>
<kw name="Input Text" library="SeleniumLibrary">
<doc>Types the given ``text`` into the text field identified by ``locator``.</doc>
<arguments>
<arg>${textbox}</arg>
<arg>${data}</arg>
</arguments>
<msg timestamp="20201116 15:27:45.064" level="INFO">Typing text 'Melanie Jenkins' into text field 'xpath://*[contains(@data-test-id,'signupName')]//input'.</msg>
<status status="PASS" starttime="20201116 15:27:45.063" endtime="20201116 15:27:45.259"></status>
</kw>
<status status="PASS" starttime="20201116 15:27:45.042" endtime="20201116 15:27:45.259"></status>
</kw>
<kw name="Wait And Input" library="BasePage">
<arguments>
<arg>${TXT_EMAIL}</arg>
<arg>${data_info}[1]</arg>
</arguments>
<kw name="Wait Until Element Is Visible" library="SeleniumLibrary">
<doc>Waits until the element ``locator`` is visible.</doc>
<arguments>
<arg>${textbox}</arg>
<arg>25s</arg>
<arg>Not found</arg>
</arguments>
<status status="PASS" starttime="20201116 15:27:45.260" endtime="20201116 15:27:45.277"></status>
</kw>
<kw name="Input Text" library="SeleniumLibrary">
<doc>Types the given ``text`` into the text field identified by ``locator``.</doc>
<arguments>
<arg>${textbox}</arg>
<arg>${data}</arg>
</arguments>
<msg timestamp="20201116 15:27:45.278" level="INFO">Typing text 'testuseraccount81058676@gmail.com' into text field 'xpath://*[contains(@data-test-id,'signupEmail')]//input'.</msg>
<status status="PASS" starttime="20201116 15:27:45.277" endtime="20201116 15:27:45.580"></status>
</kw>
<status status="PASS" starttime="20201116 15:27:45.259" endtime="20201116 15:27:45.580"></status>
</kw>
<kw name="Wait And Input" library="BasePage">
<arguments>
<arg>${TXT_PHONE_SIGNUP}</arg>
<arg>${data_info}[2]</arg>
</arguments>
<kw name="Wait Until Element Is Visible" library="SeleniumLibrary">
<doc>Waits until the element ``locator`` is visible.</doc>
<arguments>
<arg>${textbox}</arg>
<arg>25s</arg>
<arg>Not found</arg>
</arguments>
<status status="PASS" starttime="20201116 15:27:45.581" endtime="20201116 15:27:45.630"></status>
</kw>
<kw name="Input Text" library="SeleniumLibrary">
<doc>Types the given ``text`` into the text field identified by ``locator``.</doc>
<arguments>
<arg>${textbox}</arg>
<arg>${data}</arg>
</arguments>
<msg timestamp="20201116 15:27:45.631" level="INFO">Typing text '84181058676' into text field 'xpath://*[contains(@data-test-id,'signupPhone')]//input'.</msg>
<status status="PASS" starttime="20201116 15:27:45.631" endtime="20201116 15:27:45.773"></status>
</kw>
<status status="PASS" starttime="20201116 15:27:45.580" endtime="20201116 15:27:45.773"></status>
</kw>
<status status="PASS" starttime="20201116 15:27:45.035" endtime="20201116 15:27:45.773"></status>
</kw>
<status status="PASS" starttime="20201116 15:27:45.035" endtime="20201116 15:27:45.773"></status>
</kw>
<kw name="And User choosing category is Individual" library="SignUpDF">
<arguments>
<arg>Individual</arg>
<arg>INDIVIDUAL NEEDS</arg>
<arg>DOCUMENT SHIPPING</arg>
<arg>vi</arg>
</arguments>
<kw name="Click Menu Category" library="SignUpPage">
<kw name="Wait And Click" library="BasePage">
<arguments>
<arg>${MNU_CAT}</arg>
</arguments>
<kw name="Wait Until Element Is Visible" library="SeleniumLibrary">
<doc>Waits until the element ``locator`` is visible.</doc>
<arguments>
<arg>${button}</arg>
<arg>25s</arg>
<arg>not found</arg>
</arguments>
<status status="PASS" starttime="20201116 15:27:45.775" endtime="20201116 15:27:45.793"></status>
</kw>
<kw name="Click Element" library="SeleniumLibrary">
<doc>Click the element identified by ``locator``.</doc>
<arguments>
<arg>${button}</arg>
</arguments>
<msg timestamp="20201116 15:27:45.793" level="INFO">Clicking element 'xpath://*[@class='category__label__content-placeholder']'.</msg>
<status status="PASS" starttime="20201116 15:27:45.793" endtime="20201116 15:27:45.873"></status>
</kw>
<status status="PASS" starttime="20201116 15:27:45.774" endtime="20201116 15:27:45.874"></status>
</kw>
<status status="PASS" starttime="20201116 15:27:45.774" endtime="20201116 15:27:45.874"></status>
</kw>
<kw name="Choose Category Individual" library="CategoryPage">
<arguments>
<arg>${type}</arg>
<arg>${category}</arg>
<arg>${sub_cat}</arg>
<arg>${lang}</arg>
</arguments>
<kw name="Wait And Click" library="BasePage">
<arguments>
<arg>${BTN_INDIVIDUAL}</arg>
</arguments>
<kw name="Wait Until Element Is Visible" library="SeleniumLibrary">
<doc>Waits until the element ``locator`` is visible.</doc>
<arguments>
<arg>${button}</arg>
<arg>25s</arg>
<arg>not found</arg>
</arguments>
<status status="PASS" starttime="20201116 15:27:45.875" endtime="20201116 15:27:45.938"></status>
</kw>
<kw name="Click Element" library="SeleniumLibrary">
<doc>Click the element identified by ``locator``.</doc>
<arguments>
<arg>${button}</arg>
</arguments>
<msg timestamp="20201116 15:27:45.938" level="INFO">Clicking element 'xpath://*[@class='business__types']/div[1]'.</msg>
<status status="PASS" starttime="20201116 15:27:45.938" endtime="20201116 15:27:46.174"></status>
</kw>
<status status="PASS" starttime="20201116 15:27:45.875" endtime="20201116 15:27:46.174"></status>
</kw>
<kw name="Get Category Name" library="User_categoryDB">
<arguments>
<arg>${sub_cat}</arg>
<arg>${type}</arg>
<arg>${language}</arg>
</arguments>
<assign>
<var>${txt_subcat}</var>
</assign>
<kw name="Get Field" library="MongoDB">
<arguments>
<arg>masterdata</arg>
<arg>user_category</arg>
<arg>{"code":"${category_code}","type":"${type}"}</arg>
<arg>name</arg>
</arguments>
<assign>
<var>${user_type}</var>
</assign>
<kw name="Connect To Mongodb" library="MongoDBLibrary">
<doc>Loads pymongo and connects to the MongoDB host using parameters submitted.</doc>
<arguments>
<arg>${HOST.${DB_ENV}}</arg>
<arg>${27017}</arg>
</arguments>
<status status="PASS" starttime="20201116 15:27:46.175" endtime="20201116 15:27:47.279"></status>
</kw>
<kw name="Retrieve Mongodb Records With Desired Fields" library="MongoDBLibrary">
<doc>Retrieves from a document(s) the desired projection. In a sql terms: select a and b from table;
For more details about querying records from Mongodb and comparison to sql see the
[http://docs.mongodb.org/manual/reference/sql-comparison|Mongodb]
documentation.</doc>
<arguments>
<arg>${dbName}</arg>
<arg>${dbCollName}</arg>
<arg>${recordJSON}</arg>
<arg>${recordField}</arg>
<arg>True</arg>
<arg>True</arg>
</arguments>
<assign>
<var>@{allResults}</var>
</assign>
<msg timestamp="20201116 15:27:47.738" level="INFO">@{allResults} = [ {'_id': ObjectId('5eb0eae78c34723f2f6ffd52'), 'name': {'en': 'Document shipping', 'vi': 'Giao chứng từ, giấy tờ'}} ]</msg>
<status status="PASS" starttime="20201116 15:27:47.279" endtime="20201116 15:27:47.738"></status>
</kw>
<kw name="Log" library="BuiltIn">
<doc>Logs the given message with the given level.</doc>
<arguments>
<arg>${allResults}</arg>
</arguments>
<msg timestamp="20201116 15:27:47.739" level="INFO">[{'_id': ObjectId('5eb0eae78c34723f2f6ffd52'), 'name': {'en': 'Document shipping', 'vi': 'Giao chứng từ, giấy tờ'}}]</msg>
<status status="PASS" starttime="20201116 15:27:47.738" endtime="20201116 15:27:47.739"></status>
</kw>
<kw name="Set To Dictionary" library="Collections">
<doc>Adds the given ``key_value_pairs`` and ``items`` to the ``dictionary``.</doc>
<arguments>
<arg>@{allResults}</arg>
</arguments>
<assign>
<var>&amp;{dict}</var>
</assign>
<msg timestamp="20201116 15:27:47.740" level="INFO">&amp;{dict} = { _id=5eb0eae78c34723f2f6ffd52 | name={'en': 'Document shipping', 'vi': 'Giao chứng từ, giấy tờ'} }</msg>
<status status="PASS" starttime="20201116 15:27:47.739" endtime="20201116 15:27:47.740"></status>
</kw>
<kw name="Disconnect From Mongodb" library="MongoDBLibrary">
<doc>Disconnects from the MongoDB server.</doc>
<status status="PASS" starttime="20201116 15:27:47.740" endtime="20201116 15:27:47.775"></status>
</kw>
<msg timestamp="20201116 15:27:47.775" level="INFO">${user_type} = {'_id': ObjectId('5eb0eae78c34723f2f6ffd52'), 'name': {'en': 'Document shipping', 'vi': 'Giao chứng từ, giấy tờ'}}</msg>
<status status="PASS" starttime="20201116 15:27:46.175" endtime="20201116 15:27:47.775"></status>
</kw>
<kw name="Log" library="BuiltIn">
<doc>Logs the given message with the given level.</doc>
<arguments>
<arg>${user_type.name.${language}}</arg>
</arguments>
<msg timestamp="20201116 15:27:47.776" level="INFO">Giao chứng từ, giấy tờ</msg>
<status status="PASS" starttime="20201116 15:27:47.776" endtime="20201116 15:27:47.776"></status>
</kw>
<msg timestamp="20201116 15:27:47.777" level="INFO">${txt_subcat} = Giao chứng từ, giấy tờ</msg>
<status status="PASS" starttime="20201116 15:27:46.174" endtime="20201116 15:27:47.777"></status>
</kw>
<kw name="Wait And Click" library="BasePage">
<arguments>
<arg>xpath://*[@class='category-item']//*[contains(text(),'${txt_subcat}')]</arg>
</arguments>
<kw name="Wait Until Element Is Visible" library="SeleniumLibrary">
<doc>Waits until the element ``locator`` is visible.</doc>
<arguments>
<arg>${button}</arg>
<arg>25s</arg>
<arg>not found</arg>
</arguments>
<status status="PASS" starttime="20201116 15:27:47.778" endtime="20201116 15:27:47.802"></status>
</kw>
<kw name="Click Element" library="SeleniumLibrary">
<doc>Click the element identified by ``locator``.</doc>
<arguments>
<arg>${button}</arg>
</arguments>
<msg timestamp="20201116 15:27:47.802" level="INFO">Clicking element 'xpath://*[@class='category-item']//*[contains(text(),'Giao chứng từ, giấy tờ')]'.</msg>
<status status="PASS" starttime="20201116 15:27:47.802" endtime="20201116 15:27:47.842"></status>
</kw>
<status status="PASS" starttime="20201116 15:27:47.777" endtime="20201116 15:27:47.842"></status>
</kw>
<kw name="Click Save Category" library="CategoryPage">
<kw name="Wait And Click" library="BasePage">
<arguments>
<arg>${BTN-SAVE}</arg>
</arguments>
<kw name="Wait Until Element Is Visible" library="SeleniumLibrary">
<doc>Waits until the element ``locator`` is visible.</doc>
<arguments>
<arg>${button}</arg>
<arg>25s</arg>
<arg>not found</arg>
</arguments>
<status status="PASS" starttime="20201116 15:27:47.843" endtime="20201116 15:27:47.861"></status>
</kw>
<kw name="Click Element" library="SeleniumLibrary">
<doc>Click the element identified by ``locator``.</doc>
<arguments>
<arg>${button}</arg>
</arguments>
<msg timestamp="20201116 15:27:47.861" level="INFO">Clicking element 'xpath://*[@class='v-btn v-btn--depressed theme--light accent']'.</msg>
<status status="PASS" starttime="20201116 15:27:47.861" endtime="20201116 15:27:47.922"></status>
</kw>
<status status="PASS" starttime="20201116 15:27:47.843" endtime="20201116 15:27:47.922"></status>
</kw>
<status status="PASS" starttime="20201116 15:27:47.842" endtime="20201116 15:27:47.922"></status>
</kw>
<status status="PASS" starttime="20201116 15:27:45.874" endtime="20201116 15:27:47.922"></status>
</kw>
<status status="PASS" starttime="20201116 15:27:45.774" endtime="20201116 15:27:47.922"></status>
</kw>
<kw name="And User click to Sign Up button" library="SignUpDF">
<kw name="Click Button Sign Up" library="SignUpPage">
<kw name="Click Button" library="SeleniumLibrary">
<doc>Clicks the button identified by ``locator``.</doc>
<arguments>
<arg>${BTN_SIGNUP}</arg>
</arguments>
<msg timestamp="20201116 15:27:47.924" level="INFO">Clicking button 'xpath://*[@class='mt-4 submit-signup v-btn v-btn--block v-btn--large v-btn--depressed theme--light accent']'.</msg>
<status status="PASS" starttime="20201116 15:27:47.924" endtime="20201116 15:27:48.011"></status>
</kw>
<status status="PASS" starttime="20201116 15:27:47.924" endtime="20201116 15:27:48.012"></status>
</kw>
<status status="PASS" starttime="20201116 15:27:47.923" endtime="20201116 15:27:48.012"></status>
</kw>
<kw name="And Go to input activation code screen and input code success" library="SignUpDF">
<arguments>
<arg>2</arg>
<arg>0</arg>
<arg>0</arg>
<arg>7</arg>
</arguments>
<kw name="Input Activate Code" library="VerifyOTPPage">
<arguments>
<arg>@{otp}</arg>
</arguments>
<kw name="Wait Until Element Is Visible" library="SeleniumLibrary">
<doc>Waits until the element ``locator`` is visible.</doc>
<arguments>
<arg>${TXT_OTP1}</arg>
<arg>25s</arg>
<arg>not found</arg>
</arguments>
<status status="PASS" starttime="20201116 15:27:48.014" endtime="20201116 15:27:48.313"></status>
</kw>
<kw name="Input Text" library="SeleniumLibrary">
<doc>Types the given ``text`` into the text field identified by ``locator``.</doc>
<arguments>
<arg>${TXT_OTP1}</arg>
<arg>${otp}[0]</arg>
</arguments>
<msg timestamp="20201116 15:27:48.314" level="INFO">Typing text '2' into text field 'xpath://*[@class='digits my-4']/input[1]'.</msg>
<status status="PASS" starttime="20201116 15:27:48.314" endtime="20201116 15:27:48.453"></status>
</kw>
<kw name="Input Text" library="SeleniumLibrary">
<doc>Types the given ``text`` into the text field identified by ``locator``.</doc>
<arguments>
<arg>${TXT_OTP2}</arg>
<arg>${otp}[1]</arg>
</arguments>
<msg timestamp="20201116 15:27:48.454" level="INFO">Typing text '0' into text field 'xpath://*[@class='digits my-4']/input[2]'.</msg>
<status status="PASS" starttime="20201116 15:27:48.453" endtime="20201116 15:27:48.518"></status>
</kw>
<kw name="Input Text" library="SeleniumLibrary">
<doc>Types the given ``text`` into the text field identified by ``locator``.</doc>
<arguments>
<arg>${TXT_OTP3}</arg>
<arg>${otp}[2]</arg>
</arguments>
<msg timestamp="20201116 15:27:48.518" level="INFO">Typing text '0' into text field 'xpath://*[@class='digits my-4']/input[3]'.</msg>
<status status="PASS" starttime="20201116 15:27:48.518" endtime="20201116 15:27:48.685"></status>
</kw>
<kw name="Input Text" library="SeleniumLibrary">
<doc>Types the given ``text`` into the text field identified by ``locator``.</doc>
<arguments>
<arg>${TXT_OTP4}</arg>
<arg>${otp}[3]</arg>
</arguments>
<msg timestamp="20201116 15:27:48.686" level="INFO">Typing text '7' into text field 'xpath://*[@class='digits my-4']/input[4]'.</msg>
<status status="PASS" starttime="20201116 15:27:48.685" endtime="20201116 15:27:48.914"></status>
</kw>
<status status="PASS" starttime="20201116 15:27:48.013" endtime="20201116 15:27:48.914"></status>
</kw>
<status status="PASS" starttime="20201116 15:27:48.013" endtime="20201116 15:27:48.915"></status>
</kw>
<kw name="Then User sign up success to new order screen" library="SignUpDF">
<arguments>
<arg>Individual</arg>
<arg>INDIVIDUAL NEEDS</arg>
<arg>DOCUMENT SHIPPING</arg>
</arguments>
<kw name="Verify Title New Order" library="NewOrderPage">
<kw name="Element Text Should Be" library="SeleniumLibrary">
<doc>Verifies that element ``locator`` contains exact the text ``expected``.</doc>
<arguments>
<arg>${LBL_TITLE}</arg>
<arg>Đơn hàng mới</arg>
</arguments>
<msg timestamp="20201116 15:27:48.918" level="INFO">Verifying element 'xpath://*[@class='new-order__form__title']' contains exact text 'Đơn hàng mới'.</msg>
<status status="PASS" starttime="20201116 15:27:48.917" endtime="20201116 15:27:48.947"></status>
</kw>
<status status="PASS" starttime="20201116 15:27:48.916" endtime="20201116 15:27:48.947"></status>
</kw>
<kw name="Verify User Info" library="SignUpPage">
<arguments>
<arg>${user_type}</arg>
<arg>${cat}</arg>
<arg>${subcat}</arg>
</arguments>
<kw name="Get User Info When Sign Up" library="UserDB">
<arguments>
<arg>${data_info}[2]</arg>
</arguments>
<assign>
<var>@{user_info}</var>
</assign>
<kw name="Get Records" library="MongoDB">
<arguments>
<arg>ahamove</arg>
<arg>user</arg>
<arg>{"_id": "${id}"}</arg>
</arguments>
<assign>
<var>&amp;{user_info}</var>
</assign>
<kw name="Connect To Mongodb" library="MongoDBLibrary">
<doc>Loads pymongo and connects to the MongoDB host using parameters submitted.</doc>
<arguments>
<arg>${HOST.${DB_ENV}}</arg>
<arg>${27017}</arg>
</arguments>
<status status="PASS" starttime="20201116 15:27:48.950" endtime="20201116 15:27:49.125"></status>
</kw>
<kw name="Retrieve Some Mongodb Records" library="MongoDBLibrary">
<doc>Retrieve some of the records from a given MongoDB database collection
based on the JSON entered.
Returned value must be single quoted for comparison, otherwise you will
get a TypeError error.</doc>
<arguments>
<arg>${dbName}</arg>
<arg>${dbCollName}</arg>
<arg>${recordJSON}</arg>
<arg>True</arg>
</arguments>
<assign>
<var>@{allResults}</var>
</assign>
<msg timestamp="20201116 15:27:49.642" level="INFO">@{allResults} = [ {'_id': '84181058676', 'name': 'Melanie Jenkins', 'email': 'testuseraccount81058676@gmail.com', 'referral_code': '0181058676', 'country_code': 'VN', 'city_id': None, 'currency': 'VND', 'account_stat...</msg>
<status status="PASS" starttime="20201116 15:27:49.126" endtime="20201116 15:27:49.642"></status>
</kw>
<kw name="Set To Dictionary" library="Collections">
<doc>Adds the given ``key_value_pairs`` and ``items`` to the ``dictionary``.</doc>
<arguments>
<arg>@{allResults}</arg>
</arguments>
<assign>
<var>&amp;{dict}</var>
</assign>
<msg timestamp="20201116 15:27:49.643" level="INFO">&amp;{dict} = { _id=84181058676 | name=Melanie Jenkins | email=testuseraccount81058676@gmail.com | referral_code=0181058676 | country_code=VN | city_id=None | currency=VND | account_status=ACTIVATED | create_time=1...</msg>
<status status="PASS" starttime="20201116 15:27:49.643" endtime="20201116 15:27:49.643"></status>
</kw>
<kw name="Log" library="BuiltIn">
<doc>Logs the given message with the given level.</doc>
<arguments>
<arg>${dict}</arg>
</arguments>
<msg timestamp="20201116 15:27:49.644" level="INFO">{'_id': '84181058676', 'name': 'Melanie Jenkins', 'email': 'testuseraccount81058676@gmail.com', 'referral_code': '0181058676', 'country_code': 'VN', 'city_id': None, 'currency': 'VND', 'account_status': 'ACTIVATED', 'create_time': 1605515268.0734506, 'main_account': {}, 'bonus_account': {}, 'categories': [{'code': 'INDIVIDUAL NEEDS', 'child_code': ['DOCUMENT SHIPPING']}], 'user_type': 'Individual', 'activation_code': '4375', 'activation_time': 1605515868.130975, 'activate_time': 1605515268.0, 'devices': [{'imei': 'web', 'push': 'web', 'type': 'web', 'time': 1605515268.0, 'app': 'AhaMove', 'fcm': True}], 'last_login': 1605515268.0, 'status': 'ONLINE'}</msg>
<status status="PASS" starttime="20201116 15:27:49.644" endtime="20201116 15:27:49.644"></status>
</kw>
<kw name="Disconnect From Mongodb" library="MongoDBLibrary">
<doc>Disconnects from the MongoDB server.</doc>
<status status="PASS" starttime="20201116 15:27:49.644" endtime="20201116 15:27:49.687"></status>
</kw>
<msg timestamp="20201116 15:27:49.687" level="INFO">&amp;{user_info} = { _id=84181058676 | name=Melanie Jenkins | email=testuseraccount81058676@gmail.com | referral_code=0181058676 | country_code=VN | city_id=None | currency=VND | account_status=ACTIVATED | create_time=1...</msg>
<status status="PASS" starttime="20201116 15:27:48.949" endtime="20201116 15:27:49.687"></status>
</kw>
<kw name="Create List" library="BuiltIn">
<doc>Returns a list containing given items.</doc>
<arguments>
<arg>${user_info._id}</arg>
<arg>${user_info.name}</arg>
<arg>${user_info.email}</arg>
<arg>${user_info.user_type}</arg>
<arg>${user_info.categories[0].code}</arg>
<arg>${user_info.categories[0].child_code[0]}</arg>
</arguments>
<assign>
<var>@{user_info}</var>
</assign>
<msg timestamp="20201116 15:27:49.689" level="INFO">@{user_info} = [ 84181058676 | Melanie Jenkins | testuseraccount81058676@gmail.com | Individual | INDIVIDUAL NEEDS | DOCUMENT SHIPPING ]</msg>
<status status="PASS" starttime="20201116 15:27:49.688" endtime="20201116 15:27:49.689"></status>
</kw>
<kw name="Log" library="BuiltIn">
<doc>Logs the given message with the given level.</doc>
<arguments>
<arg>${user_info}</arg>
</arguments>
<msg timestamp="20201116 15:27:49.690" level="INFO">['84181058676', 'Melanie Jenkins', 'testuseraccount81058676@gmail.com', 'Individual', 'INDIVIDUAL NEEDS', 'DOCUMENT SHIPPING']</msg>
<status status="PASS" starttime="20201116 15:27:49.690" endtime="20201116 15:27:49.690"></status>
</kw>
<msg timestamp="20201116 15:27:49.690" level="INFO">@{user_info} = [ 84181058676 | Melanie Jenkins | testuseraccount81058676@gmail.com | Individual | INDIVIDUAL NEEDS | DOCUMENT SHIPPING ]</msg>
<status status="PASS" starttime="20201116 15:27:48.948" endtime="20201116 15:27:49.690"></status>
</kw>
<kw name="Should Be Equal As Strings" library="BuiltIn">
<doc>Fails if objects are unequal after converting them to strings.</doc>
<arguments>
<arg>${data_info}[2]</arg>
<arg>${user_info}[0]</arg>
<arg>msg=Fail</arg>
</arguments>
<status status="PASS" starttime="20201116 15:27:49.691" endtime="20201116 15:27:49.691"></status>
</kw>
<kw name="Should Be Equal As Strings" library="BuiltIn">
<doc>Fails if objects are unequal after converting them to strings.</doc>
<arguments>
<arg>${data_info}[0]</arg>
<arg>${user_info}[1]</arg>
<arg>msg=Fail</arg>
</arguments>
<status status="PASS" starttime="20201116 15:27:49.691" endtime="20201116 15:27:49.692"></status>
</kw>
<kw name="Should Be Equal As Strings" library="BuiltIn">
<doc>Fails if objects are unequal after converting them to strings.</doc>
<arguments>
<arg>${data_info}[1]</arg>
<arg>${user_info}[2]</arg>
<arg>msg=Fail</arg>
</arguments>
<status status="PASS" starttime="20201116 15:27:49.692" endtime="20201116 15:27:49.692"></status>
</kw>
<kw name="Should Be Equal As Strings" library="BuiltIn">
<doc>Fails if objects are unequal after converting them to strings.</doc>
<arguments>
<arg>${user_type}</arg>
<arg>${user_info}[3]</arg>
<arg>msg=Fail</arg>
</arguments>
<status status="PASS" starttime="20201116 15:27:49.692" endtime="20201116 15:27:49.693"></status>
</kw>
<kw name="Should Be Equal As Strings" library="BuiltIn">
<doc>Fails if objects are unequal after converting them to strings.</doc>
<arguments>
<arg>${cat}</arg>
<arg>${user_info}[4]</arg>
<arg>msg=Fail</arg>
</arguments>
<status status="PASS" starttime="20201116 15:27:49.693" endtime="20201116 15:27:49.693"></status>
</kw>
<kw name="Should Be Equal As Strings" library="BuiltIn">
<doc>Fails if objects are unequal after converting them to strings.</doc>
<arguments>
<arg>${subcat}</arg>
<arg>${user_info}[5]</arg>
<arg>msg=Fail</arg>
</arguments>
<status status="PASS" starttime="20201116 15:27:49.693" endtime="20201116 15:27:49.694"></status>
</kw>
<kw name="Log" library="BuiltIn">
<doc>Logs the given message with the given level.</doc>
<arguments>
<arg>${user_info}</arg>
</arguments>
<msg timestamp="20201116 15:27:49.694" level="INFO">['84181058676', 'Melanie Jenkins', 'testuseraccount81058676@gmail.com', 'Individual', 'INDIVIDUAL NEEDS', 'DOCUMENT SHIPPING']</msg>
<status status="PASS" starttime="20201116 15:27:49.694" endtime="20201116 15:27:49.694"></status>
</kw>
<status status="PASS" starttime="20201116 15:27:48.947" endtime="20201116 15:27:49.694"></status>
</kw>
<status status="PASS" starttime="20201116 15:27:48.915" endtime="20201116 15:27:49.694"></status>
</kw>
<kw name="End Web Test" library="Common" type="teardown">
<kw name="Capture Page Screenshot" library="SeleniumLibrary">
<doc>Takes a screenshot of the current page and embeds it into a log file.</doc>
<arguments>
<arg>${EXECDIR}/Report/image/custom_name_{index}.png</arg>
</arguments>
<msg timestamp="20201116 15:27:50.090" level="INFO" html="yes">&lt;/td&gt;&lt;/tr&gt;&lt;tr&gt;&lt;td colspan="3"&gt;&lt;a href="image/custom_name_63.png"&gt;&lt;img src="image/custom_name_63.png" width="800px"&gt;&lt;/a&gt;</msg>
<status status="PASS" starttime="20201116 15:27:49.695" endtime="20201116 15:27:50.090"></status>
</kw>
<kw name="Close All Browsers" library="SeleniumLibrary">
<doc>Closes all open browsers and resets the browser cache.</doc>
<status status="PASS" starttime="20201116 15:27:50.090" endtime="20201116 15:27:50.170"></status>
</kw>
<status status="PASS" starttime="20201116 15:27:49.694" endtime="20201116 15:27:50.170"></status>
</kw>
<tags>
<tag>TC_signup_with_category_Individual</tag>
</tags>
<status status="PASS" starttime="20201116 15:27:40.465" endtime="20201116 15:27:50.170" critical="yes"></status>
</test>
<test id="s1-t2" name="Verify That User Can Sign Up Success With Category SMEs">
<kw name="Begin Web Test" library="Common" type="setup">
<kw name="Open Browser" library="SeleniumLibrary">
<doc>Opens a new browser instance to the optional ``url``.</doc>
<arguments>
<arg>about:blank</arg>
<arg>${BROWSER}</arg>
</arguments>
<msg timestamp="20201116 15:27:50.173" level="INFO">Opening browser 'headlesschrome' to base url 'about:blank'.</msg>
<status status="PASS" starttime="20201116 15:27:50.173" endtime="20201116 15:27:51.634"></status>
</kw>
<kw name="Go To" library="SeleniumLibrary">
<doc>Navigates the current browser window to the provided ``url``.</doc>
<arguments>
<arg>${URL.${ENVIROMENT}}</arg>
</arguments>
<msg timestamp="20201116 15:27:51.635" level="INFO">Opening url 'https://appstg.ahamove.com'</msg>
<status status="PASS" starttime="20201116 15:27:51.635" endtime="20201116 15:27:54.860"></status>
</kw>
<kw name="Set Screenshot Directory" library="SeleniumLibrary">
<doc>Sets the directory for captured screenshots.</doc>
<arguments>
<arg>${EXECDIR}/Report/image</arg>
</arguments>
<status status="PASS" starttime="20201116 15:27:54.861" endtime="20201116 15:27:54.861"></status>
</kw>
<status status="PASS" starttime="20201116 15:27:50.172" endtime="20201116 15:27:54.862"></status>
</kw>
<kw name="Given User open app to sign up screen" library="SignUpDF">
<kw name="Click To Tap SignUp" library="SignInPage">
<kw name="Wait And Click" library="BasePage">
<arguments>
<arg>${TAB_SIGNUP}</arg>
</arguments>
<kw name="Wait Until Element Is Visible" library="SeleniumLibrary">
<doc>Waits until the element ``locator`` is visible.</doc>
<arguments>
<arg>${button}</arg>
<arg>25s</arg>
<arg>not found</arg>
</arguments>
<status status="PASS" starttime="20201116 15:27:54.864" endtime="20201116 15:27:54.902"></status>
</kw>
<kw name="Click Element" library="SeleniumLibrary">
<doc>Click the element identified by ``locator``.</doc>
<arguments>
<arg>${button}</arg>
</arguments>
<msg timestamp="20201116 15:27:54.902" level="INFO">Clicking element 'xpath://*[@class="ahamove-auth__methods"]/div[2]'.</msg>
<status status="PASS" starttime="20201116 15:27:54.902" endtime="20201116 15:27:55.049"></status>
</kw>
<status status="PASS" starttime="20201116 15:27:54.864" endtime="20201116 15:27:55.049"></status>
</kw>
<status status="PASS" starttime="20201116 15:27:54.863" endtime="20201116 15:27:55.050"></status>
</kw>
<status status="PASS" starttime="20201116 15:27:54.863" endtime="20201116 15:27:55.050"></status>
</kw>
<kw name="When User input success full all info" library="SignUpDF">
<kw name="Input User Info" library="SignUpPage">
<kw name="Fake Data Info" library="FakeData">
<assign>
<var>@{data_info}</var>
</assign>
<kw name="Name" library="FakerLibrary">
<doc>:example 'John Doe'</doc>
<assign>
<var>${user_name}</var>
</assign>
<msg timestamp="20201116 15:27:55.053" level="INFO">${user_name} = Rebecca Jordan</msg>
<status status="PASS" starttime="20201116 15:27:55.052" endtime="20201116 15:27:55.053"></status>
</kw>
<kw name="Generate Random String" library="String">
<doc>Generates a string with a desired ``length`` from the given ``chars``.</doc>
<arguments>
<arg>8</arg>
<arg>[NUMBERS]</arg>
</arguments>
<assign>
<var>${random_num}</var>
</assign>
<msg timestamp="20201116 15:27:55.054" level="INFO">${random_num} = 04290640</msg>
<status status="PASS" starttime="20201116 15:27:55.053" endtime="20201116 15:27:55.054"></status>
</kw>
<kw name="Set Variable" library="BuiltIn">
<doc>Returns the given values which can then be assigned to a variables.</doc>
<arguments>
<arg>testuseraccount${random_num}@gmail.com</arg>
</arguments>
<assign>
<var>${user_email}</var>
</assign>
<msg timestamp="20201116 15:27:55.054" level="INFO">${user_email} = testuseraccount04290640@gmail.com</msg>
<status status="PASS" starttime="20201116 15:27:55.054" endtime="20201116 15:27:55.054"></status>
</kw>
<kw name="Set Variable" library="BuiltIn">
<doc>Returns the given values which can then be assigned to a variables.</doc>
<arguments>
<arg>841${random_num}</arg>
</arguments>
<assign>
<var>${user_phone}</var>
</assign>
<msg timestamp="20201116 15:27:55.055" level="INFO">${user_phone} = 84104290640</msg>
<status status="PASS" starttime="20201116 15:27:55.054" endtime="20201116 15:27:55.055"></status>
</kw>
<kw name="Create List" library="BuiltIn">
<doc>Returns a list containing given items.</doc>
<arguments>
<arg>${user_name}</arg>
<arg>${user_email}</arg>
<arg>${user_phone}</arg>
</arguments>
<assign>
<var>@{data_info}</var>
</assign>
<msg timestamp="20201116 15:27:55.056" level="INFO">@{data_info} = [ Rebecca Jordan | testuseraccount04290640@gmail.com | 84104290640 ]</msg>
<status status="PASS" starttime="20201116 15:27:55.055" endtime="20201116 15:27:55.056"></status>
</kw>
<kw name="Log" library="BuiltIn">
<doc>Logs the given message with the given level.</doc>
<arguments>
<arg>${data_info}</arg>
</arguments>
<msg timestamp="20201116 15:27:55.056" level="INFO">['Rebecca Jordan', 'testuseraccount04290640@gmail.com', '84104290640']</msg>
<status status="PASS" starttime="20201116 15:27:55.056" endtime="20201116 15:27:55.056"></status>
</kw>
<msg timestamp="20201116 15:27:55.057" level="INFO">@{data_info} = [ Rebecca Jordan | testuseraccount04290640@gmail.com | 84104290640 ]</msg>
<status status="PASS" starttime="20201116 15:27:55.052" endtime="20201116 15:27:55.057"></status>
</kw>
<kw name="Set Suite Variable" library="BuiltIn">
<doc>Makes a variable available everywhere within the scope of the current suite.</doc>
<arguments>
<arg>@{data_info}</arg>
<arg>@{data_info}</arg>
</arguments>
<msg timestamp="20201116 15:27:55.058" level="INFO">@{data_info} = [ Rebecca Jordan | testuseraccount04290640@gmail.com | 84104290640 ]</msg>
<status status="PASS" starttime="20201116 15:27:55.057" endtime="20201116 15:27:55.058"></status>
</kw>
<kw name="Wait And Input" library="BasePage">
<arguments>
<arg>${TXT_NAME}</arg>
<arg>${data_info}[0]</arg>
</arguments>
<kw name="Wait Until Element Is Visible" library="SeleniumLibrary">
<doc>Waits until the element ``locator`` is visible.</doc>
<arguments>
<arg>${textbox}</arg>
<arg>25s</arg>
<arg>Not found</arg>
</arguments>
<status status="PASS" starttime="20201116 15:27:55.061" endtime="20201116 15:27:55.083"></status>
</kw>
<kw name="Input Text" library="SeleniumLibrary">
<doc>Types the given ``text`` into the text field identified by ``locator``.</doc>
<arguments>
<arg>${textbox}</arg>
<arg>${data}</arg>
</arguments>
<msg timestamp="20201116 15:27:55.084" level="INFO">Typing text 'Rebecca Jordan' into text field 'xpath://*[contains(@data-test-id,'signupName')]//input'.</msg>
<status status="PASS" starttime="20201116 15:27:55.083" endtime="20201116 15:27:55.326"></status>
</kw>
<status status="PASS" starttime="20201116 15:27:55.060" endtime="20201116 15:27:55.326"></status>
</kw>
<kw name="Wait And Input" library="BasePage">
<arguments>
<arg>${TXT_EMAIL}</arg>
<arg>${data_info}[1]</arg>
</arguments>
<kw name="Wait Until Element Is Visible" library="SeleniumLibrary">
<doc>Waits until the element ``locator`` is visible.</doc>
<arguments>
<arg>${textbox}</arg>
<arg>25s</arg>
<arg>Not found</arg>
</arguments>
<status status="PASS" starttime="20201116 15:27:55.327" endtime="20201116 15:27:55.352"></status>
</kw>
<kw name="Input Text" library="SeleniumLibrary">
<doc>Types the given ``text`` into the text field identified by ``locator``.</doc>
<arguments>
<arg>${textbox}</arg>
<arg>${data}</arg>
</arguments>
<msg timestamp="20201116 15:27:55.353" level="INFO">Typing text 'testuseraccount04290640@gmail.com' into text field 'xpath://*[contains(@data-test-id,'signupEmail')]//input'.</msg>
<status status="PASS" starttime="20201116 15:27:55.352" endtime="20201116 15:27:55.649"></status>
</kw>
<status status="PASS" starttime="20201116 15:27:55.326" endtime="20201116 15:27:55.649"></status>
</kw>
<kw name="Wait And Input" library="BasePage">
<arguments>
<arg>${TXT_PHONE_SIGNUP}</arg>
<arg>${data_info}[2]</arg>
</arguments>
<kw name="Wait Until Element Is Visible" library="SeleniumLibrary">
<doc>Waits until the element ``locator`` is visible.</doc>
<arguments>
<arg>${textbox}</arg>
<arg>25s</arg>
<arg>Not found</arg>
</arguments>
<status status="PASS" starttime="20201116 15:27:55.650" endtime="20201116 15:27:55.698"></status>
</kw>
<kw name="Input Text" library="SeleniumLibrary">
<doc>Types the given ``text`` into the text field identified by ``locator``.</doc>
<arguments>
<arg>${textbox}</arg>
<arg>${data}</arg>
</arguments>
<msg timestamp="20201116 15:27:55.698" level="INFO">Typing text '84104290640' into text field 'xpath://*[contains(@data-test-id,'signupPhone')]//input'.</msg>
<status status="PASS" starttime="20201116 15:27:55.698" endtime="20201116 15:27:55.844"></status>
</kw>
<status status="PASS" starttime="20201116 15:27:55.649" endtime="20201116 15:27:55.844"></status>
</kw>
<status status="PASS" starttime="20201116 15:27:55.051" endtime="20201116 15:27:55.844"></status>
</kw>
<status status="PASS" starttime="20201116 15:27:55.051" endtime="20201116 15:27:55.845"></status>
</kw>
<kw name="And User choosing category is SMEs" library="SignUpDF">
<arguments>
<arg>SMEs</arg>
<arg>DRINK</arg>
<arg>CAFE</arg>
<arg>vi</arg>
</arguments>
<kw name="Click Menu Category" library="SignUpPage">
<kw name="Wait And Click" library="BasePage">
<arguments>
<arg>${MNU_CAT}</arg>
</arguments>
<kw name="Wait Until Element Is Visible" library="SeleniumLibrary">
<doc>Waits until the element ``locator`` is visible.</doc>
<arguments>
<arg>${button}</arg>
<arg>25s</arg>
<arg>not found</arg>
</arguments>
<status status="PASS" starttime="20201116 15:27:55.846" endtime="20201116 15:27:55.863"></status>
</kw>
<kw name="Click Element" library="SeleniumLibrary">
<doc>Click the element identified by ``locator``.</doc>
<arguments>
<arg>${button}</arg>
</arguments>
<msg timestamp="20201116 15:27:55.864" level="INFO">Clicking element 'xpath://*[@class='category__label__content-placeholder']'.</msg>
<status status="PASS" starttime="20201116 15:27:55.863" endtime="20201116 15:27:55.955"></status>
</kw>
<status status="PASS" starttime="20201116 15:27:55.846" endtime="20201116 15:27:55.955"></status>
</kw>
<status status="PASS" starttime="20201116 15:27:55.845" endtime="20201116 15:27:55.955"></status>
</kw>
<kw name="Choose Category SMEs" library="CategoryPage">
<arguments>
<arg>${type}</arg>
<arg>${category}</arg>
<arg>${sub_cat}</arg>
<arg>${lang}</arg>
</arguments>
<kw name="Wait And Click" library="BasePage">
<arguments>
<arg>${BTN_SMEs}</arg>
</arguments>
<kw name="Wait Until Element Is Visible" library="SeleniumLibrary">
<doc>Waits until the element ``locator`` is visible.</doc>
<arguments>
<arg>${button}</arg>
<arg>25s</arg>
<arg>not found</arg>
</arguments>
<status status="PASS" starttime="20201116 15:27:55.957" endtime="20201116 15:27:56.030"></status>
</kw>
<kw name="Click Element" library="SeleniumLibrary">
<doc>Click the element identified by ``locator``.</doc>
<arguments>
<arg>${button}</arg>
</arguments>
<msg timestamp="20201116 15:27:56.030" level="INFO">Clicking element 'xpath://*[@class='business__types']/div[2]'.</msg>
<status status="PASS" starttime="20201116 15:27:56.030" endtime="20201116 15:27:56.285"></status>
</kw>
<status status="PASS" starttime="20201116 15:27:55.956" endtime="20201116 15:27:56.285"></status>
</kw>
<kw name="Get Category Name" library="User_categoryDB">
<arguments>
<arg>${category}</arg>
<arg>${type}</arg>
<arg>${language}</arg>
</arguments>
<assign>
<var>${txt_cat}</var>
</assign>
<kw name="Get Field" library="MongoDB">
<arguments>
<arg>masterdata</arg>
<arg>user_category</arg>
<arg>{"code":"${category_code}","type":"${type}"}</arg>
<arg>name</arg>
</arguments>
<assign>
<var>${user_type}</var>
</assign>
<kw name="Connect To Mongodb" library="MongoDBLibrary">
<doc>Loads pymongo and connects to the MongoDB host using parameters submitted.</doc>
<arguments>
<arg>${HOST.${DB_ENV}}</arg>
<arg>${27017}</arg>
</arguments>
<status status="PASS" starttime="20201116 15:27:56.288" endtime="20201116 15:27:56.470"></status>
</kw>
<kw name="Retrieve Mongodb Records With Desired Fields" library="MongoDBLibrary">
<doc>Retrieves from a document(s) the desired projection. In a sql terms: select a and b from table;
For more details about querying records from Mongodb and comparison to sql see the
[http://docs.mongodb.org/manual/reference/sql-comparison|Mongodb]
documentation.</doc>
<arguments>
<arg>${dbName}</arg>
<arg>${dbCollName}</arg>
<arg>${recordJSON}</arg>
<arg>${recordField}</arg>
<arg>True</arg>
<arg>True</arg>
</arguments>
<assign>
<var>@{allResults}</var>
</assign>
<msg timestamp="20201116 15:27:56.899" level="INFO">@{allResults} = [ {'_id': ObjectId('5eb0eae78c34723f2f6ffd44'), 'name': {'en': 'Drink', 'vi': 'Đồ uống'}} ]</msg>
<status status="PASS" starttime="20201116 15:27:56.470" endtime="20201116 15:27:56.899"></status>
</kw>
<kw name="Log" library="BuiltIn">
<doc>Logs the given message with the given level.</doc>
<arguments>
<arg>${allResults}</arg>
</arguments>
<msg timestamp="20201116 15:27:56.900" level="INFO">[{'_id': ObjectId('5eb0eae78c34723f2f6ffd44'), 'name': {'en': 'Drink', 'vi': 'Đồ uống'}}]</msg>
<status status="PASS" starttime="20201116 15:27:56.899" endtime="20201116 15:27:56.900"></status>
</kw>
<kw name="Set To Dictionary" library="Collections">
<doc>Adds the given ``key_value_pairs`` and ``items`` to the ``dictionary``.</doc>
<arguments>
<arg>@{allResults}</arg>
</arguments>
<assign>
<var>&amp;{dict}</var>
</assign>
<msg timestamp="20201116 15:27:56.900" level="INFO">&amp;{dict} = { _id=5eb0eae78c34723f2f6ffd44 | name={'en': 'Drink', 'vi': 'Đồ uống'} }</msg>
<status status="PASS" starttime="20201116 15:27:56.900" endtime="20201116 15:27:56.900"></status>
</kw>
<kw name="Disconnect From Mongodb" library="MongoDBLibrary">
<doc>Disconnects from the MongoDB server.</doc>
<status status="PASS" starttime="20201116 15:27:56.900" endtime="20201116 15:27:56.935"></status>
</kw>
<msg timestamp="20201116 15:27:56.936" level="INFO">${user_type} = {'_id': ObjectId('5eb0eae78c34723f2f6ffd44'), 'name': {'en': 'Drink', 'vi': 'Đồ uống'}}</msg>
<status status="PASS" starttime="20201116 15:27:56.287" endtime="20201116 15:27:56.936"></status>
</kw>
<kw name="Log" library="BuiltIn">
<doc>Logs the given message with the given level.</doc>
<arguments>
<arg>${user_type.name.${language}}</arg>
</arguments>
<msg timestamp="20201116 15:27:56.937" level="INFO">Đồ uống</msg>
<status status="PASS" starttime="20201116 15:27:56.936" endtime="20201116 15:27:56.937"></status>
</kw>
<msg timestamp="20201116 15:27:56.937" level="INFO">${txt_cat} = Đồ uống</msg>
<status status="PASS" starttime="20201116 15:27:56.286" endtime="20201116 15:27:56.937"></status>
</kw>
<kw name="Wait And Click" library="BasePage">
<arguments>
<arg>xpath://*[@class='select-category-group']/*[contains(text(),'${txt_cat}')]</arg>
</arguments>
<kw name="Wait Until Element Is Visible" library="SeleniumLibrary">
<doc>Waits until the element ``locator`` is visible.</doc>
<arguments>
<arg>${button}</arg>
<arg>25s</arg>
<arg>not found</arg>
</arguments>
<status status="PASS" starttime="20201116 15:27:56.938" endtime="20201116 15:27:56.957"></status>
</kw>
<kw name="Click Element" library="SeleniumLibrary">
<doc>Click the element identified by ``locator``.</doc>
<arguments>
<arg>${button}</arg>
</arguments>
<msg timestamp="20201116 15:27:56.958" level="INFO">Clicking element 'xpath://*[@class='select-category-group']/*[contains(text(),'Đồ uống')]'.</msg>
<status status="PASS" starttime="20201116 15:27:56.957" endtime="20201116 15:27:57.234"></status>
</kw>
<status status="PASS" starttime="20201116 15:27:56.937" endtime="20201116 15:27:57.235"></status>
</kw>
<kw name="Get Category Name" library="User_categoryDB">
<arguments>
<arg>${sub_cat}</arg>
<arg>${type}</arg>
<arg>${language}</arg>
</arguments>
<assign>
<var>${txt_subcat}</var>
</assign>
<kw name="Get Field" library="MongoDB">
<arguments>
<arg>masterdata</arg>
<arg>user_category</arg>
<arg>{"code":"${category_code}","type":"${type}"}</arg>
<arg>name</arg>
</arguments>
<assign>
<var>${user_type}</var>
</assign>
<kw name="Connect To Mongodb" library="MongoDBLibrary">
<doc>Loads pymongo and connects to the MongoDB host using parameters submitted.</doc>
<arguments>
<arg>${HOST.${DB_ENV}}</arg>
<arg>${27017}</arg>
</arguments>
<status status="PASS" starttime="20201116 15:27:57.236" endtime="20201116 15:27:59.304"></status>
</kw>
<kw name="Retrieve Mongodb Records With Desired Fields" library="MongoDBLibrary">
<doc>Retrieves from a document(s) the desired projection. In a sql terms: select a and b from table;
For more details about querying records from Mongodb and comparison to sql see the
[http://docs.mongodb.org/manual/reference/sql-comparison|Mongodb]
documentation.</doc>
<arguments>
<arg>${dbName}</arg>
<arg>${dbCollName}</arg>
<arg>${recordJSON}</arg>
<arg>${recordField}</arg>
<arg>True</arg>
<arg>True</arg>
</arguments>
<assign>
<var>@{allResults}</var>
</assign>
<msg timestamp="20201116 15:27:59.745" level="INFO">@{allResults} = [ {'_id': ObjectId('5eb0eae78c34723f2f6ffceb'), 'name': {'en': 'Cafe', 'vi': 'Cafe'}} ]</msg>
<status status="PASS" starttime="20201116 15:27:59.304" endtime="20201116 15:27:59.745"></status>
</kw>
<kw name="Log" library="BuiltIn">
<doc>Logs the given message with the given level.</doc>
<arguments>
<arg>${allResults}</arg>
</arguments>
<msg timestamp="20201116 15:27:59.746" level="INFO">[{'_id': ObjectId('5eb0eae78c34723f2f6ffceb'), 'name': {'en': 'Cafe', 'vi': 'Cafe'}}]</msg>
<status status="PASS" starttime="20201116 15:27:59.745" endtime="20201116 15:27:59.746"></status>
</kw>
<kw name="Set To Dictionary" library="Collections">
<doc>Adds the given ``key_value_pairs`` and ``items`` to the ``dictionary``.</doc>
<arguments>
<arg>@{allResults}</arg>
</arguments>
<assign>
<var>&amp;{dict}</var>
</assign>
<msg timestamp="20201116 15:27:59.746" level="INFO">&amp;{dict} = { _id=5eb0eae78c34723f2f6ffceb | name={'en': 'Cafe', 'vi': 'Cafe'} }</msg>
<status status="PASS" starttime="20201116 15:27:59.746" endtime="20201116 15:27:59.746"></status>
</kw>
<kw name="Disconnect From Mongodb" library="MongoDBLibrary">
<doc>Disconnects from the MongoDB server.</doc>
<status status="PASS" starttime="20201116 15:27:59.746" endtime="20201116 15:27:59.781"></status>
</kw>
<msg timestamp="20201116 15:27:59.781" level="INFO">${user_type} = {'_id': ObjectId('5eb0eae78c34723f2f6ffceb'), 'name': {'en': 'Cafe', 'vi': 'Cafe'}}</msg>
<status status="PASS" starttime="20201116 15:27:57.236" endtime="20201116 15:27:59.781"></status>
</kw>
<kw name="Log" library="BuiltIn">
<doc>Logs the given message with the given level.</doc>
<arguments>
<arg>${user_type.name.${language}}</arg>
</arguments>
<msg timestamp="20201116 15:27:59.782" level="INFO">Cafe</msg>
<status status="PASS" starttime="20201116 15:27:59.782" endtime="20201116 15:27:59.782"></status>
</kw>
<msg timestamp="20201116 15:27:59.782" level="INFO">${txt_subcat} = Cafe</msg>
<status status="PASS" starttime="20201116 15:27:57.235" endtime="20201116 15:27:59.783"></status>
</kw>
<kw name="Wait And Click" library="BasePage">
<arguments>
<arg>xpath://*[@class='category-item']//*[contains(text(),'${txt_subcat}')]</arg>
</arguments>
<kw name="Wait Until Element Is Visible" library="SeleniumLibrary">
<doc>Waits until the element ``locator`` is visible.</doc>
<arguments>
<arg>${button}</arg>
<arg>25s</arg>
<arg>not found</arg>
</arguments>
<status status="PASS" starttime="20201116 15:27:59.783" endtime="20201116 15:27:59.808"></status>
</kw>
<kw name="Click Element" library="SeleniumLibrary">
<doc>Click the element identified by ``locator``.</doc>
<arguments>
<arg>${button}</arg>
</arguments>
<msg timestamp="20201116 15:27:59.809" level="INFO">Clicking element 'xpath://*[@class='category-item']//*[contains(text(),'Cafe')]'.</msg>
<status status="PASS" starttime="20201116 15:27:59.808" endtime="20201116 15:27:59.909"></status>
</kw>
<status status="PASS" starttime="20201116 15:27:59.783" endtime="20201116 15:27:59.910"></status>
</kw>
<kw name="Click Save Category" library="CategoryPage">
<kw name="Wait And Click" library="BasePage">
<arguments>
<arg>${BTN-SAVE}</arg>
</arguments>
<kw name="Wait Until Element Is Visible" library="SeleniumLibrary">
<doc>Waits until the element ``locator`` is visible.</doc>
<arguments>
<arg>${button}</arg>
<arg>25s</arg>
<arg>not found</arg>
</arguments>
<status status="PASS" starttime="20201116 15:27:59.911" endtime="20201116 15:27:59.940"></status>
</kw>
<kw name="Click Element" library="SeleniumLibrary">
<doc>Click the element identified by ``locator``.</doc>
<arguments>
<arg>${button}</arg>
</arguments>
<msg timestamp="20201116 15:27:59.941" level="INFO">Clicking element 'xpath://*[@class='v-btn v-btn--depressed theme--light accent']'.</msg>
<status status="PASS" starttime="20201116 15:27:59.941" endtime="20201116 15:28:00.070"></status>
</kw>
<status status="PASS" starttime="20201116 15:27:59.910" endtime="20201116 15:28:00.070"></status>
</kw>
<status status="PASS" starttime="20201116 15:27:59.910" endtime="20201116 15:28:00.070"></status>
</kw>
<status status="PASS" starttime="20201116 15:27:55.955" endtime="20201116 15:28:00.070"></status>
</kw>
<status status="PASS" starttime="20201116 15:27:55.845" endtime="20201116 15:28:00.071"></status>
</kw>
<kw name="And User click to Sign Up button" library="SignUpDF">
<kw name="Click Button Sign Up" library="SignUpPage">
<kw name="Click Button" library="SeleniumLibrary">
<doc>Clicks the button identified by ``locator``.</doc>
<arguments>
<arg>${BTN_SIGNUP}</arg>
</arguments>
<msg timestamp="20201116 15:28:00.072" level="INFO">Clicking button 'xpath://*[@class='mt-4 submit-signup v-btn v-btn--block v-btn--large v-btn--depressed theme--light accent']'.</msg>
<status status="PASS" starttime="20201116 15:28:00.072" endtime="20201116 15:28:00.139"></status>
</kw>
<status status="PASS" starttime="20201116 15:28:00.072" endtime="20201116 15:28:00.139"></status>
</kw>
<status status="PASS" starttime="20201116 15:28:00.071" endtime="20201116 15:28:00.139"></status>
</kw>
<kw name="And Go to input activation code screen and input code success" library="SignUpDF">
<arguments>
<arg>2</arg>
<arg>0</arg>
<arg>0</arg>
<arg>7</arg>
</arguments>
<kw name="Input Activate Code" library="VerifyOTPPage">
<arguments>
<arg>@{otp}</arg>
</arguments>
<kw name="Wait Until Element Is Visible" library="SeleniumLibrary">
<doc>Waits until the element ``locator`` is visible.</doc>
<arguments>
<arg>${TXT_OTP1}</arg>
<arg>25s</arg>
<arg>not found</arg>
</arguments>
<status status="PASS" starttime="20201116 15:28:00.141" endtime="20201116 15:28:00.417"></status>
</kw>
<kw name="Input Text" library="SeleniumLibrary">
<doc>Types the given ``text`` into the text field identified by ``locator``.</doc>
<arguments>
<arg>${TXT_OTP1}</arg>
<arg>${otp}[0]</arg>
</arguments>
<msg timestamp="20201116 15:28:00.417" level="INFO">Typing text '2' into text field 'xpath://*[@class='digits my-4']/input[1]'.</msg>
<status status="PASS" starttime="20201116 15:28:00.417" endtime="20201116 15:28:00.554"></status>
</kw>
<kw name="Input Text" library="SeleniumLibrary">
<doc>Types the given ``text`` into the text field identified by ``locator``.</doc>
<arguments>
<arg>${TXT_OTP2}</arg>
<arg>${otp}[1]</arg>
</arguments>
<msg timestamp="20201116 15:28:00.556" level="INFO">Typing text '0' into text field 'xpath://*[@class='digits my-4']/input[2]'.</msg>
<status status="PASS" starttime="20201116 15:28:00.555" endtime="20201116 15:28:00.628"></status>
</kw>
<kw name="Input Text" library="SeleniumLibrary">
<doc>Types the given ``text`` into the text field identified by ``locator``.</doc>
<arguments>
<arg>${TXT_OTP3}</arg>
<arg>${otp}[2]</arg>
</arguments>
<msg timestamp="20201116 15:28:00.629" level="INFO">Typing text '0' into text field 'xpath://*[@class='digits my-4']/input[3]'.</msg>
<status status="PASS" starttime="20201116 15:28:00.628" endtime="20201116 15:28:00.714"></status>
</kw>
<kw name="Input Text" library="SeleniumLibrary">
<doc>Types the given ``text`` into the text field identified by ``locator``.</doc>
<arguments>
<arg>${TXT_OTP4}</arg>
<arg>${otp}[3]</arg>
</arguments>
<msg timestamp="20201116 15:28:00.715" level="INFO">Typing text '7' into text field 'xpath://*[@class='digits my-4']/input[4]'.</msg>
<status status="PASS" starttime="20201116 15:28:00.715" endtime="20201116 15:28:00.837"></status>
</kw>
<status status="PASS" starttime="20201116 15:28:00.141" endtime="20201116 15:28:00.837"></status>
</kw>
<status status="PASS" starttime="20201116 15:28:00.140" endtime="20201116 15:28:00.837"></status>
</kw>
<kw name="Then User sign up success to new order screen" library="SignUpDF">
<arguments>
<arg>SMEs</arg>
<arg>DRINK</arg>
<arg>CAFE</arg>
</arguments>
<kw name="Verify Title New Order" library="NewOrderPage">
<kw name="Element Text Should Be" library="SeleniumLibrary">
<doc>Verifies that element ``locator`` contains exact the text ``expected``.</doc>
<arguments>
<arg>${LBL_TITLE}</arg>
<arg>Đơn hàng mới</arg>
</arguments>
<msg timestamp="20201116 15:28:00.840" level="INFO">Verifying element 'xpath://*[@class='new-order__form__title']' contains exact text 'Đơn hàng mới'.</msg>
<status status="PASS" starttime="20201116 15:28:00.840" endtime="20201116 15:28:00.886"></status>
</kw>
<status status="PASS" starttime="20201116 15:28:00.839" endtime="20201116 15:28:00.887"></status>
</kw>
<kw name="Verify User Info" library="SignUpPage">
<arguments>
<arg>${user_type}</arg>
<arg>${cat}</arg>
<arg>${subcat}</arg>
</arguments>
<kw name="Get User Info When Sign Up" library="UserDB">
<arguments>
<arg>${data_info}[2]</arg>
</arguments>
<assign>
<var>@{user_info}</var>
</assign>
<kw name="Get Records" library="MongoDB">
<arguments>
<arg>ahamove</arg>
<arg>user</arg>
<arg>{"_id": "${id}"}</arg>
</arguments>
<assign>
<var>&amp;{user_info}</var>
</assign>
<kw name="Connect To Mongodb" library="MongoDBLibrary">
<doc>Loads pymongo and connects to the MongoDB host using parameters submitted.</doc>
<arguments>
<arg>${HOST.${DB_ENV}}</arg>
<arg>${27017}</arg>
</arguments>
<status status="PASS" starttime="20201116 15:28:00.890" endtime="20201116 15:28:01.090"></status>
</kw>
<kw name="Retrieve Some Mongodb Records" library="MongoDBLibrary">
<doc>Retrieve some of the records from a given MongoDB database collection
based on the JSON entered.
Returned value must be single quoted for comparison, otherwise you will
get a TypeError error.</doc>
<arguments>
<arg>${dbName}</arg>
<arg>${dbCollName}</arg>
<arg>${recordJSON}</arg>
<arg>True</arg>
</arguments>
<assign>
<var>@{allResults}</var>
</assign>
<msg timestamp="20201116 15:28:01.653" level="INFO">@{allResults} = [ {'_id': '84104290640', 'name': 'Rebecca Jordan', 'email': 'testuseraccount04290640@gmail.com', 'referral_code': '0104290640', 'country_code': 'VN', 'city_id': None, 'currency': 'VND', 'account_statu...</msg>
<status status="PASS" starttime="20201116 15:28:01.091" endtime="20201116 15:28:01.664"></status>
</kw>
<kw name="Set To Dictionary" library="Collections">
<doc>Adds the given ``key_value_pairs`` and ``items`` to the ``dictionary``.</doc>
<arguments>
<arg>@{allResults}</arg>
</arguments>
<assign>
<var>&amp;{dict}</var>
</assign>
<msg timestamp="20201116 15:28:01.666" level="INFO">&amp;{dict} = { _id=84104290640 | name=Rebecca Jordan | email=testuseraccount04290640@gmail.com | referral_code=0104290640 | country_code=VN | city_id=None | currency=VND | account_status=ACTIVATED | create_time=16...</msg>
<status status="PASS" starttime="20201116 15:28:01.665" endtime="20201116 15:28:01.666"></status>
</kw>
<kw name="Log" library="BuiltIn">
<doc>Logs the given message with the given level.</doc>
<arguments>
<arg>${dict}</arg>
</arguments>
<msg timestamp="20201116 15:28:01.666" level="INFO">{'_id': '84104290640', 'name': 'Rebecca Jordan', 'email': 'testuseraccount04290640@gmail.com', 'referral_code': '0104290640', 'country_code': 'VN', 'city_id': None, 'currency': 'VND', 'account_status': 'ACTIVATED', 'create_time': 1605515280.2062838, 'main_account': {}, 'bonus_account': {}, 'categories': [{'code': 'DRINK', 'child_code': ['CAFE']}], 'user_type': 'SMEs', 'activation_code': '4470', 'activation_time': 1605515880.2375422, 'activate_time': 1605515280.0, 'devices': [{'imei': 'web', 'push': 'web', 'type': 'web', 'time': 1605515280.0, 'app': 'AhaMove', 'fcm': True}], 'last_login': 1605515280.0, 'status': 'ONLINE'}</msg>
<status status="PASS" starttime="20201116 15:28:01.666" endtime="20201116 15:28:01.667"></status>
</kw>
<kw name="Disconnect From Mongodb" library="MongoDBLibrary">
<doc>Disconnects from the MongoDB server.</doc>
<status status="PASS" starttime="20201116 15:28:01.667" endtime="20201116 15:28:01.701"></status>
</kw>
<msg timestamp="20201116 15:28:01.701" level="INFO">&amp;{user_info} = { _id=84104290640 | name=Rebecca Jordan | email=testuseraccount04290640@gmail.com | referral_code=0104290640 | country_code=VN | city_id=None | currency=VND | account_status=ACTIVATED | create_time=16...</msg>
<status status="PASS" starttime="20201116 15:28:00.889" endtime="20201116 15:28:01.701"></status>
</kw>
<kw name="Create List" library="BuiltIn">
<doc>Returns a list containing given items.</doc>
<arguments>
<arg>${user_info._id}</arg>
<arg>${user_info.name}</arg>
<arg>${user_info.email}</arg>
<arg>${user_info.user_type}</arg>
<arg>${user_info.categories[0].code}</arg>
<arg>${user_info.categories[0].child_code[0]}</arg>
</arguments>
<assign>
<var>@{user_info}</var>
</assign>
<msg timestamp="20201116 15:28:01.703" level="INFO">@{user_info} = [ 84104290640 | Rebecca Jordan | testuseraccount04290640@gmail.com | SMEs | DRINK | CAFE ]</msg>
<status status="PASS" starttime="20201116 15:28:01.702" endtime="20201116 15:28:01.703"></status>
</kw>
<kw name="Log" library="BuiltIn">
<doc>Logs the given message with the given level.</doc>
<arguments>
<arg>${user_info}</arg>
</arguments>
<msg timestamp="20201116 15:28:01.704" level="INFO">['84104290640', 'Rebecca Jordan', 'testuseraccount04290640@gmail.com', 'SMEs', 'DRINK', 'CAFE']</msg>
<status status="PASS" starttime="20201116 15:28:01.703" endtime="20201116 15:28:01.704"></status>
</kw>
<msg timestamp="20201116 15:28:01.704" level="INFO">@{user_info} = [ 84104290640 | Rebecca Jordan | testuseraccount04290640@gmail.com | SMEs | DRINK | CAFE ]</msg>
<status status="PASS" starttime="20201116 15:28:00.888" endtime="20201116 15:28:01.704"></status>
</kw>
<kw name="Should Be Equal As Strings" library="BuiltIn">
<doc>Fails if objects are unequal after converting them to strings.</doc>
<arguments>
<arg>${data_info}[2]</arg>
<arg>${user_info}[0]</arg>
<arg>msg=Fail</arg>
</arguments>
<status status="PASS" starttime="20201116 15:28:01.704" endtime="20201116 15:28:01.705"></status>
</kw>
<kw name="Should Be Equal As Strings" library="BuiltIn">
<doc>Fails if objects are unequal after converting them to strings.</doc>
<arguments>
<arg>${data_info}[0]</arg>
<arg>${user_info}[1]</arg>
<arg>msg=Fail</arg>
</arguments>
<status status="PASS" starttime="20201116 15:28:01.705" endtime="20201116 15:28:01.706"></status>
</kw>
<kw name="Should Be Equal As Strings" library="BuiltIn">
<doc>Fails if objects are unequal after converting them to strings.</doc>
<arguments>
<arg>${data_info}[1]</arg>
<arg>${user_info}[2]</arg>
<arg>msg=Fail</arg>
</arguments>
<status status="PASS" starttime="20201116 15:28:01.706" endtime="20201116 15:28:01.708"></status>
</kw>
<kw name="Should Be Equal As Strings" library="BuiltIn">
<doc>Fails if objects are unequal after converting them to strings.</doc>
<arguments>
<arg>${user_type}</arg>
<arg>${user_info}[3]</arg>
<arg>msg=Fail</arg>
</arguments>
<status status="PASS" starttime="20201116 15:28:01.709" endtime="20201116 15:28:01.710"></status>
</kw>
<kw name="Should Be Equal As Strings" library="BuiltIn">
<doc>Fails if objects are unequal after converting them to strings.</doc>
<arguments>
<arg>${cat}</arg>
<arg>${user_info}[4]</arg>
<arg>msg=Fail</arg>
</arguments>
<status status="PASS" starttime="20201116 15:28:01.711" endtime="20201116 15:28:01.711"></status>
</kw>
<kw name="Should Be Equal As Strings" library="BuiltIn">
<doc>Fails if objects are unequal after converting them to strings.</doc>
<arguments>
<arg>${subcat}</arg>
<arg>${user_info}[5]</arg>
<arg>msg=Fail</arg>
</arguments>
<status status="PASS" starttime="20201116 15:28:01.712" endtime="20201116 15:28:01.713"></status>
</kw>
<kw name="Log" library="BuiltIn">
<doc>Logs the given message with the given level.</doc>
<arguments>
<arg>${user_info}</arg>
</arguments>
<msg timestamp="20201116 15:28:01.714" level="INFO">['84104290640', 'Rebecca Jordan', 'testuseraccount04290640@gmail.com', 'SMEs', 'DRINK', 'CAFE']</msg>
<status status="PASS" starttime="20201116 15:28:01.713" endtime="20201116 15:28:01.714"></status>
</kw>
<status status="PASS" starttime="20201116 15:28:00.887" endtime="20201116 15:28:01.714"></status>
</kw>
<status status="PASS" starttime="20201116 15:28:00.838" endtime="20201116 15:28:01.714"></status>
</kw>
<kw name="End Web Test" library="Common" type="teardown">
<kw name="Capture Page Screenshot" library="SeleniumLibrary">
<doc>Takes a screenshot of the current page and embeds it into a log file.</doc>
<arguments>
<arg>${EXECDIR}/Report/image/custom_name_{index}.png</arg>
</arguments>
<msg timestamp="20201116 15:28:02.140" level="INFO" html="yes">&lt;/td&gt;&lt;/tr&gt;&lt;tr&gt;&lt;td colspan="3"&gt;&lt;a href="image/custom_name_64.png"&gt;&lt;img src="image/custom_name_64.png" width="800px"&gt;&lt;/a&gt;</msg>
<status status="PASS" starttime="20201116 15:28:01.715" endtime="20201116 15:28:02.140"></status>
</kw>
<kw name="Close All Browsers" library="SeleniumLibrary">
<doc>Closes all open browsers and resets the browser cache.</doc>
<status status="PASS" starttime="20201116 15:28:02.141" endtime="20201116 15:28:02.218"></status>
</kw>
<status status="PASS" starttime="20201116 15:28:01.715" endtime="20201116 15:28:02.218"></status>
</kw>
<tags>
<tag>TC_signup_with_category_SMEs</tag>
</tags>
<status status="PASS" starttime="20201116 15:27:50.171" endtime="20201116 15:28:02.218" critical="yes"></status>
</test>
<test id="s1-t3" name="Verify That User Can Sign Up Success With Category Corporate">
<kw name="Begin Web Test" library="Common" type="setup">
<kw name="Open Browser" library="SeleniumLibrary">
<doc>Opens a new browser instance to the optional ``url``.</doc>
<arguments>
<arg>about:blank</arg>
<arg>${BROWSER}</arg>
</arguments>
<msg timestamp="20201116 15:28:02.222" level="INFO">Opening browser 'headlesschrome' to base url 'about:blank'.</msg>
<status status="PASS" starttime="20201116 15:28:02.221" endtime="20201116 15:28:03.700"></status>
</kw>
<kw name="Go To" library="SeleniumLibrary">
<doc>Navigates the current browser window to the provided ``url``.</doc>
<arguments>
<arg>${URL.${ENVIROMENT}}</arg>
</arguments>
<msg timestamp="20201116 15:28:03.702" level="INFO">Opening url 'https://appstg.ahamove.com'</msg>
<status status="PASS" starttime="20201116 15:28:03.701" endtime="20201116 15:28:06.428"></status>
</kw>
<kw name="Set Screenshot Directory" library="SeleniumLibrary">
<doc>Sets the directory for captured screenshots.</doc>
<arguments>
<arg>${EXECDIR}/Report/image</arg>
</arguments>
<status status="PASS" starttime="20201116 15:28:06.428" endtime="20201116 15:28:06.429"></status>
</kw>
<status status="PASS" starttime="20201116 15:28:02.221" endtime="20201116 15:28:06.429"></status>
</kw>
<kw name="Given User open app to sign up screen" library="SignUpDF">
<kw name="Click To Tap SignUp" library="SignInPage">
<kw name="Wait And Click" library="BasePage">
<arguments>
<arg>${TAB_SIGNUP}</arg>
</arguments>
<kw name="Wait Until Element Is Visible" library="SeleniumLibrary">
<doc>Waits until the element ``locator`` is visible.</doc>
<arguments>
<arg>${button}</arg>
<arg>25s</arg>
<arg>not found</arg>
</arguments>
<status status="PASS" starttime="20201116 15:28:06.430" endtime="20201116 15:28:06.450"></status>
</kw>
<kw name="Click Element" library="SeleniumLibrary">
<doc>Click the element identified by ``locator``.</doc>
<arguments>
<arg>${button}</arg>
</arguments>
<msg timestamp="20201116 15:28:06.451" level="INFO">Clicking element 'xpath://*[@class="ahamove-auth__methods"]/div[2]'.</msg>
<status status="PASS" starttime="20201116 15:28:06.451" endtime="20201116 15:28:06.578"></status>
</kw>
<status status="PASS" starttime="20201116 15:28:06.430" endtime="20201116 15:28:06.579"></status>
</kw>
<status status="PASS" starttime="20201116 15:28:06.430" endtime="20201116 15:28:06.579"></status>
</kw>
<status status="PASS" starttime="20201116 15:28:06.429" endtime="20201116 15:28:06.579"></status>
</kw>
<kw name="When User input success full all info" library="SignUpDF">
<kw name="Input User Info" library="SignUpPage">
<kw name="Fake Data Info" library="FakeData">
<assign>
<var>@{data_info}</var>
</assign>
<kw name="Name" library="FakerLibrary">
<doc>:example 'John Doe'</doc>
<assign>
<var>${user_name}</var>
</assign>
<msg timestamp="20201116 15:28:06.582" level="INFO">${user_name} = James Gill</msg>
<status status="PASS" starttime="20201116 15:28:06.581" endtime="20201116 15:28:06.583"></status>
</kw>
<kw name="Generate Random String" library="String">
<doc>Generates a string with a desired ``length`` from the given ``chars``.</doc>
<arguments>
<arg>8</arg>
<arg>[NUMBERS]</arg>
</arguments>
<assign>
<var>${random_num}</var>
</assign>
<msg timestamp="20201116 15:28:06.583" level="INFO">${random_num} = 60943083</msg>
<status status="PASS" starttime="20201116 15:28:06.583" endtime="20201116 15:28:06.583"></status>
</kw>
<kw name="Set Variable" library="BuiltIn">
<doc>Returns the given values which can then be assigned to a variables.</doc>
<arguments>
<arg>testuseraccount${random_num}@gmail.com</arg>
</arguments>
<assign>
<var>${user_email}</var>
</assign>
<msg timestamp="20201116 15:28:06.585" level="INFO">${user_email} = testuseraccount60943083@gmail.com</msg>
<status status="PASS" starttime="20201116 15:28:06.584" endtime="20201116 15:28:06.585"></status>
</kw>
<kw name="Set Variable" library="BuiltIn">
<doc>Returns the given values which can then be assigned to a variables.</doc>
<arguments>
<arg>841${random_num}</arg>
</arguments>
<assign>
<var>${user_phone}</var>
</assign>
<msg timestamp="20201116 15:28:06.585" level="INFO">${user_phone} = 84160943083</msg>
<status status="PASS" starttime="20201116 15:28:06.585" endtime="20201116 15:28:06.586"></status>
</kw>
<kw name="Create List" library="BuiltIn">
<doc>Returns a list containing given items.</doc>
<arguments>
<arg>${user_name}</arg>
<arg>${user_email}</arg>
<arg>${user_phone}</arg>
</arguments>
<assign>
<var>@{data_info}</var>
</assign>
<msg timestamp="20201116 15:28:06.586" level="INFO">@{data_info} = [ James Gill | testuseraccount60943083@gmail.com | 84160943083 ]</msg>
<status status="PASS" starttime="20201116 15:28:06.586" endtime="20201116 15:28:06.586"></status>
</kw>
<kw name="Log" library="BuiltIn">
<doc>Logs the given message with the given level.</doc>
<arguments>
<arg>${data_info}</arg>
</arguments>
<msg timestamp="20201116 15:28:06.587" level="INFO">['James Gill', 'testuseraccount60943083@gmail.com', '84160943083']</msg>
<status status="PASS" starttime="20201116 15:28:06.587" endtime="20201116 15:28:06.587"></status>
</kw>
<msg timestamp="20201116 15:28:06.588" level="INFO">@{data_info} = [ James Gill | testuseraccount60943083@gmail.com | 84160943083 ]</msg>
<status status="PASS" starttime="20201116 15:28:06.581" endtime="20201116 15:28:06.588"></status>
</kw>
<kw name="Set Suite Variable" library="BuiltIn">
<doc>Makes a variable available everywhere within the scope of the current suite.</doc>
<arguments>
<arg>@{data_info}</arg>
<arg>@{data_info}</arg>
</arguments>
<msg timestamp="20201116 15:28:06.589" level="INFO">@{data_info} = [ James Gill | testuseraccount60943083@gmail.com | 84160943083 ]</msg>
<status status="PASS" starttime="20201116 15:28:06.588" endtime="20201116 15:28:06.589"></status>
</kw>
<kw name="Wait And Input" library="BasePage">
<arguments>
<arg>${TXT_NAME}</arg>
<arg>${data_info}[0]</arg>
</arguments>
<kw name="Wait Until Element Is Visible" library="SeleniumLibrary">
<doc>Waits until the element ``locator`` is visible.</doc>
<arguments>
<arg>${textbox}</arg>
<arg>25s</arg>
<arg>Not found</arg>
</arguments>
<status status="PASS" starttime="20201116 15:28:06.590" endtime="20201116 15:28:06.616"></status>
</kw>
<kw name="Input Text" library="SeleniumLibrary">
<doc>Types the given ``text`` into the text field identified by ``locator``.</doc>
<arguments>
<arg>${textbox}</arg>
<arg>${data}</arg>
</arguments>
<msg timestamp="20201116 15:28:06.617" level="INFO">Typing text 'James Gill' into text field 'xpath://*[contains(@data-test-id,'signupName')]//input'.</msg>
<status status="PASS" starttime="20201116 15:28:06.616" endtime="20201116 15:28:06.781"></status>
</kw>
<status status="PASS" starttime="20201116 15:28:06.590" endtime="20201116 15:28:06.781"></status>
</kw>
<kw name="Wait And Input" library="BasePage">
<arguments>
<arg>${TXT_EMAIL}</arg>
<arg>${data_info}[1]</arg>
</arguments>
<kw name="Wait Until Element Is Visible" library="SeleniumLibrary">
<doc>Waits until the element ``locator`` is visible.</doc>
<arguments>
<arg>${textbox}</arg>
<arg>25s</arg>
<arg>Not found</arg>
</arguments>
<status status="PASS" starttime="20201116 15:28:06.782" endtime="20201116 15:28:06.797"></status>
</kw>
<kw name="Input Text" library="SeleniumLibrary">
<doc>Types the given ``text`` into the text field identified by ``locator``.</doc>
<arguments>
<arg>${textbox}</arg>
<arg>${data}</arg>
</arguments>
<msg timestamp="20201116 15:28:06.797" level="INFO">Typing text 'testuseraccount60943083@gmail.com' into text field 'xpath://*[contains(@data-test-id,'signupEmail')]//input'.</msg>
<status status="PASS" starttime="20201116 15:28:06.797" endtime="20201116 15:28:07.093"></status>
</kw>
<status status="PASS" starttime="20201116 15:28:06.781" endtime="20201116 15:28:07.094"></status>
</kw>
<kw name="Wait And Input" library="BasePage">
<arguments>
<arg>${TXT_PHONE_SIGNUP}</arg>
<arg>${data_info}[2]</arg>
</arguments>
<kw name="Wait Until Element Is Visible" library="SeleniumLibrary">
<doc>Waits until the element ``locator`` is visible.</doc>
<arguments>
<arg>${textbox}</arg>
<arg>25s</arg>
<arg>Not found</arg>
</arguments>
<status status="PASS" starttime="20201116 15:28:07.095" endtime="20201116 15:28:07.142"></status>
</kw>
<kw name="Input Text" library="SeleniumLibrary">
<doc>Types the given ``text`` into the text field identified by ``locator``.</doc>
<arguments>
<arg>${textbox}</arg>
<arg>${data}</arg>
</arguments>
<msg timestamp="20201116 15:28:07.142" level="INFO">Typing text '84160943083' into text field 'xpath://*[contains(@data-test-id,'signupPhone')]//input'.</msg>
<status status="PASS" starttime="20201116 15:28:07.142" endtime="20201116 15:28:07.279"></status>
</kw>
<status status="PASS" starttime="20201116 15:28:07.094" endtime="20201116 15:28:07.279"></status>
</kw>
<status status="PASS" starttime="20201116 15:28:06.580" endtime="20201116 15:28:07.279"></status>
</kw>
<status status="PASS" starttime="20201116 15:28:06.580" endtime="20201116 15:28:07.279"></status>
</kw>
<kw name="And User choosing category is Corporate" library="SignUpDF">
<arguments>
<arg>Corporation</arg>
<arg>OTHER</arg>
<arg>CONVENIENCE STORES</arg>
<arg>vi</arg>
</arguments>
<kw name="Click Menu Category" library="SignUpPage">
<kw name="Wait And Click" library="BasePage">
<arguments>
<arg>${MNU_CAT}</arg>
</arguments>
<kw name="Wait Until Element Is Visible" library="SeleniumLibrary">
<doc>Waits until the element ``locator`` is visible.</doc>
<arguments>
<arg>${button}</arg>
<arg>25s</arg>
<arg>not found</arg>
</arguments>
<status status="PASS" starttime="20201116 15:28:07.281" endtime="20201116 15:28:07.297"></status>
</kw>
<kw name="Click Element" library="SeleniumLibrary">
<doc>Click the element identified by ``locator``.</doc>
<arguments>
<arg>${button}</arg>
</arguments>
<msg timestamp="20201116 15:28:07.297" level="INFO">Clicking element 'xpath://*[@class='category__label__content-placeholder']'.</msg>
<status status="PASS" starttime="20201116 15:28:07.297" endtime="20201116 15:28:07.448"></status>
</kw>
<status status="PASS" starttime="20201116 15:28:07.280" endtime="20201116 15:28:07.448"></status>
</kw>
<status status="PASS" starttime="20201116 15:28:07.280" endtime="20201116 15:28:07.449"></status>
</kw>
<kw name="Choose Category Corporate" library="CategoryPage">
<arguments>
<arg>${type}</arg>
<arg>${category}</arg>
<arg>${sub_cat}</arg>
<arg>${lang}</arg>
</arguments>
<kw name="Wait And Click" library="BasePage">
<arguments>
<arg>${BTN_CORPORATE}</arg>
</arguments>
<kw name="Wait Until Element Is Visible" library="SeleniumLibrary">
<doc>Waits until the element ``locator`` is visible.</doc>
<arguments>
<arg>${button}</arg>
<arg>25s</arg>
<arg>not found</arg>
</arguments>
<status status="PASS" starttime="20201116 15:28:07.451" endtime="20201116 15:28:07.490"></status>
</kw>
<kw name="Click Element" library="SeleniumLibrary">
<doc>Click the element identified by ``locator``.</doc>
<arguments>
<arg>${button}</arg>
</arguments>
<msg timestamp="20201116 15:28:07.491" level="INFO">Clicking element 'xpath://*[@class='business__types']/div[3]'.</msg>
<status status="PASS" starttime="20201116 15:28:07.491" endtime="20201116 15:28:07.704"></status>
</kw>
<status status="PASS" starttime="20201116 15:28:07.450" endtime="20201116 15:28:07.705"></status>
</kw>
<kw name="Get Category Name" library="User_categoryDB">
<arguments>
<arg>${category}</arg>
<arg>${type}</arg>
<arg>${lang}</arg>
</arguments>
<assign>
<var>${txt_cat}</var>
</assign>
<kw name="Get Field" library="MongoDB">
<arguments>
<arg>masterdata</arg>
<arg>user_category</arg>
<arg>{"code":"${category_code}","type":"${type}"}</arg>
<arg>name</arg>
</arguments>
<assign>
<var>${user_type}</var>
</assign>
<kw name="Connect To Mongodb" library="MongoDBLibrary">
<doc>Loads pymongo and connects to the MongoDB host using parameters submitted.</doc>
<arguments>
<arg>${HOST.${DB_ENV}}</arg>
<arg>${27017}</arg>
</arguments>
<status status="PASS" starttime="20201116 15:28:07.706" endtime="20201116 15:28:08.158"></status>
</kw>
<kw name="Retrieve Mongodb Records With Desired Fields" library="MongoDBLibrary">
<doc>Retrieves from a document(s) the desired projection. In a sql terms: select a and b from table;
For more details about querying records from Mongodb and comparison to sql see the
[http://docs.mongodb.org/manual/reference/sql-comparison|Mongodb]
documentation.</doc>
<arguments>
<arg>${dbName}</arg>
<arg>${dbCollName}</arg>
<arg>${recordJSON}</arg>
<arg>${recordField}</arg>
<arg>True</arg>
<arg>True</arg>
</arguments>
<assign>
<var>@{allResults}</var>
</assign>
<msg timestamp="20201116 15:28:09.164" level="INFO">@{allResults} = [ {'_id': ObjectId('5eb0eae78c34723f2f6ffce3'), 'name': {'en': 'Other', 'vi': 'Khác'}} ]</msg>
<status status="PASS" starttime="20201116 15:28:08.159" endtime="20201116 15:28:09.164"></status>
</kw>
<kw name="Log" library="BuiltIn">
<doc>Logs the given message with the given level.</doc>
<arguments>
<arg>${allResults}</arg>
</arguments>
<msg timestamp="20201116 15:28:09.164" level="INFO">[{'_id': ObjectId('5eb0eae78c34723f2f6ffce3'), 'name': {'en': 'Other', 'vi': 'Khác'}}]</msg>
<status status="PASS" starttime="20201116 15:28:09.164" endtime="20201116 15:28:09.165"></status>
</kw>
<kw name="Set To Dictionary" library="Collections">
<doc>Adds the given ``key_value_pairs`` and ``items`` to the ``dictionary``.</doc>
<arguments>
<arg>@{allResults}</arg>
</arguments>
<assign>
<var>&amp;{dict}</var>
</assign>
<msg timestamp="20201116 15:28:09.165" level="INFO">&amp;{dict} = { _id=5eb0eae78c34723f2f6ffce3 | name={'en': 'Other', 'vi': 'Khác'} }</msg>
<status status="PASS" starttime="20201116 15:28:09.165" endtime="20201116 15:28:09.165"></status>
</kw>
<kw name="Disconnect From Mongodb" library="MongoDBLibrary">
<doc>Disconnects from the MongoDB server.</doc>
<status status="PASS" starttime="20201116 15:28:09.166" endtime="20201116 15:28:09.254"></status>
</kw>
<msg timestamp="20201116 15:28:09.254" level="INFO">${user_type} = {'_id': ObjectId('5eb0eae78c34723f2f6ffce3'), 'name': {'en': 'Other', 'vi': 'Khác'}}</msg>
<status status="PASS" starttime="20201116 15:28:07.705" endtime="20201116 15:28:09.255"></status>
</kw>
<kw name="Log" library="BuiltIn">
<doc>Logs the given message with the given level.</doc>
<arguments>
<arg>${user_type.name.${language}}</arg>
</arguments>
<msg timestamp="20201116 15:28:09.255" level="INFO">Khác</msg>
<status status="PASS" starttime="20201116 15:28:09.255" endtime="20201116 15:28:09.255"></status>
</kw>
<msg timestamp="20201116 15:28:09.256" level="INFO">${txt_cat} = Khác</msg>
<status status="PASS" starttime="20201116 15:28:07.705" endtime="20201116 15:28:09.256"></status>
</kw>
<kw name="Wait And Click" library="BasePage">
<arguments>
<arg>xpath://*[@class='select-category-group']/*[contains(text(),'${txt_cat}')]</arg>
</arguments>
<kw name="Wait Until Element Is Visible" library="SeleniumLibrary">
<doc>Waits until the element ``locator`` is visible.</doc>
<arguments>
<arg>${button}</arg>
[...]
<kw name="Capture Page Screenshot" library="SeleniumLibrary">
<doc>Takes a screenshot of the current page and embeds it into a log file.</doc>
<arguments>
<arg>${EXECDIR}/Report/image/custom_name_{index}.png</arg>
</arguments>
<msg timestamp="20201116 15:28:58.907" level="INFO" html="yes">&lt;/td&gt;&lt;/tr&gt;&lt;tr&gt;&lt;td colspan="3"&gt;&lt;a href="image/custom_name_70.png"&gt;&lt;img src="image/custom_name_70.png" width="800px"&gt;&lt;/a&gt;</msg>
<status status="PASS" starttime="20201116 15:28:58.510" endtime="20201116 15:28:58.907"></status>
</kw>
<kw name="Close All Browsers" library="SeleniumLibrary">
<doc>Closes all open browsers and resets the browser cache.</doc>
<status status="PASS" starttime="20201116 15:28:58.907" endtime="20201116 15:28:58.984"></status>
</kw>
<status status="PASS" starttime="20201116 15:28:58.509" endtime="20201116 15:28:58.985"></status>
</kw>
<tags>
<tag>TC_signup_with_exist_email</tag>
</tags>
<status status="PASS" starttime="20201116 15:28:51.422" endtime="20201116 15:28:58.985" critical="yes"></status>
</test>
<test id="s1-t9" name="Verify That User Can't Sign Up When Not Input Request Info">
<kw name="Begin Web Test" library="Common" type="setup">
<kw name="Open Browser" library="SeleniumLibrary">
<doc>Opens a new browser instance to the optional ``url``.</doc>
<arguments>
<arg>about:blank</arg>
<arg>${BROWSER}</arg>
</arguments>
<msg timestamp="20201116 15:28:58.987" level="INFO">Opening browser 'headlesschrome' to base url 'about:blank'.</msg>
<status status="PASS" starttime="20201116 15:28:58.987" endtime="20201116 15:29:00.440"></status>
</kw>
<kw name="Go To" library="SeleniumLibrary">
<doc>Navigates the current browser window to the provided ``url``.</doc>
<arguments>
<arg>${URL.${ENVIROMENT}}</arg>
</arguments>
<msg timestamp="20201116 15:29:00.441" level="INFO">Opening url 'https://appstg.ahamove.com'</msg>
<status status="PASS" starttime="20201116 15:29:00.440" endtime="20201116 15:29:03.508"></status>
</kw>
<kw name="Set Screenshot Directory" library="SeleniumLibrary">
<doc>Sets the directory for captured screenshots.</doc>
<arguments>
<arg>${EXECDIR}/Report/image</arg>
</arguments>
<status status="PASS" starttime="20201116 15:29:03.509" endtime="20201116 15:29:03.509"></status>
</kw>
<status status="PASS" starttime="20201116 15:28:58.987" endtime="20201116 15:29:03.510"></status>
</kw>
<kw name="Given User open app to sign up screen" library="SignUpDF">
<kw name="Click To Tap SignUp" library="SignInPage">
<kw name="Wait And Click" library="BasePage">
<arguments>
<arg>${TAB_SIGNUP}</arg>
</arguments>
<kw name="Wait Until Element Is Visible" library="SeleniumLibrary">
<doc>Waits until the element ``locator`` is visible.</doc>
<arguments>
<arg>${button}</arg>
<arg>25s</arg>
<arg>not found</arg>
</arguments>
<status status="PASS" starttime="20201116 15:29:03.512" endtime="20201116 15:29:03.533"></status>
</kw>
<kw name="Click Element" library="SeleniumLibrary">
<doc>Click the element identified by ``locator``.</doc>
<arguments>
<arg>${button}</arg>
</arguments>
<msg timestamp="20201116 15:29:03.534" level="INFO">Clicking element 'xpath://*[@class="ahamove-auth__methods"]/div[2]'.</msg>
<status status="PASS" starttime="20201116 15:29:03.533" endtime="20201116 15:29:03.672"></status>
</kw>
<status status="PASS" starttime="20201116 15:29:03.511" endtime="20201116 15:29:03.672"></status>
</kw>
<status status="PASS" starttime="20201116 15:29:03.511" endtime="20201116 15:29:03.673"></status>
</kw>
<status status="PASS" starttime="20201116 15:29:03.511" endtime="20201116 15:29:03.673"></status>
</kw>
<kw name="When User click to Sign Up button" library="SignUpDF">
<kw name="Click Button Sign Up" library="SignUpPage">
<kw name="Click Button" library="SeleniumLibrary">
<doc>Clicks the button identified by ``locator``.</doc>
<arguments>
<arg>${BTN_SIGNUP}</arg>
</arguments>
<msg timestamp="20201116 15:29:03.675" level="INFO">Clicking button 'xpath://*[@class='mt-4 submit-signup v-btn v-btn--block v-btn--large v-btn--depressed theme--light accent']'.</msg>
<status status="PASS" starttime="20201116 15:29:03.674" endtime="20201116 15:29:03.758"></status>
</kw>
<status status="PASS" starttime="20201116 15:29:03.674" endtime="20201116 15:29:03.758"></status>
</kw>
<status status="PASS" starttime="20201116 15:29:03.673" endtime="20201116 15:29:03.758"></status>
</kw>
<kw name="Then Show error message need to input at require field" library="SignUpDF">
<kw name="Show Error Message Blank Name" library="SignUpPage">
<kw name="Wait visible" library="BasePage">
<arguments>
<arg>${ERR_BLANK_NAME}</arg>
</arguments>
<kw name="Wait Until Element Is Visible" library="SeleniumLibrary">
<doc>Waits until the element ``locator`` is visible.</doc>
<arguments>
<arg>${element}</arg>
<arg>25s</arg>
<arg>not found</arg>
</arguments>
<status status="PASS" starttime="20201116 15:29:03.759" endtime="20201116 15:29:03.781"></status>
</kw>
<status status="PASS" starttime="20201116 15:29:03.759" endtime="20201116 15:29:03.781"></status>
</kw>
<status status="PASS" starttime="20201116 15:29:03.759" endtime="20201116 15:29:03.782"></status>
</kw>
<kw name="Show Error Message Blank Email" library="SignUpPage">
<kw name="Wait visible" library="BasePage">
<arguments>
<arg>${ERR_BLANK_EMAIL}</arg>
</arguments>
<kw name="Wait Until Element Is Visible" library="SeleniumLibrary">
<doc>Waits until the element ``locator`` is visible.</doc>
<arguments>
<arg>${element}</arg>
<arg>25s</arg>
<arg>not found</arg>
</arguments>
<status status="PASS" starttime="20201116 15:29:03.782" endtime="20201116 15:29:03.811"></status>
</kw>
<status status="PASS" starttime="20201116 15:29:03.782" endtime="20201116 15:29:03.811"></status>
</kw>
<status status="PASS" starttime="20201116 15:29:03.782" endtime="20201116 15:29:03.811"></status>
</kw>
<kw name="Show Error Message Blank Phone" library="SignUpPage">
<kw name="Wait visible" library="BasePage">
<arguments>
<arg>${ERR_BLANK_PHONE}</arg>
</arguments>
<kw name="Wait Until Element Is Visible" library="SeleniumLibrary">
<doc>Waits until the element ``locator`` is visible.</doc>
<arguments>
<arg>${element}</arg>
<arg>25s</arg>
<arg>not found</arg>
</arguments>
<status status="PASS" starttime="20201116 15:29:03.812" endtime="20201116 15:29:03.829"></status>
</kw>
<status status="PASS" starttime="20201116 15:29:03.812" endtime="20201116 15:29:03.829"></status>
</kw>
<status status="PASS" starttime="20201116 15:29:03.812" endtime="20201116 15:29:03.829"></status>
</kw>
<kw name="Show Error Message Blank Category" library="SignUpPage">
<kw name="Wait visible" library="BasePage">
<arguments>
<arg>${ERR_BLANK_CAT}</arg>
</arguments>
<kw name="Wait Until Element Is Visible" library="SeleniumLibrary">
<doc>Waits until the element ``locator`` is visible.</doc>
<arguments>
<arg>${element}</arg>
<arg>25s</arg>
<arg>not found</arg>
</arguments>
<status status="PASS" starttime="20201116 15:29:03.830" endtime="20201116 15:29:03.846"></status>
</kw>
<status status="PASS" starttime="20201116 15:29:03.830" endtime="20201116 15:29:03.846"></status>
</kw>
<status status="PASS" starttime="20201116 15:29:03.829" endtime="20201116 15:29:03.846"></status>
</kw>
<status status="PASS" starttime="20201116 15:29:03.758" endtime="20201116 15:29:03.846"></status>
</kw>
<kw name="End Web Test" library="Common" type="teardown">
<kw name="Capture Page Screenshot" library="SeleniumLibrary">
<doc>Takes a screenshot of the current page and embeds it into a log file.</doc>
<arguments>
<arg>${EXECDIR}/Report/image/custom_name_{index}.png</arg>
</arguments>
<msg timestamp="20201116 15:29:04.252" level="INFO" html="yes">&lt;/td&gt;&lt;/tr&gt;&lt;tr&gt;&lt;td colspan="3"&gt;&lt;a href="image/custom_name_71.png"&gt;&lt;img src="image/custom_name_71.png" width="800px"&gt;&lt;/a&gt;</msg>
<status status="PASS" starttime="20201116 15:29:03.847" endtime="20201116 15:29:04.253"></status>
</kw>
<kw name="Close All Browsers" library="SeleniumLibrary">
<doc>Closes all open browsers and resets the browser cache.</doc>
<status status="PASS" starttime="20201116 15:29:04.253" endtime="20201116 15:29:04.328"></status>
</kw>
<status status="PASS" starttime="20201116 15:29:03.846" endtime="20201116 15:29:04.328"></status>
</kw>
<tags>
<tag>TC_signup_when_not_input_request_info</tag>
</tags>
<status status="PASS" starttime="20201116 15:28:58.986" endtime="20201116 15:29:04.328" critical="yes"></status>
</test>
<test id="s1-t10" name="Verify That User Can't Sign Up When Input Invalid Infomation">
<kw name="Begin Web Test" library="Common" type="setup">
<kw name="Open Browser" library="SeleniumLibrary">
<doc>Opens a new browser instance to the optional ``url``.</doc>
<arguments>
<arg>about:blank</arg>
<arg>${BROWSER}</arg>
</arguments>
<msg timestamp="20201116 15:29:04.330" level="INFO">Opening browser 'headlesschrome' to base url 'about:blank'.</msg>
<status status="PASS" starttime="20201116 15:29:04.330" endtime="20201116 15:29:05.764"></status>
</kw>
<kw name="Go To" library="SeleniumLibrary">
<doc>Navigates the current browser window to the provided ``url``.</doc>
<arguments>
<arg>${URL.${ENVIROMENT}}</arg>
</arguments>
<msg timestamp="20201116 15:29:05.765" level="INFO">Opening url 'https://appstg.ahamove.com'</msg>
<status status="PASS" starttime="20201116 15:29:05.765" endtime="20201116 15:29:08.439"></status>
</kw>
<kw name="Set Screenshot Directory" library="SeleniumLibrary">
<doc>Sets the directory for captured screenshots.</doc>
<arguments>
<arg>${EXECDIR}/Report/image</arg>
</arguments>
<status status="PASS" starttime="20201116 15:29:08.439" endtime="20201116 15:29:08.440"></status>
</kw>
<status status="PASS" starttime="20201116 15:29:04.329" endtime="20201116 15:29:08.440"></status>
</kw>
<kw name="Given User open app to sign up screen" library="SignUpDF">
<kw name="Click To Tap SignUp" library="SignInPage">
<kw name="Wait And Click" library="BasePage">
<arguments>
<arg>${TAB_SIGNUP}</arg>
</arguments>
<kw name="Wait Until Element Is Visible" library="SeleniumLibrary">
<doc>Waits until the element ``locator`` is visible.</doc>
<arguments>
<arg>${button}</arg>
<arg>25s</arg>
<arg>not found</arg>
</arguments>
<status status="PASS" starttime="20201116 15:29:08.441" endtime="20201116 15:29:08.464"></status>
</kw>
<kw name="Click Element" library="SeleniumLibrary">
<doc>Click the element identified by ``locator``.</doc>
<arguments>
<arg>${button}</arg>
</arguments>
<msg timestamp="20201116 15:29:08.465" level="INFO">Clicking element 'xpath://*[@class="ahamove-auth__methods"]/div[2]'.</msg>
<status status="PASS" starttime="20201116 15:29:08.465" endtime="20201116 15:29:08.608"></status>
</kw>
<status status="PASS" starttime="20201116 15:29:08.441" endtime="20201116 15:29:08.608"></status>
</kw>
<status status="PASS" starttime="20201116 15:29:08.441" endtime="20201116 15:29:08.608"></status>
</kw>
<status status="PASS" starttime="20201116 15:29:08.440" endtime="20201116 15:29:08.608"></status>
</kw>
<kw name="When User input all invalid info" library="SignUpDF">
<arguments>
<arg>a</arg>
<arg>b</arg>
<arg>c</arg>
</arguments>
<kw name="Input Name" library="SignUpPage">
<arguments>
<arg>${name}</arg>
</arguments>
<kw name="Wait And Input" library="BasePage">
<arguments>
<arg>${TXT_NAME}</arg>
<arg>${name}</arg>
</arguments>
<kw name="Wait Until Element Is Visible" library="SeleniumLibrary">
<doc>Waits until the element ``locator`` is visible.</doc>
<arguments>
<arg>${textbox}</arg>
<arg>25s</arg>
<arg>Not found</arg>
</arguments>
<status status="PASS" starttime="20201116 15:29:08.610" endtime="20201116 15:29:08.629"></status>
</kw>
<kw name="Input Text" library="SeleniumLibrary">
<doc>Types the given ``text`` into the text field identified by ``locator``.</doc>
<arguments>
<arg>${textbox}</arg>
<arg>${data}</arg>
</arguments>
<msg timestamp="20201116 15:29:08.630" level="INFO">Typing text 'a' into text field 'xpath://*[contains(@data-test-id,'signupName')]//input'.</msg>
<status status="PASS" starttime="20201116 15:29:08.630" endtime="20201116 15:29:08.731"></status>
</kw>
<status status="PASS" starttime="20201116 15:29:08.609" endtime="20201116 15:29:08.731"></status>
</kw>
<status status="PASS" starttime="20201116 15:29:08.609" endtime="20201116 15:29:08.731"></status>
</kw>
<kw name="Input Email" library="SignUpPage">
<arguments>
<arg>${email}</arg>
</arguments>
<kw name="Wait And Input" library="BasePage">
<arguments>
<arg>${TXT_EMAIL}</arg>
<arg>${email}</arg>
</arguments>
<kw name="Wait Until Element Is Visible" library="SeleniumLibrary">
<doc>Waits until the element ``locator`` is visible.</doc>
<arguments>
<arg>${textbox}</arg>
<arg>25s</arg>
<arg>Not found</arg>
</arguments>
<status status="PASS" starttime="20201116 15:29:08.733" endtime="20201116 15:29:08.751"></status>
</kw>
<kw name="Input Text" library="SeleniumLibrary">
<doc>Types the given ``text`` into the text field identified by ``locator``.</doc>
<arguments>
<arg>${textbox}</arg>
<arg>${data}</arg>
</arguments>
<msg timestamp="20201116 15:29:08.751" level="INFO">Typing text 'b' into text field 'xpath://*[contains(@data-test-id,'signupEmail')]//input'.</msg>
<status status="PASS" starttime="20201116 15:29:08.751" endtime="20201116 15:29:08.858"></status>
</kw>
<status status="PASS" starttime="20201116 15:29:08.732" endtime="20201116 15:29:08.858"></status>
</kw>
<status status="PASS" starttime="20201116 15:29:08.732" endtime="20201116 15:29:08.859"></status>
</kw>
<kw name="Input Phone" library="SignUpPage">
<arguments>
<arg>${phone}</arg>
</arguments>
<kw name="Wait And Input" library="BasePage">
<arguments>
<arg>${TXT_PHONE_SIGNUP}</arg>
<arg>${phone}</arg>
</arguments>
<kw name="Wait Until Element Is Visible" library="SeleniumLibrary">
<doc>Waits until the element ``locator`` is visible.</doc>
<arguments>
<arg>${textbox}</arg>
<arg>25s</arg>
<arg>Not found</arg>
</arguments>
<status status="PASS" starttime="20201116 15:29:08.859" endtime="20201116 15:29:08.879"></status>
</kw>
<kw name="Input Text" library="SeleniumLibrary">
<doc>Types the given ``text`` into the text field identified by ``locator``.</doc>
<arguments>
<arg>${textbox}</arg>
<arg>${data}</arg>
</arguments>
<msg timestamp="20201116 15:29:08.880" level="INFO">Typing text 'c' into text field 'xpath://*[contains(@data-test-id,'signupPhone')]//input'.</msg>
<status status="PASS" starttime="20201116 15:29:08.879" endtime="20201116 15:29:08.962"></status>
</kw>
<status status="PASS" starttime="20201116 15:29:08.859" endtime="20201116 15:29:08.963"></status>
</kw>
<status status="PASS" starttime="20201116 15:29:08.859" endtime="20201116 15:29:08.963"></status>
</kw>
<status status="PASS" starttime="20201116 15:29:08.608" endtime="20201116 15:29:08.963"></status>
</kw>
<kw name="Then Show error message invalid info at require field" library="SignUpDF">
<kw name="Show Error Message Invalid Name" library="SignUpPage">
<kw name="Wait visible" library="BasePage">
<arguments>
<arg>${ERR_INVALID_NAME}</arg>
</arguments>
<kw name="Wait Until Element Is Visible" library="SeleniumLibrary">
<doc>Waits until the element ``locator`` is visible.</doc>
<arguments>
<arg>${element}</arg>
<arg>25s</arg>
<arg>not found</arg>
</arguments>
<status status="PASS" starttime="20201116 15:29:08.964" endtime="20201116 15:29:08.990"></status>
</kw>
<status status="PASS" starttime="20201116 15:29:08.964" endtime="20201116 15:29:08.991"></status>
</kw>
<status status="PASS" starttime="20201116 15:29:08.963" endtime="20201116 15:29:08.991"></status>
</kw>
<kw name="Show Error Message Invalid Email" library="SignUpPage">
<kw name="Wait visible" library="BasePage">
<arguments>
<arg>${ERR_INVALID_EMAIL}</arg>
</arguments>
<kw name="Wait Until Element Is Visible" library="SeleniumLibrary">
<doc>Waits until the element ``locator`` is visible.</doc>
<arguments>
<arg>${element}</arg>
<arg>25s</arg>
<arg>not found</arg>
</arguments>
<status status="PASS" starttime="20201116 15:29:08.991" endtime="20201116 15:29:09.041"></status>
</kw>
<status status="PASS" starttime="20201116 15:29:08.991" endtime="20201116 15:29:09.041"></status>
</kw>
<status status="PASS" starttime="20201116 15:29:08.991" endtime="20201116 15:29:09.042"></status>
</kw>
<kw name="Show Error Message Invalid Phone" library="SignUpPage">
<kw name="Wait visible" library="BasePage">
<arguments>
<arg>${ERR_INVALID_PHONE}</arg>
</arguments>
<kw name="Wait Until Element Is Visible" library="SeleniumLibrary">
<doc>Waits until the element ``locator`` is visible.</doc>
<arguments>
<arg>${element}</arg>
<arg>25s</arg>
<arg>not found</arg>
</arguments>
<status status="PASS" starttime="20201116 15:29:09.042" endtime="20201116 15:29:09.078"></status>
</kw>
<status status="PASS" starttime="20201116 15:29:09.042" endtime="20201116 15:29:09.078"></status>
</kw>
<status status="PASS" starttime="20201116 15:29:09.042" endtime="20201116 15:29:09.078"></status>
</kw>
<status status="PASS" starttime="20201116 15:29:08.963" endtime="20201116 15:29:09.079"></status>
</kw>
<kw name="And SignUp button is disable" library="SignUpDF">
<kw name="Button SignUp Is Disable" library="SignUpPage">
<kw name="Element Should Be Visible" library="SeleniumLibrary">
<doc>Verifies that the element identified by ``locator`` is visible.</doc>
<arguments>
<arg>${BTN_SIGNUP_DISABLE}</arg>
</arguments>
<msg timestamp="20201116 15:29:09.102" level="INFO">Element 'xpath://*[@class='mt-4 submit-signup v-btn v-btn--block v-btn--disabled v-btn--large v-btn--depressed theme--light accent--text']' is displayed.</msg>
<status status="PASS" starttime="20201116 15:29:09.079" endtime="20201116 15:29:09.102"></status>
</kw>
<status status="PASS" starttime="20201116 15:29:09.079" endtime="20201116 15:29:09.103"></status>
</kw>
<status status="PASS" starttime="20201116 15:29:09.079" endtime="20201116 15:29:09.103"></status>
</kw>
<kw name="End Web Test" library="Common" type="teardown">
<kw name="Capture Page Screenshot" library="SeleniumLibrary">
<doc>Takes a screenshot of the current page and embeds it into a log file.</doc>
<arguments>
<arg>${EXECDIR}/Report/image/custom_name_{index}.png</arg>
</arguments>
<msg timestamp="20201116 15:29:09.520" level="INFO" html="yes">&lt;/td&gt;&lt;/tr&gt;&lt;tr&gt;&lt;td colspan="3"&gt;&lt;a href="image/custom_name_72.png"&gt;&lt;img src="image/custom_name_72.png" width="800px"&gt;&lt;/a&gt;</msg>
<status status="PASS" starttime="20201116 15:29:09.103" endtime="20201116 15:29:09.521"></status>
</kw>
<kw name="Close All Browsers" library="SeleniumLibrary">
<doc>Closes all open browsers and resets the browser cache.</doc>
<status status="PASS" starttime="20201116 15:29:09.521" endtime="20201116 15:29:09.598"></status>
</kw>
<status status="PASS" starttime="20201116 15:29:09.103" endtime="20201116 15:29:09.598"></status>
</kw>
<tags>
<tag>TC_signup_with_invalid_infomation</tag>
</tags>
<status status="PASS" starttime="20201116 15:29:04.329" endtime="20201116 15:29:09.598" critical="yes"></status>
</test>
<status status="FAIL" starttime="20201116 15:27:39.277" endtime="20201116 15:29:09.600"></status>
</suite>
<statistics>
<total>
<stat pass="9" fail="1">Critical Tests</stat>
<stat pass="9" fail="1">All Tests</stat>
</total>
<tag>
<stat pass="1" fail="0">TC_signup_when_not_input_request_info</stat>
<stat pass="1" fail="0">TC_signup_with_category_Corporate</stat>
<stat pass="1" fail="0">TC_signup_with_category_Individual</stat>
<stat pass="1" fail="0">TC_signup_with_category_SMEs</stat>
<stat pass="1" fail="0">TC_signup_with_exist_email</stat>
<stat pass="0" fail="1">TC_signup_with_exist_phone</stat>
<stat pass="1" fail="0">TC_signup_with_invalid_infomation</stat>
<stat pass="1" fail="0">TC_signup_with_invalid_OTP</stat>
<stat pass="1" fail="0">TC_sign_up_with_invalid_referral_code</stat>
<stat pass="1" fail="0">TC_sign_up_with_valid_referral_code</stat>
</tag>
<suite>
<stat pass="9" fail="1" id="s1" name="SignUp">SignUp</stat>
</suite>
</statistics>
<errors>
</errors>
</robot>
