<?xml version="1.0" encoding="UTF-8"?>
<robot generator="Robot 3.2.2 (Python 3.8.5 on darwin)" generated="20201228 17:17:07.472" rpa="false">
<suite id="s1" name="Category" source="/Users/mac/Desktop/Ahamove/TestCase/BeforeBooking/Category.robot">
<test id="s1-t1" name="Verify that save category success when input other category">
<kw name="Begin Web Test" library="Common" type="setup">
<kw name="Open Browser" library="SeleniumLibrary">
<doc>Opens a new browser instance to the optional ``url``.</doc>
<arguments>
<arg>about:blank</arg>
<arg>${BROWSER}</arg>
</arguments>
<msg timestamp="20201228 17:17:08.598" level="INFO">Opening browser 'chrome' to base url 'about:blank'.</msg>
<status status="PASS" starttime="20201228 17:17:08.598" endtime="20201228 17:17:10.910"></status>
</kw>
<kw name="Go To" library="SeleniumLibrary">
<doc>Navigates the current browser window to the provided ``url``.</doc>
<arguments>
<arg>${URL.${ENVIROMENT}}</arg>
</arguments>
<msg timestamp="20201228 17:17:10.911" level="INFO">Opening url 'https://appuat.ahamove.com'</msg>
<status status="PASS" starttime="20201228 17:17:10.910" endtime="20201228 17:17:16.675"></status>
</kw>
<kw name="Set Screenshot Directory" library="SeleniumLibrary">
<doc>Sets the directory for captured screenshots.</doc>
<arguments>
<arg>${EXECDIR}/Report/image</arg>
</arguments>
<status status="PASS" starttime="20201228 17:17:16.675" endtime="20201228 17:17:16.676"></status>
</kw>
<status status="PASS" starttime="20201228 17:17:08.597" endtime="20201228 17:17:16.676"></status>
</kw>
<kw name="Given User open to profile screen" library="CategoryDF">
<arguments>
<arg>84910000005</arg>
</arguments>
<kw name="Login Success" library="SignInPage">
<arguments>
<arg>${phone}</arg>
</arguments>
<kw name="Wait And Input" library="BasePage">
<arguments>
<arg>${TXT_PHONE}</arg>
<arg>${phone}</arg>
</arguments>
<kw name="Wait Until Element Is Visible" library="SeleniumLibrary">
<doc>Waits until the element ``locator`` is visible.</doc>
<arguments>
<arg>${textbox}</arg>
<arg>25s</arg>
<arg>Not found</arg>
</arguments>
<status status="PASS" starttime="20201228 17:17:16.679" endtime="20201228 17:17:16.720"></status>
</kw>
<kw name="Input Text" library="SeleniumLibrary">
<doc>Types the given ``text`` into the text field identified by ``locator``.</doc>
<arguments>
<arg>${textbox}</arg>
<arg>${data}</arg>
</arguments>
<msg timestamp="20201228 17:17:16.721" level="INFO">Typing text '84910000005' into text field 'xpath://input[@data-test-id='phone-number']'.</msg>
<status status="PASS" starttime="20201228 17:17:16.720" endtime="20201228 17:17:16.896"></status>
</kw>
<status status="PASS" starttime="20201228 17:17:16.678" endtime="20201228 17:17:16.896"></status>
</kw>
<kw name="Wait And Click" library="BasePage">
<arguments>
<arg>${BTN_LOGIN}</arg>
</arguments>
<kw name="Wait Until Element Is Visible" library="SeleniumLibrary">
<doc>Waits until the element ``locator`` is visible.</doc>
<arguments>
<arg>${element}</arg>
<arg>25s</arg>
<arg>not found</arg>
</arguments>
<status status="PASS" starttime="20201228 17:17:16.897" endtime="20201228 17:17:16.919"></status>
</kw>
<kw name="Click Element" library="SeleniumLibrary">
<doc>Click the element identified by ``locator``.</doc>
<arguments>
<arg>${element}</arg>
</arguments>
<msg timestamp="20201228 17:17:16.920" level="INFO">Clicking element 'xpath://*[@class='signin-methods__submit v-btn v-btn--block v-btn--large v-btn--depressed theme--light accent']'.</msg>
<status status="PASS" starttime="20201228 17:17:16.920" endtime="20201228 17:17:16.987"></status>
</kw>
<status status="PASS" starttime="20201228 17:17:16.896" endtime="20201228 17:17:16.988"></status>
</kw>
<status status="PASS" starttime="20201228 17:17:16.678" endtime="20201228 17:17:16.988"></status>
</kw>
<kw name="Input Activate Code" library="VerifyOTPPage">
<arguments>
<arg>${phone}</arg>
</arguments>
<kw name="Get OTP" library="UserDB">
<arguments>
<arg>${phone}</arg>
</arguments>
<assign>
<var>${otp}</var>
</assign>
<kw name="Get Field" library="MongoDB">
<arguments>
<arg>ahamove</arg>
<arg>user</arg>
<arg>{"_id": "${id}"}</arg>
<arg>activation_code</arg>
</arguments>
<assign>
<var>&amp;{user_ref_id}</var>
</assign>
<kw name="Connect To Mongodb" library="MongoDBLibrary">
<doc>Loads pymongo and connects to the MongoDB host using parameters submitted.</doc>
<arguments>
<arg>${HOST.${DB_ENV}}</arg>
<arg>${27017}</arg>
</arguments>
<status status="PASS" starttime="20201228 17:17:16.992" endtime="20201228 17:17:17.141"></status>
</kw>
<kw name="Retrieve Mongodb Records With Desired Fields" library="MongoDBLibrary">
<doc>Retrieves from a document(s) the desired projection. In a sql terms: select a and b from table;
For more details about querying records from Mongodb and comparison to sql see the
[http://docs.mongodb.org/manual/reference/sql-comparison|Mongodb]
documentation.</doc>
<arguments>
<arg>${dbName}</arg>
<arg>${dbCollName}</arg>
<arg>${recordJSON}</arg>
<arg>${recordField}</arg>
<arg>True</arg>
<arg>True</arg>
</arguments>
<assign>
<var>@{allResults}</var>
</assign>
<msg timestamp="20201228 17:17:47.492" level="FAIL">ServerSelectionTimeoutError: ahamove-uat-shard-00-02.sjm3i.mongodb.net:27017: timed out,ahamove-uat-shard-00-00.sjm3i.mongodb.net:27017: timed out,ahamove-uat-shard-00-01.sjm3i.mongodb.net:27017: timed out, Timeout: 30s, Topology Description: &lt;TopologyDescription id: 5fe9b0ad5d61995c8eba5b13, topology_type: ReplicaSetNoPrimary, servers: [&lt;ServerDescription ('ahamove-uat-shard-00-00.sjm3i.mongodb.net', 27017) server_type: Unknown, rtt: None, error=NetworkTimeout('ahamove-uat-shard-00-00.sjm3i.mongodb.net:27017: timed out')&gt;, &lt;ServerDescription ('ahamove-uat-shard-00-01.sjm3i.mongodb.net', 27017) server_type: Unknown, rtt: None, error=NetworkTimeout('ahamove-uat-shard-00-01.sjm3i.mongodb.net:27017: timed out')&gt;, &lt;ServerDescription ('ahamove-uat-shard-00-02.sjm3i.mongodb.net', 27017) server_type: Unknown, rtt: None, error=NetworkTimeout('ahamove-uat-shard-00-02.sjm3i.mongodb.net:27017: timed out')&gt;]&gt;</msg>
<status status="FAIL" starttime="20201228 17:17:17.141" endtime="20201228 17:17:47.492"></status>
</kw>
<status status="FAIL" starttime="20201228 17:17:16.991" endtime="20201228 17:17:47.493"></status>
</kw>
<status status="FAIL" starttime="20201228 17:17:16.989" endtime="20201228 17:17:47.494"></status>
</kw>
<status status="FAIL" starttime="20201228 17:17:16.989" endtime="20201228 17:17:47.494"></status>
</kw>
<status status="FAIL" starttime="20201228 17:17:16.677" endtime="20201228 17:17:47.495"></status>
</kw>
<kw name="End Web Test" library="Common" type="teardown">
<kw name="Capture Page Screenshot" library="SeleniumLibrary">
<doc>Takes a screenshot of the current page and embeds it into a log file.</doc>
<arguments>
<arg>${EXECDIR}/Report/image/custom_name_{index}.png</arg>
</arguments>
<msg timestamp="20201228 17:17:48.168" level="INFO" html="yes">&lt;/td&gt;&lt;/tr&gt;&lt;tr&gt;&lt;td colspan="3"&gt;&lt;a href="image/custom_name_299.png"&gt;&lt;img src="image/custom_name_299.png" width="800px"&gt;&lt;/a&gt;</msg>
<status status="PASS" starttime="20201228 17:17:47.497" endtime="20201228 17:17:48.168"></status>
</kw>
<kw name="Close All Browsers" library="SeleniumLibrary">
<doc>Closes all open browsers and resets the browser cache.</doc>
<status status="PASS" starttime="20201228 17:17:48.169" endtime="20201228 17:17:48.318"></status>
</kw>
<status status="PASS" starttime="20201228 17:17:47.496" endtime="20201228 17:17:48.318"></status>
</kw>
<tags>
<tag>TC_save_category_success_when_input_other_category</tag>
</tags>
<status status="FAIL" starttime="20201228 17:17:08.595" endtime="20201228 17:17:48.319" critical="yes">ServerSelectionTimeoutError: ahamove-uat-shard-00-02.sjm3i.mongodb.net:27017: timed out,ahamove-uat-shard-00-00.sjm3i.mongodb.net:27017: timed out,ahamove-uat-shard-00-01.sjm3i.mongodb.net:27017: timed out, Timeout: 30s, Topology Description: &lt;TopologyDescription id: 5fe9b0ad5d61995c8eba5b13, topology_type: ReplicaSetNoPrimary, servers: [&lt;ServerDescription ('ahamove-uat-shard-00-00.sjm3i.mongodb.net', 27017) server_type: Unknown, rtt: None, error=NetworkTimeout('ahamove-uat-shard-00-00.sjm3i.mongodb.net:27017: timed out')&gt;, &lt;ServerDescription ('ahamove-uat-shard-00-01.sjm3i.mongodb.net', 27017) server_type: Unknown, rtt: None, error=NetworkTimeout('ahamove-uat-shard-00-01.sjm3i.mongodb.net:27017: timed out')&gt;, &lt;ServerDescription ('ahamove-uat-shard-00-02.sjm3i.mongodb.net', 27017) server_type: Unknown, rtt: None, error=NetworkTimeout('ahamove-uat-shard-00-02.sjm3i.mongodb.net:27017: timed out')&gt;]&gt;</status>
</test>
<status status="FAIL" starttime="20201228 17:17:07.474" endtime="20201228 17:17:48.321"></status>
</suite>
<statistics>
<total>
<stat pass="0" fail="1">Critical Tests</stat>
<stat pass="0" fail="1">All Tests</stat>
</total>
<tag>
<stat pass="0" fail="1">TC_save_category_success_when_input_other_category</stat>
</tag>
<suite>
<stat pass="0" fail="1" id="s1" name="Category">Category</stat>
</suite>
</statistics>
<errors>
</errors>
</robot>
