<?xml version="1.0" encoding="UTF-8"?>
<robot generator="Robot 3.2.2 (Python 3.8.5 on darwin)" generated="20201228 09:44:13.416" rpa="false">
<suite id="s1" name="Category" source="/Users/mac/Desktop/Ahamove/TestCase/BeforeBooking/Category.robot">
<test id="s1-t1" name="Verify that when click confirm close popup">
<kw name="Begin Web Test" library="Common" type="setup">
<kw name="Open Browser" library="SeleniumLibrary">
<doc>Opens a new browser instance to the optional ``url``.</doc>
<arguments>
<arg>about:blank</arg>
<arg>${BROWSER}</arg>
</arguments>
<msg timestamp="20201228 09:44:14.686" level="INFO">Opening browser 'chrome' to base url 'about:blank'.</msg>
<status status="PASS" starttime="20201228 09:44:14.684" endtime="20201228 09:44:17.020"></status>
</kw>
<kw name="Go To" library="SeleniumLibrary">
<doc>Navigates the current browser window to the provided ``url``.</doc>
<arguments>
<arg>${URL.${ENVIROMENT}}</arg>
</arguments>
<msg timestamp="20201228 09:44:17.021" level="INFO">Opening url 'https://appstg.ahamove.com'</msg>
<status status="PASS" starttime="20201228 09:44:17.021" endtime="20201228 09:44:22.702"></status>
</kw>
<kw name="Set Screenshot Directory" library="SeleniumLibrary">
<doc>Sets the directory for captured screenshots.</doc>
<arguments>
<arg>${EXECDIR}/Report/image</arg>
</arguments>
<status status="PASS" starttime="20201228 09:44:22.703" endtime="20201228 09:44:22.703"></status>
</kw>
<status status="PASS" starttime="20201228 09:44:14.683" endtime="20201228 09:44:22.704"></status>
</kw>
<kw name="Given User open app to sign up screen" library="SignUpDF">
<kw name="Click To Tap SignUp" library="SignInPage">
<kw name="Wait And Click" library="BasePage">
<arguments>
<arg>${TAB_SIGNUP}</arg>
</arguments>
<kw name="Wait Until Element Is Visible" library="SeleniumLibrary">
<doc>Waits until the element ``locator`` is visible.</doc>
<arguments>
<arg>${element}</arg>
<arg>25s</arg>
<arg>not found</arg>
</arguments>
<status status="PASS" starttime="20201228 09:44:22.707" endtime="20201228 09:44:22.751"></status>
</kw>
<kw name="Click Element" library="SeleniumLibrary">
<doc>Click the element identified by ``locator``.</doc>
<arguments>
<arg>${element}</arg>
</arguments>
<msg timestamp="20201228 09:44:22.753" level="INFO">Clicking element 'xpath://*[@class="ahamove-auth__methods"]/div[2]'.</msg>
<status status="PASS" starttime="20201228 09:44:22.752" endtime="20201228 09:44:22.889"></status>
</kw>
<status status="PASS" starttime="20201228 09:44:22.706" endtime="20201228 09:44:22.889"></status>
</kw>
<status status="PASS" starttime="20201228 09:44:22.705" endtime="20201228 09:44:22.890"></status>
</kw>
<status status="PASS" starttime="20201228 09:44:22.704" endtime="20201228 09:44:22.890"></status>
</kw>
<kw name="And User click on category menu" library="CategoryDF">
<kw name="Click Menu Category" library="SignUpPage">
<kw name="Wait And Click" library="BasePage">
<arguments>
<arg>${MNU_CAT}</arg>
</arguments>
<kw name="Wait Until Element Is Visible" library="SeleniumLibrary">
<doc>Waits until the element ``locator`` is visible.</doc>
<arguments>
<arg>${element}</arg>
<arg>25s</arg>
<arg>not found</arg>
</arguments>
<status status="PASS" starttime="20201228 09:44:22.893" endtime="20201228 09:44:22.917"></status>
</kw>
<kw name="Click Element" library="SeleniumLibrary">
<doc>Click the element identified by ``locator``.</doc>
<arguments>
<arg>${element}</arg>
</arguments>
<msg timestamp="20201228 09:44:22.918" level="INFO">Clicking element 'xpath://*[@class='category__label__content-placeholder']'.</msg>
<status status="PASS" starttime="20201228 09:44:22.917" endtime="20201228 09:44:23.009"></status>
</kw>
<status status="PASS" starttime="20201228 09:44:22.892" endtime="20201228 09:44:23.009"></status>
</kw>
<status status="PASS" starttime="20201228 09:44:22.892" endtime="20201228 09:44:23.009"></status>
</kw>
<status status="PASS" starttime="20201228 09:44:22.891" endtime="20201228 09:44:23.010"></status>
</kw>
<kw name="And User click choose business type" library="CategoryDF">
<arguments>
<arg>SMEs</arg>
</arguments>
<kw name="Run Keyword If" library="BuiltIn">
<doc>Runs the given keyword with the given arguments, if ``condition`` is true.</doc>
<arguments>
<arg>"${type}" == "Individual"</arg>
<arg>Set Variable</arg>
<arg>1</arg>
<arg>ELSE IF</arg>
<arg>"${type}" == "SMEs"</arg>
<arg>Set Variable</arg>
<arg>2</arg>
<arg>ELSE IF</arg>
<arg>"${type}" == "Corporation"</arg>
<arg>Set Variable</arg>
<arg>3</arg>
<arg>ELSE</arg>
<arg>Fail</arg>
</arguments>
<assign>
<var>${div}</var>
</assign>
<kw name="Set Variable" library="BuiltIn">
<doc>Returns the given values which can then be assigned to a variables.</doc>
<arguments>
<arg>2</arg>
</arguments>
<status status="PASS" starttime="20201228 09:44:23.011" endtime="20201228 09:44:23.011"></status>
</kw>
<msg timestamp="20201228 09:44:23.011" level="INFO">${div} = 2</msg>
<status status="PASS" starttime="20201228 09:44:23.010" endtime="20201228 09:44:23.011"></status>
</kw>
<kw name="Click Menu Category" library="CategoryPage">
<arguments>
<arg>${div}</arg>
</arguments>
<kw name="Wait And Click" library="BasePage">
<arguments>
<arg>xpath://*[@class='business__types']/div[${div}]</arg>
</arguments>
<kw name="Wait Until Element Is Visible" library="SeleniumLibrary">
<doc>Waits until the element ``locator`` is visible.</doc>
<arguments>
<arg>${element}</arg>
<arg>25s</arg>
<arg>not found</arg>
</arguments>
<status status="PASS" starttime="20201228 09:44:23.012" endtime="20201228 09:44:23.033"></status>
</kw>
<kw name="Click Element" library="SeleniumLibrary">
<doc>Click the element identified by ``locator``.</doc>
<arguments>
<arg>${element}</arg>
</arguments>
<msg timestamp="20201228 09:44:23.034" level="INFO">Clicking element 'xpath://*[@class='business__types']/div[2]'.</msg>
<status status="PASS" starttime="20201228 09:44:23.034" endtime="20201228 09:44:23.332"></status>
</kw>
<status status="PASS" starttime="20201228 09:44:23.012" endtime="20201228 09:44:23.332"></status>
</kw>
<status status="PASS" starttime="20201228 09:44:23.012" endtime="20201228 09:44:23.332"></status>
</kw>
<status status="PASS" starttime="20201228 09:44:23.010" endtime="20201228 09:44:23.333"></status>
</kw>
<kw name="When User click on category on the left" library="CategoryDF">
<arguments>
<arg>SMEs</arg>
<arg>FOOD</arg>
<arg>vi</arg>
</arguments>
<kw name="Click choose category" library="CategoryPage">
<arguments>
<arg>${type}</arg>
<arg>${category}</arg>
<arg>${language}</arg>
</arguments>
<kw name="Get Category Name" library="User_categoryDB">
<arguments>
<arg>${category}</arg>
<arg>${type}</arg>
<arg>${language}</arg>
</arguments>
<assign>
<var>${txt_cat}</var>
</assign>
<kw name="Get Field" library="MongoDB">
<arguments>
<arg>masterdata</arg>
<arg>user_category</arg>
<arg>{"code":"${category_code}","type":"${type}"}</arg>
<arg>name</arg>
</arguments>
<assign>
<var>${user_type}</var>
</assign>
<kw name="Connect To Mongodb" library="MongoDBLibrary">
<doc>Loads pymongo and connects to the MongoDB host using parameters submitted.</doc>
<arguments>
<arg>${HOST.${DB_ENV}}</arg>
<arg>${27017}</arg>
</arguments>
<status status="PASS" starttime="20201228 09:44:23.339" endtime="20201228 09:44:27.535"></status>
</kw>
<kw name="Retrieve Mongodb Records With Desired Fields" library="MongoDBLibrary">
<doc>Retrieves from a document(s) the desired projection. In a sql terms: select a and b from table;
For more details about querying records from Mongodb and comparison to sql see the
[http://docs.mongodb.org/manual/reference/sql-comparison|Mongodb]
documentation.</doc>
<arguments>
<arg>${dbName}</arg>
<arg>${dbCollName}</arg>
<arg>${recordJSON}</arg>
<arg>${recordField}</arg>
<arg>True</arg>
<arg>True</arg>
</arguments>
<assign>
<var>@{allResults}</var>
</assign>
<msg timestamp="20201228 09:44:31.458" level="INFO">@{allResults} = [ {'_id': ObjectId('5eb0eae78c34723f2f6ffd43'), 'name': {'en': 'Food', 'vi': 'Đồ ăn'}} ]</msg>
<status status="PASS" starttime="20201228 09:44:27.536" endtime="20201228 09:44:31.458"></status>
</kw>
<kw name="Log" library="BuiltIn">
<doc>Logs the given message with the given level.</doc>
<arguments>
<arg>${allResults}</arg>
</arguments>
<msg timestamp="20201228 09:44:31.459" level="INFO">[{'_id': ObjectId('5eb0eae78c34723f2f6ffd43'), 'name': {'en': 'Food', 'vi': 'Đồ ăn'}}]</msg>
<status status="PASS" starttime="20201228 09:44:31.459" endtime="20201228 09:44:31.459"></status>
</kw>
<kw name="Set To Dictionary" library="Collections">
<doc>Adds the given ``key_value_pairs`` and ``items`` to the ``dictionary``.</doc>
<arguments>
<arg>@{allResults}</arg>
</arguments>
<assign>
<var>&amp;{dict}</var>
</assign>
<msg timestamp="20201228 09:44:31.460" level="INFO">&amp;{dict} = { _id=5eb0eae78c34723f2f6ffd43 | name={'en': 'Food', 'vi': 'Đồ ăn'} }</msg>
<status status="PASS" starttime="20201228 09:44:31.460" endtime="20201228 09:44:31.460"></status>
</kw>
<kw name="Disconnect From Mongodb" library="MongoDBLibrary">
<doc>Disconnects from the MongoDB server.</doc>
<status status="PASS" starttime="20201228 09:44:31.460" endtime="20201228 09:44:31.524"></status>
</kw>
<msg timestamp="20201228 09:44:31.525" level="INFO">${user_type} = {'_id': ObjectId('5eb0eae78c34723f2f6ffd43'), 'name': {'en': 'Food', 'vi': 'Đồ ăn'}}</msg>
<status status="PASS" starttime="20201228 09:44:23.337" endtime="20201228 09:44:31.525"></status>
</kw>
<kw name="Log" library="BuiltIn">
<doc>Logs the given message with the given level.</doc>
<arguments>
<arg>${user_type.name.${language}}</arg>
</arguments>
<msg timestamp="20201228 09:44:31.526" level="INFO">Đồ ăn</msg>
<status status="PASS" starttime="20201228 09:44:31.525" endtime="20201228 09:44:31.526"></status>
</kw>
<msg timestamp="20201228 09:44:31.526" level="INFO">${txt_cat} = Đồ ăn</msg>
<status status="PASS" starttime="20201228 09:44:23.336" endtime="20201228 09:44:31.527"></status>
</kw>
<kw name="Log" library="BuiltIn">
<doc>Logs the given message with the given level.</doc>
<arguments>
<arg>${txt_cat}</arg>
</arguments>
<msg timestamp="20201228 09:44:31.527" level="INFO">Đồ ăn</msg>
<status status="PASS" starttime="20201228 09:44:31.527" endtime="20201228 09:44:31.527"></status>
</kw>
<kw name="Wait And Click" library="BasePage">
<arguments>
<arg>xpath://*[@class='select-category-group']/*[contains(text(),'${txt_cat}')]</arg>
</arguments>
<kw name="Wait Until Element Is Visible" library="SeleniumLibrary">
<doc>Waits until the element ``locator`` is visible.</doc>
<arguments>
<arg>${element}</arg>
<arg>25s</arg>
<arg>not found</arg>
</arguments>
<status status="PASS" starttime="20201228 09:44:31.528" endtime="20201228 09:44:31.554"></status>
</kw>
<kw name="Click Element" library="SeleniumLibrary">
<doc>Click the element identified by ``locator``.</doc>
<arguments>
<arg>${element}</arg>
</arguments>
<msg timestamp="20201228 09:44:31.555" level="INFO">Clicking element 'xpath://*[@class='select-category-group']/*[contains(text(),'Đồ ăn')]'.</msg>
<status status="PASS" starttime="20201228 09:44:31.554" endtime="20201228 09:44:31.793"></status>
</kw>
<status status="PASS" starttime="20201228 09:44:31.527" endtime="20201228 09:44:31.793"></status>
</kw>
<status status="PASS" starttime="20201228 09:44:23.335" endtime="20201228 09:44:31.794"></status>
</kw>
<status status="PASS" starttime="20201228 09:44:23.334" endtime="20201228 09:44:31.794"></status>
</kw>
<kw name="And User click on subcategory" library="CategoryDF">
<arguments>
<arg>SMEs</arg>
<arg>FAST FOOD</arg>
<arg>vi</arg>
</arguments>
<kw name="Click choose any subcategory" library="CategoryPage">
<arguments>
<arg>${type}</arg>
<arg>${sub_cat}</arg>
<arg>${language}</arg>
</arguments>
<kw name="Get Category Name" library="User_categoryDB">
<arguments>
<arg>${sub_cat}</arg>
<arg>${type}</arg>
<arg>${language}</arg>
</arguments>
<assign>
<var>${txt_subcat}</var>
</assign>
<kw name="Get Field" library="MongoDB">
<arguments>
<arg>masterdata</arg>
<arg>user_category</arg>
<arg>{"code":"${category_code}","type":"${type}"}</arg>
<arg>name</arg>
</arguments>
<assign>
<var>${user_type}</var>
</assign>
<kw name="Connect To Mongodb" library="MongoDBLibrary">
<doc>Loads pymongo and connects to the MongoDB host using parameters submitted.</doc>
<arguments>
<arg>${HOST.${DB_ENV}}</arg>
<arg>${27017}</arg>
</arguments>
<status status="PASS" starttime="20201228 09:44:31.797" endtime="20201228 09:44:35.886"></status>
</kw>
<kw name="Retrieve Mongodb Records With Desired Fields" library="MongoDBLibrary">
<doc>Retrieves from a document(s) the desired projection. In a sql terms: select a and b from table;
For more details about querying records from Mongodb and comparison to sql see the
[http://docs.mongodb.org/manual/reference/sql-comparison|Mongodb]
documentation.</doc>
<arguments>
<arg>${dbName}</arg>
<arg>${dbCollName}</arg>
<arg>${recordJSON}</arg>
<arg>${recordField}</arg>
<arg>True</arg>
<arg>True</arg>
</arguments>
<assign>
<var>@{allResults}</var>
</assign>
<msg timestamp="20201228 09:44:36.682" level="INFO">@{allResults} = [ {'_id': ObjectId('5eb0eae78c34723f2f6ffce4'), 'name': {'en': 'Fast food', 'vi': 'Đồ ăn nhanh'}} ]</msg>
<status status="PASS" starttime="20201228 09:44:35.887" endtime="20201228 09:44:36.682"></status>
</kw>
<kw name="Log" library="BuiltIn">
<doc>Logs the given message with the given level.</doc>
<arguments>
<arg>${allResults}</arg>
</arguments>
<msg timestamp="20201228 09:44:36.683" level="INFO">[{'_id': ObjectId('5eb0eae78c34723f2f6ffce4'), 'name': {'en': 'Fast food', 'vi': 'Đồ ăn nhanh'}}]</msg>
<status status="PASS" starttime="20201228 09:44:36.683" endtime="20201228 09:44:36.683"></status>
</kw>
<kw name="Set To Dictionary" library="Collections">
<doc>Adds the given ``key_value_pairs`` and ``items`` to the ``dictionary``.</doc>
<arguments>
<arg>@{allResults}</arg>
</arguments>
<assign>
<var>&amp;{dict}</var>
</assign>
<msg timestamp="20201228 09:44:36.684" level="INFO">&amp;{dict} = { _id=5eb0eae78c34723f2f6ffce4 | name={'en': 'Fast food', 'vi': 'Đồ ăn nhanh'} }</msg>
<status status="PASS" starttime="20201228 09:44:36.684" endtime="20201228 09:44:36.684"></status>
</kw>
<kw name="Disconnect From Mongodb" library="MongoDBLibrary">
<doc>Disconnects from the MongoDB server.</doc>
<status status="PASS" starttime="20201228 09:44:36.685" endtime="20201228 09:44:36.755"></status>
</kw>
<msg timestamp="20201228 09:44:36.755" level="INFO">${user_type} = {'_id': ObjectId('5eb0eae78c34723f2f6ffce4'), 'name': {'en': 'Fast food', 'vi': 'Đồ ăn nhanh'}}</msg>
<status status="PASS" starttime="20201228 09:44:31.796" endtime="20201228 09:44:36.755"></status>
</kw>
<kw name="Log" library="BuiltIn">
<doc>Logs the given message with the given level.</doc>
<arguments>
<arg>${user_type.name.${language}}</arg>
</arguments>
<msg timestamp="20201228 09:44:36.756" level="INFO">Đồ ăn nhanh</msg>
<status status="PASS" starttime="20201228 09:44:36.756" endtime="20201228 09:44:36.756"></status>
</kw>
<msg timestamp="20201228 09:44:36.757" level="INFO">${txt_subcat} = Đồ ăn nhanh</msg>
<status status="PASS" starttime="20201228 09:44:31.796" endtime="20201228 09:44:36.757"></status>
</kw>
<kw name="Log" library="BuiltIn">
<doc>Logs the given message with the given level.</doc>
<arguments>
<arg>${txt_subcat}</arg>
</arguments>
<msg timestamp="20201228 09:44:36.757" level="INFO">Đồ ăn nhanh</msg>
<status status="PASS" starttime="20201228 09:44:36.757" endtime="20201228 09:44:36.757"></status>
</kw>
<kw name="Scroll And Click" library="BasePage">
<arguments>
<arg>xpath://*[@class='category-item']//*[contains(text(),'${txt_subcat}')]</arg>
</arguments>
<kw name="Scroll Element Into View" library="SeleniumLibrary">
<doc>Scrolls the element identified by ``locator`` into view.</doc>
<arguments>
<arg>${element}</arg>
</arguments>
<status status="PASS" starttime="20201228 09:44:36.758" endtime="20201228 09:44:37.034"></status>
</kw>
<kw name="Wait Until Element Is Visible" library="SeleniumLibrary">
<doc>Waits until the element ``locator`` is visible.</doc>
<arguments>
<arg>${element}</arg>
<arg>25s</arg>
<arg>not found</arg>
</arguments>
<status status="PASS" starttime="20201228 09:44:37.035" endtime="20201228 09:44:37.051"></status>
</kw>
<kw name="Click Element" library="SeleniumLibrary">
<doc>Click the element identified by ``locator``.</doc>
<arguments>
<arg>${element}</arg>
</arguments>
<msg timestamp="20201228 09:44:37.051" level="INFO">Clicking element 'xpath://*[@class='category-item']//*[contains(text(),'Đồ ăn nhanh')]'.</msg>
<status status="PASS" starttime="20201228 09:44:37.051" endtime="20201228 09:44:37.153"></status>
</kw>
<status status="PASS" starttime="20201228 09:44:36.758" endtime="20201228 09:44:37.153"></status>
</kw>
<status status="PASS" starttime="20201228 09:44:31.795" endtime="20201228 09:44:37.153"></status>
</kw>
<status status="PASS" starttime="20201228 09:44:31.794" endtime="20201228 09:44:37.153"></status>
</kw>
<kw name="When User click x" library="CategoryDF">
<kw name="Wait And Click" library="BasePage">
<arguments>
<arg>${BTN_X_CAT}</arg>
</arguments>
<kw name="Wait Until Element Is Visible" library="SeleniumLibrary">
<doc>Waits until the element ``locator`` is visible.</doc>
<arguments>
<arg>${element}</arg>
<arg>25s</arg>
<arg>not found</arg>
</arguments>
<status status="PASS" starttime="20201228 09:44:37.155" endtime="20201228 09:44:37.178"></status>
</kw>
<kw name="Click Element" library="SeleniumLibrary">
<doc>Click the element identified by ``locator``.</doc>
<arguments>
<arg>${element}</arg>
</arguments>
<msg timestamp="20201228 09:44:37.179" level="INFO">Clicking element 'xpath://*[@class='header__close']//*[@class='v-menu__activator']'.</msg>
<status status="PASS" starttime="20201228 09:44:37.178" endtime="20201228 09:44:37.228"></status>
</kw>
<status status="PASS" starttime="20201228 09:44:37.154" endtime="20201228 09:44:37.228"></status>
</kw>
<status status="PASS" starttime="20201228 09:44:37.154" endtime="20201228 09:44:37.228"></status>
</kw>
<kw name="And Click no at cofirm popup and still Show popup" library="CategoryDF">
<kw name="Wait And Click" library="BasePage">
<arguments>
<arg>${BTN_CANCEL_CLOSE}</arg>
</arguments>
<kw name="Wait Until Element Is Visible" library="SeleniumLibrary">
<doc>Waits until the element ``locator`` is visible.</doc>
<arguments>
<arg>${element}</arg>
<arg>25s</arg>
<arg>not found</arg>
</arguments>
<status status="PASS" starttime="20201228 09:44:37.229" endtime="20201228 09:44:37.518"></status>
</kw>
<kw name="Click Element" library="SeleniumLibrary">
<doc>Click the element identified by ``locator``.</doc>
<arguments>
<arg>${element}</arg>
</arguments>
<msg timestamp="20201228 09:44:37.519" level="INFO">Clicking element 'xpath://*[@class='v-btn v-btn--flat v-btn--small theme--light']'.</msg>
<status status="PASS" starttime="20201228 09:44:37.519" endtime="20201228 09:44:37.570"></status>
</kw>
<status status="PASS" starttime="20201228 09:44:37.229" endtime="20201228 09:44:37.570"></status>
</kw>
<status status="PASS" starttime="20201228 09:44:37.228" endtime="20201228 09:44:37.570"></status>
</kw>
<kw name="And User click x" library="CategoryDF">
<kw name="Wait And Click" library="BasePage">
<arguments>
<arg>${BTN_X_CAT}</arg>
</arguments>
<kw name="Wait Until Element Is Visible" library="SeleniumLibrary">
<doc>Waits until the element ``locator`` is visible.</doc>
<arguments>
<arg>${element}</arg>
<arg>25s</arg>
<arg>not found</arg>
</arguments>
<status status="PASS" starttime="20201228 09:44:37.571" endtime="20201228 09:44:37.588"></status>
</kw>
<kw name="Click Element" library="SeleniumLibrary">
<doc>Click the element identified by ``locator``.</doc>
<arguments>
<arg>${element}</arg>
</arguments>
<msg timestamp="20201228 09:44:37.589" level="INFO">Clicking element 'xpath://*[@class='header__close']//*[@class='v-menu__activator']'.</msg>
<status status="PASS" starttime="20201228 09:44:37.589" endtime="20201228 09:44:37.626"></status>
</kw>
<status status="PASS" starttime="20201228 09:44:37.571" endtime="20201228 09:44:37.626"></status>
</kw>
<status status="PASS" starttime="20201228 09:44:37.570" endtime="20201228 09:44:37.626"></status>
</kw>
<kw name="And Click yes at cofirm popup" library="CategoryDF">
<kw name="Wait And Click" library="BasePage">
<arguments>
<arg>${BTN_YES_CLOSE}</arg>
</arguments>
<kw name="Wait Until Element Is Visible" library="SeleniumLibrary">
<doc>Waits until the element ``locator`` is visible.</doc>
<arguments>
<arg>${element}</arg>
<arg>25s</arg>
<arg>not found</arg>
</arguments>
<status status="PASS" starttime="20201228 09:44:37.627" endtime="20201228 09:44:37.653"></status>
</kw>
<kw name="Click Element" library="SeleniumLibrary">
<doc>Click the element identified by ``locator``.</doc>
<arguments>
<arg>${element}</arg>
</arguments>
<msg timestamp="20201228 09:44:37.654" level="INFO">Clicking element 'xpath://*[@class='v-btn v-btn--depressed v-btn--small theme--light']'.</msg>
<status status="PASS" starttime="20201228 09:44:37.653" endtime="20201228 09:44:37.771"></status>
</kw>
<status status="PASS" starttime="20201228 09:44:37.627" endtime="20201228 09:44:37.771"></status>
</kw>
<status status="PASS" starttime="20201228 09:44:37.627" endtime="20201228 09:44:37.771"></status>
</kw>
<kw name="Then Close popup" library="CategoryDF">
<kw name="Wait Not Visible" library="BasePage">
<arguments>
<arg>${POPUP_CATEGORY}</arg>
</arguments>
<kw name="Wait Until Element Is Not Visible" library="SeleniumLibrary">
<doc>Waits until the element ``locator`` is not visible.</doc>
<arguments>
<arg>${element}</arg>
<arg>25s</arg>
<arg>not found</arg>
</arguments>
<status status="PASS" starttime="20201228 09:44:37.772" endtime="20201228 09:44:37.781"></status>
</kw>
<status status="PASS" starttime="20201228 09:44:37.771" endtime="20201228 09:44:37.781"></status>
</kw>
<status status="PASS" starttime="20201228 09:44:37.771" endtime="20201228 09:44:37.781"></status>
</kw>
<kw name="End Web Test" library="Common" type="teardown">
<kw name="Capture Page Screenshot" library="SeleniumLibrary">
<doc>Takes a screenshot of the current page and embeds it into a log file.</doc>
<arguments>
<arg>${EXECDIR}/Report/image/custom_name_{index}.png</arg>
</arguments>
<msg timestamp="20201228 09:44:38.277" level="INFO" html="yes">&lt;/td&gt;&lt;/tr&gt;&lt;tr&gt;&lt;td colspan="3"&gt;&lt;a href="image/custom_name_266.png"&gt;&lt;img src="image/custom_name_266.png" width="800px"&gt;&lt;/a&gt;</msg>
<status status="PASS" starttime="20201228 09:44:37.782" endtime="20201228 09:44:38.278"></status>
</kw>
<kw name="Close All Browsers" library="SeleniumLibrary">
<doc>Closes all open browsers and resets the browser cache.</doc>
<status status="PASS" starttime="20201228 09:44:38.278" endtime="20201228 09:44:38.400"></status>
</kw>
<status status="PASS" starttime="20201228 09:44:37.781" endtime="20201228 09:44:38.400"></status>
</kw>
<tags>
<tag>TC_click_confirm_close_popup</tag>
</tags>
<status status="PASS" starttime="20201228 09:44:14.682" endtime="20201228 09:44:38.400" critical="yes"></status>
</test>
<status status="PASS" starttime="20201228 09:44:13.418" endtime="20201228 09:44:38.401"></status>
</suite>
<statistics>
<total>
<stat pass="1" fail="0">Critical Tests</stat>
<stat pass="1" fail="0">All Tests</stat>
</total>
<tag>
<stat pass="1" fail="0">TC_click_confirm_close_popup</stat>
</tag>
<suite>
<stat pass="1" fail="0" id="s1" name="Category">Category</stat>
</suite>
</statistics>
<errors>
</errors>
</robot>
