<?xml version="1.0" encoding="UTF-8"?>
<robot generator="Robot 3.2.2 (Python 3.8.5 on darwin)" generated="20210121 10:10:06.379" rpa="false">
<suite id="s1" name="APIUser" source="/Users/mac/Desktop/Ahamove/Resource/API/APIUser.robot">
<test id="s1-t1" name="Test">
<kw name="User Activate">
<arguments>
<arg>84981875523</arg>
</arguments>
<assign>
<var>${token}</var>
</assign>
<kw name="Create Session" library="RequestsLibrary">
<doc>Create Session: create a HTTP session to a server</doc>
<arguments>
<arg>User-Activate</arg>
<arg>${API_URL}[${ENVIRONMENT}]</arg>
<arg>verify=true</arg>
</arguments>
<msg timestamp="20210121 10:10:07.320" level="INFO">Creating Session using : alias=User-Activate, url=https://apistg.ahamove.com, headers={},                     cookies={}, auth=None, timeout=None, proxies=None, verify=True,                     debug=0 </msg>
<status status="PASS" starttime="20210121 10:10:07.320" endtime="20210121 10:10:07.321"></status>
</kw>
<kw name="Create Dictionary" library="BuiltIn">
<doc>Creates and returns a dictionary based on the given ``items``.</doc>
<arguments>
<arg>User-Agent=Ahamove-App</arg>
</arguments>
<assign>
<var>${headers}</var>
</assign>
<msg timestamp="20210121 10:10:07.321" level="INFO">${headers} = {'User-Agent': 'Ahamove-App'}</msg>
<status status="PASS" starttime="20210121 10:10:07.321" endtime="20210121 10:10:07.321"></status>
</kw>
<kw name="Create Dictionary" library="BuiltIn">
<doc>Creates and returns a dictionary based on the given ``items``.</doc>
<arguments>
<arg>mobile=${mobile}</arg>
<arg>activation_code=0258</arg>
<arg>type=web</arg>
<arg>imei=1idvXglweQCOwYxNVKUz</arg>
<arg>ahamove_sms_auth=${TRUE}</arg>
<arg>fcm=${TRUE}</arg>
<arg>push=as</arg>
</arguments>
<assign>
<var>${body_json}</var>
</assign>
<msg timestamp="20210121 10:10:07.322" level="INFO">${body_json} = {'mobile': '84981875523', 'activation_code': '0258', 'type': 'web', 'imei': '1idvXglweQCOwYxNVKUz', 'ahamove_sms_auth': True, 'fcm': True, 'push': 'as'}</msg>
<status status="PASS" starttime="20210121 10:10:07.321" endtime="20210121 10:10:07.322"></status>
</kw>
<kw name="Post Request" library="RequestsLibrary">
<doc>Send a POST request on the session object found using the
given `alias`</doc>
<arguments>
<arg>User-Activate</arg>
<arg>/api/v3/public/user/activate</arg>
<arg>headers=${headers}</arg>
<arg>json=${body_json}</arg>
</arguments>
<assign>
<var>${response}</var>
</assign>
<msg timestamp="20210121 10:10:07.627" level="INFO">POST Request : url=https://apistg.ahamove.com/api/v3/public/user/activate 
 path_url=/api/v3/public/user/activate 
 headers={'User-Agent': 'Ahamove-App', 'Accept-Encoding': 'gzip, deflate', 'Accept': '*/*', 'Connection': 'keep-alive', 'Content-Length': '152', 'Content-Type': 'application/json'} 
 body=b'{"mobile": "84981875523", "activation_code": "0258", "type": "web", "imei": "1idvXglweQCOwYxNVKUz", "ahamove_sms_auth": true, "fcm": true, "push": "as"}' 
 </msg>
<msg timestamp="20210121 10:10:07.627" level="INFO">POST Response : url=https://apistg.ahamove.com/api/v3/public/user/activate 
 status=200, reason=OK 
 body={"token":"eyJhbGciOiJIUzI1NiIsInR5cCI6IkpXVCJ9.eyJ0eXAiOiJ1c2VyIiwiY2lkIjoiODQ5ODE4NzU1MjMiLCJzdGF0dXMiOiJPRkZMSU5FIiwiZW9jIjoic2RtQGcudm4iLCJub2MiOiJhYmMiLCJjdHkiOiJTR04iLCJpbWVpIjoiMWlkdlhnbHdlUUNPd1l4TlZLVXoiLCJ0eXBlIjoid2ViIiwiZXhwIjoxNjExMTk4NzI3LCJpYXQiOjE2MTExOTg2MDcsImlzcyI6ImFoYSJ9.r5tLe_Kt1tNjs_8P0qDwZ4PiDxgjvTYFf_ZEOTMXyhQ","refresh_token":"08572368f979074d2390dfaf48bf18a6","firebase_token":"eyJ0eXAiOiAiSldUIiwgImFsZyI6ICJSUzI1NiIsICJraWQiOiAiZjQ0OGVjOTE0M2JmMDQ3YmI3NWU3YmQxMDlhOTY3MTJmYjZhNjE5ZSJ9.eyJpc3MiOiAiZmlyZWJhc2UtYWRtaW5zZGstcTgwMnNAYWhhLW1vdmUuaWFtLmdzZXJ2aWNlYWNjb3VudC5jb20iLCAic3ViIjogImZpcmViYXNlLWFkbWluc2RrLXE4MDJzQGFoYS1tb3ZlLmlhbS5nc2VydmljZWFjY291bnQuY29tIiwgImF1ZCI6ICJodHRwczovL2lkZW50aXR5dG9vbGtpdC5nb29nbGVhcGlzLmNvbS9nb29nbGUuaWRlbnRpdHkuaWRlbnRpdHl0b29sa2l0LnYxLklkZW50aXR5VG9vbGtpdCIsICJ1aWQiOiAiODQ5ODE4NzU1MjMiLCAiaWF0IjogMTYxMTE5NjMwMywgImV4cCI6IDE2MTExOTk5MDN9.jLqJDjJRKQEtna4OIF5nCT1GX6Jm36Naj_h47_X0rY5kRY_3gdxdT5235Kud_LBsv-_pBqX3hTxn0eIVKo4VHpxS0Y8iT8regYLlqXKhdSREjLPymXZdWsyVMStQXecCYlxelq7ZA8Q69xjyhWPhHReWZDyfNElTgegqG1KQMLipTPZV6N1BPEuSLimpXWHl-GXwfORO6Cgf0goWig2HnIhHE1eqEW5QOgiCkA2NCLMYj_pTLnAbTWyJe4KvVFnZFhv9LFTkSP0bnfwrqVUzPzDQJPSRloP2IHIlAhTL3LWgYOol1RtiXsrDM0zOWwuHpv-31i50AaIoOu0EQSeA9A","user":{"_id":"84981875523","email":"sdm@g.vn","status":"ONLINE","name":"abc","facebook_id":"1104075483119045","rating":5,"activate_time":1561967253,"city_id":["SGN"],"main_account":{"VND":219903},"bonus_account":{},"cod_account":{},"last_activity":1611198486.35346,"country_code":"VN","account_status":"ACTIVATED","banned_list":["84777528528"],"last_login":1611198607,"referral_code":"0981875523","currency":"VND","num_rating":15,"devices":[{"imei":"123123123","push":"c_7F4oEedPc:APA91bGJAdkNRzheTCm4yy52UQcUB0Z4_6oLJ8wvRhpiGzvIpVzg8_CDypXT5jmXOB37k6gGl6CxUPK-FpX3FZddq97hhJIoEn7RVvqaSpao802xaFU3WXlY5YmHN09WoYocqMnrQKba","type":"momo_deeplink-web","time":1608706320,"app":"AhaMove","fcm":true,"webinapp":"momo_deeplink"},{"imei":"DXvJcqvpnRy4XWK-gv9MDbDkr2LgE6JK7FxbQ75aGN4","push":"web","type":"zalopay-web","time":1610971027,"app":"AhaMove","fcm":true,"webinapp":"zalopay"},{"imei":"766aabedc873db63","push":"f_NhCYnObQc:APA91bFRY005YmL2rK9GXTGQtmht-Ht5WXC8qG2Ps5BxfBRJbzjgYkwp1MLp1SrXFjzI46pjT3CDqSumTzSvqKtsfdit41XAm1HHWZcWqsE46s8osK0aZnAfWRRkS4KAUu9W8osvGRuf","status":"OFFLINE","type":"android","time":1611111818,"app":"AhaMove","fcm":true},{"imei":"0FDC5FB9-5F0D-48B7-BDFD-2A15C6707607","push":"c-lUMilgNU7dskJlsUzJKm:APA91bFl9rhorg1uxZ61EZvr29Kv0M4H3_9LWJFBaWhGXh53WAXDquE4HkFGYiIF70wkWsuCoMXFqFhE8SunyKhxGE6zeZREnlIutphRafw4N8wTS4u-epo-FhLbpSEPhwN-EqNQa-re","status":"OFFLINE","type":"ios","time":1611197671,"app":"AhaMove","fcm":true},{"imei":"1idvXglweQCOwYxNVKUz","push":"as","type":"web","time":1611198607,"app":"AhaMove","fcm":true}],"activation_code":"5344","activation_time":1611197731,"points":43196,"max_stop_points":5,"tags":["AHA_SG","77021","50000","BAOTRAN","1K","AHACORE","RO_EXPERT","VIS_EXPERT","AHA_TECH","WEBAPP2"],"verified":true,"extra":{"business_tax_id":"946464499000999","businesss_tax_id":"946464499","contact":{},"contract":{"type":"PERSONAL"},"documents":[{"img_url":"https://ahamove-user-documents.s3.ap-southeast-1.amazonaws.com/image/staging/84981875523_avatar_2017011b-5548-4d5c-8670-7b986386e078.png","status":"IN REVIEW","type":"avatar"},{"img_url":"https://ahamove-user-documents.s3.ap-southeast-1.amazonaws.com/image/staging/84981875523_id_card_front_aaebf50b-2ac3-4f49-b408-bb26d5753715.png","status":"REJECTED","type":"id_card_front"},{"img_url":"https://ahamove-user-documents.s3.ap-southeast-1.amazonaws.com/image/staging/84981875523_id_card_back_07a267b0-ee28-4d6d-bda2-221baeea18fc.png","status":"REJECTED","type":"id_card_back"}],"eWallet":{"zalo_pay":{"app_trans_id":"210120-ZLP_60079da24c758837673a1a6a","binding_id":"21012000000893","merchant_user_id":"84981875523","pay_token":"d9b9c4a2498691e06acf738c825bf72f","status":"confirmed","uid":"DXvJcqvpnRy4XWK-gv9MDbDkr2LgE6JK7FxbQ75aGN4","update_time":1611111848}},"invoice":{"auto_issue":false},"is_auto_transfer_cod":true,"item_description_list":["Thực phẩm","Đồ thời trang","Đồ điện tử","Mỹ phẩm","Thực phẩm","Đồ thời trang","Đồ điện tử","Mỹ phẩm","Đồ thời trang","Đồ điện tử","Thực phẩm","Đồ thời trang","Đồ điện tử","Thực phẩm","Đồ thời trang","Đồ điện tử"],"log_postpaid":"84981875523","old_device_id":"766aabedc873db63","online_store_url":"asdsdsd.conm","order_tags":["Hàng cồng kềnh","Hàng dễ vỡ","POD","Gì đó"],"rank":"gold","request_item_description":true,"verify_documents_status":"LIMIT_EXCEED","wootric_count":6,"wootric_time":1605516008},"create_time":1561344358.23652,"token":"eyJhbGciOiJIUzI1NiIsInR5cCI6IkpXVCJ9.eyJ0eXAiOiJ1c2VyIiwiY2lkIjoiODQ5ODE4NzU1MjMiLCJzdGF0dXMiOiJPRkZMSU5FIiwiZW9jIjoic2RtQGcudm4iLCJub2MiOiJhYmMiLCJjdHkiOiJTR04iLCJpbWVpIjoiMWlkdlhnbHdlUUNPd1l4TlZLVXoiLCJ0eXBlIjoid2ViIiwiZXhwIjoxNjExMTk4NzI3LCJpYXQiOjE2MTExOTg2MDcsImlzcyI6ImFoYSJ9.r5tLe_Kt1tNjs_8P0qDwZ4PiDxgjvTYFf_ZEOTMXyhQ","refresh_token":"08572368f979074d2390dfaf48bf18a6","language":"en","firebase_token":"eyJ0eXAiOiAiSldUIiwgImFsZyI6ICJSUzI1NiIsICJraWQiOiAiZjQ0OGVjOTE0M2JmMDQ3YmI3NWU3YmQxMDlhOTY3MTJmYjZhNjE5ZSJ9.eyJpc3MiOiAiZmlyZWJhc2UtYWRtaW5zZGstcTgwMnNAYWhhLW1vdmUuaWFtLmdzZXJ2aWNlYWNjb3VudC5jb20iLCAic3ViIjogImZpcmViYXNlLWFkbWluc2RrLXE4MDJzQGFoYS1tb3ZlLmlhbS5nc2VydmljZWFjY291bnQuY29tIiwgImF1ZCI6ICJodHRwczovL2lkZW50aXR5dG9vbGtpdC5nb29nbGVhcGlzLmNvbS9nb29nbGUuaWRlbnRpdHkuaWRlbnRpdHl0b29sa2l0LnYxLklkZW50aXR5VG9vbGtpdCIsICJ1aWQiOiAiODQ5ODE4NzU1MjMiLCAiaWF0IjogMTYxMTE5NjMwMywgImV4cCI6IDE2MTExOTk5MDN9.jLqJDjJRKQEtna4OIF5nCT1GX6Jm36Naj_h47_X0rY5kRY_3gdxdT5235Kud_LBsv-_pBqX3hTxn0eIVKo4VHpxS0Y8iT8regYLlqXKhdSREjLPymXZdWsyVMStQXecCYlxelq7ZA8Q69xjyhWPhHReWZDyfNElTgegqG1KQMLipTPZV6N1BPEuSLimpXWHl-GXwfORO6Cgf0goWig2HnIhHE1eqEW5QOgiCkA2NCLMYj_pTLnAbTWyJe4KvVFnZFhv9LFTkSP0bnfwrqVUzPzDQJPSRloP2IHIlAhTL3LWgYOol1RtiXsrDM0zOWwuHpv-31i50AaIoOu0EQSeA9A","categories":[{"code":"CAKE","child_code":["BREAD","TRADITIONAL CAKES"]}],"wallet_info":{"bank":{"account_id":"06856","account_name":"YUGHH","branch":"NHTMCP Bao Viet Da Nang","last_update":1610607110.74239,"name":"NHTMCP Bao Viet"}},"child_ids":["84922936471"],"category":"Test","facebook_page_id":"104933208087207","facebook_token_expires_time":1594175848.005,"momo_wallet_id":"123123123","user_type":"Corporation","home":{"address":"HCMC","lat":10.42,"lng":107.22,"location":{"coordinates":[10.42,107.22],"type":"Point"}},"work":{"address":"1 Au Co, Ward 9, Tan Binh, HCMC","lat":10.42,"lng":107.22},"strike_count":10},"metadata":null}
 
 </msg>
<msg timestamp="20210121 10:10:07.627" level="INFO">${response} = &lt;Response [200]&gt;</msg>
<status status="PASS" starttime="20210121 10:10:07.322" endtime="20210121 10:10:07.627"></status>
</kw>
<kw name="Get From Dictionary" library="Collections">
<doc>Returns a value from the given ``dictionary`` based on the given ``key``.</doc>
<arguments>
<arg>${response.json()}</arg>
<arg>token</arg>
</arguments>
<assign>
<var>${token}</var>
</assign>
<msg timestamp="20210121 10:10:07.629" level="INFO">${token} = eyJhbGciOiJIUzI1NiIsInR5cCI6IkpXVCJ9.eyJ0eXAiOiJ1c2VyIiwiY2lkIjoiODQ5ODE4NzU1MjMiLCJzdGF0dXMiOiJPRkZMSU5FIiwiZW9jIjoic2RtQGcudm4iLCJub2MiOiJhYmMiLCJjdHkiOiJTR04iLCJpbWVpIjoiMWlkdlhnbHdlUUNPd1l4TlZLVXo...</msg>
<status status="PASS" starttime="20210121 10:10:07.627" endtime="20210121 10:10:07.629"></status>
</kw>
<kw name="Log" library="BuiltIn">
<doc>Logs the given message with the given level.</doc>
<arguments>
<arg>${response}</arg>
</arguments>
<msg timestamp="20210121 10:10:07.630" level="INFO">&lt;Response [200]&gt;</msg>
<status status="PASS" starttime="20210121 10:10:07.629" endtime="20210121 10:10:07.630"></status>
</kw>
<msg timestamp="20210121 10:10:07.630" level="INFO">${token} = eyJhbGciOiJIUzI1NiIsInR5cCI6IkpXVCJ9.eyJ0eXAiOiJ1c2VyIiwiY2lkIjoiODQ5ODE4NzU1MjMiLCJzdGF0dXMiOiJPRkZMSU5FIiwiZW9jIjoic2RtQGcudm4iLCJub2MiOiJhYmMiLCJjdHkiOiJTR04iLCJpbWVpIjoiMWlkdlhnbHdlUUNPd1l4TlZLVXo...</msg>
<status status="PASS" starttime="20210121 10:10:07.320" endtime="20210121 10:10:07.630"></status>
</kw>
<kw name="Get Verify Status">
<arguments>
<arg>${token}</arg>
</arguments>
<kw name="Create Session" library="RequestsLibrary">
<doc>Create Session: create a HTTP session to a server</doc>
<arguments>
<arg>User-Profile</arg>
<arg>${API_URL}[${ENVIRONMENT}]</arg>
<arg>verify=true</arg>
</arguments>
<msg timestamp="20210121 10:10:07.631" level="INFO">Creating Session using : alias=User-Profile, url=https://apistg.ahamove.com, headers={},                     cookies={}, auth=None, timeout=None, proxies=None, verify=True,                     debug=0 </msg>
<status status="PASS" starttime="20210121 10:10:07.631" endtime="20210121 10:10:07.632"></status>
</kw>
<kw name="Create Dictionary" library="BuiltIn">
<doc>Creates and returns a dictionary based on the given ``items``.</doc>
<arguments>
<arg>token=${token}</arg>
</arguments>
<assign>
<var>${param}</var>
</assign>
<msg timestamp="20210121 10:10:07.632" level="INFO">${param} = {'token': 'eyJhbGciOiJIUzI1NiIsInR5cCI6IkpXVCJ9.eyJ0eXAiOiJ1c2VyIiwiY2lkIjoiODQ5ODE4NzU1MjMiLCJzdGF0dXMiOiJPRkZMSU5FIiwiZW9jIjoic2RtQGcudm4iLCJub2MiOiJhYmMiLCJjdHkiOiJTR04iLCJpbWVpIjoiMWlkdlhnbHdlUUNP...</msg>
<status status="PASS" starttime="20210121 10:10:07.632" endtime="20210121 10:10:07.632"></status>
</kw>
<kw name="Get Request" library="RequestsLibrary">
<doc>Send a GET request on the session object found using the
given `alias`</doc>
<arguments>
<arg>User-Profile</arg>
<arg>/v1/user/profile</arg>
<arg>params=${param}</arg>
</arguments>
<assign>
<var>${response}</var>
</assign>
<msg timestamp="20210121 10:10:07.822" level="INFO">GET Request : url=https://apistg.ahamove.com/v1/user/profile?token=eyJhbGciOiJIUzI1NiIsInR5cCI6IkpXVCJ9.eyJ0eXAiOiJ1c2VyIiwiY2lkIjoiODQ5ODE4NzU1MjMiLCJzdGF0dXMiOiJPRkZMSU5FIiwiZW9jIjoic2RtQGcudm4iLCJub2MiOiJhYmMiLCJjdHkiOiJTR04iLCJpbWVpIjoiMWlkdlhnbHdlUUNPd1l4TlZLVXoiLCJ0eXBlIjoid2ViIiwiZXhwIjoxNjExMTk4NzI3LCJpYXQiOjE2MTExOTg2MDcsImlzcyI6ImFoYSJ9.r5tLe_Kt1tNjs_8P0qDwZ4PiDxgjvTYFf_ZEOTMXyhQ 
 path_url=/v1/user/profile?token=eyJhbGciOiJIUzI1NiIsInR5cCI6IkpXVCJ9.eyJ0eXAiOiJ1c2VyIiwiY2lkIjoiODQ5ODE4NzU1MjMiLCJzdGF0dXMiOiJPRkZMSU5FIiwiZW9jIjoic2RtQGcudm4iLCJub2MiOiJhYmMiLCJjdHkiOiJTR04iLCJpbWVpIjoiMWlkdlhnbHdlUUNPd1l4TlZLVXoiLCJ0eXBlIjoid2ViIiwiZXhwIjoxNjExMTk4NzI3LCJpYXQiOjE2MTExOTg2MDcsImlzcyI6ImFoYSJ9.r5tLe_Kt1tNjs_8P0qDwZ4PiDxgjvTYFf_ZEOTMXyhQ 
 headers={'User-Agent': 'python-requests/2.24.0', 'Accept-Encoding': 'gzip, deflate', 'Accept': '*/*', 'Connection': 'keep-alive'} 
 body=None 
 </msg>
<msg timestamp="20210121 10:10:07.822" level="INFO">GET Response : url=https://apistg.ahamove.com/v1/user/profile?token=eyJhbGciOiJIUzI1NiIsInR5cCI6IkpXVCJ9.eyJ0eXAiOiJ1c2VyIiwiY2lkIjoiODQ5ODE4NzU1MjMiLCJzdGF0dXMiOiJPRkZMSU5FIiwiZW9jIjoic2RtQGcudm4iLCJub2MiOiJhYmMiLCJjdHkiOiJTR04iLCJpbWVpIjoiMWlkdlhnbHdlUUNPd1l4TlZLVXoiLCJ0eXBlIjoid2ViIiwiZXhwIjoxNjExMTk4NzI3LCJpYXQiOjE2MTExOTg2MDcsImlzcyI6ImFoYSJ9.r5tLe_Kt1tNjs_8P0qDwZ4PiDxgjvTYFf_ZEOTMXyhQ 
 status=200, reason=OK 
 body={"_id": "84981875523", "name": "abc", "email": "sdm@g.vn", "referral_code": "0981875523", "country_code": "VN", "currency": "VND", "account_status": "ACTIVATED", "language": "en", "create_time": 1561344358.23652, "main_account": {"VND": 219903.0}, "bonus_account": {"VND": 0.0}, "cod_account": {"VND": 0.0}, "activate_time": 1561967253.0, "devices": [{"imei": "123123123", "push": "c_7F4oEedPc:APA91bGJAdkNRzheTCm4yy52UQcUB0Z4_6oLJ8wvRhpiGzvIpVzg8_CDypXT5jmXOB37k6gGl6CxUPK-FpX3FZddq97hhJIoEn7RVvqaSpao802xaFU3WXlY5YmHN09WoYocqMnrQKba", "type": "momo_deeplink-web", "time": 1608706320.0, "app": "AhaMove", "fcm": true, "webinapp": "momo_deeplink"}, {"imei": "DXvJcqvpnRy4XWK-gv9MDbDkr2LgE6JK7FxbQ75aGN4", "push": "web", "type": "zalopay-web", "time": 1610971027.0, "app": "AhaMove", "fcm": true, "webinapp": "zalopay"}, {"imei": "766aabedc873db63", "push": "f_NhCYnObQc:APA91bFRY005YmL2rK9GXTGQtmht-Ht5WXC8qG2Ps5BxfBRJbzjgYkwp1MLp1SrXFjzI46pjT3CDqSumTzSvqKtsfdit41XAm1HHWZcWqsE46s8osK0aZnAfWRRkS4KAUu9W8osvGRuf", "status": "OFFLINE", "type": "android", "time": 1611111818.0, "app": "AhaMove", "fcm": true}, {"imei": "0FDC5FB9-5F0D-48B7-BDFD-2A15C6707607", "push": "c-lUMilgNU7dskJlsUzJKm:APA91bFl9rhorg1uxZ61EZvr29Kv0M4H3_9LWJFBaWhGXh53WAXDquE4HkFGYiIF70wkWsuCoMXFqFhE8SunyKhxGE6zeZREnlIutphRafw4N8wTS4u-epo-FhLbpSEPhwN-EqNQa-re", "status": "OFFLINE", "type": "ios", "time": 1611197671.0, "app": "AhaMove", "fcm": true}, {"imei": "1idvXglweQCOwYxNVKUz", "push": "as", "type": "web", "time": 1611198607.0, "app": "AhaMove", "fcm": true}], "firebase_token": "eyJ0eXAiOiAiSldUIiwgImFsZyI6ICJSUzI1NiIsICJraWQiOiAiZjQ0OGVjOTE0M2JmMDQ3YmI3NWU3YmQxMDlhOTY3MTJmYjZhNjE5ZSJ9.eyJpc3MiOiAiZmlyZWJhc2UtYWRtaW5zZGstcTgwMnNAYWhhLW1vdmUuaWFtLmdzZXJ2aWNlYWNjb3VudC5jb20iLCAic3ViIjogImZpcmViYXNlLWFkbWluc2RrLXE4MDJzQGFoYS1tb3ZlLmlhbS5nc2VydmljZWFjY291bnQuY29tIiwgImF1ZCI6ICJodHRwczovL2lkZW50aXR5dG9vbGtpdC5nb29nbGVhcGlzLmNvbS9nb29nbGUuaWRlbnRpdHkuaWRlbnRpdHl0b29sa2l0LnYxLklkZW50aXR5VG9vbGtpdCIsICJ1aWQiOiAiODQ5ODE4NzU1MjMiLCAiaWF0IjogMTYxMTE5NjMwMywgImV4cCI6IDE2MTExOTk5MDN9.jLqJDjJRKQEtna4OIF5nCT1GX6Jm36Naj_h47_X0rY5kRY_3gdxdT5235Kud_LBsv-_pBqX3hTxn0eIVKo4VHpxS0Y8iT8regYLlqXKhdSREjLPymXZdWsyVMStQXecCYlxelq7ZA8Q69xjyhWPhHReWZDyfNElTgegqG1KQMLipTPZV6N1BPEuSLimpXWHl-GXwfORO6Cgf0goWig2HnIhHE1eqEW5QOgiCkA2NCLMYj_pTLnAbTWyJe4KvVFnZFhv9LFTkSP0bnfwrqVUzPzDQJPSRloP2IHIlAhTL3LWgYOol1RtiXsrDM0zOWwuHpv-31i50AaIoOu0EQSeA9A", "status": "ONLINE", "last_activity": 1611198607.802928, "last_login": 1611198607.0, "account": [{"default": true}], "extra": {"contract": {"type": "PERSONAL"}, "invoice": {"auto_issue": false}, "contact": {}, "rank": "gold", "old_device_id": "766aabedc873db63", "log_postpaid": "84981875523", "wootric_count": 6, "request_item_description": true, "business_tax_id": "946464499000999", "is_auto_transfer_cod": true, "online_store_url": "asdsdsd.conm", "order_tags": ["H\u00e0ng c\u1ed3ng k\u1ec1nh", "H\u00e0ng d\u1ec5 v\u1ee1", "POD", "G\u00ec \u0111\u00f3"], "wootric_time": 1605516008, "item_description_list": ["Th\u1ef1c ph\u1ea9m", "\u0110\u1ed3 th\u1eddi trang", "\u0110\u1ed3 \u0111i\u1ec7n t\u1eed", "M\u1ef9 ph\u1ea9m", "Th\u1ef1c ph\u1ea9m", "\u0110\u1ed3 th\u1eddi trang", "\u0110\u1ed3 \u0111i\u1ec7n t\u1eed", "M\u1ef9 ph\u1ea9m", "\u0110\u1ed3 th\u1eddi trang", "\u0110\u1ed3 \u0111i\u1ec7n t\u1eed", "Th\u1ef1c ph\u1ea9m", "\u0110\u1ed3 th\u1eddi trang", "\u0110\u1ed3 \u0111i\u1ec7n t\u1eed", "Th\u1ef1c ph\u1ea9m", "\u0110\u1ed3 th\u1eddi trang", "\u0110\u1ed3 \u0111i\u1ec7n t\u1eed"], "businesss_tax_id": "946464499", "documents": [{"img_url": "https://ahamove-user-documents.s3.ap-southeast-1.amazonaws.com/image/staging/84981875523_avatar_2017011b-5548-4d5c-8670-7b986386e078.png", "type": "avatar", "status": "IN REVIEW"}, {"img_url": "https://ahamove-user-documents.s3.ap-southeast-1.amazonaws.com/image/staging/84981875523_id_card_front_aaebf50b-2ac3-4f49-b408-bb26d5753715.png", "type": "id_card_front", "status": "REJECTED"}, {"img_url": "https://ahamove-user-documents.s3.ap-southeast-1.amazonaws.com/image/staging/84981875523_id_card_back_07a267b0-ee28-4d6d-bda2-221baeea18fc.png", "type": "id_card_back", "status": "REJECTED"}], "verify_documents_status": "LIMIT_EXCEED", "eWallet": {"zalo_pay": {"merchant_user_id": "84981875523", "pay_token": "d9b9c4a2498691e06acf738c825bf72f", "update_time": 1611111848, "uid": "DXvJcqvpnRy4XWK-gv9MDbDkr2LgE6JK7FxbQ75aGN4", "status": "confirmed", "binding_id": "21012000000893", "app_trans_id": "210120-ZLP_60079da24c758837673a1a6a"}}}, "points": 43196, "num_rating": 15, "rating": 5.0, "max_stop_points": 5, "postpaid": 0, "saas": false, "tags": ["AHA_SG", "77021", "50000", "BAOTRAN", "1K", "AHACORE", "RO_EXPERT", "VIS_EXPERT", "AHA_TECH", "WEBAPP2"], "banned_list": ["84777528528"], "strike_count": 10, "favorite_list": [], "id_info": {}, "facebook_token_expires_time": 1594175848.005, "wallet_info": {"bank": {"account_id": "06856", "account_name": "YUGHH", "branch": "NHTMCP Bao Viet Da Nang", "name": "NHTMCP Bao Viet", "last_update": 1610607110.74239}}, "facebook_id": "1104075483119045", "facebook_page_id": "104933208087207", "momo_wallet_id": "123123123", "category": "Test", "home": {"location": {"coordinates": [10.42, 107.22], "type": "Point"}, "address": "HCMC", "lat": 10.42, "lng": 107.22}, "work": {"lat": 10.42, "lng": 107.22, "address": "1 Au Co, Ward 9, Tan Binh, HCMC"}, "child_ids": ["84922936471"], "categories": [{"child_code": ["BREAD", "TRADITIONAL CAKES"], "code": "CAKE"}], "user_type": "Corporation", "city_id": ["SGN"], "verify_time": 1609900524.07381, "verified": true, "activation_code": "5344", "activation_time": 1611197731, "verify_status": "COMPLETED"} 
 </msg>
<msg timestamp="20210121 10:10:07.822" level="INFO">${response} = &lt;Response [200]&gt;</msg>
<status status="PASS" starttime="20210121 10:10:07.632" endtime="20210121 10:10:07.823"></status>
</kw>
<kw name="Set To Dictionary" library="Collections">
<doc>Adds the given ``key_value_pairs`` and ``items`` to the ``dictionary``.</doc>
<arguments>
<arg>${response.json()}</arg>
</arguments>
<assign>
<var>&amp;{user_info}</var>
</assign>
<msg timestamp="20210121 10:10:07.826" level="INFO">&amp;{user_info} = { _id=84981875523 | name=abc | email=sdm@g.vn | referral_code=0981875523 | country_code=VN | currency=VND | account_status=ACTIVATED | language=en | create_time=1561344358.23652 | main_account={'VND':...</msg>
<status status="PASS" starttime="20210121 10:10:07.823" endtime="20210121 10:10:07.827"></status>
</kw>
<kw name="Create List" library="BuiltIn">
<doc>Returns a list containing given items.</doc>
<arguments>
<arg>${user_info.verify_status}</arg>
</arguments>
<assign>
<var>@{user_info}</var>
</assign>
<msg timestamp="20210121 10:10:07.828" level="INFO">@{user_info} = [ COMPLETED ]</msg>
<status status="PASS" starttime="20210121 10:10:07.827" endtime="20210121 10:10:07.828"></status>
</kw>
<kw name="Log" library="BuiltIn">
<doc>Logs the given message with the given level.</doc>
<arguments>
<arg>${user_info}</arg>
</arguments>
<msg timestamp="20210121 10:10:07.830" level="INFO">['COMPLETED']</msg>
<status status="PASS" starttime="20210121 10:10:07.829" endtime="20210121 10:10:07.830"></status>
</kw>
<status status="PASS" starttime="20210121 10:10:07.630" endtime="20210121 10:10:07.831"></status>
</kw>
<status status="PASS" starttime="20210121 10:10:07.319" endtime="20210121 10:10:07.831" critical="yes"></status>
</test>
<status status="PASS" starttime="20210121 10:10:06.380" endtime="20210121 10:10:07.832"></status>
</suite>
<statistics>
<total>
<stat pass="1" fail="0">Critical Tests</stat>
<stat pass="1" fail="0">All Tests</stat>
</total>
<tag>
</tag>
<suite>
<stat pass="1" fail="0" id="s1" name="APIUser">APIUser</stat>
</suite>
</statistics>
<errors>
<msg timestamp="20210121 10:10:07.317" level="ERROR">Error in file '/Users/mac/Desktop/Ahamove/Resource/PO/CategoryPage.robot' on line 12: Error in file '/Users/mac/Desktop/Ahamove/Resource/API/APIUser.robot' on line 112: Resource file with 'Test Cases' section is invalid.</msg>
</errors>
</robot>
