<?xml version="1.0" encoding="UTF-8"?>
<robot generator="Robot 3.2.2 (Python 3.8.5 on darwin)" generated="20201116 11:02:57.169" rpa="false">
<suite id="s1" name="FakeData" source="/Users/macbookpro/Desktop/Ahamove/Resource/Base/FakeData.robot">
<test id="s1-t1" name="Fake data">
<kw name="Fake Data Info">
<kw name="Name" library="FakerLibrary">
<doc>:example 'John Doe'</doc>
<assign>
<var>${user_name}</var>
</assign>
<msg timestamp="20201116 11:02:57.697" level="INFO">${user_name} = Melissa Jenkins</msg>
<status status="PASS" starttime="20201116 11:02:57.697" endtime="20201116 11:02:57.697"></status>
</kw>
<kw name="Generate Random String" library="String">
<doc>Generates a string with a desired ``length`` from the given ``chars``.</doc>
<arguments>
<arg>8</arg>
<arg>[NUMBERS]</arg>
</arguments>
<assign>
<var>${random_num}</var>
</assign>
<msg timestamp="20201116 11:02:57.698" level="INFO">${random_num} = 71686706</msg>
<status status="PASS" starttime="20201116 11:02:57.697" endtime="20201116 11:02:57.698"></status>
</kw>
<kw name="Set Variable" library="BuiltIn">
<doc>Returns the given values which can then be assigned to a variables.</doc>
<arguments>
<arg>testuseraccount${random_num}@gmail.com</arg>
</arguments>
<assign>
<var>${user_email}</var>
</assign>
<msg timestamp="20201116 11:02:57.698" level="INFO">${user_email} = testuseraccount71686706@gmail.com</msg>
<status status="PASS" starttime="20201116 11:02:57.698" endtime="20201116 11:02:57.698"></status>
</kw>
<kw name="Set Variable" library="BuiltIn">
<doc>Returns the given values which can then be assigned to a variables.</doc>
<arguments>
<arg>841${random_num}</arg>
</arguments>
<assign>
<var>${user_phone}</var>
</assign>
<msg timestamp="20201116 11:02:57.698" level="INFO">${user_phone} = 84171686706</msg>
<status status="PASS" starttime="20201116 11:02:57.698" endtime="20201116 11:02:57.698"></status>
</kw>
<kw name="Create List" library="BuiltIn">
<doc>Returns a list containing given items.</doc>
<arguments>
<arg>${user_name}</arg>
<arg>${user_email}</arg>
<arg>${user_phone}</arg>
</arguments>
<assign>
<var>@{data_info}</var>
</assign>
<msg timestamp="20201116 11:02:57.699" level="INFO">@{data_info} = [ Melissa Jenkins | testuseraccount71686706@gmail.com | 84171686706 ]</msg>
<status status="PASS" starttime="20201116 11:02:57.698" endtime="20201116 11:02:57.699"></status>
</kw>
<kw name="Log" library="BuiltIn">
<doc>Logs the given message with the given level.</doc>
<arguments>
<arg>${data_info}</arg>
</arguments>
<msg timestamp="20201116 11:02:57.699" level="INFO">['Melissa Jenkins', 'testuseraccount71686706@gmail.com', '84171686706']</msg>
<status status="PASS" starttime="20201116 11:02:57.699" endtime="20201116 11:02:57.699"></status>
</kw>
<status status="PASS" starttime="20201116 11:02:57.696" endtime="20201116 11:02:57.699"></status>
</kw>
<status status="PASS" starttime="20201116 11:02:57.696" endtime="20201116 11:02:57.699" critical="yes"></status>
</test>
<status status="PASS" starttime="20201116 11:02:57.177" endtime="20201116 11:02:57.700"></status>
</suite>
<statistics>
<total>
<stat pass="1" fail="0">Critical Tests</stat>
<stat pass="1" fail="0">All Tests</stat>
</total>
<tag>
</tag>
<suite>
<stat pass="1" fail="0" id="s1" name="FakeData">FakeData</stat>
</suite>
</statistics>
<errors>
</errors>
</robot>
