<?xml version="1.0" encoding="UTF-8"?>
<robot generator="Robot 3.2.2 (Python 3.8.5 on darwin)" generated="20201016 08:30:56.913" rpa="false">
<suite id="s1" name="SignUp" source="/Users/mac/Desktop/Ahamove/TestCase/BeforeBooking/SignUp.robot">
<test id="s1-t1" name="Verify that user can sign up success with category individual">
<kw name="Begin Web Test" library="Common" type="setup">
<kw name="Open Browser" library="SeleniumLibrary">
<doc>Opens a new browser instance to the optional ``url``.</doc>
<arguments>
<arg>about:blank</arg>
<arg>chrome</arg>
</arguments>
<msg timestamp="20201016 08:30:57.301" level="INFO">Opening browser 'chrome' to base url 'about:blank'.</msg>
<status status="PASS" starttime="20201016 08:30:57.301" endtime="20201016 08:30:59.401"></status>
</kw>
<kw name="Sleep" library="BuiltIn">
<doc>Pauses the test executed for the given time.</doc>
<arguments>
<arg>2s</arg>
</arguments>
<msg timestamp="20201016 08:31:01.403" level="INFO">Slept 2 seconds</msg>
<status status="PASS" starttime="20201016 08:30:59.401" endtime="20201016 08:31:01.404"></status>
</kw>
<kw name="Go To" library="SeleniumLibrary">
<doc>Navigates the current browser window to the provided ``url``.</doc>
<arguments>
<arg>${URL}</arg>
</arguments>
<msg timestamp="20201016 08:31:01.405" level="INFO">Opening url 'https://appstg.ahamove.com/sign-up'</msg>
<status status="PASS" starttime="20201016 08:31:01.404" endtime="20201016 08:31:04.896"></status>
</kw>
<kw name="Set Screenshot Directory" library="SeleniumLibrary">
<doc>Sets the directory for captured screenshots.</doc>
<arguments>
<arg>./Report/image</arg>
</arguments>
<status status="PASS" starttime="20201016 08:31:04.896" endtime="20201016 08:31:04.896"></status>
</kw>
<status status="PASS" starttime="20201016 08:30:57.301" endtime="20201016 08:31:04.896"></status>
</kw>
<kw name="When User open app to sign up screen" library="SignUpDF">
<kw name="Open screen" library="SignUpScreen">
<kw name="Go To" library="SeleniumLibrary">
<doc>Navigates the current browser window to the provided ``url``.</doc>
<arguments>
<arg>${URL}</arg>
</arguments>
<msg timestamp="20201016 08:31:04.898" level="INFO">Opening url 'https://appstg.ahamove.com/sign-up'</msg>
<status status="PASS" starttime="20201016 08:31:04.898" endtime="20201016 08:31:09.652"></status>
</kw>
<status status="PASS" starttime="20201016 08:31:04.897" endtime="20201016 08:31:09.652"></status>
</kw>
<status status="PASS" starttime="20201016 08:31:04.897" endtime="20201016 08:31:09.652"></status>
</kw>
<kw name="And User input success full all info" library="SignUpDF">
<arguments>
<arg>abc</arg>
<arg>0981875523</arg>
<arg>abc@gmail.com</arg>
</arguments>
<msg timestamp="20201016 08:31:09.654" level="FAIL">Keyword 'SignUpDF.User input success full all info' expected 1 argument, got 3.</msg>
<status status="FAIL" starttime="20201016 08:31:09.653" endtime="20201016 08:31:09.654"></status>
</kw>
<kw name="End Web Test" library="Common" type="teardown">
<kw name="Close Browser" library="SeleniumLibrary">
<doc>Closes the current browser.</doc>
<status status="PASS" starttime="20201016 08:31:09.655" endtime="20201016 08:31:09.816"></status>
</kw>
<status status="PASS" starttime="20201016 08:31:09.654" endtime="20201016 08:31:09.817"></status>
</kw>
<tags>
<tag>TC-signup with category Individual</tag>
</tags>
<status status="FAIL" starttime="20201016 08:30:57.300" endtime="20201016 08:31:09.817" critical="yes">Keyword 'SignUpDF.User input success full all info' expected 1 argument, got 3.</status>
</test>
<status status="FAIL" starttime="20201016 08:30:56.915" endtime="20201016 08:31:09.820"></status>
</suite>
<statistics>
<total>
<stat pass="0" fail="1">Critical Tests</stat>
<stat pass="0" fail="1">All Tests</stat>
</total>
<tag>
<stat pass="0" fail="1">TC-signup with category Individual</stat>
</tag>
<suite>
<stat pass="0" fail="1" id="s1" name="SignUp">SignUp</stat>
</suite>
</statistics>
<errors>
<msg timestamp="20201016 08:30:57.292" level="ERROR">Error in file '/Users/mac/Desktop/Ahamove/Resource/Common.robot' on line 7: Invalid variable name '${ENVIROMENT} = stg'.</msg>
<msg timestamp="20201016 08:30:57.293" level="ERROR">Error in file '/Users/mac/Desktop/Ahamove/Resource/Common.robot' on line 6: Setting variable '&amp;{URL}' failed: Invalid dictionary variable item 'https://appstg.ahamove.com/'. Items must use 'name=value' syntax or be dictionary variables themselves.</msg>
</errors>
</robot>
