<?xml version="1.0" encoding="UTF-8"?>
<robot generator="Robot 3.2.2 (Python 3.8.5 on darwin)" generated="20201016 17:38:14.342" rpa="false">
<suite id="s1" name="SignUp" source="/Users/mac/Desktop/Ahamove/TestCase/BeforeBooking/SignUp.robot">
<test id="s1-t1" name="Verify that user can sign up success with category individual">
<kw name="Begin Web Test" library="Common" type="setup">
<kw name="Open Browser" library="SeleniumLibrary">
<doc>Opens a new browser instance to the optional ``url``.</doc>
<arguments>
<arg>about:blank</arg>
<arg>${BROWSER}</arg>
</arguments>
<msg timestamp="20201016 17:38:14.803" level="INFO">Opening browser 'headlesschrome' to base url 'about:blank'.</msg>
<status status="PASS" starttime="20201016 17:38:14.803" endtime="20201016 17:38:16.677"></status>
</kw>
<kw name="Sleep" library="BuiltIn">
<doc>Pauses the test executed for the given time.</doc>
<arguments>
<arg>2s</arg>
</arguments>
<msg timestamp="20201016 17:38:18.678" level="INFO">Slept 2 seconds</msg>
<status status="PASS" starttime="20201016 17:38:16.678" endtime="20201016 17:38:18.679"></status>
</kw>
<kw name="Go To" library="SeleniumLibrary">
<doc>Navigates the current browser window to the provided ``url``.</doc>
<arguments>
<arg>${URL.${ENVIROMENT}}</arg>
</arguments>
<msg timestamp="20201016 17:38:18.680" level="INFO">Opening url 'https://appstg.ahamove.com'</msg>
<status status="PASS" starttime="20201016 17:38:18.679" endtime="20201016 17:38:22.023"></status>
</kw>
<kw name="Set Screenshot Directory" library="SeleniumLibrary">
<doc>Sets the directory for captured screenshots.</doc>
<arguments>
<arg>./Report/image</arg>
</arguments>
<status status="PASS" starttime="20201016 17:38:22.023" endtime="20201016 17:38:22.024"></status>
</kw>
<status status="PASS" starttime="20201016 17:38:14.802" endtime="20201016 17:38:22.024"></status>
</kw>
<kw name="Given User open app to sign up screen" library="SignUpDF">
<kw name="Click to tap SignUp" library="SignUpScreen">
<kw name="Wait Until Element Is Visible" library="SeleniumLibrary">
<doc>Waits until the element ``locator`` is visible.</doc>
<arguments>
<arg>${TAB-SignUp}</arg>
<arg>10s</arg>
<arg>Not found</arg>
</arguments>
<status status="PASS" starttime="20201016 17:38:22.026" endtime="20201016 17:38:22.056"></status>
</kw>
<kw name="Click Element" library="SeleniumLibrary">
<doc>Click the element identified by ``locator``.</doc>
<arguments>
<arg>${TAB-SignUp}</arg>
</arguments>
<msg timestamp="20201016 17:38:22.057" level="INFO">Clicking element 'xpath://*[@class="ahamove-auth__methods"]/div[2]'.</msg>
<status status="PASS" starttime="20201016 17:38:22.057" endtime="20201016 17:38:22.359"></status>
</kw>
<status status="PASS" starttime="20201016 17:38:22.025" endtime="20201016 17:38:22.359"></status>
</kw>
<status status="PASS" starttime="20201016 17:38:22.025" endtime="20201016 17:38:22.359"></status>
</kw>
<kw name="When User input success full all info" library="SignUpDF">
<arguments>
<arg>abc</arg>
<arg>abc@gmail.com</arg>
<arg>0910000001</arg>
</arguments>
<kw name="Input valid name" library="SignUpScreen">
<arguments>
<arg>${Info}[0]</arg>
</arguments>
<kw name="Wait Until Element Is Visible" library="SeleniumLibrary">
<doc>Waits until the element ``locator`` is visible.</doc>
<arguments>
<arg>${Textbox-Name}</arg>
<arg>5s</arg>
<arg>Not found</arg>
</arguments>
<status status="PASS" starttime="20201016 17:38:22.362" endtime="20201016 17:38:22.425"></status>
</kw>
<kw name="Sleep" library="BuiltIn">
<doc>Pauses the test executed for the given time.</doc>
<arguments>
<arg>3s</arg>
</arguments>
<msg timestamp="20201016 17:38:25.426" level="INFO">Slept 3 seconds</msg>
<status status="PASS" starttime="20201016 17:38:22.425" endtime="20201016 17:38:25.426"></status>
</kw>
<kw name="Input Text" library="SeleniumLibrary">
<doc>Types the given ``text`` into the text field identified by ``locator``.</doc>
<arguments>
<arg>${Textbox-Name}</arg>
<arg>${Info}</arg>
</arguments>
<msg timestamp="20201016 17:38:25.427" level="INFO">Typing text 'abc' into text field 'xpath://*[@class='v-input a-text-field sign-up__name v-text-field theme--light dark']//input'.</msg>
<status status="PASS" starttime="20201016 17:38:25.426" endtime="20201016 17:38:25.588"></status>
</kw>
<status status="PASS" starttime="20201016 17:38:22.361" endtime="20201016 17:38:25.588"></status>
</kw>
<kw name="Input valid email" library="SignUpScreen">
<arguments>
<arg>${Info}[1]</arg>
</arguments>
<kw name="Wait Until Element Is Visible" library="SeleniumLibrary">
<doc>Waits until the element ``locator`` is visible.</doc>
<arguments>
<arg>${Textbox-Email}</arg>
<arg>5s</arg>
<arg>Not found</arg>
</arguments>
<status status="PASS" starttime="20201016 17:38:25.588" endtime="20201016 17:38:25.609"></status>
</kw>
<kw name="Sleep" library="BuiltIn">
<doc>Pauses the test executed for the given time.</doc>
<arguments>
<arg>3s</arg>
</arguments>
<msg timestamp="20201016 17:38:28.610" level="INFO">Slept 3 seconds</msg>
<status status="PASS" starttime="20201016 17:38:25.610" endtime="20201016 17:38:28.610"></status>
</kw>
<kw name="Input Text" library="SeleniumLibrary">
<doc>Types the given ``text`` into the text field identified by ``locator``.</doc>
<arguments>
<arg>${Textbox-Email}</arg>
<arg>${Info}</arg>
</arguments>
<msg timestamp="20201016 17:38:28.611" level="INFO">Typing text 'abc@gmail.com' into text field 'xpath://*[@class='layout mb-3 row']//*[@class='v-input a-text-field v-text-field theme--light dark']//input'.</msg>
<status status="PASS" starttime="20201016 17:38:28.610" endtime="20201016 17:38:28.910"></status>
</kw>
<status status="PASS" starttime="20201016 17:38:25.588" endtime="20201016 17:38:28.910"></status>
</kw>
<kw name="Input valid phone" library="SignUpScreen">
<arguments>
<arg>${Info}[2]</arg>
</arguments>
<kw name="Sleep" library="BuiltIn">
<doc>Pauses the test executed for the given time.</doc>
<arguments>
<arg>3s</arg>
</arguments>
<msg timestamp="20201016 17:38:31.914" level="INFO">Slept 3 seconds</msg>
<status status="PASS" starttime="20201016 17:38:28.911" endtime="20201016 17:38:31.914"></status>
</kw>
<kw name="Input Text" library="SeleniumLibrary">
<doc>Types the given ``text`` into the text field identified by ``locator``.</doc>
<arguments>
<arg>${Textbox-Phone}</arg>
<arg>${Info}</arg>
</arguments>
<msg timestamp="20201016 17:38:31.915" level="INFO">Typing text '0910000001' into text field 'xpath://*[@class='flex sign-up__phone mb-3 xs12']//*[@class='v-input a-text-field title v-text-field theme--light dark']//input'.</msg>
<status status="PASS" starttime="20201016 17:38:31.914" endtime="20201016 17:38:32.082"></status>
</kw>
<status status="PASS" starttime="20201016 17:38:28.911" endtime="20201016 17:38:32.082"></status>
</kw>
<status status="PASS" starttime="20201016 17:38:22.360" endtime="20201016 17:38:32.082"></status>
</kw>
<kw name="And User choosing category is Individual" library="SignUpDF">
<kw name="Choose category Individual" library="CategoryScreen">
<kw name="Click Element" library="SeleniumLibrary">
<doc>Click the element identified by ``locator``.</doc>
<arguments>
<arg>${BUT_CAT}</arg>
</arguments>
<msg timestamp="20201016 17:38:32.083" level="INFO">Clicking element 'xpath://*[@class='category__label__content-placeholder']'.</msg>
<status status="PASS" starttime="20201016 17:38:32.083" endtime="20201016 17:38:32.190"></status>
</kw>
<kw name="Sleep" library="BuiltIn">
<doc>Pauses the test executed for the given time.</doc>
<arguments>
<arg>2s</arg>
</arguments>
<msg timestamp="20201016 17:38:34.191" level="INFO">Slept 2 seconds</msg>
<status status="PASS" starttime="20201016 17:38:32.190" endtime="20201016 17:38:34.191"></status>
</kw>
<kw name="Click Element" library="SeleniumLibrary">
<doc>Click the element identified by ``locator``.</doc>
<arguments>
<arg>${BUT_INDIVIDUAL}</arg>
</arguments>
<msg timestamp="20201016 17:38:34.192" level="INFO">Clicking element 'xpath://*[@class='business__types']/div[1]'.</msg>
<status status="PASS" starttime="20201016 17:38:34.192" endtime="20201016 17:38:34.328"></status>
</kw>
<kw name="Sleep" library="BuiltIn">
<doc>Pauses the test executed for the given time.</doc>
<arguments>
<arg>2s</arg>
</arguments>
<msg timestamp="20201016 17:38:36.330" level="INFO">Slept 2 seconds</msg>
<status status="PASS" starttime="20201016 17:38:34.328" endtime="20201016 17:38:36.331"></status>
</kw>
<kw name="Click Element" library="SeleniumLibrary">
<doc>Click the element identified by ``locator``.</doc>
<arguments>
<arg>${CB_SUBCAT_INDIVIDUAL}</arg>
</arguments>
<msg timestamp="20201016 17:38:36.331" level="INFO">Clicking element 'xpath://*[@class='category-item__wrapper']/div[1]//*[@class='v-input v-input--selection-controls v-input--checkbox theme--light']//*[@class='v-input--selection-controls__ripple']'.</msg>
<status status="PASS" starttime="20201016 17:38:36.331" endtime="20201016 17:38:36.380"></status>
</kw>
<kw name="Sleep" library="BuiltIn">
<doc>Pauses the test executed for the given time.</doc>
<arguments>
<arg>2s</arg>
</arguments>
<msg timestamp="20201016 17:38:38.384" level="INFO">Slept 2 seconds</msg>
<status status="PASS" starttime="20201016 17:38:36.380" endtime="20201016 17:38:38.384"></status>
</kw>
<kw name="Click Button" library="SeleniumLibrary">
<doc>Clicks the button identified by ``locator``.</doc>
<arguments>
<arg>${BUT-SAVE}</arg>
</arguments>
<msg timestamp="20201016 17:38:38.385" level="INFO">Clicking button 'xpath://*[@class='v-btn v-btn--depressed theme--light accent']'.</msg>
<status status="PASS" starttime="20201016 17:38:38.384" endtime="20201016 17:38:38.472"></status>
</kw>
<status status="PASS" starttime="20201016 17:38:32.083" endtime="20201016 17:38:38.472"></status>
</kw>
<status status="PASS" starttime="20201016 17:38:32.082" endtime="20201016 17:38:38.472"></status>
</kw>
<kw name="And User click to Sign Up button" library="SignUpDF">
<kw name="Click button Sign Up" library="SignUpScreen">
<kw name="Sleep" library="BuiltIn">
<doc>Pauses the test executed for the given time.</doc>
<arguments>
<arg>3s</arg>
</arguments>
<msg timestamp="20201016 17:38:41.474" level="INFO">Slept 3 seconds</msg>
<status status="PASS" starttime="20201016 17:38:38.473" endtime="20201016 17:38:41.474"></status>
</kw>
<kw name="Click Button" library="SeleniumLibrary">
<doc>Clicks the button identified by ``locator``.</doc>
<arguments>
<arg>${Button-SignUp}</arg>
</arguments>
<msg timestamp="20201016 17:38:41.475" level="INFO">Clicking button 'xpath://*[@class='mt-4 submit-signup v-btn v-btn--block v-btn--large v-btn--depressed theme--light accent']'.</msg>
<status status="PASS" starttime="20201016 17:38:41.474" endtime="20201016 17:38:41.548"></status>
</kw>
<status status="PASS" starttime="20201016 17:38:38.473" endtime="20201016 17:38:41.549"></status>
</kw>
<status status="PASS" starttime="20201016 17:38:38.473" endtime="20201016 17:38:41.549"></status>
</kw>
<kw name="And Go to input activation code screen and input code success" library="SignUpDF">
<arguments>
<arg>2</arg>
<arg>0</arg>
<arg>0</arg>
<arg>7</arg>
</arguments>
<kw name="Sleep" library="BuiltIn">
<doc>Pauses the test executed for the given time.</doc>
<arguments>
<arg>2s</arg>
</arguments>
<msg timestamp="20201016 17:38:43.551" level="INFO">Slept 2 seconds</msg>
<status status="PASS" starttime="20201016 17:38:41.550" endtime="20201016 17:38:43.551"></status>
</kw>
<kw name="Input activate code" library="VerifyOTP">
<arguments>
<arg>@{OTP}</arg>
</arguments>
<kw name="Wait Until Element Is Visible" library="SeleniumLibrary">
<doc>Waits until the element ``locator`` is visible.</doc>
<arguments>
<arg>${Input1}</arg>
<arg>2s</arg>
<arg>${Input1} not found</arg>
</arguments>
<status status="PASS" starttime="20201016 17:38:43.552" endtime="20201016 17:38:43.574"></status>
</kw>
<kw name="Sleep" library="BuiltIn">
<doc>Pauses the test executed for the given time.</doc>
<arguments>
<arg>3s</arg>
</arguments>
<msg timestamp="20201016 17:38:46.577" level="INFO">Slept 3 seconds</msg>
<status status="PASS" starttime="20201016 17:38:43.575" endtime="20201016 17:38:46.577"></status>
</kw>
<kw name="Input Text" library="SeleniumLibrary">
<doc>Types the given ``text`` into the text field identified by ``locator``.</doc>
<arguments>
<arg>${Input1}</arg>
<arg>${OTP}[0]</arg>
</arguments>
<msg timestamp="20201016 17:38:46.578" level="INFO">Typing text '2' into text field 'xpath://*[@class='digits my-4']/input[1]'.</msg>
<status status="PASS" starttime="20201016 17:38:46.577" endtime="20201016 17:38:46.633"></status>
</kw>
<kw name="Input Text" library="SeleniumLibrary">
<doc>Types the given ``text`` into the text field identified by ``locator``.</doc>
<arguments>
<arg>${Input2}</arg>
<arg>${OTP}[1]</arg>
</arguments>
<msg timestamp="20201016 17:38:46.634" level="INFO">Typing text '0' into text field 'xpath://*[@class='digits my-4']/input[2]'.</msg>
<status status="PASS" starttime="20201016 17:38:46.633" endtime="20201016 17:38:46.687"></status>
</kw>
<kw name="Input Text" library="SeleniumLibrary">
<doc>Types the given ``text`` into the text field identified by ``locator``.</doc>
<arguments>
<arg>${Input3}</arg>
<arg>${OTP}[2]</arg>
</arguments>
<msg timestamp="20201016 17:38:46.687" level="INFO">Typing text '0' into text field 'xpath://*[@class='digits my-4']/input[3]'.</msg>
<status status="PASS" starttime="20201016 17:38:46.687" endtime="20201016 17:38:46.740"></status>
</kw>
<kw name="Input Text" library="SeleniumLibrary">
<doc>Types the given ``text`` into the text field identified by ``locator``.</doc>
<arguments>
<arg>${Input4}</arg>
<arg>${OTP}[3]</arg>
</arguments>
<msg timestamp="20201016 17:38:46.740" level="INFO">Typing text '7' into text field 'xpath://*[@class='digits my-4']/input[4]'.</msg>
<status status="PASS" starttime="20201016 17:38:46.740" endtime="20201016 17:38:46.821"></status>
</kw>
<status status="PASS" starttime="20201016 17:38:43.552" endtime="20201016 17:38:46.821"></status>
</kw>
<status status="PASS" starttime="20201016 17:38:41.549" endtime="20201016 17:38:46.821"></status>
</kw>
<kw name="Then User sign up success to new order screen" library="SignUpDF">
<kw name="Title page is valid" library="NewOrderScreen">
<kw name="Sleep" library="BuiltIn">
<doc>Pauses the test executed for the given time.</doc>
<arguments>
<arg>5s</arg>
</arguments>
<msg timestamp="20201016 17:38:51.823" level="INFO">Slept 5 seconds</msg>
<status status="PASS" starttime="20201016 17:38:46.822" endtime="20201016 17:38:51.824"></status>
</kw>
<kw name="Element Text Should Be" library="SeleniumLibrary">
<doc>Verifies that element ``locator`` contains exact the text ``expected``.</doc>
<arguments>
<arg>${Title}</arg>
<arg>Đơn hàng mới</arg>
</arguments>
<msg timestamp="20201016 17:38:51.825" level="INFO">Verifying element 'xpath://*[@class='new-order__form__title']' contains exact text 'Đơn hàng mới'.</msg>
<status status="PASS" starttime="20201016 17:38:51.824" endtime="20201016 17:38:51.851"></status>
</kw>
<status status="PASS" starttime="20201016 17:38:46.822" endtime="20201016 17:38:51.851"></status>
</kw>
<status status="PASS" starttime="20201016 17:38:46.822" endtime="20201016 17:38:51.851"></status>
</kw>
<kw name="End Web Test" library="Common" type="teardown">
<kw name="Close Browser" library="SeleniumLibrary">
<doc>Closes the current browser.</doc>
<status status="PASS" starttime="20201016 17:38:51.852" endtime="20201016 17:38:51.936"></status>
</kw>
<status status="PASS" starttime="20201016 17:38:51.852" endtime="20201016 17:38:51.936"></status>
</kw>
<tags>
<tag>TC_signup_with_category_Individual</tag>
</tags>
<status status="PASS" starttime="20201016 17:38:14.802" endtime="20201016 17:38:51.936" critical="yes"></status>
</test>
<test id="s1-t2" name="Verify that user can sign up success with category SMEs">
<kw name="Begin Web Test" library="Common" type="setup">
<kw name="Open Browser" library="SeleniumLibrary">
<doc>Opens a new browser instance to the optional ``url``.</doc>
<arguments>
<arg>about:blank</arg>
<arg>${BROWSER}</arg>
</arguments>
<msg timestamp="20201016 17:38:51.940" level="INFO">Opening browser 'headlesschrome' to base url 'about:blank'.</msg>
<status status="PASS" starttime="20201016 17:38:51.939" endtime="20201016 17:38:53.479"></status>
</kw>
<kw name="Sleep" library="BuiltIn">
<doc>Pauses the test executed for the given time.</doc>
<arguments>
<arg>2s</arg>
</arguments>
<msg timestamp="20201016 17:38:55.482" level="INFO">Slept 2 seconds</msg>
<status status="PASS" starttime="20201016 17:38:53.479" endtime="20201016 17:38:55.482"></status>
</kw>
<kw name="Go To" library="SeleniumLibrary">
<doc>Navigates the current browser window to the provided ``url``.</doc>
<arguments>
<arg>${URL.${ENVIROMENT}}</arg>
</arguments>
<msg timestamp="20201016 17:38:55.484" level="INFO">Opening url 'https://appstg.ahamove.com'</msg>
<status status="PASS" starttime="20201016 17:38:55.483" endtime="20201016 17:38:57.881"></status>
</kw>
<kw name="Set Screenshot Directory" library="SeleniumLibrary">
<doc>Sets the directory for captured screenshots.</doc>
<arguments>
<arg>./Report/image</arg>
</arguments>
<status status="PASS" starttime="20201016 17:38:57.881" endtime="20201016 17:38:57.882"></status>
</kw>
<status status="PASS" starttime="20201016 17:38:51.939" endtime="20201016 17:38:57.882"></status>
</kw>
<kw name="Given User open app to sign up screen" library="SignUpDF">
<kw name="Click to tap SignUp" library="SignUpScreen">
<kw name="Wait Until Element Is Visible" library="SeleniumLibrary">
<doc>Waits until the element ``locator`` is visible.</doc>
<arguments>
<arg>${TAB-SignUp}</arg>
<arg>10s</arg>
<arg>Not found</arg>
</arguments>
<status status="PASS" starttime="20201016 17:38:57.884" endtime="20201016 17:38:57.906"></status>
</kw>
<kw name="Click Element" library="SeleniumLibrary">
<doc>Click the element identified by ``locator``.</doc>
<arguments>
<arg>${TAB-SignUp}</arg>
</arguments>
<msg timestamp="20201016 17:38:57.906" level="INFO">Clicking element 'xpath://*[@class="ahamove-auth__methods"]/div[2]'.</msg>
<status status="PASS" starttime="20201016 17:38:57.906" endtime="20201016 17:38:58.078"></status>
</kw>
<status status="PASS" starttime="20201016 17:38:57.884" endtime="20201016 17:38:58.078"></status>
</kw>
<status status="PASS" starttime="20201016 17:38:57.883" endtime="20201016 17:38:58.078"></status>
</kw>
<kw name="When User input success full all info" library="SignUpDF">
<arguments>
<arg>abc</arg>
<arg>abc@gmail.com</arg>
<arg>0910000001</arg>
</arguments>
<kw name="Input valid name" library="SignUpScreen">
<arguments>
<arg>${Info}[0]</arg>
</arguments>
<kw name="Wait Until Element Is Visible" library="SeleniumLibrary">
<doc>Waits until the element ``locator`` is visible.</doc>
<arguments>
<arg>${Textbox-Name}</arg>
<arg>5s</arg>
<arg>Not found</arg>
</arguments>
<status status="PASS" starttime="20201016 17:38:58.080" endtime="20201016 17:38:58.104"></status>
</kw>
<kw name="Sleep" library="BuiltIn">
<doc>Pauses the test executed for the given time.</doc>
<arguments>
<arg>3s</arg>
</arguments>
<msg timestamp="20201016 17:39:01.105" level="INFO">Slept 3 seconds</msg>
<status status="PASS" starttime="20201016 17:38:58.104" endtime="20201016 17:39:01.106"></status>
</kw>
<kw name="Input Text" library="SeleniumLibrary">
<doc>Types the given ``text`` into the text field identified by ``locator``.</doc>
<arguments>
<arg>${Textbox-Name}</arg>
<arg>${Info}</arg>
</arguments>
<msg timestamp="20201016 17:39:01.107" level="INFO">Typing text 'abc' into text field 'xpath://*[@class='v-input a-text-field sign-up__name v-text-field theme--light dark']//input'.</msg>
<status status="PASS" starttime="20201016 17:39:01.106" endtime="20201016 17:39:01.258"></status>
</kw>
<status status="PASS" starttime="20201016 17:38:58.079" endtime="20201016 17:39:01.258"></status>
</kw>
<kw name="Input valid email" library="SignUpScreen">
<arguments>
<arg>${Info}[1]</arg>
</arguments>
<kw name="Wait Until Element Is Visible" library="SeleniumLibrary">
<doc>Waits until the element ``locator`` is visible.</doc>
<arguments>
<arg>${Textbox-Email}</arg>
<arg>5s</arg>
<arg>Not found</arg>
</arguments>
<status status="PASS" starttime="20201016 17:39:01.259" endtime="20201016 17:39:01.277"></status>
</kw>
<kw name="Sleep" library="BuiltIn">
<doc>Pauses the test executed for the given time.</doc>
<arguments>
<arg>3s</arg>
</arguments>
<msg timestamp="20201016 17:39:04.278" level="INFO">Slept 3 seconds</msg>
<status status="PASS" starttime="20201016 17:39:01.277" endtime="20201016 17:39:04.279"></status>
</kw>
<kw name="Input Text" library="SeleniumLibrary">
<doc>Types the given ``text`` into the text field identified by ``locator``.</doc>
<arguments>
<arg>${Textbox-Email}</arg>
<arg>${Info}</arg>
</arguments>
<msg timestamp="20201016 17:39:04.279" level="INFO">Typing text 'abc@gmail.com' into text field 'xpath://*[@class='layout mb-3 row']//*[@class='v-input a-text-field v-text-field theme--light dark']//input'.</msg>
<status status="PASS" starttime="20201016 17:39:04.279" endtime="20201016 17:39:04.550"></status>
</kw>
<status status="PASS" starttime="20201016 17:39:01.258" endtime="20201016 17:39:04.550"></status>
</kw>
<kw name="Input valid phone" library="SignUpScreen">
<arguments>
<arg>${Info}[2]</arg>
</arguments>
<kw name="Sleep" library="BuiltIn">
<doc>Pauses the test executed for the given time.</doc>
<arguments>
<arg>3s</arg>
</arguments>
<msg timestamp="20201016 17:39:07.552" level="INFO">Slept 3 seconds</msg>
<status status="PASS" starttime="20201016 17:39:04.551" endtime="20201016 17:39:07.552"></status>
</kw>
<kw name="Input Text" library="SeleniumLibrary">
<doc>Types the given ``text`` into the text field identified by ``locator``.</doc>
<arguments>
<arg>${Textbox-Phone}</arg>
<arg>${Info}</arg>
</arguments>
<msg timestamp="20201016 17:39:07.553" level="INFO">Typing text '0910000001' into text field 'xpath://*[@class='flex sign-up__phone mb-3 xs12']//*[@class='v-input a-text-field title v-text-field theme--light dark']//input'.</msg>
<status status="PASS" starttime="20201016 17:39:07.552" endtime="20201016 17:39:07.811"></status>
</kw>
<status status="PASS" starttime="20201016 17:39:04.551" endtime="20201016 17:39:07.812"></status>
</kw>
<status status="PASS" starttime="20201016 17:38:58.078" endtime="20201016 17:39:07.812"></status>
</kw>
<kw name="And User choosing category is SMEs" library="SignUpDF">
<kw name="Choose category SMEs" library="CategoryScreen">
<kw name="Click Element" library="SeleniumLibrary">
<doc>Click the element identified by ``locator``.</doc>
<arguments>
<arg>${BUT_CAT}</arg>
</arguments>
<msg timestamp="20201016 17:39:07.813" level="INFO">Clicking element 'xpath://*[@class='category__label__content-placeholder']'.</msg>
<status status="PASS" starttime="20201016 17:39:07.812" endtime="20201016 17:39:07.940"></status>
</kw>
<kw name="Sleep" library="BuiltIn">
<doc>Pauses the test executed for the given time.</doc>
<arguments>
<arg>2s</arg>
</arguments>
<msg timestamp="20201016 17:39:09.941" level="INFO">Slept 2 seconds</msg>
<status status="PASS" starttime="20201016 17:39:07.940" endtime="20201016 17:39:09.942"></status>
</kw>
<kw name="Click Element" library="SeleniumLibrary">
<doc>Click the element identified by ``locator``.</doc>
<arguments>
<arg>${BUT_SMEs}</arg>
</arguments>
<msg timestamp="20201016 17:39:09.942" level="INFO">Clicking element 'xpath://*[@class='business__types']/div[2]'.</msg>
<status status="PASS" starttime="20201016 17:39:09.942" endtime="20201016 17:39:10.092"></status>
</kw>
<kw name="Sleep" library="BuiltIn">
<doc>Pauses the test executed for the given time.</doc>
<arguments>
<arg>2s</arg>
</arguments>
<msg timestamp="20201016 17:39:12.092" level="INFO">Slept 2 seconds</msg>
<status status="PASS" starttime="20201016 17:39:10.092" endtime="20201016 17:39:12.093"></status>
</kw>
<kw name="Click Element" library="SeleniumLibrary">
<doc>Click the element identified by ``locator``.</doc>
<arguments>
<arg>${BUT_CAT_SMEs}</arg>
</arguments>
<msg timestamp="20201016 17:39:12.094" level="INFO">Clicking element 'xpath://*[contains(@class,'select-category-group')]//*[contains(text(),'Đồ ăn')]'.</msg>
<status status="PASS" starttime="20201016 17:39:12.093" endtime="20201016 17:39:12.340"></status>
</kw>
<kw name="Sleep" library="BuiltIn">
<doc>Pauses the test executed for the given time.</doc>
<arguments>
<arg>2s</arg>
</arguments>
<msg timestamp="20201016 17:39:14.341" level="INFO">Slept 2 seconds</msg>
<status status="PASS" starttime="20201016 17:39:12.340" endtime="20201016 17:39:14.341"></status>
</kw>
<kw name="Click Element" library="SeleniumLibrary">
<doc>Click the element identified by ``locator``.</doc>
<arguments>
<arg>${CB_SUBCAT_SMEs}</arg>
</arguments>
<msg timestamp="20201016 17:39:14.343" level="INFO">Clicking element 'xpath://*[contains(@class,'v-input v-input--selection-controls v-input--checkbox theme--light')]//*[contains(text(),'Đồ ăn nhanh')]'.</msg>
<status status="PASS" starttime="20201016 17:39:14.342" endtime="20201016 17:39:14.476"></status>
</kw>
<kw name="Sleep" library="BuiltIn">
<doc>Pauses the test executed for the given time.</doc>
<arguments>
<arg>2s</arg>
</arguments>
<msg timestamp="20201016 17:39:16.478" level="INFO">Slept 2 seconds</msg>
<status status="PASS" starttime="20201016 17:39:14.477" endtime="20201016 17:39:16.478"></status>
</kw>
<kw name="Click Button" library="SeleniumLibrary">
<doc>Clicks the button identified by ``locator``.</doc>
<arguments>
<arg>${BUT-SAVE}</arg>
</arguments>
<msg timestamp="20201016 17:39:16.479" level="INFO">Clicking button 'xpath://*[@class='v-btn v-btn--depressed theme--light accent']'.</msg>
<status status="PASS" starttime="20201016 17:39:16.479" endtime="20201016 17:39:16.650"></status>
</kw>
<status status="PASS" starttime="20201016 17:39:07.812" endtime="20201016 17:39:16.650"></status>
</kw>
<status status="PASS" starttime="20201016 17:39:07.812" endtime="20201016 17:39:16.650"></status>
</kw>
<kw name="And User click to Sign Up button" library="SignUpDF">
<kw name="Click button Sign Up" library="SignUpScreen">
<kw name="Sleep" library="BuiltIn">
<doc>Pauses the test executed for the given time.</doc>
<arguments>
<arg>3s</arg>
</arguments>
<msg timestamp="20201016 17:39:19.655" level="INFO">Slept 3 seconds</msg>
<status status="PASS" starttime="20201016 17:39:16.653" endtime="20201016 17:39:19.655"></status>
</kw>
<kw name="Click Button" library="SeleniumLibrary">
<doc>Clicks the button identified by ``locator``.</doc>
<arguments>
<arg>${Button-SignUp}</arg>
</arguments>
<msg timestamp="20201016 17:39:19.656" level="INFO">Clicking button 'xpath://*[@class='mt-4 submit-signup v-btn v-btn--block v-btn--large v-btn--depressed theme--light accent']'.</msg>
<status status="PASS" starttime="20201016 17:39:19.655" endtime="20201016 17:39:19.742"></status>
</kw>
<status status="PASS" starttime="20201016 17:39:16.652" endtime="20201016 17:39:19.743"></status>
</kw>
<status status="PASS" starttime="20201016 17:39:16.651" endtime="20201016 17:39:19.743"></status>
</kw>
<kw name="And Go to input activation code screen and input code success" library="SignUpDF">
<arguments>
<arg>2</arg>
<arg>0</arg>
<arg>0</arg>
<arg>7</arg>
</arguments>
<kw name="Sleep" library="BuiltIn">
<doc>Pauses the test executed for the given time.</doc>
<arguments>
<arg>2s</arg>
</arguments>
<msg timestamp="20201016 17:39:21.745" level="INFO">Slept 2 seconds</msg>
<status status="PASS" starttime="20201016 17:39:19.744" endtime="20201016 17:39:21.746"></status>
</kw>
<kw name="Input activate code" library="VerifyOTP">
<arguments>
<arg>@{OTP}</arg>
</arguments>
<kw name="Wait Until Element Is Visible" library="SeleniumLibrary">
<doc>Waits until the element ``locator`` is visible.</doc>
<arguments>
<arg>${Input1}</arg>
<arg>2s</arg>
<arg>${Input1} not found</arg>
</arguments>
<status status="PASS" starttime="20201016 17:39:21.747" endtime="20201016 17:39:21.770"></status>
</kw>
<kw name="Sleep" library="BuiltIn">
<doc>Pauses the test executed for the given time.</doc>
<arguments>
<arg>3s</arg>
</arguments>
<msg timestamp="20201016 17:39:24.772" level="INFO">Slept 3 seconds</msg>
<status status="PASS" starttime="20201016 17:39:21.771" endtime="20201016 17:39:24.772"></status>
</kw>
<kw name="Input Text" library="SeleniumLibrary">
<doc>Types the given ``text`` into the text field identified by ``locator``.</doc>
<arguments>
<arg>${Input1}</arg>
<arg>${OTP}[0]</arg>
</arguments>
<msg timestamp="20201016 17:39:24.773" level="INFO">Typing text '2' into text field 'xpath://*[@class='digits my-4']/input[1]'.</msg>
<status status="PASS" starttime="20201016 17:39:24.773" endtime="20201016 17:39:24.838"></status>
</kw>
<kw name="Input Text" library="SeleniumLibrary">
<doc>Types the given ``text`` into the text field identified by ``locator``.</doc>
<arguments>
<arg>${Input2}</arg>
<arg>${OTP}[1]</arg>
</arguments>
<msg timestamp="20201016 17:39:24.839" level="INFO">Typing text '0' into text field 'xpath://*[@class='digits my-4']/input[2]'.</msg>
<status status="PASS" starttime="20201016 17:39:24.839" endtime="20201016 17:39:24.898"></status>
</kw>
<kw name="Input Text" library="SeleniumLibrary">
<doc>Types the given ``text`` into the text field identified by ``locator``.</doc>
<arguments>
<arg>${Input3}</arg>
<arg>${OTP}[2]</arg>
</arguments>
<msg timestamp="20201016 17:39:24.898" level="INFO">Typing text '0' into text field 'xpath://*[@class='digits my-4']/input[3]'.</msg>
<status status="PASS" starttime="20201016 17:39:24.898" endtime="20201016 17:39:24.960"></status>
</kw>
<kw name="Input Text" library="SeleniumLibrary">
<doc>Types the given ``text`` into the text field identified by ``locator``.</doc>
<arguments>
<arg>${Input4}</arg>
<arg>${OTP}[3]</arg>
</arguments>
<msg timestamp="20201016 17:39:24.960" level="INFO">Typing text '7' into text field 'xpath://*[@class='digits my-4']/input[4]'.</msg>
<status status="PASS" starttime="20201016 17:39:24.960" endtime="20201016 17:39:25.043"></status>
</kw>
<status status="PASS" starttime="20201016 17:39:21.746" endtime="20201016 17:39:25.043"></status>
</kw>
<status status="PASS" starttime="20201016 17:39:19.743" endtime="20201016 17:39:25.043"></status>
</kw>
<kw name="Then User sign up success to new order screen" library="SignUpDF">
<kw name="Title page is valid" library="NewOrderScreen">
<kw name="Sleep" library="BuiltIn">
<doc>Pauses the test executed for the given time.</doc>
<arguments>
<arg>5s</arg>
</arguments>
<msg timestamp="20201016 17:39:30.046" level="INFO">Slept 5 seconds</msg>
<status status="PASS" starttime="20201016 17:39:25.044" endtime="20201016 17:39:30.046"></status>
</kw>
<kw name="Element Text Should Be" library="SeleniumLibrary">
<doc>Verifies that element ``locator`` contains exact the text ``expected``.</doc>
<arguments>
<arg>${Title}</arg>
<arg>Đơn hàng mới</arg>
</arguments>
<msg timestamp="20201016 17:39:30.047" level="INFO">Verifying element 'xpath://*[@class='new-order__form__title']' contains exact text 'Đơn hàng mới'.</msg>
<status status="PASS" starttime="20201016 17:39:30.047" endtime="20201016 17:39:30.073"></status>
</kw>
<status status="PASS" starttime="20201016 17:39:25.044" endtime="20201016 17:39:30.073"></status>
</kw>
<status status="PASS" starttime="20201016 17:39:25.044" endtime="20201016 17:39:30.073"></status>
</kw>
<kw name="End Web Test" library="Common" type="teardown">
<kw name="Close Browser" library="SeleniumLibrary">
<doc>Closes the current browser.</doc>
<status status="PASS" starttime="20201016 17:39:30.074" endtime="20201016 17:39:30.167"></status>
</kw>
<status status="PASS" starttime="20201016 17:39:30.073" endtime="20201016 17:39:30.168"></status>
</kw>
<tags>
<tag>TC_signup_with_category_SMEs</tag>
</tags>
<status status="PASS" starttime="20201016 17:38:51.937" endtime="20201016 17:39:30.168" critical="yes"></status>
</test>
<test id="s1-t3" name="Verify that user can sign up success with category Corporate">
<kw name="Begin Web Test" library="Common" type="setup">
<kw name="Open Browser" library="SeleniumLibrary">
<doc>Opens a new browser instance to the optional ``url``.</doc>
<arguments>
<arg>about:blank</arg>
<arg>${BROWSER}</arg>
</arguments>
<msg timestamp="20201016 17:39:30.171" level="INFO">Opening browser 'headlesschrome' to base url 'about:blank'.</msg>
<status status="PASS" starttime="20201016 17:39:30.170" endtime="20201016 17:39:31.892"></status>
</kw>
<kw name="Sleep" library="BuiltIn">
<doc>Pauses the test executed for the given time.</doc>
<arguments>
<arg>2s</arg>
</arguments>
<msg timestamp="20201016 17:39:33.894" level="INFO">Slept 2 seconds</msg>
<status status="PASS" starttime="20201016 17:39:31.893" endtime="20201016 17:39:33.895"></status>
</kw>
<kw name="Go To" library="SeleniumLibrary">
<doc>Navigates the current browser window to the provided ``url``.</doc>
<arguments>
<arg>${URL.${ENVIROMENT}}</arg>
</arguments>
<msg timestamp="20201016 17:39:33.897" level="INFO">Opening url 'https://appstg.ahamove.com'</msg>
<status status="PASS" starttime="20201016 17:39:33.895" endtime="20201016 17:39:37.589"></status>
</kw>
<kw name="Set Screenshot Directory" library="SeleniumLibrary">
<doc>Sets the directory for captured screenshots.</doc>
<arguments>
<arg>./Report/image</arg>
</arguments>
<status status="PASS" starttime="20201016 17:39:37.589" endtime="20201016 17:39:37.590"></status>
</kw>
<status status="PASS" starttime="20201016 17:39:30.169" endtime="20201016 17:39:37.590"></status>
</kw>
<kw name="Given User open app to sign up screen" library="SignUpDF">
<kw name="Click to tap SignUp" library="SignUpScreen">
<kw name="Wait Until Element Is Visible" library="SeleniumLibrary">
<doc>Waits until the element ``locator`` is visible.</doc>
<arguments>
<arg>${TAB-SignUp}</arg>
<arg>10s</arg>
<arg>Not found</arg>
</arguments>
<status status="PASS" starttime="20201016 17:39:37.592" endtime="20201016 17:39:37.629"></status>
</kw>
<kw name="Click Element" library="SeleniumLibrary">
<doc>Click the element identified by ``locator``.</doc>
<arguments>
<arg>${TAB-SignUp}</arg>
</arguments>
<msg timestamp="20201016 17:39:37.630" level="INFO">Clicking element 'xpath://*[@class="ahamove-auth__methods"]/div[2]'.</msg>
<status status="PASS" starttime="20201016 17:39:37.629" endtime="20201016 17:39:37.863"></status>
</kw>
<status status="PASS" starttime="20201016 17:39:37.591" endtime="20201016 17:39:37.863"></status>
</kw>
<status status="PASS" starttime="20201016 17:39:37.591" endtime="20201016 17:39:37.863"></status>
</kw>
<kw name="When User input success full all info" library="SignUpDF">
<arguments>
<arg>abc</arg>
<arg>abc@gmail.com</arg>
<arg>0910000001</arg>
</arguments>
<kw name="Input valid name" library="SignUpScreen">
<arguments>
<arg>${Info}[0]</arg>
</arguments>
<kw name="Wait Until Element Is Visible" library="SeleniumLibrary">
<doc>Waits until the element ``locator`` is visible.</doc>
<arguments>
<arg>${Textbox-Name}</arg>
<arg>5s</arg>
<arg>Not found</arg>
</arguments>
<status status="PASS" starttime="20201016 17:39:37.865" endtime="20201016 17:39:37.890"></status>
</kw>
<kw name="Sleep" library="BuiltIn">
<doc>Pauses the test executed for the given time.</doc>
<arguments>
<arg>3s</arg>
</arguments>
<msg timestamp="20201016 17:39:40.891" level="INFO">Slept 3 seconds</msg>
<status status="PASS" starttime="20201016 17:39:37.890" endtime="20201016 17:39:40.891"></status>
</kw>
<kw name="Input Text" library="SeleniumLibrary">
<doc>Types the given ``text`` into the text field identified by ``locator``.</doc>
<arguments>
<arg>${Textbox-Name}</arg>
<arg>${Info}</arg>
</arguments>
<msg timestamp="20201016 17:39:40.892" level="INFO">Typing text 'abc' into text field 'xpath://*[@class='v-input a-text-field sign-up__name v-text-field theme--light dark']//input'.</msg>
<status status="PASS" starttime="20201016 17:39:40.891" endtime="20201016 17:39:41.064"></status>
</kw>
<status status="PASS" starttime="20201016 17:39:37.865" endtime="20201016 17:39:41.064"></status>
</kw>
<kw name="Input valid email" library="SignUpScreen">
<arguments>
<arg>${Info}[1]</arg>
</arguments>
<kw name="Wait Until Element Is Visible" library="SeleniumLibrary">
<doc>Waits until the element ``locator`` is visible.</doc>
<arguments>
<arg>${Textbox-Email}</arg>
<arg>5s</arg>
<arg>Not found</arg>
</arguments>
<status status="PASS" starttime="20201016 17:39:41.064" endtime="20201016 17:39:41.087"></status>
</kw>
<kw name="Sleep" library="BuiltIn">
<doc>Pauses the test executed for the given time.</doc>
<arguments>
<arg>3s</arg>
</arguments>
<msg timestamp="20201016 17:39:44.088" level="INFO">Slept 3 seconds</msg>
<status status="PASS" starttime="20201016 17:39:41.087" endtime="20201016 17:39:44.089"></status>
</kw>
<kw name="Input Text" library="SeleniumLibrary">
<doc>Types the given ``text`` into the text field identified by ``locator``.</doc>
<arguments>
<arg>${Textbox-Email}</arg>
<arg>${Info}</arg>
</arguments>
<msg timestamp="20201016 17:39:44.089" level="INFO">Typing text 'abc@gmail.com' into text field 'xpath://*[@class='layout mb-3 row']//*[@class='v-input a-text-field v-text-field theme--light dark']//input'.</msg>
<status status="PASS" starttime="20201016 17:39:44.089" endtime="20201016 17:39:44.358"></status>
</kw>
<status status="PASS" starttime="20201016 17:39:41.064" endtime="20201016 17:39:44.358"></status>
</kw>
<kw name="Input valid phone" library="SignUpScreen">
<arguments>
<arg>${Info}[2]</arg>
</arguments>
<kw name="Sleep" library="BuiltIn">
<doc>Pauses the test executed for the given time.</doc>
<arguments>
<arg>3s</arg>
</arguments>
<msg timestamp="20201016 17:39:47.361" level="INFO">Slept 3 seconds</msg>
<status status="PASS" starttime="20201016 17:39:44.359" endtime="20201016 17:39:47.361"></status>
</kw>
<kw name="Input Text" library="SeleniumLibrary">
<doc>Types the given ``text`` into the text field identified by ``locator``.</doc>
<arguments>
<arg>${Textbox-Phone}</arg>
<arg>${Info}</arg>
</arguments>
<msg timestamp="20201016 17:39:47.361" level="INFO">Typing text '0910000001' into text field 'xpath://*[@class='flex sign-up__phone mb-3 xs12']//*[@class='v-input a-text-field title v-text-field theme--light dark']//input'.</msg>
<status status="PASS" starttime="20201016 17:39:47.361" endtime="20201016 17:39:47.682"></status>
</kw>
<status status="PASS" starttime="20201016 17:39:44.359" endtime="20201016 17:39:47.682"></status>
</kw>
<status status="PASS" starttime="20201016 17:39:37.864" endtime="20201016 17:39:47.683"></status>
</kw>
<kw name="And User choosing category is Corporate" library="SignUpDF">
<kw name="Choose category Corporate" library="CategoryScreen">
<kw name="Click Element" library="SeleniumLibrary">
<doc>Click the element identified by ``locator``.</doc>
<arguments>
<arg>${BUT_CAT}</arg>
</arguments>
<msg timestamp="20201016 17:39:47.685" level="INFO">Clicking element 'xpath://*[@class='category__label__content-placeholder']'.</msg>
<status status="PASS" starttime="20201016 17:39:47.684" endtime="20201016 17:39:48.049"></status>
</kw>
<kw name="Sleep" library="BuiltIn">
<doc>Pauses the test executed for the given time.</doc>
<arguments>
<arg>2s</arg>
</arguments>
<msg timestamp="20201016 17:39:50.050" level="INFO">Slept 2 seconds</msg>
<status status="PASS" starttime="20201016 17:39:48.049" endtime="20201016 17:39:50.050"></status>
</kw>
<kw name="Click Element" library="SeleniumLibrary">
<doc>Click the element identified by ``locator``.</doc>
<arguments>
<arg>${BUT_CORPORATE}</arg>
</arguments>
<msg timestamp="20201016 17:39:50.051" level="INFO">Clicking element 'xpath://*[@class='business__types']/div[3]'.</msg>
<status status="PASS" starttime="20201016 17:39:50.051" endtime="20201016 17:39:50.357"></status>
</kw>
<kw name="Sleep" library="BuiltIn">
<doc>Pauses the test executed for the given time.</doc>
<arguments>
<arg>2s</arg>
</arguments>
<msg timestamp="20201016 17:39:52.358" level="INFO">Slept 2 seconds</msg>
<status status="PASS" starttime="20201016 17:39:50.357" endtime="20201016 17:39:52.358"></status>
</kw>
<kw name="Click Element" library="SeleniumLibrary">
<doc>Click the element identified by ``locator``.</doc>
<arguments>
<arg>${BUT_CAT_CORPORATE}</arg>
</arguments>
<msg timestamp="20201016 17:39:52.359" level="INFO">Clicking element 'xpath://*[contains(@class,'select-category-group')]//*[contains(text(),'Đồ ăn')]'.</msg>
<status status="PASS" starttime="20201016 17:39:52.358" endtime="20201016 17:39:52.668"></status>
</kw>
<kw name="Sleep" library="BuiltIn">
<doc>Pauses the test executed for the given time.</doc>
<arguments>
<arg>2s</arg>
</arguments>
<msg timestamp="20201016 17:39:54.671" level="INFO">Slept 2 seconds</msg>
<status status="PASS" starttime="20201016 17:39:52.668" endtime="20201016 17:39:54.671"></status>
</kw>
<kw name="Click Element" library="SeleniumLibrary">
<doc>Click the element identified by ``locator``.</doc>
<arguments>
<arg>${CB_SUBCAT_CORPORATE}</arg>
</arguments>
<msg timestamp="20201016 17:39:54.671" level="INFO">Clicking element 'xpath://*[contains(@class,'v-input v-input--selection-controls v-input--checkbox theme--light')]//*[contains(text(),'Đồ ăn nhanh')]'.</msg>
<status status="PASS" starttime="20201016 17:39:54.671" endtime="20201016 17:39:54.787"></status>
</kw>
<kw name="Sleep" library="BuiltIn">
<doc>Pauses the test executed for the given time.</doc>
<arguments>
<arg>2s</arg>
</arguments>
<msg timestamp="20201016 17:39:56.789" level="INFO">Slept 2 seconds</msg>
<status status="PASS" starttime="20201016 17:39:54.788" endtime="20201016 17:39:56.789"></status>
</kw>
<kw name="Click Button" library="SeleniumLibrary">
<doc>Clicks the button identified by ``locator``.</doc>
<arguments>
<arg>${BUT-SAVE}</arg>
</arguments>
<msg timestamp="20201016 17:39:56.790" level="INFO">Clicking button 'xpath://*[@class='v-btn v-btn--depressed theme--light accent']'.</msg>
<status status="PASS" starttime="20201016 17:39:56.790" endtime="20201016 17:39:56.953"></status>
</kw>
<status status="PASS" starttime="20201016 17:39:47.684" endtime="20201016 17:39:56.953"></status>
</kw>
<status status="PASS" starttime="20201016 17:39:47.683" endtime="20201016 17:39:56.954"></status>
</kw>
<kw name="And User click to Sign Up button" library="SignUpDF">
<kw name="Click button Sign Up" library="SignUpScreen">
<kw name="Sleep" library="BuiltIn">
<doc>Pauses the test executed for the given time.</doc>
<arguments>
<arg>3s</arg>
</arguments>
<msg timestamp="20201016 17:39:59.956" level="INFO">Slept 3 seconds</msg>
<status status="PASS" starttime="20201016 17:39:56.955" endtime="20201016 17:39:59.956"></status>
</kw>
<kw name="Click Button" library="SeleniumLibrary">
<doc>Clicks the button identified by ``locator``.</doc>
<arguments>
<arg>${Button-SignUp}</arg>
</arguments>
<msg timestamp="20201016 17:39:59.957" level="INFO">Clicking button 'xpath://*[@class='mt-4 submit-signup v-btn v-btn--block v-btn--large v-btn--depressed theme--light accent']'.</msg>
<status status="PASS" starttime="20201016 17:39:59.956" endtime="20201016 17:40:00.044"></status>
</kw>
<status status="PASS" starttime="20201016 17:39:56.954" endtime="20201016 17:40:00.045"></status>
</kw>
<status status="PASS" starttime="20201016 17:39:56.954" endtime="20201016 17:40:00.045"></status>
</kw>
<kw name="And Go to input activation code screen and input code success" library="SignUpDF">
<arguments>
<arg>2</arg>
<arg>0</arg>
<arg>0</arg>
<arg>7</arg>
</arguments>
<kw name="Sleep" library="BuiltIn">
<doc>Pauses the test executed for the given time.</doc>
<arguments>
<arg>2s</arg>
</arguments>
<msg timestamp="20201016 17:40:02.047" level="INFO">Slept 2 seconds</msg>
<status status="PASS" starttime="20201016 17:40:00.046" endtime="20201016 17:40:02.048"></status>
</kw>
<kw name="Input activate code" library="VerifyOTP">
<arguments>
<arg>@{OTP}</arg>
</arguments>
<kw name="Wait Until Element Is Visible" library="SeleniumLibrary">
<doc>Waits until the element ``locator`` is visible.</doc>
<arguments>
<arg>${Input1}</arg>
<arg>2s</arg>
<arg>${Input1} not found</arg>
</arguments>
<status status="PASS" starttime="20201016 17:40:02.048" endtime="20201016 17:40:02.071"></status>
</kw>
<kw name="Sleep" library="BuiltIn">
<doc>Pauses the test executed for the given time.</doc>
<arguments>
<arg>3s</arg>
</arguments>
<msg timestamp="20201016 17:40:05.073" level="INFO">Slept 3 seconds</msg>
<status status="PASS" starttime="20201016 17:40:02.071" endtime="20201016 17:40:05.074"></status>
</kw>
<kw name="Input Text" library="SeleniumLibrary">
<doc>Types the given ``text`` into the text field identified by ``locator``.</doc>
<arguments>
<arg>${Input1}</arg>
<arg>${OTP}[0]</arg>
</arguments>
<msg timestamp="20201016 17:40:05.075" level="INFO">Typing text '2' into text field 'xpath://*[@class='digits my-4']/input[1]'.</msg>
<status status="PASS" starttime="20201016 17:40:05.074" endtime="20201016 17:40:05.127"></status>
</kw>
<kw name="Input Text" library="SeleniumLibrary">
<doc>Types the given ``text`` into the text field identified by ``locator``.</doc>
<arguments>
<arg>${Input2}</arg>
<arg>${OTP}[1]</arg>
</arguments>
<msg timestamp="20201016 17:40:05.128" level="INFO">Typing text '0' into text field 'xpath://*[@class='digits my-4']/input[2]'.</msg>
<status status="PASS" starttime="20201016 17:40:05.127" endtime="20201016 17:40:05.184"></status>
</kw>
<kw name="Input Text" library="SeleniumLibrary">
<doc>Types the given ``text`` into the text field identified by ``locator``.</doc>
<arguments>
<arg>${Input3}</arg>
<arg>${OTP}[2]</arg>
</arguments>
<msg timestamp="20201016 17:40:05.185" level="INFO">Typing text '0' into text field 'xpath://*[@class='digits my-4']/input[3]'.</msg>
<status status="PASS" starttime="20201016 17:40:05.185" endtime="20201016 17:40:05.235"></status>
</kw>
<kw name="Input Text" library="SeleniumLibrary">
<doc>Types the given ``text`` into the text field identified by ``locator``.</doc>
<arguments>
<arg>${Input4}</arg>
<arg>${OTP}[3]</arg>
</arguments>
<msg timestamp="20201016 17:40:05.236" level="INFO">Typing text '7' into text field 'xpath://*[@class='digits my-4']/input[4]'.</msg>
<status status="PASS" starttime="20201016 17:40:05.235" endtime="20201016 17:40:05.316"></status>
</kw>
<status status="PASS" starttime="20201016 17:40:02.048" endtime="20201016 17:40:05.316"></status>
</kw>
<status status="PASS" starttime="20201016 17:40:00.045" endtime="20201016 17:40:05.316"></status>
</kw>
<kw name="Then User sign up success to new order screen" library="SignUpDF">
<kw name="Title page is valid" library="NewOrderScreen">
<kw name="Sleep" library="BuiltIn">
<doc>Pauses the test executed for the given time.</doc>
<arguments>
<arg>5s</arg>
</arguments>
<msg timestamp="20201016 17:40:10.318" level="INFO">Slept 5 seconds</msg>
<status status="PASS" starttime="20201016 17:40:05.318" endtime="20201016 17:40:10.318"></status>
</kw>
<kw name="Element Text Should Be" library="SeleniumLibrary">
<doc>Verifies that element ``locator`` contains exact the text ``expected``.</doc>
<arguments>
<arg>${Title}</arg>
<arg>Đơn hàng mới</arg>
</arguments>
<msg timestamp="20201016 17:40:10.319" level="INFO">Verifying element 'xpath://*[@class='new-order__form__title']' contains exact text 'Đơn hàng mới'.</msg>
<status status="PASS" starttime="20201016 17:40:10.319" endtime="20201016 17:40:10.338"></status>
</kw>
<status status="PASS" starttime="20201016 17:40:05.317" endtime="20201016 17:40:10.338"></status>
</kw>
<status status="PASS" starttime="20201016 17:40:05.316" endtime="20201016 17:40:10.338"></status>
</kw>
<kw name="End Web Test" library="Common" type="teardown">
<kw name="Close Browser" library="SeleniumLibrary">
<doc>Closes the current browser.</doc>
<status status="PASS" starttime="20201016 17:40:10.339" endtime="20201016 17:40:10.426"></status>
</kw>
<status status="PASS" starttime="20201016 17:40:10.338" endtime="20201016 17:40:10.426"></status>
</kw>
<tags>
<tag>TC_signup_with_category_Corporate</tag>
</tags>
<status status="PASS" starttime="20201016 17:39:30.168" endtime="20201016 17:40:10.426" critical="yes"></status>
</test>
<test id="s1-t4" name="Verify that user can't sign up with invalid OTP">
<kw name="Begin Web Test" library="Common" type="setup">
<kw name="Open Browser" library="SeleniumLibrary">
<doc>Opens a new browser instance to the optional ``url``.</doc>
<arguments>
<arg>about:blank</arg>
<arg>${BROWSER}</arg>
</arguments>
<msg timestamp="20201016 17:40:10.430" level="INFO">Opening browser 'headlesschrome' to base url 'about:blank'.</msg>
<status status="PASS" starttime="20201016 17:40:10.429" endtime="20201016 17:40:12.023"></status>
</kw>
<kw name="Sleep" library="BuiltIn">
<doc>Pauses the test executed for the given time.</doc>
<arguments>
<arg>2s</arg>
</arguments>
<msg timestamp="20201016 17:40:14.025" level="INFO">Slept 2 seconds</msg>
<status status="PASS" starttime="20201016 17:40:12.023" endtime="20201016 17:40:14.025"></status>
</kw>
<kw name="Go To" library="SeleniumLibrary">
<doc>Navigates the current browser window to the provided ``url``.</doc>
<arguments>
<arg>${URL.${ENVIROMENT}}</arg>
</arguments>
<msg timestamp="20201016 17:40:14.026" level="INFO">Opening url 'https://appstg.ahamove.com'</msg>
<status status="PASS" starttime="20201016 17:40:14.025" endtime="20201016 17:40:17.636"></status>
</kw>
<kw name="Set Screenshot Directory" library="SeleniumLibrary">
<doc>Sets the directory for captured screenshots.</doc>
<arguments>
<arg>./Report/image</arg>
</arguments>
<status status="PASS" starttime="20201016 17:40:17.636" endtime="20201016 17:40:17.637"></status>
</kw>
<status status="PASS" starttime="20201016 17:40:10.429" endtime="20201016 17:40:17.637"></status>
</kw>
<kw name="Given User open app to sign up screen" library="SignUpDF">
<kw name="Click to tap SignUp" library="SignUpScreen">
<kw name="Wait Until Element Is Visible" library="SeleniumLibrary">
<doc>Waits until the element ``locator`` is visible.</doc>
<arguments>
<arg>${TAB-SignUp}</arg>
<arg>10s</arg>
<arg>Not found</arg>
</arguments>
<status status="PASS" starttime="20201016 17:40:17.638" endtime="20201016 17:40:17.659"></status>
</kw>
<kw name="Click Element" library="SeleniumLibrary">
<doc>Click the element identified by ``locator``.</doc>
<arguments>
<arg>${TAB-SignUp}</arg>
</arguments>
<msg timestamp="20201016 17:40:17.659" level="INFO">Clicking element 'xpath://*[@class="ahamove-auth__methods"]/div[2]'.</msg>
<status status="PASS" starttime="20201016 17:40:17.659" endtime="20201016 17:40:17.760"></status>
</kw>
<status status="PASS" starttime="20201016 17:40:17.638" endtime="20201016 17:40:17.761"></status>
</kw>
<status status="PASS" starttime="20201016 17:40:17.638" endtime="20201016 17:40:17.761"></status>
</kw>
<kw name="When User input success full all info" library="SignUpDF">
<arguments>
<arg>abc</arg>
<arg>abc@gmail.com</arg>
<arg>0910000001</arg>
</arguments>
<kw name="Input valid name" library="SignUpScreen">
<arguments>
<arg>${Info}[0]</arg>
</arguments>
<kw name="Wait Until Element Is Visible" library="SeleniumLibrary">
<doc>Waits until the element ``locator`` is visible.</doc>
<arguments>
<arg>${Textbox-Name}</arg>
<arg>5s</arg>
<arg>Not found</arg>
</arguments>
<status status="PASS" starttime="20201016 17:40:17.763" endtime="20201016 17:40:17.789"></status>
</kw>
<kw name="Sleep" library="BuiltIn">
<doc>Pauses the test executed for the given time.</doc>
<arguments>
<arg>3s</arg>
</arguments>
<msg timestamp="20201016 17:40:20.791" level="INFO">Slept 3 seconds</msg>
<status status="PASS" starttime="20201016 17:40:17.789" endtime="20201016 17:40:20.791"></status>
</kw>
<kw name="Input Text" library="SeleniumLibrary">
<doc>Types the given ``text`` into the text field identified by ``locator``.</doc>
<arguments>
<arg>${Textbox-Name}</arg>
<arg>${Info}</arg>
</arguments>
<msg timestamp="20201016 17:40:20.792" level="INFO">Typing text 'abc' into text field 'xpath://*[@class='v-input a-text-field sign-up__name v-text-field theme--light dark']//input'.</msg>
<status status="PASS" starttime="20201016 17:40:20.792" endtime="20201016 17:40:20.931"></status>
</kw>
<status status="PASS" starttime="20201016 17:40:17.762" endtime="20201016 17:40:20.931"></status>
</kw>
<kw name="Input valid email" library="SignUpScreen">
<arguments>
<arg>${Info}[1]</arg>
</arguments>
<kw name="Wait Until Element Is Visible" library="SeleniumLibrary">
<doc>Waits until the element ``locator`` is visible.</doc>
<arguments>
<arg>${Textbox-Email}</arg>
<arg>5s</arg>
<arg>Not found</arg>
</arguments>
<status status="PASS" starttime="20201016 17:40:20.931" endtime="20201016 17:40:20.954"></status>
</kw>
<kw name="Sleep" library="BuiltIn">
<doc>Pauses the test executed for the given time.</doc>
<arguments>
<arg>3s</arg>
</arguments>
<msg timestamp="20201016 17:40:23.956" level="INFO">Slept 3 seconds</msg>
<status status="PASS" starttime="20201016 17:40:20.954" endtime="20201016 17:40:23.956"></status>
</kw>
<kw name="Input Text" library="SeleniumLibrary">
<doc>Types the given ``text`` into the text field identified by ``locator``.</doc>
<arguments>
<arg>${Textbox-Email}</arg>
<arg>${Info}</arg>
</arguments>
<msg timestamp="20201016 17:40:23.956" level="INFO">Typing text 'abc@gmail.com' into text field 'xpath://*[@class='layout mb-3 row']//*[@class='v-input a-text-field v-text-field theme--light dark']//input'.</msg>
<status status="PASS" starttime="20201016 17:40:23.956" endtime="20201016 17:40:24.257"></status>
</kw>
<status status="PASS" starttime="20201016 17:40:20.931" endtime="20201016 17:40:24.257"></status>
</kw>
<kw name="Input valid phone" library="SignUpScreen">
<arguments>
<arg>${Info}[2]</arg>
</arguments>
<kw name="Sleep" library="BuiltIn">
<doc>Pauses the test executed for the given time.</doc>
<arguments>
<arg>3s</arg>
</arguments>
<msg timestamp="20201016 17:40:27.260" level="INFO">Slept 3 seconds</msg>
<status status="PASS" starttime="20201016 17:40:24.258" endtime="20201016 17:40:27.260"></status>
</kw>
<kw name="Input Text" library="SeleniumLibrary">
<doc>Types the given ``text`` into the text field identified by ``locator``.</doc>
<arguments>
<arg>${Textbox-Phone}</arg>
<arg>${Info}</arg>
</arguments>
<msg timestamp="20201016 17:40:27.261" level="INFO">Typing text '0910000001' into text field 'xpath://*[@class='flex sign-up__phone mb-3 xs12']//*[@class='v-input a-text-field title v-text-field theme--light dark']//input'.</msg>
<status status="PASS" starttime="20201016 17:40:27.261" endtime="20201016 17:40:27.415"></status>
</kw>
<status status="PASS" starttime="20201016 17:40:24.257" endtime="20201016 17:40:27.416"></status>
</kw>
<status status="PASS" starttime="20201016 17:40:17.761" endtime="20201016 17:40:27.416"></status>
</kw>
<kw name="And User choosing category is Individual" library="SignUpDF">
<kw name="Choose category Individual" library="CategoryScreen">
<kw name="Click Element" library="SeleniumLibrary">
<doc>Click the element identified by ``locator``.</doc>
<arguments>
<arg>${BUT_CAT}</arg>
</arguments>
<msg timestamp="20201016 17:40:27.417" level="INFO">Clicking element 'xpath://*[@class='category__label__content-placeholder']'.</msg>
<status status="PASS" starttime="20201016 17:40:27.417" endtime="20201016 17:40:27.526"></status>
</kw>
<kw name="Sleep" library="BuiltIn">
<doc>Pauses the test executed for the given time.</doc>
<arguments>
<arg>2s</arg>
</arguments>
<msg timestamp="20201016 17:40:29.528" level="INFO">Slept 2 seconds</msg>
<status status="PASS" starttime="20201016 17:40:27.526" endtime="20201016 17:40:29.528"></status>
</kw>
<kw name="Click Element" library="SeleniumLibrary">
<doc>Click the element identified by ``locator``.</doc>
<arguments>
<arg>${BUT_INDIVIDUAL}</arg>
</arguments>
<msg timestamp="20201016 17:40:29.529" level="INFO">Clicking element 'xpath://*[@class='business__types']/div[1]'.</msg>
<status status="PASS" starttime="20201016 17:40:29.528" endtime="20201016 17:40:29.910"></status>
</kw>
<kw name="Sleep" library="BuiltIn">
<doc>Pauses the test executed for the given time.</doc>
<arguments>
<arg>2s</arg>
</arguments>
<msg timestamp="20201016 17:40:31.911" level="INFO">Slept 2 seconds</msg>
<status status="PASS" starttime="20201016 17:40:29.910" endtime="20201016 17:40:31.911"></status>
</kw>
<kw name="Click Element" library="SeleniumLibrary">
<doc>Click the element identified by ``locator``.</doc>
<arguments>
<arg>${CB_SUBCAT_INDIVIDUAL}</arg>
</arguments>
<msg timestamp="20201016 17:40:31.912" level="INFO">Clicking element 'xpath://*[@class='category-item__wrapper']/div[1]//*[@class='v-input v-input--selection-controls v-input--checkbox theme--light']//*[@class='v-input--selection-controls__ripple']'.</msg>
<status status="PASS" starttime="20201016 17:40:31.912" endtime="20201016 17:40:31.964"></status>
</kw>
<kw name="Sleep" library="BuiltIn">
<doc>Pauses the test executed for the given time.</doc>
<arguments>
<arg>2s</arg>
</arguments>
<msg timestamp="20201016 17:40:33.966" level="INFO">Slept 2 seconds</msg>
<status status="PASS" starttime="20201016 17:40:31.964" endtime="20201016 17:40:33.966"></status>
</kw>
<kw name="Click Button" library="SeleniumLibrary">
<doc>Clicks the button identified by ``locator``.</doc>
<arguments>
<arg>${BUT-SAVE}</arg>
</arguments>
<msg timestamp="20201016 17:40:33.967" level="INFO">Clicking button 'xpath://*[@class='v-btn v-btn--depressed theme--light accent']'.</msg>
<status status="PASS" starttime="20201016 17:40:33.966" endtime="20201016 17:40:34.048"></status>
</kw>
<status status="PASS" starttime="20201016 17:40:27.416" endtime="20201016 17:40:34.050"></status>
</kw>
<status status="PASS" starttime="20201016 17:40:27.416" endtime="20201016 17:40:34.050"></status>
</kw>
<kw name="And User click to Sign Up button" library="SignUpDF">
<kw name="Click button Sign Up" library="SignUpScreen">
<kw name="Sleep" library="BuiltIn">
<doc>Pauses the test executed for the given time.</doc>
<arguments>
<arg>3s</arg>
</arguments>
<msg timestamp="20201016 17:40:37.052" level="INFO">Slept 3 seconds</msg>
<status status="PASS" starttime="20201016 17:40:34.051" endtime="20201016 17:40:37.053"></status>
</kw>
<kw name="Click Button" library="SeleniumLibrary">
<doc>Clicks the button identified by ``locator``.</doc>
<arguments>
<arg>${Button-SignUp}</arg>
</arguments>
<msg timestamp="20201016 17:40:37.053" level="INFO">Clicking button 'xpath://*[@class='mt-4 submit-signup v-btn v-btn--block v-btn--large v-btn--depressed theme--light accent']'.</msg>
<status status="PASS" starttime="20201016 17:40:37.053" endtime="20201016 17:40:37.143"></status>
</kw>
<status status="PASS" starttime="20201016 17:40:34.051" endtime="20201016 17:40:37.143"></status>
</kw>
<status status="PASS" starttime="20201016 17:40:34.050" endtime="20201016 17:40:37.143"></status>
</kw>
<kw name="And Go to input activation code screen and input invalid code" library="SignUpDF">
<arguments>
<arg>1</arg>
<arg>1</arg>
<arg>1</arg>
<arg>1</arg>
</arguments>
<kw name="Sleep" library="BuiltIn">
<doc>Pauses the test executed for the given time.</doc>
<arguments>
<arg>2s</arg>
</arguments>
<msg timestamp="20201016 17:40:39.145" level="INFO">Slept 2 seconds</msg>
<status status="PASS" starttime="20201016 17:40:37.144" endtime="20201016 17:40:39.146"></status>
</kw>
<kw name="Input activate code" library="VerifyOTP">
<arguments>
<arg>@{OTP}</arg>
</arguments>
<kw name="Wait Until Element Is Visible" library="SeleniumLibrary">
<doc>Waits until the element ``locator`` is visible.</doc>
<arguments>
<arg>${Input1}</arg>
<arg>2s</arg>
<arg>${Input1} not found</arg>
</arguments>
<status status="PASS" starttime="20201016 17:40:39.147" endtime="20201016 17:40:39.174"></status>
</kw>
<kw name="Sleep" library="BuiltIn">
<doc>Pauses the test executed for the given time.</doc>
<arguments>
<arg>3s</arg>
</arguments>
<msg timestamp="20201016 17:40:42.175" level="INFO">Slept 3 seconds</msg>
<status status="PASS" starttime="20201016 17:40:39.174" endtime="20201016 17:40:42.175"></status>
</kw>
<kw name="Input Text" library="SeleniumLibrary">
<doc>Types the given ``text`` into the text field identified by ``locator``.</doc>
<arguments>
<arg>${Input1}</arg>
<arg>${OTP}[0]</arg>
</arguments>
<msg timestamp="20201016 17:40:42.176" level="INFO">Typing text '1' into text field 'xpath://*[@class='digits my-4']/input[1]'.</msg>
<status status="PASS" starttime="20201016 17:40:42.176" endtime="20201016 17:40:42.235"></status>
</kw>
<kw name="Input Text" library="SeleniumLibrary">
<doc>Types the given ``text`` into the text field identified by ``locator``.</doc>
<arguments>
<arg>${Input2}</arg>
<arg>${OTP}[1]</arg>
</arguments>
<msg timestamp="20201016 17:40:42.236" level="INFO">Typing text '1' into text field 'xpath://*[@class='digits my-4']/input[2]'.</msg>
<status status="PASS" starttime="20201016 17:40:42.235" endtime="20201016 17:40:42.291"></status>
</kw>
<kw name="Input Text" library="SeleniumLibrary">
<doc>Types the given ``text`` into the text field identified by ``locator``.</doc>
<arguments>
<arg>${Input3}</arg>
<arg>${OTP}[2]</arg>
</arguments>
<msg timestamp="20201016 17:40:42.292" level="INFO">Typing text '1' into text field 'xpath://*[@class='digits my-4']/input[3]'.</msg>
<status status="PASS" starttime="20201016 17:40:42.291" endtime="20201016 17:40:42.344"></status>
</kw>
<kw name="Input Text" library="SeleniumLibrary">
<doc>Types the given ``text`` into the text field identified by ``locator``.</doc>
<arguments>
<arg>${Input4}</arg>
<arg>${OTP}[3]</arg>
</arguments>
<msg timestamp="20201016 17:40:42.345" level="INFO">Typing text '1' into text field 'xpath://*[@class='digits my-4']/input[4]'.</msg>
<status status="PASS" starttime="20201016 17:40:42.345" endtime="20201016 17:40:42.430"></status>
</kw>
<status status="PASS" starttime="20201016 17:40:39.146" endtime="20201016 17:40:42.430"></status>
</kw>
<status status="PASS" starttime="20201016 17:40:37.144" endtime="20201016 17:40:42.430"></status>
</kw>
<kw name="Then Show error input invalid acctivated code" library="SignUpDF">
<kw name="Error mess invalid activate code" library="VerifyOTP">
<kw name="Wait Until Page Contains" library="SeleniumLibrary">
<doc>Waits until ``text`` appears on the current page.</doc>
<arguments>
<arg>Mã kích hoạt của bạn đã hết hạn.</arg>
<arg>10s</arg>
<arg>not found</arg>
</arguments>
<status status="PASS" starttime="20201016 17:40:42.431" endtime="20201016 17:40:42.653"></status>
</kw>
<kw name="Sleep" library="BuiltIn">
<doc>Pauses the test executed for the given time.</doc>
<arguments>
<arg>3s</arg>
</arguments>
<msg timestamp="20201016 17:40:45.654" level="INFO">Slept 3 seconds</msg>
<status status="PASS" starttime="20201016 17:40:42.653" endtime="20201016 17:40:45.655"></status>
</kw>
<status status="PASS" starttime="20201016 17:40:42.431" endtime="20201016 17:40:45.655"></status>
</kw>
<status status="PASS" starttime="20201016 17:40:42.430" endtime="20201016 17:40:45.655"></status>
</kw>
<kw name="End Web Test" library="Common" type="teardown">
<kw name="Close Browser" library="SeleniumLibrary">
<doc>Closes the current browser.</doc>
<status status="PASS" starttime="20201016 17:40:45.657" endtime="20201016 17:40:45.764"></status>
</kw>
<status status="PASS" starttime="20201016 17:40:45.656" endtime="20201016 17:40:45.764"></status>
</kw>
<tags>
<tag>TC_signup_with_invalid_OTP</tag>
</tags>
<status status="PASS" starttime="20201016 17:40:10.428" endtime="20201016 17:40:45.764" critical="yes"></status>
</test>
<test id="s1-t5" name="Verify that go to login when user sign up with exist phone">
<kw name="Begin Web Test" library="Common" type="setup">
<kw name="Open Browser" library="SeleniumLibrary">
<doc>Opens a new browser instance to the optional ``url``.</doc>
<arguments>
<arg>about:blank</arg>
<arg>${BROWSER}</arg>
</arguments>
<msg timestamp="20201016 17:40:45.768" level="INFO">Opening browser 'headlesschrome' to base url 'about:blank'.</msg>
<status status="PASS" starttime="20201016 17:40:45.768" endtime="20201016 17:40:47.397"></status>
</kw>
<kw name="Sleep" library="BuiltIn">
<doc>Pauses the test executed for the given time.</doc>
<arguments>
<arg>2s</arg>
</arguments>
<msg timestamp="20201016 17:40:49.399" level="INFO">Slept 2 seconds</msg>
<status status="PASS" starttime="20201016 17:40:47.397" endtime="20201016 17:40:49.399"></status>
</kw>
<kw name="Go To" library="SeleniumLibrary">
<doc>Navigates the current browser window to the provided ``url``.</doc>
<arguments>
<arg>${URL.${ENVIROMENT}}</arg>
</arguments>
<msg timestamp="20201016 17:40:49.401" level="INFO">Opening url 'https://appstg.ahamove.com'</msg>
<status status="PASS" starttime="20201016 17:40:49.399" endtime="20201016 17:40:52.547"></status>
</kw>
<kw name="Set Screenshot Directory" library="SeleniumLibrary">
<doc>Sets the directory for captured screenshots.</doc>
<arguments>
<arg>./Report/image</arg>
</arguments>
<status status="PASS" starttime="20201016 17:40:52.547" endtime="20201016 17:40:52.547"></status>
</kw>
<status status="PASS" starttime="20201016 17:40:45.767" endtime="20201016 17:40:52.547"></status>
</kw>
<kw name="Given User open app to sign up screen" library="SignUpDF">
<kw name="Click to tap SignUp" library="SignUpScreen">
<kw name="Wait Until Element Is Visible" library="SeleniumLibrary">
<doc>Waits until the element ``locator`` is visible.</doc>
<arguments>
<arg>${TAB-SignUp}</arg>
<arg>10s</arg>
<arg>Not found</arg>
</arguments>
<status status="PASS" starttime="20201016 17:40:52.550" endtime="20201016 17:40:52.578"></status>
</kw>
<kw name="Click Element" library="SeleniumLibrary">
<doc>Click the element identified by ``locator``.</doc>
<arguments>
<arg>${TAB-SignUp}</arg>
</arguments>
<msg timestamp="20201016 17:40:52.579" level="INFO">Clicking element 'xpath://*[@class="ahamove-auth__methods"]/div[2]'.</msg>
<status status="PASS" starttime="20201016 17:40:52.578" endtime="20201016 17:40:52.740"></status>
</kw>
<status status="PASS" starttime="20201016 17:40:52.549" endtime="20201016 17:40:52.741"></status>
</kw>
<status status="PASS" starttime="20201016 17:40:52.548" endtime="20201016 17:40:52.741"></status>
</kw>
<kw name="When User input success full all info but phone is existed" library="SignUpDF">
<arguments>
<arg>abc</arg>
<arg>abc@gmail.com</arg>
<arg>0981875523</arg>
</arguments>
<kw name="Input valid name" library="SignUpScreen">
<arguments>
<arg>${Info}[0]</arg>
</arguments>
<kw name="Wait Until Element Is Visible" library="SeleniumLibrary">
<doc>Waits until the element ``locator`` is visible.</doc>
<arguments>
<arg>${Textbox-Name}</arg>
<arg>5s</arg>
<arg>Not found</arg>
</arguments>
<status status="PASS" starttime="20201016 17:40:52.743" endtime="20201016 17:40:52.766"></status>
</kw>
<kw name="Sleep" library="BuiltIn">
<doc>Pauses the test executed for the given time.</doc>
<arguments>
<arg>3s</arg>
</arguments>
<msg timestamp="20201016 17:40:55.766" level="INFO">Slept 3 seconds</msg>
<status status="PASS" starttime="20201016 17:40:52.766" endtime="20201016 17:40:55.766"></status>
</kw>
<kw name="Input Text" library="SeleniumLibrary">
<doc>Types the given ``text`` into the text field identified by ``locator``.</doc>
<arguments>
<arg>${Textbox-Name}</arg>
<arg>${Info}</arg>
</arguments>
<msg timestamp="20201016 17:40:55.767" level="INFO">Typing text 'abc' into text field 'xpath://*[@class='v-input a-text-field sign-up__name v-text-field theme--light dark']//input'.</msg>
<status status="PASS" starttime="20201016 17:40:55.767" endtime="20201016 17:40:56.009"></status>
</kw>
<status status="PASS" starttime="20201016 17:40:52.742" endtime="20201016 17:40:56.009"></status>
</kw>
<kw name="Input valid email" library="SignUpScreen">
<arguments>
<arg>${Info}[1]</arg>
</arguments>
<kw name="Wait Until Element Is Visible" library="SeleniumLibrary">
<doc>Waits until the element ``locator`` is visible.</doc>
<arguments>
<arg>${Textbox-Email}</arg>
<arg>5s</arg>
<arg>Not found</arg>
</arguments>
<status status="PASS" starttime="20201016 17:40:56.010" endtime="20201016 17:40:56.038"></status>
</kw>
<kw name="Sleep" library="BuiltIn">
<doc>Pauses the test executed for the given time.</doc>
<arguments>
<arg>3s</arg>
</arguments>
<msg timestamp="20201016 17:40:59.039" level="INFO">Slept 3 seconds</msg>
<status status="PASS" starttime="20201016 17:40:56.038" endtime="20201016 17:40:59.039"></status>
</kw>
<kw name="Input Text" library="SeleniumLibrary">
<doc>Types the given ``text`` into the text field identified by ``locator``.</doc>
<arguments>
<arg>${Textbox-Email}</arg>
<arg>${Info}</arg>
</arguments>
<msg timestamp="20201016 17:40:59.040" level="INFO">Typing text 'abc@gmail.com' into text field 'xpath://*[@class='layout mb-3 row']//*[@class='v-input a-text-field v-text-field theme--light dark']//input'.</msg>
<status status="PASS" starttime="20201016 17:40:59.039" endtime="20201016 17:40:59.254"></status>
</kw>
<status status="PASS" starttime="20201016 17:40:56.010" endtime="20201016 17:40:59.254"></status>
</kw>
<kw name="Input valid phone" library="SignUpScreen">
<arguments>
<arg>${Info}[2]</arg>
</arguments>
<kw name="Sleep" library="BuiltIn">
<doc>Pauses the test executed for the given time.</doc>
<arguments>
<arg>3s</arg>
</arguments>
<msg timestamp="20201016 17:41:02.256" level="INFO">Slept 3 seconds</msg>
<status status="PASS" starttime="20201016 17:40:59.255" endtime="20201016 17:41:02.256"></status>
</kw>
<kw name="Input Text" library="SeleniumLibrary">
<doc>Types the given ``text`` into the text field identified by ``locator``.</doc>
<arguments>
<arg>${Textbox-Phone}</arg>
<arg>${Info}</arg>
</arguments>
<msg timestamp="20201016 17:41:02.257" level="INFO">Typing text '0981875523' into text field 'xpath://*[@class='flex sign-up__phone mb-3 xs12']//*[@class='v-input a-text-field title v-text-field theme--light dark']//input'.</msg>
<status status="PASS" starttime="20201016 17:41:02.256" endtime="20201016 17:41:02.429"></status>
</kw>
<status status="PASS" starttime="20201016 17:40:59.255" endtime="20201016 17:41:02.429"></status>
</kw>
<status status="PASS" starttime="20201016 17:40:52.741" endtime="20201016 17:41:02.430"></status>
</kw>
<kw name="And User choosing category is Individual" library="SignUpDF">
<kw name="Choose category Individual" library="CategoryScreen">
<kw name="Click Element" library="SeleniumLibrary">
<doc>Click the element identified by ``locator``.</doc>
<arguments>
<arg>${BUT_CAT}</arg>
</arguments>
<msg timestamp="20201016 17:41:02.431" level="INFO">Clicking element 'xpath://*[@class='category__label__content-placeholder']'.</msg>
<status status="PASS" starttime="20201016 17:41:02.430" endtime="20201016 17:41:02.530"></status>
</kw>
<kw name="Sleep" library="BuiltIn">
<doc>Pauses the test executed for the given time.</doc>
<arguments>
<arg>2s</arg>
</arguments>
<msg timestamp="20201016 17:41:04.533" level="INFO">Slept 2 seconds</msg>
<status status="PASS" starttime="20201016 17:41:02.530" endtime="20201016 17:41:04.533"></status>
</kw>
<kw name="Click Element" library="SeleniumLibrary">
<doc>Click the element identified by ``locator``.</doc>
<arguments>
<arg>${BUT_INDIVIDUAL}</arg>
</arguments>
<msg timestamp="20201016 17:41:04.534" level="INFO">Clicking element 'xpath://*[@class='business__types']/div[1]'.</msg>
<status status="PASS" starttime="20201016 17:41:04.534" endtime="20201016 17:41:04.648"></status>
</kw>
<kw name="Sleep" library="BuiltIn">
<doc>Pauses the test executed for the given time.</doc>
<arguments>
<arg>2s</arg>
</arguments>
<msg timestamp="20201016 17:41:06.650" level="INFO">Slept 2 seconds</msg>
<status status="PASS" starttime="20201016 17:41:04.648" endtime="20201016 17:41:06.651"></status>
</kw>
<kw name="Click Element" library="SeleniumLibrary">
<doc>Click the element identified by ``locator``.</doc>
<arguments>
<arg>${CB_SUBCAT_INDIVIDUAL}</arg>
</arguments>
<msg timestamp="20201016 17:41:06.652" level="INFO">Clicking element 'xpath://*[@class='category-item__wrapper']/div[1]//*[@class='v-input v-input--selection-controls v-input--checkbox theme--light']//*[@class='v-input--selection-controls__ripple']'.</msg>
<status status="PASS" starttime="20201016 17:41:06.651" endtime="20201016 17:41:06.700"></status>
</kw>
<kw name="Sleep" library="BuiltIn">
<doc>Pauses the test executed for the given time.</doc>
<arguments>
<arg>2s</arg>
</arguments>
<msg timestamp="20201016 17:41:08.701" level="INFO">Slept 2 seconds</msg>
<status status="PASS" starttime="20201016 17:41:06.700" endtime="20201016 17:41:08.702"></status>
</kw>
<kw name="Click Button" library="SeleniumLibrary">
<doc>Clicks the button identified by ``locator``.</doc>
<arguments>
<arg>${BUT-SAVE}</arg>
</arguments>
<msg timestamp="20201016 17:41:08.702" level="INFO">Clicking button 'xpath://*[@class='v-btn v-btn--depressed theme--light accent']'.</msg>
<status status="PASS" starttime="20201016 17:41:08.702" endtime="20201016 17:41:08.789"></status>
</kw>
<status status="PASS" starttime="20201016 17:41:02.430" endtime="20201016 17:41:08.789"></status>
</kw>
<status status="PASS" starttime="20201016 17:41:02.430" endtime="20201016 17:41:08.789"></status>
</kw>
<kw name="And User click to Sign Up button" library="SignUpDF">
<kw name="Click button Sign Up" library="SignUpScreen">
<kw name="Sleep" library="BuiltIn">
<doc>Pauses the test executed for the given time.</doc>
<arguments>
<arg>3s</arg>
</arguments>
<msg timestamp="20201016 17:41:11.792" level="INFO">Slept 3 seconds</msg>
<status status="PASS" starttime="20201016 17:41:08.791" endtime="20201016 17:41:11.792"></status>
</kw>
<kw name="Click Button" library="SeleniumLibrary">
<doc>Clicks the button identified by ``locator``.</doc>
<arguments>
<arg>${Button-SignUp}</arg>
</arguments>
<msg timestamp="20201016 17:41:11.792" level="INFO">Clicking button 'xpath://*[@class='mt-4 submit-signup v-btn v-btn--block v-btn--large v-btn--depressed theme--light accent']'.</msg>
<status status="PASS" starttime="20201016 17:41:11.792" endtime="20201016 17:41:11.870"></status>
</kw>
<status status="PASS" starttime="20201016 17:41:08.790" endtime="20201016 17:41:11.871"></status>
</kw>
<status status="PASS" starttime="20201016 17:41:08.790" endtime="20201016 17:41:11.871"></status>
</kw>
<kw name="And Go to input activation code screen and input code success" library="SignUpDF">
<arguments>
<arg>2</arg>
<arg>0</arg>
<arg>0</arg>
<arg>7</arg>
</arguments>
<kw name="Sleep" library="BuiltIn">
<doc>Pauses the test executed for the given time.</doc>
<arguments>
<arg>2s</arg>
</arguments>
<msg timestamp="20201016 17:41:13.874" level="INFO">Slept 2 seconds</msg>
<status status="PASS" starttime="20201016 17:41:11.872" endtime="20201016 17:41:13.875"></status>
</kw>
<kw name="Input activate code" library="VerifyOTP">
<arguments>
<arg>@{OTP}</arg>
</arguments>
<kw name="Wait Until Element Is Visible" library="SeleniumLibrary">
<doc>Waits until the element ``locator`` is visible.</doc>
<arguments>
<arg>${Input1}</arg>
<arg>2s</arg>
<arg>${Input1} not found</arg>
</arguments>
<status status="PASS" starttime="20201016 17:41:13.876" endtime="20201016 17:41:13.903"></status>
</kw>
<kw name="Sleep" library="BuiltIn">
<doc>Pauses the test executed for the given time.</doc>
<arguments>
<arg>3s</arg>
</arguments>
<msg timestamp="20201016 17:41:16.905" level="INFO">Slept 3 seconds</msg>
<status status="PASS" starttime="20201016 17:41:13.904" endtime="20201016 17:41:16.905"></status>
</kw>
<kw name="Input Text" library="SeleniumLibrary">
<doc>Types the given ``text`` into the text field identified by ``locator``.</doc>
<arguments>
<arg>${Input1}</arg>
<arg>${OTP}[0]</arg>
</arguments>
<msg timestamp="20201016 17:41:16.906" level="INFO">Typing text '2' into text field 'xpath://*[@class='digits my-4']/input[1]'.</msg>
<status status="PASS" starttime="20201016 17:41:16.905" endtime="20201016 17:41:16.958"></status>
</kw>
<kw name="Input Text" library="SeleniumLibrary">
<doc>Types the given ``text`` into the text field identified by ``locator``.</doc>
<arguments>
<arg>${Input2}</arg>
<arg>${OTP}[1]</arg>
</arguments>
<msg timestamp="20201016 17:41:16.959" level="INFO">Typing text '0' into text field 'xpath://*[@class='digits my-4']/input[2]'.</msg>
<status status="PASS" starttime="20201016 17:41:16.959" endtime="20201016 17:41:17.011"></status>
</kw>
<kw name="Input Text" library="SeleniumLibrary">
<doc>Types the given ``text`` into the text field identified by ``locator``.</doc>
<arguments>
<arg>${Input3}</arg>
<arg>${OTP}[2]</arg>
</arguments>
<msg timestamp="20201016 17:41:17.012" level="INFO">Typing text '0' into text field 'xpath://*[@class='digits my-4']/input[3]'.</msg>
<status status="PASS" starttime="20201016 17:41:17.011" endtime="20201016 17:41:17.065"></status>
</kw>
<kw name="Input Text" library="SeleniumLibrary">
<doc>Types the given ``text`` into the text field identified by ``locator``.</doc>
<arguments>
<arg>${Input4}</arg>
<arg>${OTP}[3]</arg>
</arguments>
<msg timestamp="20201016 17:41:17.065" level="INFO">Typing text '7' into text field 'xpath://*[@class='digits my-4']/input[4]'.</msg>
<status status="PASS" starttime="20201016 17:41:17.065" endtime="20201016 17:41:17.146"></status>
</kw>
<status status="PASS" starttime="20201016 17:41:13.875" endtime="20201016 17:41:17.146"></status>
</kw>
<status status="PASS" starttime="20201016 17:41:11.872" endtime="20201016 17:41:17.146"></status>
</kw>
<kw name="Then User sign up success to new order screen" library="SignUpDF">
<kw name="Title page is valid" library="NewOrderScreen">
<kw name="Sleep" library="BuiltIn">
<doc>Pauses the test executed for the given time.</doc>
<arguments>
<arg>5s</arg>
</arguments>
<msg timestamp="20201016 17:41:22.147" level="INFO">Slept 5 seconds</msg>
<status status="PASS" starttime="20201016 17:41:17.147" endtime="20201016 17:41:22.148"></status>
</kw>
<kw name="Element Text Should Be" library="SeleniumLibrary">
<doc>Verifies that element ``locator`` contains exact the text ``expected``.</doc>
<arguments>
<arg>${Title}</arg>
<arg>Đơn hàng mới</arg>
</arguments>
<msg timestamp="20201016 17:41:22.148" level="INFO">Verifying element 'xpath://*[@class='new-order__form__title']' contains exact text 'Đơn hàng mới'.</msg>
<status status="PASS" starttime="20201016 17:41:22.148" endtime="20201016 17:41:22.172"></status>
</kw>
<status status="PASS" starttime="20201016 17:41:17.147" endtime="20201016 17:41:22.172"></status>
</kw>
<status status="PASS" starttime="20201016 17:41:17.146" endtime="20201016 17:41:22.172"></status>
</kw>
<kw name="End Web Test" library="Common" type="teardown">
<kw name="Close Browser" library="SeleniumLibrary">
<doc>Closes the current browser.</doc>
<status status="PASS" starttime="20201016 17:41:22.173" endtime="20201016 17:41:22.259"></status>
</kw>
<status status="PASS" starttime="20201016 17:41:22.173" endtime="20201016 17:41:22.259"></status>
</kw>
<tags>
<tag>TC_signup_with_exist_phone</tag>
</tags>
<status status="PASS" starttime="20201016 17:40:45.766" endtime="20201016 17:41:22.259" critical="yes"></status>
</test>
<test id="s1-t6" name="Verify that user can't sign up when input exist email">
<kw name="Begin Web Test" library="Common" type="setup">
<kw name="Open Browser" library="SeleniumLibrary">
<doc>Opens a new browser instance to the optional ``url``.</doc>
<arguments>
<arg>about:blank</arg>
<arg>${BROWSER}</arg>
</arguments>
<msg timestamp="20201016 17:41:22.262" level="INFO">Opening browser 'headlesschrome' to base url 'about:blank'.</msg>
<status status="PASS" starttime="20201016 17:41:22.262" endtime="20201016 17:41:23.810"></status>
</kw>
<kw name="Sleep" library="BuiltIn">
<doc>Pauses the test executed for the given time.</doc>
<arguments>
<arg>2s</arg>
</arguments>
<msg timestamp="20201016 17:41:25.812" level="INFO">Slept 2 seconds</msg>
<status status="PASS" starttime="20201016 17:41:23.811" endtime="20201016 17:41:25.813"></status>
</kw>
<kw name="Go To" library="SeleniumLibrary">
[...]
<doc>Pauses the test executed for the given time.</doc>
<arguments>
<arg>3s</arg>
</arguments>
<msg timestamp="20201016 17:41:49.969" level="INFO">Slept 3 seconds</msg>
<status status="PASS" starttime="20201016 17:41:46.967" endtime="20201016 17:41:49.969"></status>
</kw>
<kw name="Click Button" library="SeleniumLibrary">
<doc>Clicks the button identified by ``locator``.</doc>
<arguments>
<arg>${Button-SignUp}</arg>
</arguments>
<msg timestamp="20201016 17:41:49.970" level="INFO">Clicking button 'xpath://*[@class='mt-4 submit-signup v-btn v-btn--block v-btn--large v-btn--depressed theme--light accent']'.</msg>
<status status="PASS" starttime="20201016 17:41:49.970" endtime="20201016 17:41:50.136"></status>
</kw>
<status status="PASS" starttime="20201016 17:41:46.966" endtime="20201016 17:41:50.136"></status>
</kw>
<status status="PASS" starttime="20201016 17:41:46.966" endtime="20201016 17:41:50.136"></status>
</kw>
<kw name="Then Show error message email is existed" library="SignUpDF">
<kw name="Error existed mail" library="SignUpScreen">
<kw name="Wait Until Page Contains" library="SeleniumLibrary">
<doc>Waits until ``text`` appears on the current page.</doc>
<arguments>
<arg>Email này đã được đăng ký</arg>
<arg>5s</arg>
<arg>not found</arg>
</arguments>
<status status="PASS" starttime="20201016 17:41:50.138" endtime="20201016 17:41:50.372"></status>
</kw>
<status status="PASS" starttime="20201016 17:41:50.137" endtime="20201016 17:41:50.372"></status>
</kw>
<status status="PASS" starttime="20201016 17:41:50.137" endtime="20201016 17:41:50.373"></status>
</kw>
<kw name="End Web Test" library="Common" type="teardown">
<kw name="Close Browser" library="SeleniumLibrary">
<doc>Closes the current browser.</doc>
<status status="PASS" starttime="20201016 17:41:50.374" endtime="20201016 17:41:50.469"></status>
</kw>
<status status="PASS" starttime="20201016 17:41:50.374" endtime="20201016 17:41:50.470"></status>
</kw>
<tags>
<tag>TC_signup_with_exist_email</tag>
</tags>
<status status="PASS" starttime="20201016 17:41:22.260" endtime="20201016 17:41:50.470" critical="yes"></status>
</test>
<test id="s1-t7" name="Verify that user can't sign up when not input request info">
<kw name="Begin Web Test" library="Common" type="setup">
<kw name="Open Browser" library="SeleniumLibrary">
<doc>Opens a new browser instance to the optional ``url``.</doc>
<arguments>
<arg>about:blank</arg>
<arg>${BROWSER}</arg>
</arguments>
<msg timestamp="20201016 17:41:50.473" level="INFO">Opening browser 'headlesschrome' to base url 'about:blank'.</msg>
<status status="PASS" starttime="20201016 17:41:50.473" endtime="20201016 17:41:52.189"></status>
</kw>
<kw name="Sleep" library="BuiltIn">
<doc>Pauses the test executed for the given time.</doc>
<arguments>
<arg>2s</arg>
</arguments>
<msg timestamp="20201016 17:41:54.194" level="INFO">Slept 2 seconds</msg>
<status status="PASS" starttime="20201016 17:41:52.189" endtime="20201016 17:41:54.194"></status>
</kw>
<kw name="Go To" library="SeleniumLibrary">
<doc>Navigates the current browser window to the provided ``url``.</doc>
<arguments>
<arg>${URL.${ENVIROMENT}}</arg>
</arguments>
<msg timestamp="20201016 17:41:54.195" level="INFO">Opening url 'https://appstg.ahamove.com'</msg>
<status status="PASS" starttime="20201016 17:41:54.194" endtime="20201016 17:41:56.946"></status>
</kw>
<kw name="Set Screenshot Directory" library="SeleniumLibrary">
<doc>Sets the directory for captured screenshots.</doc>
<arguments>
<arg>./Report/image</arg>
</arguments>
<status status="PASS" starttime="20201016 17:41:56.946" endtime="20201016 17:41:56.947"></status>
</kw>
<status status="PASS" starttime="20201016 17:41:50.472" endtime="20201016 17:41:56.947"></status>
</kw>
<kw name="Given User open app to sign up screen" library="SignUpDF">
<kw name="Click to tap SignUp" library="SignUpScreen">
<kw name="Wait Until Element Is Visible" library="SeleniumLibrary">
<doc>Waits until the element ``locator`` is visible.</doc>
<arguments>
<arg>${TAB-SignUp}</arg>
<arg>10s</arg>
<arg>Not found</arg>
</arguments>
<status status="PASS" starttime="20201016 17:41:56.948" endtime="20201016 17:41:56.972"></status>
</kw>
<kw name="Click Element" library="SeleniumLibrary">
<doc>Click the element identified by ``locator``.</doc>
<arguments>
<arg>${TAB-SignUp}</arg>
</arguments>
<msg timestamp="20201016 17:41:56.973" level="INFO">Clicking element 'xpath://*[@class="ahamove-auth__methods"]/div[2]'.</msg>
<status status="PASS" starttime="20201016 17:41:56.972" endtime="20201016 17:41:57.111"></status>
</kw>
<status status="PASS" starttime="20201016 17:41:56.948" endtime="20201016 17:41:57.111"></status>
</kw>
<status status="PASS" starttime="20201016 17:41:56.948" endtime="20201016 17:41:57.112"></status>
</kw>
<kw name="When User click to Sign Up button" library="SignUpDF">
<kw name="Click button Sign Up" library="SignUpScreen">
<kw name="Sleep" library="BuiltIn">
<doc>Pauses the test executed for the given time.</doc>
<arguments>
<arg>3s</arg>
</arguments>
<msg timestamp="20201016 17:42:00.113" level="INFO">Slept 3 seconds</msg>
<status status="PASS" starttime="20201016 17:41:57.113" endtime="20201016 17:42:00.114"></status>
</kw>
<kw name="Click Button" library="SeleniumLibrary">
<doc>Clicks the button identified by ``locator``.</doc>
<arguments>
<arg>${Button-SignUp}</arg>
</arguments>
<msg timestamp="20201016 17:42:00.114" level="INFO">Clicking button 'xpath://*[@class='mt-4 submit-signup v-btn v-btn--block v-btn--large v-btn--depressed theme--light accent']'.</msg>
<status status="PASS" starttime="20201016 17:42:00.114" endtime="20201016 17:42:00.235"></status>
</kw>
<status status="PASS" starttime="20201016 17:41:57.112" endtime="20201016 17:42:00.236"></status>
</kw>
<status status="PASS" starttime="20201016 17:41:57.112" endtime="20201016 17:42:00.237"></status>
</kw>
<kw name="Then Show error message need to input at require field" library="SignUpDF">
<kw name="Show error message blank name" library="SignUpScreen">
<kw name="Element Should Be Visible" library="SeleniumLibrary">
<doc>Verifies that the element identified by ``locator`` is visible.</doc>
<arguments>
<arg>${Error-Name}</arg>
</arguments>
<msg timestamp="20201016 17:42:00.304" level="INFO">Element 'xpath://*[contains(@data-test-id,'signupName')]//*[contains(text(),'Vui lòng nhập họ tên')]' is displayed.</msg>
<status status="PASS" starttime="20201016 17:42:00.239" endtime="20201016 17:42:00.304"></status>
</kw>
<status status="PASS" starttime="20201016 17:42:00.238" endtime="20201016 17:42:00.305"></status>
</kw>
<kw name="Show error message blank email" library="SignUpScreen">
<kw name="Element Should Be Visible" library="SeleniumLibrary">
<doc>Verifies that the element identified by ``locator`` is visible.</doc>
<arguments>
<arg>${Error-Email}</arg>
</arguments>
<msg timestamp="20201016 17:42:00.378" level="INFO">Element 'xpath://*[contains(@data-test-id,'signupEmail')]//*[contains(text(),'Vui lòng nhập email')]' is displayed.</msg>
<status status="PASS" starttime="20201016 17:42:00.305" endtime="20201016 17:42:00.378"></status>
</kw>
<status status="PASS" starttime="20201016 17:42:00.305" endtime="20201016 17:42:00.378"></status>
</kw>
<kw name="Show error message blank phone" library="SignUpScreen">
<kw name="Element Should Be Visible" library="SeleniumLibrary">
<doc>Verifies that the element identified by ``locator`` is visible.</doc>
<arguments>
<arg>${Error-Phone}</arg>
</arguments>
<msg timestamp="20201016 17:42:00.410" level="INFO">Element 'xpath://*[contains(@data-test-id,'signupPhone')]//*[contains(text(),'Vui lòng nhập số điện thoại')]' is displayed.</msg>
<status status="PASS" starttime="20201016 17:42:00.379" endtime="20201016 17:42:00.411"></status>
</kw>
<status status="PASS" starttime="20201016 17:42:00.378" endtime="20201016 17:42:00.411"></status>
</kw>
<kw name="Show error message blank category" library="SignUpScreen">
<kw name="Element Should Be Visible" library="SeleniumLibrary">
<doc>Verifies that the element identified by ``locator`` is visible.</doc>
<arguments>
<arg>${Error-Category}</arg>
</arguments>
<msg timestamp="20201016 17:42:00.462" level="INFO">Element 'xpath://*[contains(@class,'sign-up__category')][contains(text(),'Vui lòng chọn loại tài khoản')]' is displayed.</msg>
<status status="PASS" starttime="20201016 17:42:00.412" endtime="20201016 17:42:00.462"></status>
</kw>
<status status="PASS" starttime="20201016 17:42:00.411" endtime="20201016 17:42:00.462"></status>
</kw>
<status status="PASS" starttime="20201016 17:42:00.237" endtime="20201016 17:42:00.462"></status>
</kw>
<kw name="End Web Test" library="Common" type="teardown">
<kw name="Close Browser" library="SeleniumLibrary">
<doc>Closes the current browser.</doc>
<status status="PASS" starttime="20201016 17:42:00.463" endtime="20201016 17:42:00.563"></status>
</kw>
<status status="PASS" starttime="20201016 17:42:00.463" endtime="20201016 17:42:00.563"></status>
</kw>
<tags>
<tag>TC_signup_when_not_input_request_info</tag>
</tags>
<status status="PASS" starttime="20201016 17:41:50.471" endtime="20201016 17:42:00.563" critical="yes"></status>
</test>
<test id="s1-t8" name="Verify that user can't sign up when input invalid infomation">
<kw name="Begin Web Test" library="Common" type="setup">
<kw name="Open Browser" library="SeleniumLibrary">
<doc>Opens a new browser instance to the optional ``url``.</doc>
<arguments>
<arg>about:blank</arg>
<arg>${BROWSER}</arg>
</arguments>
<msg timestamp="20201016 17:42:00.567" level="INFO">Opening browser 'headlesschrome' to base url 'about:blank'.</msg>
<status status="PASS" starttime="20201016 17:42:00.566" endtime="20201016 17:42:02.396"></status>
</kw>
<kw name="Sleep" library="BuiltIn">
<doc>Pauses the test executed for the given time.</doc>
<arguments>
<arg>2s</arg>
</arguments>
<msg timestamp="20201016 17:42:04.398" level="INFO">Slept 2 seconds</msg>
<status status="PASS" starttime="20201016 17:42:02.397" endtime="20201016 17:42:04.399"></status>
</kw>
<kw name="Go To" library="SeleniumLibrary">
<doc>Navigates the current browser window to the provided ``url``.</doc>
<arguments>
<arg>${URL.${ENVIROMENT}}</arg>
</arguments>
<msg timestamp="20201016 17:42:04.400" level="INFO">Opening url 'https://appstg.ahamove.com'</msg>
<status status="PASS" starttime="20201016 17:42:04.399" endtime="20201016 17:42:08.781"></status>
</kw>
<kw name="Set Screenshot Directory" library="SeleniumLibrary">
<doc>Sets the directory for captured screenshots.</doc>
<arguments>
<arg>./Report/image</arg>
</arguments>
<status status="PASS" starttime="20201016 17:42:08.781" endtime="20201016 17:42:08.782"></status>
</kw>
<status status="PASS" starttime="20201016 17:42:00.565" endtime="20201016 17:42:08.782"></status>
</kw>
<kw name="Given User open app to sign up screen" library="SignUpDF">
<kw name="Click to tap SignUp" library="SignUpScreen">
<kw name="Wait Until Element Is Visible" library="SeleniumLibrary">
<doc>Waits until the element ``locator`` is visible.</doc>
<arguments>
<arg>${TAB-SignUp}</arg>
<arg>10s</arg>
<arg>Not found</arg>
</arguments>
<status status="PASS" starttime="20201016 17:42:08.784" endtime="20201016 17:42:08.807"></status>
</kw>
<kw name="Click Element" library="SeleniumLibrary">
<doc>Click the element identified by ``locator``.</doc>
<arguments>
<arg>${TAB-SignUp}</arg>
</arguments>
<msg timestamp="20201016 17:42:08.808" level="INFO">Clicking element 'xpath://*[@class="ahamove-auth__methods"]/div[2]'.</msg>
<status status="PASS" starttime="20201016 17:42:08.807" endtime="20201016 17:42:08.961"></status>
</kw>
<status status="PASS" starttime="20201016 17:42:08.783" endtime="20201016 17:42:08.961"></status>
</kw>
<status status="PASS" starttime="20201016 17:42:08.783" endtime="20201016 17:42:08.961"></status>
</kw>
<kw name="When User input all invalid info" library="SignUpDF">
<arguments>
<arg>a</arg>
<arg>b</arg>
<arg>c</arg>
</arguments>
<kw name="Input valid name" library="SignUpScreen">
<arguments>
<arg>${Info}[0]</arg>
</arguments>
<kw name="Wait Until Element Is Visible" library="SeleniumLibrary">
<doc>Waits until the element ``locator`` is visible.</doc>
<arguments>
<arg>${Textbox-Name}</arg>
<arg>5s</arg>
<arg>Not found</arg>
</arguments>
<status status="PASS" starttime="20201016 17:42:08.964" endtime="20201016 17:42:08.991"></status>
</kw>
<kw name="Sleep" library="BuiltIn">
<doc>Pauses the test executed for the given time.</doc>
<arguments>
<arg>3s</arg>
</arguments>
<msg timestamp="20201016 17:42:11.992" level="INFO">Slept 3 seconds</msg>
<status status="PASS" starttime="20201016 17:42:08.992" endtime="20201016 17:42:11.992"></status>
</kw>
<kw name="Input Text" library="SeleniumLibrary">
<doc>Types the given ``text`` into the text field identified by ``locator``.</doc>
<arguments>
<arg>${Textbox-Name}</arg>
<arg>${Info}</arg>
</arguments>
<msg timestamp="20201016 17:42:11.994" level="INFO">Typing text 'a' into text field 'xpath://*[@class='v-input a-text-field sign-up__name v-text-field theme--light dark']//input'.</msg>
<status status="PASS" starttime="20201016 17:42:11.993" endtime="20201016 17:42:12.173"></status>
</kw>
<status status="PASS" starttime="20201016 17:42:08.963" endtime="20201016 17:42:12.173"></status>
</kw>
<kw name="Input valid email" library="SignUpScreen">
<arguments>
<arg>${Info}[1]</arg>
</arguments>
<kw name="Wait Until Element Is Visible" library="SeleniumLibrary">
<doc>Waits until the element ``locator`` is visible.</doc>
<arguments>
<arg>${Textbox-Email}</arg>
<arg>5s</arg>
<arg>Not found</arg>
</arguments>
<status status="PASS" starttime="20201016 17:42:12.174" endtime="20201016 17:42:12.205"></status>
</kw>
<kw name="Sleep" library="BuiltIn">
<doc>Pauses the test executed for the given time.</doc>
<arguments>
<arg>3s</arg>
</arguments>
<msg timestamp="20201016 17:42:15.206" level="INFO">Slept 3 seconds</msg>
<status status="PASS" starttime="20201016 17:42:12.205" endtime="20201016 17:42:15.206"></status>
</kw>
<kw name="Input Text" library="SeleniumLibrary">
<doc>Types the given ``text`` into the text field identified by ``locator``.</doc>
<arguments>
<arg>${Textbox-Email}</arg>
<arg>${Info}</arg>
</arguments>
<msg timestamp="20201016 17:42:15.207" level="INFO">Typing text 'b' into text field 'xpath://*[@class='layout mb-3 row']//*[@class='v-input a-text-field v-text-field theme--light dark']//input'.</msg>
<status status="PASS" starttime="20201016 17:42:15.207" endtime="20201016 17:42:15.317"></status>
</kw>
<status status="PASS" starttime="20201016 17:42:12.173" endtime="20201016 17:42:15.318"></status>
</kw>
<kw name="Input valid phone" library="SignUpScreen">
<arguments>
<arg>${Info}[2]</arg>
</arguments>
<kw name="Sleep" library="BuiltIn">
<doc>Pauses the test executed for the given time.</doc>
<arguments>
<arg>3s</arg>
</arguments>
<msg timestamp="20201016 17:42:18.321" level="INFO">Slept 3 seconds</msg>
<status status="PASS" starttime="20201016 17:42:15.319" endtime="20201016 17:42:18.321"></status>
</kw>
<kw name="Input Text" library="SeleniumLibrary">
<doc>Types the given ``text`` into the text field identified by ``locator``.</doc>
<arguments>
<arg>${Textbox-Phone}</arg>
<arg>${Info}</arg>
</arguments>
<msg timestamp="20201016 17:42:18.322" level="INFO">Typing text 'c' into text field 'xpath://*[@class='flex sign-up__phone mb-3 xs12']//*[@class='v-input a-text-field title v-text-field theme--light dark']//input'.</msg>
<status status="PASS" starttime="20201016 17:42:18.321" endtime="20201016 17:42:18.432"></status>
</kw>
<status status="PASS" starttime="20201016 17:42:15.318" endtime="20201016 17:42:18.433"></status>
</kw>
<status status="PASS" starttime="20201016 17:42:08.962" endtime="20201016 17:42:18.433"></status>
</kw>
<kw name="Then Show error message invalid info at require field" library="SignUpDF">
<kw name="Show error message invalid name" library="SignUpScreen">
<kw name="Element Should Be Visible" library="SeleniumLibrary">
<doc>Verifies that the element identified by ``locator`` is visible.</doc>
<arguments>
<arg>${Invalid-Name}</arg>
</arguments>
<msg timestamp="20201016 17:42:18.458" level="INFO">Element 'xpath://*[contains(@data-test-id,'signupName')]//*[contains(text(),'Nhập Tên tối thiểu 3 ký tự')]' is displayed.</msg>
<status status="PASS" starttime="20201016 17:42:18.434" endtime="20201016 17:42:18.458"></status>
</kw>
<status status="PASS" starttime="20201016 17:42:18.434" endtime="20201016 17:42:18.458"></status>
</kw>
<kw name="Show error message invalid email" library="SignUpScreen">
<kw name="Element Should Be Visible" library="SeleniumLibrary">
<doc>Verifies that the element identified by ``locator`` is visible.</doc>
<arguments>
<arg>${Invalid-Email}</arg>
</arguments>
<msg timestamp="20201016 17:42:18.479" level="INFO">Element 'xpath://*[contains(@data-test-id,'signupEmail')]//*[contains(text(),'Địa chỉ email không hợp lệ')]' is displayed.</msg>
<status status="PASS" starttime="20201016 17:42:18.459" endtime="20201016 17:42:18.479"></status>
</kw>
<status status="PASS" starttime="20201016 17:42:18.459" endtime="20201016 17:42:18.479"></status>
</kw>
<kw name="Show error message invalid phone" library="SignUpScreen">
<kw name="Wait Until Element Is Visible" library="SeleniumLibrary">
<doc>Waits until the element ``locator`` is visible.</doc>
<arguments>
<arg>${Invalid-Phone}</arg>
<arg>5s</arg>
<arg>${Invalid-Phone} not found</arg>
</arguments>
<status status="PASS" starttime="20201016 17:42:18.480" endtime="20201016 17:42:18.498"></status>
</kw>
<status status="PASS" starttime="20201016 17:42:18.479" endtime="20201016 17:42:18.498"></status>
</kw>
<status status="PASS" starttime="20201016 17:42:18.433" endtime="20201016 17:42:18.498"></status>
</kw>
<kw name="And Login button is disable" library="SignUpDF">
<kw name="Button is disable" library="SignUpScreen">
<kw name="Element Should Be Visible" library="SeleniumLibrary">
<doc>Verifies that the element identified by ``locator`` is visible.</doc>
<arguments>
<arg>${Button-SignUp-disable}</arg>
</arguments>
<msg timestamp="20201016 17:42:18.518" level="INFO">Element 'xpath://*[@class='mt-4 submit-signup v-btn v-btn--block v-btn--disabled v-btn--large v-btn--depressed theme--light accent--text']' is displayed.</msg>
<status status="PASS" starttime="20201016 17:42:18.499" endtime="20201016 17:42:18.518"></status>
</kw>
<status status="PASS" starttime="20201016 17:42:18.499" endtime="20201016 17:42:18.518"></status>
</kw>
<status status="PASS" starttime="20201016 17:42:18.499" endtime="20201016 17:42:18.518"></status>
</kw>
<kw name="End Web Test" library="Common" type="teardown">
<kw name="Close Browser" library="SeleniumLibrary">
<doc>Closes the current browser.</doc>
<status status="PASS" starttime="20201016 17:42:18.520" endtime="20201016 17:42:18.612"></status>
</kw>
<status status="PASS" starttime="20201016 17:42:18.520" endtime="20201016 17:42:18.612"></status>
</kw>
<tags>
<tag>TC_signup_with_invalid_infomation</tag>
</tags>
<status status="PASS" starttime="20201016 17:42:00.564" endtime="20201016 17:42:18.612" critical="yes"></status>
</test>
<status status="PASS" starttime="20201016 17:38:14.345" endtime="20201016 17:42:18.613"></status>
</suite>
<statistics>
<total>
<stat pass="8" fail="0">Critical Tests</stat>
<stat pass="8" fail="0">All Tests</stat>
</total>
<tag>
<stat pass="1" fail="0">TC_signup_when_not_input_request_info</stat>
<stat pass="1" fail="0">TC_signup_with_category_Corporate</stat>
<stat pass="1" fail="0">TC_signup_with_category_Individual</stat>
<stat pass="1" fail="0">TC_signup_with_category_SMEs</stat>
<stat pass="1" fail="0">TC_signup_with_exist_email</stat>
<stat pass="1" fail="0">TC_signup_with_exist_phone</stat>
<stat pass="1" fail="0">TC_signup_with_invalid_infomation</stat>
<stat pass="1" fail="0">TC_signup_with_invalid_OTP</stat>
</tag>
<suite>
<stat pass="8" fail="0" id="s1" name="SignUp">SignUp</stat>
</suite>
</statistics>
<errors>
</errors>
</robot>
